This file contains any messages produced by compilers while
running configure, to aid debugging if configure makes a mistake.

It was created by libnfnetlink configure 1.0.2, which was
generated by GNU Autoconf 2.69.  Invocation command line was

  $ ./configure --prefix=/home/z/ulogd-build/install PKG_CONFIG_PATH=/home/z/ulogd-build/install/lib/pkgconfig:/usr/lib/x86_64-linux-gnu/pkgconfig

## --------- ##
## Platform. ##
## --------- ##

hostname = c-69fb3838-1445a456-a9c8ad8c7a0c
uname -m = x86_64
uname -r = 5.10.134-013.8.1.kangaroo.al8.x86_64
uname -s = Linux
uname -v = #1 SMP Fri Feb 27 09:19:17 UTC 2026

/usr/bin/uname -p = unknown
/bin/uname -X     = unknown

/bin/arch              = x86_64
/usr/bin/arch -k       = unknown
/usr/convex/getsysinfo = unknown
/usr/bin/hostinfo      = unknown
/bin/machine           = unknown
/usr/bin/oslevel       = unknown
/bin/universe          = unknown

PATH: /home/z/.venv/bin
PATH: /app/.venv/bin
PATH: /home/z/.npm-global/bin
PATH: /home/z/.bun/bin
PATH: /usr/local/sbin
PATH: /usr/local/bin
PATH: /usr/sbin
PATH: /usr/bin
PATH: /sbin
PATH: /bin
PATH: /usr/local/bun-node-fallback-bin


## ----------- ##
## Core tests. ##
## ----------- ##

configure:2164: checking build system type
configure:2178: result: x86_64-pc-linux-gnu
configure:2198: checking host system type
configure:2211: result: x86_64-pc-linux-gnu
configure:2248: checking for a BSD-compatible install
configure:2316: result: /usr/bin/install -c
configure:2327: checking whether build environment is sane
configure:2382: result: yes
configure:2528: checking for a thread-safe mkdir -p
configure:2567: result: /usr/bin/mkdir -p
configure:2574: checking for gawk
configure:2604: result: no
configure:2574: checking for mawk
configure:2590: found /usr/bin/mawk
configure:2601: result: mawk
configure:2612: checking whether make sets $(MAKE)
configure:2634: result: yes
configure:2663: checking whether make supports nested variables
configure:2680: result: yes
configure:2759: checking how to create a pax tar archive
configure:2770: tar --version
tar (GNU tar) 1.35
Copyright (C) 2023 Free Software Foundation, Inc.
License GPLv3+: GNU GPL version 3 or later <https://gnu.org/licenses/gpl.html>.
This is free software: you are free to change and redistribute it.
There is NO WARRANTY, to the extent permitted by law.

Written by John Gilmore and Jay Fenlason.
configure:2773: $? = 0
configure:2813: tardir=conftest.dir && eval tar --format=posix -chf - "$tardir" >conftest.tar
configure:2816: $? = 0
configure:2820: tar -xf - <conftest.tar
configure:2823: $? = 0
configure:2825: cat conftest.dir/file
GrepMe
configure:2828: $? = 0
configure:2841: result: gnutar
configure:2895: checking whether make supports the include directive
configure:2910: make -f confmf.GNU && cat confinc.out
this is the am__doit target
configure:2913: $? = 0
configure:2932: result: yes (GNU style)
configure:3002: checking for gcc
configure:3018: found /usr/bin/gcc
configure:3029: result: gcc
configure:3258: checking for C compiler version
configure:3267: gcc --version >&5
gcc (Debian 14.2.0-19) 14.2.0
Copyright (C) 2024 Free Software Foundation, Inc.
This is free software; see the source for copying conditions.  There is NO
warranty; not even for MERCHANTABILITY or FITNESS FOR A PARTICULAR PURPOSE.

configure:3278: $? = 0
configure:3267: gcc -v >&5
Using built-in specs.
COLLECT_GCC=gcc
COLLECT_LTO_WRAPPER=/usr/libexec/gcc/x86_64-linux-gnu/14/lto-wrapper
OFFLOAD_TARGET_NAMES=nvptx-none:amdgcn-amdhsa
OFFLOAD_TARGET_DEFAULT=1
Target: x86_64-linux-gnu
Configured with: ../src/configure -v --with-pkgversion='Debian 14.2.0-19' --with-bugurl=file:///usr/share/doc/gcc-14/README.Bugs --enable-languages=c,ada,c++,go,d,fortran,objc,obj-c++,m2,rust --prefix=/usr --with-gcc-major-version-only --program-suffix=-14 --program-prefix=x86_64-linux-gnu- --enable-shared --enable-linker-build-id --libexecdir=/usr/libexec --without-included-gettext --enable-threads=posix --libdir=/usr/lib --enable-nls --enable-bootstrap --enable-clocale=gnu --enable-libstdcxx-debug --enable-libstdcxx-time=yes --with-default-libstdcxx-abi=new --enable-libstdcxx-backtrace --enable-gnu-unique-object --disable-vtable-verify --enable-plugin --enable-default-pie --with-system-zlib --enable-libphobos-checking=release --with-target-system-zlib=auto --enable-objc-gc=auto --enable-multiarch --disable-werror --enable-cet --with-arch-32=i686 --with-abi=m64 --with-multilib-list=m32,m64,mx32 --enable-multilib --with-tune=generic --enable-offload-targets=nvptx-none=/build/reproducible-path/gcc-14-14.2.0/debian/tmp-nvptx/usr,amdgcn-amdhsa=/build/reproducible-path/gcc-14-14.2.0/debian/tmp-gcn/usr --enable-offload-defaulted --without-cuda-driver --enable-checking=release --build=x86_64-linux-gnu --host=x86_64-linux-gnu --target=x86_64-linux-gnu --with-build-config=bootstrap-lto-lean --enable-link-serialization=3
Thread model: posix
Supported LTO compression algorithms: zlib zstd
gcc version 14.2.0 (Debian 14.2.0-19) 
... rest of stderr output deleted ...
configure:3278: $? = 0
configure:3267: gcc -V >&5
gcc: error: unrecognized command-line option '-V'
gcc: fatal error: no input files
compilation terminated.
configure:3278: $? = 1
configure:3267: gcc -qversion >&5
gcc: error: unrecognized command-line option '-qversion'; did you mean '--version'?
gcc: fatal error: no input files
compilation terminated.
configure:3278: $? = 1
configure:3298: checking whether the C compiler works
configure:3320: gcc    conftest.c  >&5
configure:3324: $? = 0
configure:3372: result: yes
configure:3375: checking for C compiler default output file name
configure:3377: result: a.out
configure:3383: checking for suffix of executables
configure:3390: gcc -o conftest    conftest.c  >&5
configure:3394: $? = 0
configure:3416: result: 
configure:3438: checking whether we are cross compiling
configure:3446: gcc -o conftest    conftest.c  >&5
configure:3450: $? = 0
configure:3457: ./conftest
configure:3461: $? = 0
configure:3476: result: no
configure:3481: checking for suffix of object files
configure:3503: gcc -c   conftest.c >&5
configure:3507: $? = 0
configure:3528: result: o
configure:3532: checking whether we are using the GNU C compiler
configure:3551: gcc -c   conftest.c >&5
configure:3551: $? = 0
configure:3560: result: yes
configure:3569: checking whether gcc accepts -g
configure:3589: gcc -c -g  conftest.c >&5
configure:3589: $? = 0
configure:3630: result: yes
configure:3647: checking for gcc option to accept ISO C89
configure:3710: gcc  -c -g -O2  conftest.c >&5
configure:3710: $? = 0
configure:3723: result: none needed
configure:3748: checking whether gcc understands -c and -o together
configure:3770: gcc -c conftest.c -o conftest2.o
configure:3773: $? = 0
configure:3770: gcc -c conftest.c -o conftest2.o
configure:3773: $? = 0
configure:3785: result: yes
configure:3804: checking dependency style of gcc
configure:3915: result: gcc3
configure:3980: checking for ar
configure:3996: found /usr/bin/ar
configure:4007: result: ar
configure:4033: checking the archiver (ar) interface
configure:4049: gcc -c -g -O2  conftest.c >&5
configure:4049: $? = 0
configure:4051: ar cru libconftest.a conftest.o >&5
ar: `u' modifier ignored since `D' is the default (see `U')
configure:4054: $? = 0
configure:4082: result: ar
configure:4114: checking whether make supports nested variables
configure:4131: result: yes
configure:4191: checking for gcc
configure:4218: result: gcc
configure:4447: checking for C compiler version
configure:4456: gcc --version >&5
gcc (Debian 14.2.0-19) 14.2.0
Copyright (C) 2024 Free Software Foundation, Inc.
This is free software; see the source for copying conditions.  There is NO
warranty; not even for MERCHANTABILITY or FITNESS FOR A PARTICULAR PURPOSE.

configure:4467: $? = 0
configure:4456: gcc -v >&5
Using built-in specs.
COLLECT_GCC=gcc
COLLECT_LTO_WRAPPER=/usr/libexec/gcc/x86_64-linux-gnu/14/lto-wrapper
OFFLOAD_TARGET_NAMES=nvptx-none:amdgcn-amdhsa
OFFLOAD_TARGET_DEFAULT=1
Target: x86_64-linux-gnu
Configured with: ../src/configure -v --with-pkgversion='Debian 14.2.0-19' --with-bugurl=file:///usr/share/doc/gcc-14/README.Bugs --enable-languages=c,ada,c++,go,d,fortran,objc,obj-c++,m2,rust --prefix=/usr --with-gcc-major-version-only --program-suffix=-14 --program-prefix=x86_64-linux-gnu- --enable-shared --enable-linker-build-id --libexecdir=/usr/libexec --without-included-gettext --enable-threads=posix --libdir=/usr/lib --enable-nls --enable-bootstrap --enable-clocale=gnu --enable-libstdcxx-debug --enable-libstdcxx-time=yes --with-default-libstdcxx-abi=new --enable-libstdcxx-backtrace --enable-gnu-unique-object --disable-vtable-verify --enable-plugin --enable-default-pie --with-system-zlib --enable-libphobos-checking=release --with-target-system-zlib=auto --enable-objc-gc=auto --enable-multiarch --disable-werror --enable-cet --with-arch-32=i686 --with-abi=m64 --with-multilib-list=m32,m64,mx32 --enable-multilib --with-tune=generic --enable-offload-targets=nvptx-none=/build/reproducible-path/gcc-14-14.2.0/debian/tmp-nvptx/usr,amdgcn-amdhsa=/build/reproducible-path/gcc-14-14.2.0/debian/tmp-gcn/usr --enable-offload-defaulted --without-cuda-driver --enable-checking=release --build=x86_64-linux-gnu --host=x86_64-linux-gnu --target=x86_64-linux-gnu --with-build-config=bootstrap-lto-lean --enable-link-serialization=3
Thread model: posix
Supported LTO compression algorithms: zlib zstd
gcc version 14.2.0 (Debian 14.2.0-19) 
... rest of stderr output deleted ...
configure:4467: $? = 0
configure:4456: gcc -V >&5
gcc: error: unrecognized command-line option '-V'
gcc: fatal error: no input files
compilation terminated.
configure:4467: $? = 1
configure:4456: gcc -qversion >&5
gcc: error: unrecognized command-line option '-qversion'; did you mean '--version'?
gcc: fatal error: no input files
compilation terminated.
configure:4467: $? = 1
configure:4471: checking whether we are using the GNU C compiler
configure:4499: result: yes
configure:4508: checking whether gcc accepts -g
configure:4569: result: yes
configure:4586: checking for gcc option to accept ISO C89
configure:4662: result: none needed
configure:4687: checking whether gcc understands -c and -o together
configure:4724: result: yes
configure:4743: checking dependency style of gcc
configure:4854: result: gcc3
configure:4947: checking how to print strings
configure:4974: result: printf
configure:4995: checking for a sed that does not truncate output
configure:5059: result: /usr/bin/sed
configure:5077: checking for grep that handles long lines and -e
configure:5135: result: /usr/bin/grep
configure:5140: checking for egrep
configure:5202: result: /usr/bin/grep -E
configure:5207: checking for fgrep
configure:5269: result: /usr/bin/grep -F
configure:5304: checking for ld used by gcc
configure:5371: result: /usr/bin/ld
configure:5378: checking if the linker (/usr/bin/ld) is GNU ld
configure:5393: result: yes
configure:5405: checking for BSD- or MS-compatible name lister (nm)
configure:5459: result: /usr/bin/nm -B
configure:5589: checking the name lister (/usr/bin/nm -B) interface
configure:5596: gcc -c -g -O2  conftest.c >&5
configure:5599: /usr/bin/nm -B "conftest.o"
configure:5602: output
0000000000000000 B some_variable
configure:5609: result: BSD nm
configure:5612: checking whether ln -s works
configure:5616: result: yes
configure:5624: checking the maximum length of command line arguments
configure:5755: result: 1572864
configure:5803: checking how to convert x86_64-pc-linux-gnu file names to x86_64-pc-linux-gnu format
configure:5843: result: func_convert_file_noop
configure:5850: checking how to convert x86_64-pc-linux-gnu file names to toolchain format
configure:5870: result: func_convert_file_noop
configure:5877: checking for /usr/bin/ld option to reload object files
configure:5884: result: -r
configure:5958: checking for objdump
configure:5974: found /usr/bin/objdump
configure:5985: result: objdump
configure:6017: checking how to recognize dependent libraries
configure:6217: result: pass_all
configure:6302: checking for dlltool
configure:6332: result: no
configure:6362: checking how to associate runtime and link libraries
configure:6389: result: printf %s\n
configure:6513: checking for archiver @FILE support
configure:6530: gcc -c -g -O2  conftest.c >&5
configure:6530: $? = 0
configure:6533: ar cr libconftest.a @conftest.lst >&5
configure:6536: $? = 0
configure:6541: ar cr libconftest.a @conftest.lst >&5
ar: conftest.o: No such file or directory
configure:6544: $? = 1
configure:6556: result: @
configure:6614: checking for strip
configure:6630: found /usr/bin/strip
configure:6641: result: strip
configure:6713: checking for ranlib
configure:6729: found /usr/bin/ranlib
configure:6740: result: ranlib
configure:6842: checking command to parse /usr/bin/nm -B output from gcc object
configure:6995: gcc -c -g -O2  conftest.c >&5
configure:6998: $? = 0
configure:7002: /usr/bin/nm -B conftest.o | sed -n -e 's/^.*[	 ]\([ABCDGIRSTW][ABCDGIRSTW]*\)[	 ][	 ]*\([_A-Za-z][_A-Za-z0-9]*\)$/\1 \2 \2/p' | sed '/ __gnu_lto/d' > conftest.nm
configure:7068: gcc -o conftest -g -O2   conftest.c conftstm.o >&5
configure:7071: $? = 0
configure:7109: result: ok
configure:7156: checking for sysroot
configure:7186: result: no
configure:7193: checking for a working dd
configure:7231: result: /usr/bin/dd
configure:7235: checking how to truncate binary pipes
configure:7250: result: /usr/bin/dd bs=4096 count=1
configure:7386: gcc -c -g -O2  conftest.c >&5
configure:7389: $? = 0
configure:7579: checking for mt
configure:7609: result: no
configure:7629: checking if : is a manifest tool
configure:7635: : '-?'
configure:7643: result: no
configure:8320: checking how to run the C preprocessor
configure:8351: gcc -E  conftest.c
configure:8351: $? = 0
configure:8365: gcc -E  conftest.c
conftest.c:11:10: fatal error: ac_nonexistent.h: No such file or directory
   11 | #include <ac_nonexistent.h>
      |          ^~~~~~~~~~~~~~~~~~
compilation terminated.
configure:8365: $? = 1
configure: failed program was:
| /* confdefs.h */
| #define PACKAGE_NAME "libnfnetlink"
| #define PACKAGE_TARNAME "libnfnetlink"
| #define PACKAGE_VERSION "1.0.2"
| #define PACKAGE_STRING "libnfnetlink 1.0.2"
| #define PACKAGE_BUGREPORT ""
| #define PACKAGE_URL ""
| #define PACKAGE "libnfnetlink"
| #define VERSION "1.0.2"
| /* end confdefs.h.  */
| #include <ac_nonexistent.h>
configure:8390: result: gcc -E
configure:8410: gcc -E  conftest.c
configure:8410: $? = 0
configure:8424: gcc -E  conftest.c
conftest.c:11:10: fatal error: ac_nonexistent.h: No such file or directory
   11 | #include <ac_nonexistent.h>
      |          ^~~~~~~~~~~~~~~~~~
compilation terminated.
configure:8424: $? = 1
configure: failed program was:
| /* confdefs.h */
| #define PACKAGE_NAME "libnfnetlink"
| #define PACKAGE_TARNAME "libnfnetlink"
| #define PACKAGE_VERSION "1.0.2"
| #define PACKAGE_STRING "libnfnetlink 1.0.2"
| #define PACKAGE_BUGREPORT ""
| #define PACKAGE_URL ""
| #define PACKAGE "libnfnetlink"
| #define VERSION "1.0.2"
| /* end confdefs.h.  */
| #include <ac_nonexistent.h>
configure:8453: checking for ANSI C header files
configure:8473: gcc -c -g -O2  conftest.c >&5
configure:8473: $? = 0
configure:8546: gcc -o conftest -g -O2   conftest.c  >&5
configure:8546: $? = 0
configure:8546: ./conftest
configure:8546: $? = 0
configure:8557: result: yes
configure:8570: checking for sys/types.h
configure:8570: gcc -c -g -O2  conftest.c >&5
configure:8570: $? = 0
configure:8570: result: yes
configure:8570: checking for sys/stat.h
configure:8570: gcc -c -g -O2  conftest.c >&5
configure:8570: $? = 0
configure:8570: result: yes
configure:8570: checking for stdlib.h
configure:8570: gcc -c -g -O2  conftest.c >&5
configure:8570: $? = 0
configure:8570: result: yes
configure:8570: checking for string.h
configure:8570: gcc -c -g -O2  conftest.c >&5
configure:8570: $? = 0
configure:8570: result: yes
configure:8570: checking for memory.h
configure:8570: gcc -c -g -O2  conftest.c >&5
configure:8570: $? = 0
configure:8570: result: yes
configure:8570: checking for strings.h
configure:8570: gcc -c -g -O2  conftest.c >&5
configure:8570: $? = 0
configure:8570: result: yes
configure:8570: checking for inttypes.h
configure:8570: gcc -c -g -O2  conftest.c >&5
configure:8570: $? = 0
configure:8570: result: yes
configure:8570: checking for stdint.h
configure:8570: gcc -c -g -O2  conftest.c >&5
configure:8570: $? = 0
configure:8570: result: yes
configure:8570: checking for unistd.h
configure:8570: gcc -c -g -O2  conftest.c >&5
configure:8570: $? = 0
configure:8570: result: yes
configure:8584: checking for dlfcn.h
configure:8584: gcc -c -g -O2  conftest.c >&5
configure:8584: $? = 0
configure:8584: result: yes
configure:8810: checking for objdir
configure:8825: result: .libs
configure:9089: checking if gcc supports -fno-rtti -fno-exceptions
configure:9107: gcc -c -g -O2  -fno-rtti -fno-exceptions conftest.c >&5
cc1: warning: command-line option '-fno-rtti' is valid for C++/D/ObjC++ but not for C
configure:9111: $? = 0
configure:9124: result: no
configure:9488: checking for gcc option to produce PIC
configure:9495: result: -fPIC -DPIC
configure:9503: checking if gcc PIC flag -fPIC -DPIC works
configure:9521: gcc -c -g -O2  -fPIC -DPIC -DPIC conftest.c >&5
configure:9525: $? = 0
configure:9538: result: yes
configure:9567: checking if gcc static flag -static works
configure:9595: result: yes
configure:9610: checking if gcc supports -c -o file.o
configure:9631: gcc -c -g -O2  -o out/conftest2.o conftest.c >&5
configure:9635: $? = 0
configure:9657: result: yes
configure:9665: checking if gcc supports -c -o file.o
configure:9712: result: yes
configure:9745: checking whether the gcc linker (/usr/bin/ld -m elf_x86_64) supports shared libraries
configure:11008: result: yes
configure:11045: checking whether -lc should be explicitly linked in
configure:11053: gcc -c -g -O2  conftest.c >&5
configure:11056: $? = 0
configure:11071: gcc -shared  -fPIC -DPIC conftest.o  -v -Wl,-soname -Wl,conftest -o conftest 2\>\&1 \| /usr/bin/grep  -lc  \>/dev/null 2\>\&1
configure:11074: $? = 0
configure:11088: result: no
configure:11248: checking dynamic linker characteristics
configure:11829: gcc -o conftest -g -O2   -Wl,-rpath -Wl,/foo conftest.c  >&5
configure:11829: $? = 0
configure:12078: result: GNU/Linux ld.so
configure:12200: checking how to hardcode library paths into programs
configure:12225: result: immediate
configure:12773: checking whether stripping libraries is possible
configure:12778: result: yes
configure:12813: checking if libtool supports shared libraries
configure:12815: result: yes
configure:12818: checking whether to build shared libraries
configure:12843: result: yes
configure:12846: checking whether to build static libraries
configure:12850: result: no
configure:13035: checking that generated files are newer than configure
configure:13041: result: done
configure:13068: creating ./config.status

## ---------------------- ##
## Running config.status. ##
## ---------------------- ##

This file was extended by libnfnetlink config.status 1.0.2, which was
generated by GNU Autoconf 2.69.  Invocation command line was

  CONFIG_FILES    = 
  CONFIG_HEADERS  = 
  CONFIG_LINKS    = 
  CONFIG_COMMANDS = 
  $ ./config.status 

on c-69fb3838-1445a456-a9c8ad8c7a0c

config.status:1013: creating Makefile
config.status:1013: creating src/Makefile
config.status:1013: creating include/Makefile
config.status:1013: creating doxygen.cfg
config.status:1013: creating include/libnfnetlink/Makefile
config.status:1013: creating utils/Makefile
config.status:1013: creating libnfnetlink.pc
config.status:1185: executing depfiles commands
config.status:1262: cd src       && sed -e '/# am--include-marker/d' Makefile         | make -f - am--depfiles
config.status:1267: $? = 0
config.status:1262: cd utils       && sed -e '/# am--include-marker/d' Makefile         | make -f - am--depfiles
config.status:1267: $? = 0
config.status:1185: executing libtool commands

## ---------------- ##
## Cache variables. ##
## ---------------- ##

ac_cv_build=x86_64-pc-linux-gnu
ac_cv_c_compiler_gnu=yes
ac_cv_env_CC_set=
ac_cv_env_CC_value=
ac_cv_env_CFLAGS_set=
ac_cv_env_CFLAGS_value=
ac_cv_env_CPPFLAGS_set=
ac_cv_env_CPPFLAGS_value=
ac_cv_env_CPP_set=
ac_cv_env_CPP_value=
ac_cv_env_LDFLAGS_set=
ac_cv_env_LDFLAGS_value=
ac_cv_env_LIBS_set=
ac_cv_env_LIBS_value=
ac_cv_env_LT_SYS_LIBRARY_PATH_set=
ac_cv_env_LT_SYS_LIBRARY_PATH_value=
ac_cv_env_build_alias_set=
ac_cv_env_build_alias_value=
ac_cv_env_host_alias_set=
ac_cv_env_host_alias_value=
ac_cv_env_target_alias_set=
ac_cv_env_target_alias_value=
ac_cv_header_dlfcn_h=yes
ac_cv_header_inttypes_h=yes
ac_cv_header_memory_h=yes
ac_cv_header_stdc=yes
ac_cv_header_stdint_h=yes
ac_cv_header_stdlib_h=yes
ac_cv_header_string_h=yes
ac_cv_header_strings_h=yes
ac_cv_header_sys_stat_h=yes
ac_cv_header_sys_types_h=yes
ac_cv_header_unistd_h=yes
ac_cv_host=x86_64-pc-linux-gnu
ac_cv_objext=o
ac_cv_path_EGREP='/usr/bin/grep -E'
ac_cv_path_FGREP='/usr/bin/grep -F'
ac_cv_path_GREP=/usr/bin/grep
ac_cv_path_SED=/usr/bin/sed
ac_cv_path_install='/usr/bin/install -c'
ac_cv_path_lt_DD=/usr/bin/dd
ac_cv_path_mkdir=/usr/bin/mkdir
ac_cv_prog_AWK=mawk
ac_cv_prog_CPP='gcc -E'
ac_cv_prog_ac_ct_AR=ar
ac_cv_prog_ac_ct_CC=gcc
ac_cv_prog_ac_ct_OBJDUMP=objdump
ac_cv_prog_ac_ct_RANLIB=ranlib
ac_cv_prog_ac_ct_STRIP=strip
ac_cv_prog_cc_c89=
ac_cv_prog_cc_g=yes
ac_cv_prog_make_make_set=yes
am_cv_CC_dependencies_compiler_type=gcc3
am_cv_ar_interface=ar
am_cv_make_support_nested_variables=yes
am_cv_prog_cc_c_o=yes
am_cv_prog_tar_pax=gnutar
lt_cv_ar_at_file=@
lt_cv_archive_cmds_need_lc=no
lt_cv_deplibs_check_method=pass_all
lt_cv_file_magic_cmd='$MAGIC_CMD'
lt_cv_file_magic_test_file=
lt_cv_ld_reload_flag=-r
lt_cv_nm_interface='BSD nm'
lt_cv_objdir=.libs
lt_cv_path_LD=/usr/bin/ld
lt_cv_path_NM='/usr/bin/nm -B'
lt_cv_path_mainfest_tool=no
lt_cv_prog_compiler_c_o=yes
lt_cv_prog_compiler_pic='-fPIC -DPIC'
lt_cv_prog_compiler_pic_works=yes
lt_cv_prog_compiler_rtti_exceptions=no
lt_cv_prog_compiler_static_works=yes
lt_cv_prog_gnu_ld=yes
lt_cv_sharedlib_from_linklib_cmd='printf %s\n'
lt_cv_shlibpath_overrides_runpath=yes
lt_cv_sys_global_symbol_pipe='sed -n -e '\''s/^.*[	 ]\([ABCDGIRSTW][ABCDGIRSTW]*\)[	 ][	 ]*\([_A-Za-z][_A-Za-z0-9]*\)$/\1 \2 \2/p'\'' | sed '\''/ __gnu_lto/d'\'''
lt_cv_sys_global_symbol_to_c_name_address='sed -n -e '\''s/^: \(.*\) .*$/  {"\1", (void *) 0},/p'\'' -e '\''s/^[ABCDGIRSTW][ABCDGIRSTW]* .* \(.*\)$/  {"\1", (void *) \&\1},/p'\'''
lt_cv_sys_global_symbol_to_c_name_address_lib_prefix='sed -n -e '\''s/^: \(.*\) .*$/  {"\1", (void *) 0},/p'\'' -e '\''s/^[ABCDGIRSTW][ABCDGIRSTW]* .* \(lib.*\)$/  {"\1", (void *) \&\1},/p'\'' -e '\''s/^[ABCDGIRSTW][ABCDGIRSTW]* .* \(.*\)$/  {"lib\1", (void *) \&\1},/p'\'''
lt_cv_sys_global_symbol_to_cdecl='sed -n -e '\''s/^T .* \(.*\)$/extern int \1();/p'\'' -e '\''s/^[ABCDGIRSTW][ABCDGIRSTW]* .* \(.*\)$/extern char \1;/p'\'''
lt_cv_sys_global_symbol_to_import=
lt_cv_sys_max_cmd_len=1572864
lt_cv_to_host_file_cmd=func_convert_file_noop
lt_cv_to_tool_file_cmd=func_convert_file_noop
lt_cv_truncate_bin='/usr/bin/dd bs=4096 count=1'

## ----------------- ##
## Output variables. ##
## ----------------- ##

ACLOCAL='${SHELL} '\''/home/z/ulogd-build/deps/libnfnetlink-1.0.2/build-aux/missing'\'' aclocal-1.16'
AMDEPBACKSLASH='\'
AMDEP_FALSE='#'
AMDEP_TRUE=''
AMTAR='$${TAR-tar}'
AM_BACKSLASH='\'
AM_DEFAULT_V='$(AM_DEFAULT_VERBOSITY)'
AM_DEFAULT_VERBOSITY='0'
AM_V='$(V)'
AR='ar'
AUTOCONF='${SHELL} '\''/home/z/ulogd-build/deps/libnfnetlink-1.0.2/build-aux/missing'\'' autoconf'
AUTOHEADER='${SHELL} '\''/home/z/ulogd-build/deps/libnfnetlink-1.0.2/build-aux/missing'\'' autoheader'
AUTOMAKE='${SHELL} '\''/home/z/ulogd-build/deps/libnfnetlink-1.0.2/build-aux/missing'\'' automake-1.16'
AWK='mawk'
CC='gcc'
CCDEPMODE='depmode=gcc3'
CFLAGS='-g -O2'
CPP='gcc -E'
CPPFLAGS=''
CYGPATH_W='echo'
DEFS='-DPACKAGE_NAME=\"libnfnetlink\" -DPACKAGE_TARNAME=\"libnfnetlink\" -DPACKAGE_VERSION=\"1.0.2\" -DPACKAGE_STRING=\"libnfnetlink\ 1.0.2\" -DPACKAGE_BUGREPORT=\"\" -DPACKAGE_URL=\"\" -DPACKAGE=\"libnfnetlink\" -DVERSION=\"1.0.2\" -DSTDC_HEADERS=1 -DHAVE_SYS_TYPES_H=1 -DHAVE_SYS_STAT_H=1 -DHAVE_STDLIB_H=1 -DHAVE_STRING_H=1 -DHAVE_MEMORY_H=1 -DHAVE_STRINGS_H=1 -DHAVE_INTTYPES_H=1 -DHAVE_STDINT_H=1 -DHAVE_UNISTD_H=1 -DHAVE_DLFCN_H=1 -DLT_OBJDIR=\".libs/\"'
DEPDIR='.deps'
DLLTOOL='false'
DSYMUTIL=''
DUMPBIN=''
ECHO_C=''
ECHO_N='-n'
ECHO_T=''
EGREP='/usr/bin/grep -E'
EXEEXT=''
FGREP='/usr/bin/grep -F'
GREP='/usr/bin/grep'
INSTALL_DATA='${INSTALL} -m 644'
INSTALL_PROGRAM='${INSTALL}'
INSTALL_SCRIPT='${INSTALL}'
INSTALL_STRIP_PROGRAM='$(install_sh) -c -s'
LD='/usr/bin/ld -m elf_x86_64'
LDFLAGS=''
LIBOBJS=''
LIBS=''
LIBTOOL='$(SHELL) $(top_builddir)/libtool'
LIPO=''
LN_S='ln -s'
LTLIBOBJS=''
LT_SYS_LIBRARY_PATH=''
MAKEINFO='${SHELL} '\''/home/z/ulogd-build/deps/libnfnetlink-1.0.2/build-aux/missing'\'' makeinfo'
MANIFEST_TOOL=':'
MKDIR_P='/usr/bin/mkdir -p'
NM='/usr/bin/nm -B'
NMEDIT=''
OBJDUMP='objdump'
OBJEXT='o'
OTOOL64=''
OTOOL=''
PACKAGE='libnfnetlink'
PACKAGE_BUGREPORT=''
PACKAGE_NAME='libnfnetlink'
PACKAGE_STRING='libnfnetlink 1.0.2'
PACKAGE_TARNAME='libnfnetlink'
PACKAGE_URL=''
PACKAGE_VERSION='1.0.2'
PATH_SEPARATOR=':'
RANLIB='ranlib'
SED='/usr/bin/sed'
SET_MAKE=''
SHELL='/bin/bash'
STRIP='strip'
VERSION='1.0.2'
ac_ct_AR='ar'
ac_ct_CC='gcc'
ac_ct_DUMPBIN=''
am__EXEEXT_FALSE=''
am__EXEEXT_TRUE='#'
am__fastdepCC_FALSE='#'
am__fastdepCC_TRUE=''
am__include='include'
am__isrc=''
am__leading_dot='.'
am__nodep='_no'
am__quote=''
am__tar='tar --format=posix -chf - "$$tardir"'
am__untar='tar -xf -'
bindir='${exec_prefix}/bin'
build='x86_64-pc-linux-gnu'
build_alias=''
build_cpu='x86_64'
build_os='linux-gnu'
build_vendor='pc'
datadir='${datarootdir}'
datarootdir='${prefix}/share'
docdir='${datarootdir}/doc/${PACKAGE_TARNAME}'
dvidir='${docdir}'
exec_prefix='${prefix}'
host='x86_64-pc-linux-gnu'
host_alias=''
host_cpu='x86_64'
host_os='linux-gnu'
host_vendor='pc'
htmldir='${docdir}'
includedir='${prefix}/include'
infodir='${datarootdir}/info'
install_sh='${SHELL} /home/z/ulogd-build/deps/libnfnetlink-1.0.2/build-aux/install-sh'
libdir='${exec_prefix}/lib'
libexecdir='${exec_prefix}/libexec'
localedir='${datarootdir}/locale'
localstatedir='${prefix}/var'
mandir='${datarootdir}/man'
mkdir_p='$(MKDIR_P)'
oldincludedir='/usr/include'
pdfdir='${docdir}'
prefix='/home/z/ulogd-build/install'
program_transform_name='s,x,x,'
psdir='${docdir}'
runstatedir='${localstatedir}/run'
sbindir='${exec_prefix}/sbin'
sharedstatedir='${prefix}/com'
sysconfdir='${prefix}/etc'
target_alias=''

## ----------- ##
## confdefs.h. ##
## ----------- ##

/* confdefs.h */
#define PACKAGE_NAME "libnfnetlink"
#define PACKAGE_TARNAME "libnfnetlink"
#define PACKAGE_VERSION "1.0.2"
#define PACKAGE_STRING "libnfnetlink 1.0.2"
#define PACKAGE_BUGREPORT ""
#define PACKAGE_URL ""
#define PACKAGE "libnfnetlink"
#define VERSION "1.0.2"
#define STDC_HEADERS 1
#define HAVE_SYS_TYPES_H 1
#define HAVE_SYS_STAT_H 1
#define HAVE_STDLIB_H 1
#define HAVE_STRING_H 1
#define HAVE_MEMORY_H 1
#define HAVE_STRINGS_H 1
#define HAVE_INTTYPES_H 1
#define HAVE_STDINT_H 1
#define HAVE_UNISTD_H 1
#define HAVE_DLFCN_H 1
#define LT_OBJDIR ".libs/"

configure: exit 0
