
╔═══════════════════════════════════════════════════════════════════════════╗
║           StaySuite Captive Portal Redirect Server v3.0                  ║
║                   High-Performance Edition                                ║
╠═══════════════════════════════════════════════════════════════════════════╣
║                                                                          ║
║  HTTP Server:  0.0.0.0:8888   (captive redirect)                      ║
║  HTTPS Server: 0.0.0.0:8443   (TLS SNI detection)                      ║
║  Portal URL:   http://<auto-ip>:3000 /connect                  ║
║                                                                          ║
╠═══════════════════════════════════════════════════════════════════════════╣
║  Performance Tuning:                                                     ║
║    • Max Connections:     10000                                      ║
║    • Client Timeout:      5000ms                                     ║
║    • Redirect Cooldown:   3000ms                                     ║
║    • Rate Limit:          30/10s per IP                              ║
║    • Cooldown Cache:      50,000 entries (LRU eviction)                  ║
║    • Raw Socket Write:    Yes (bypass http module for speed)             ║
║                                                                          ║
╠═══════════════════════════════════════════════════════════════════════════╣
║  Device Compatibility:                                                   ║
║    ✓ Apple iOS/macOS      CNA (302 redirect + popup)     ║
║    ✓ Android              Connectivity check (302)       ║
║    ✓ Windows 10/11        NCSI (302 → Sign in)           ║
║    ✓ Windows Phone        Connectivity check             ║
║    ✓ Chrome OS            Chrome captive detection       ║
║    ✓ Linux/Ubuntu         NetworkManager (302)           ║
║    ✓ Firefox              detectportal.firefox.com       ║
║    ✓ Safari               Apple CNA + canary URL         ║
║    ✓ Samsung Smart TV     HTTP redirect detection        ║
║    ✓ LG WebOS TV          HTTP redirect detection        ║
║    ✓ PlayStation 4/5      HTTP connectivity check        ║
║    ✓ Xbox                 HTTP connectivity check        ║
║    ✓ Nintendo Switch      HTTP connectivity check        ║
║    ✓ Amazon Fire TV       HTTP redirect detection        ║
║    ✓ Roku                 HTTP redirect detection        ║
║    ✓ IoT devices          Basic HTTP redirect            ║
╠═══════════════════════════════════════════════════════════════╣
║  HTTPS Captive Detection:                                              
║    TLS SNI interception on port 8443                           ║
║    Self-signed cert generation                                        ║
║    Connection failure triggers OS captive notification                 ║
║                                                                          ║
╠═══════════════════════════════════════════════════════════════╣
║  API Endpoints:                                                         
║    GET  /api/health      — Service health check                     ║
║    GET  /api/metrics     — Real-time metrics & stats                ║
║    GET  /api/whitelist   — List whitelisted IPs                      ║
║    POST /api/whitelist/<ip> — Add IP to whitelist                    ║
║    DEL  /api/whitelist/<ip> — Remove IP from whitelist              ║
║                                                                          ║
╠═══════════════════════════════════════════════════════════════╣
║  Auto-detected Server IPs:                                            
║    → http://21.0.8.185:3000/connect                                    ║
╚═══════════════════════════════════════════════════════════════╝

