FreeRADIUS Version 3.2.7
Copyright (C) 1999-2023 The FreeRADIUS server project and contributors
There is NO warranty; not even for MERCHANTABILITY or FITNESS FOR A
PARTICULAR PURPOSE
You may redistribute copies of FreeRADIUS under the terms of the
GNU General Public License
For more information about these matters, see the file named COPYRIGHT
Starting - reading configuration files ...
including dictionary file /home/z/my-project/StaySuite-HospitalityOS/freeradius-install/share/freeradius/dictionary
including dictionary file /home/z/my-project/StaySuite-HospitalityOS/freeradius-install/share/freeradius/dictionary.dhcp
including dictionary file /home/z/my-project/StaySuite-HospitalityOS/freeradius-install/share/freeradius/dictionary.vqp
including dictionary file /home/z/my-project/StaySuite-HospitalityOS/freeradius-install/etc/raddb/dictionary
including configuration file /home/z/my-project/StaySuite-HospitalityOS/freeradius-install/etc/raddb/radiusd.conf
including configuration file /home/z/my-project/StaySuite-HospitalityOS/freeradius-install/etc/raddb/proxy.conf
including configuration file /home/z/my-project/StaySuite-HospitalityOS/freeradius-install/etc/raddb/clients.conf
including files in directory /home/z/my-project/StaySuite-HospitalityOS/freeradius-install/etc/raddb/mods-enabled/
including configuration file /home/z/my-project/StaySuite-HospitalityOS/freeradius-install/etc/raddb/mods-enabled/replicate
including configuration file /home/z/my-project/StaySuite-HospitalityOS/freeradius-install/etc/raddb/mods-enabled/digest
including configuration file /home/z/my-project/StaySuite-HospitalityOS/freeradius-install/etc/raddb/mods-enabled/preprocess
including configuration file /home/z/my-project/StaySuite-HospitalityOS/freeradius-install/etc/raddb/mods-enabled/chap
including configuration file /home/z/my-project/StaySuite-HospitalityOS/freeradius-install/etc/raddb/mods-enabled/expiration
including configuration file /home/z/my-project/StaySuite-HospitalityOS/freeradius-install/etc/raddb/mods-enabled/date
including configuration file /home/z/my-project/StaySuite-HospitalityOS/freeradius-install/etc/raddb/mods-enabled/realm
including configuration file /home/z/my-project/StaySuite-HospitalityOS/freeradius-install/etc/raddb/mods-enabled/proxy_rate_limit
including configuration file /home/z/my-project/StaySuite-HospitalityOS/freeradius-install/etc/raddb/mods-enabled/exec
including configuration file /home/z/my-project/StaySuite-HospitalityOS/freeradius-install/etc/raddb/mods-enabled/mschap
including configuration file /home/z/my-project/StaySuite-HospitalityOS/freeradius-install/etc/raddb/mods-enabled/soh
including configuration file /home/z/my-project/StaySuite-HospitalityOS/freeradius-install/etc/raddb/mods-enabled/passwd
including configuration file /home/z/my-project/StaySuite-HospitalityOS/freeradius-install/etc/raddb/mods-enabled/files
including configuration file /home/z/my-project/StaySuite-HospitalityOS/freeradius-install/etc/raddb/mods-enabled/echo
including configuration file /home/z/my-project/StaySuite-HospitalityOS/freeradius-install/etc/raddb/mods-enabled/radutmp
including configuration file /home/z/my-project/StaySuite-HospitalityOS/freeradius-install/etc/raddb/mods-enabled/expr
including configuration file /home/z/my-project/StaySuite-HospitalityOS/freeradius-install/etc/raddb/mods-enabled/dynamic_clients
including configuration file /home/z/my-project/StaySuite-HospitalityOS/freeradius-install/etc/raddb/mods-enabled/logintime
including configuration file /home/z/my-project/StaySuite-HospitalityOS/freeradius-install/etc/raddb/mods-enabled/unpack
including configuration file /home/z/my-project/StaySuite-HospitalityOS/freeradius-install/etc/raddb/mods-enabled/detail
including configuration file /home/z/my-project/StaySuite-HospitalityOS/freeradius-install/etc/raddb/mods-enabled/ntlm_auth
including configuration file /home/z/my-project/StaySuite-HospitalityOS/freeradius-install/etc/raddb/mods-enabled/sql
including configuration file /home/z/my-project/StaySuite-HospitalityOS/freeradius-install/etc/raddb/mods-config/sql/main/postgresql/queries.conf
including configuration file /home/z/my-project/StaySuite-HospitalityOS/freeradius-install/etc/raddb/mods-enabled/totp
including configuration file /home/z/my-project/StaySuite-HospitalityOS/freeradius-install/etc/raddb/mods-enabled/utf8
including configuration file /home/z/my-project/StaySuite-HospitalityOS/freeradius-install/etc/raddb/mods-enabled/detail.log
including configuration file /home/z/my-project/StaySuite-HospitalityOS/freeradius-install/etc/raddb/mods-enabled/attr_filter
including configuration file /home/z/my-project/StaySuite-HospitalityOS/freeradius-install/etc/raddb/mods-enabled/always
including configuration file /home/z/my-project/StaySuite-HospitalityOS/freeradius-install/etc/raddb/mods-enabled/sradutmp
including configuration file /home/z/my-project/StaySuite-HospitalityOS/freeradius-install/etc/raddb/mods-enabled/linelog
including configuration file /home/z/my-project/StaySuite-HospitalityOS/freeradius-install/etc/raddb/mods-enabled/pap
including files in directory /home/z/my-project/StaySuite-HospitalityOS/freeradius-install/etc/raddb/policy.d/
including configuration file /home/z/my-project/StaySuite-HospitalityOS/freeradius-install/etc/raddb/policy.d/cui
including configuration file /home/z/my-project/StaySuite-HospitalityOS/freeradius-install/etc/raddb/policy.d/dhcp
including configuration file /home/z/my-project/StaySuite-HospitalityOS/freeradius-install/etc/raddb/policy.d/filter
including configuration file /home/z/my-project/StaySuite-HospitalityOS/freeradius-install/etc/raddb/policy.d/canonicalization
including configuration file /home/z/my-project/StaySuite-HospitalityOS/freeradius-install/etc/raddb/policy.d/abfab-tr
including configuration file /home/z/my-project/StaySuite-HospitalityOS/freeradius-install/etc/raddb/policy.d/eap
including configuration file /home/z/my-project/StaySuite-HospitalityOS/freeradius-install/etc/raddb/policy.d/debug
including configuration file /home/z/my-project/StaySuite-HospitalityOS/freeradius-install/etc/raddb/policy.d/rfc7542
including configuration file /home/z/my-project/StaySuite-HospitalityOS/freeradius-install/etc/raddb/policy.d/operator-name
including configuration file /home/z/my-project/StaySuite-HospitalityOS/freeradius-install/etc/raddb/policy.d/moonshot-targeted-ids
including configuration file /home/z/my-project/StaySuite-HospitalityOS/freeradius-install/etc/raddb/policy.d/control
including configuration file /home/z/my-project/StaySuite-HospitalityOS/freeradius-install/etc/raddb/policy.d/accounting
including files in directory /home/z/my-project/StaySuite-HospitalityOS/freeradius-install/etc/raddb/sites-enabled/
including configuration file /home/z/my-project/StaySuite-HospitalityOS/freeradius-install/etc/raddb/sites-enabled/default
including configuration file /home/z/my-project/StaySuite-HospitalityOS/freeradius-install/etc/raddb/sites-enabled/inner-tunnel
main {
	name = "radiusd"
	prefix = "/home/z/my-project/StaySuite-HospitalityOS/freeradius-install"
	localstatedir = "/home/z/my-project/StaySuite-HospitalityOS/freeradius-install/var"
	sbindir = "/home/z/my-project/StaySuite-HospitalityOS/freeradius-install/sbin"
	logdir = "/home/z/my-project/StaySuite-HospitalityOS/freeradius-install/var/log/radius"
	run_dir = "/home/z/my-project/StaySuite-HospitalityOS/freeradius-install/var/run/radiusd"
	libdir = "/home/z/my-project/StaySuite-HospitalityOS/freeradius-install/lib"
	radacctdir = "/home/z/my-project/StaySuite-HospitalityOS/freeradius-install/var/log/radius/radacct"
	hostname_lookups = no
	max_request_time = 30
	proxy_dedup_window = 1
	cleanup_delay = 5
	max_requests = 16384
	max_fds = 512
	postauth_client_lost = no
	pidfile = "/home/z/my-project/StaySuite-HospitalityOS/freeradius-install/var/run/radiusd/radiusd.pid"
	checkrad = "/home/z/my-project/StaySuite-HospitalityOS/freeradius-install/sbin/checkrad"
	debug_level = 0
	proxy_requests = yes
 log {
 	stripped_names = no
 	auth = no
 	auth_badpass = no
 	auth_goodpass = no
 	colourise = yes
 	msg_denied = "You are already logged in - access denied"
 }
 resources {
 }
 security {
 	max_attributes = 200
 	reject_delay = 1.000000
 	status_server = yes
 	require_message_authenticator = "auto"
 	limit_proxy_state = "auto"
 	allow_vulnerable_openssl = "no"
 }
 unlang {
 	group_stop_return = no
 	policy_stop_return = no
 }
}
radiusd: #### Loading Realms and Home Servers ####
 proxy server {
 	retry_delay = 5
 	retry_count = 3
 	default_fallback = no
 	dead_time = 120
 	wake_all_if_all_dead = no
 }
 home_server localhost {
 	nonblock = no
 	ipaddr = 127.0.0.1
 	port = 1812
 	type = "auth"
 	secret = <<< secret >>>
 	response_window = 20.000000
 	response_timeouts = 1
 	max_outstanding = 65536
 	zombie_period = 40
 	status_check = "status-server"
 	ping_interval = 30
 	check_interval = 30
 	check_timeout = 4
 	num_answers_to_alive = 3
 	revive_interval = 120
  limit {
  	max_connections = 16
  	max_requests = 0
  	lifetime = 0
  	idle_timeout = 0
  }
  coa {
  	irt = 2
  	mrt = 16
  	mrc = 5
  	mrd = 30
  }
 }
 home_server_pool my_auth_failover {
	type = fail-over
	home_server = localhost
 }
 realm example.com {
	auth_pool = my_auth_failover
 }
 realm LOCAL {
 }
radiusd: #### Loading Clients ####
 client localhost {
 	ipaddr = 127.0.0.1
 	secret = <<< secret >>>
 	nas_type = "other"
 	proto = "*"
  limit {
  	max_connections = 16
  	lifetime = 0
  	idle_timeout = 900
  }
 }
Shared secret for client localhost is short, and likely can be broken by an attacker.
 client localhost_ipv6 {
 	ipv6addr = ::1
 	secret = <<< secret >>>
  limit {
  	max_connections = 16
  	lifetime = 0
  	idle_timeout = 30
  }
 }
Shared secret for client localhost_ipv6 is short, and likely can be broken by an attacker.
Debugger not attached
Configuration version: e9e7-aa44-54fe-ace1
 # Creating Auth-Type = mschap
 # Creating Auth-Type = digest
 # Creating Auth-Type = PAP
 # Creating Auth-Type = CHAP
 # Creating Auth-Type = MS-CHAP
 # Creating Autz-Type = New-TLS-Connection
radiusd: #### Instantiating modules ####
 modules {
  # Loaded module rlm_replicate
  # Loading module "replicate" from file /home/z/my-project/StaySuite-HospitalityOS/freeradius-install/etc/raddb/mods-enabled/replicate
  # Loaded module rlm_digest
  # Loading module "digest" from file /home/z/my-project/StaySuite-HospitalityOS/freeradius-install/etc/raddb/mods-enabled/digest
  # Loaded module rlm_preprocess
  # Loading module "preprocess" from file /home/z/my-project/StaySuite-HospitalityOS/freeradius-install/etc/raddb/mods-enabled/preprocess
  preprocess {
  	huntgroups = "/home/z/my-project/StaySuite-HospitalityOS/freeradius-install/etc/raddb/mods-config/preprocess/huntgroups"
  	hints = "/home/z/my-project/StaySuite-HospitalityOS/freeradius-install/etc/raddb/mods-config/preprocess/hints"
  	with_ascend_hack = no
  	ascend_channels_per_line = 23
  	with_ntdomain_hack = no
  	with_specialix_jetstream_hack = no
  	with_cisco_vsa_hack = no
  	with_alvarion_vsa_hack = no
  }
  # Loaded module rlm_chap
  # Loading module "chap" from file /home/z/my-project/StaySuite-HospitalityOS/freeradius-install/etc/raddb/mods-enabled/chap
  # Loaded module rlm_expiration
  # Loading module "expiration" from file /home/z/my-project/StaySuite-HospitalityOS/freeradius-install/etc/raddb/mods-enabled/expiration
  # Loaded module rlm_date
  # Loading module "date" from file /home/z/my-project/StaySuite-HospitalityOS/freeradius-install/etc/raddb/mods-enabled/date
  date {
  	format = "%b %e %Y %H:%M:%S %Z"
  	utc = no
  }
  # Loading module "wispr2date" from file /home/z/my-project/StaySuite-HospitalityOS/freeradius-install/etc/raddb/mods-enabled/date
  date wispr2date {
  	format = "%Y-%m-%dT%H:%M:%S"
  	utc = no
  }
  # Loaded module rlm_realm
  # Loading module "IPASS" from file /home/z/my-project/StaySuite-HospitalityOS/freeradius-install/etc/raddb/mods-enabled/realm
  realm IPASS {
  	format = "prefix"
  	delimiter = "/"
  	ignore_default = no
  	ignore_null = no
  }
  # Loading module "suffix" from file /home/z/my-project/StaySuite-HospitalityOS/freeradius-install/etc/raddb/mods-enabled/realm
  realm suffix {
  	format = "suffix"
  	delimiter = "@"
  	ignore_default = no
  	ignore_null = no
  }
  # Loading module "bangpath" from file /home/z/my-project/StaySuite-HospitalityOS/freeradius-install/etc/raddb/mods-enabled/realm
  realm bangpath {
  	format = "prefix"
  	delimiter = "!"
  	ignore_default = no
  	ignore_null = no
  }
  # Loading module "realmpercent" from file /home/z/my-project/StaySuite-HospitalityOS/freeradius-install/etc/raddb/mods-enabled/realm
  realm realmpercent {
  	format = "suffix"
  	delimiter = "%"
  	ignore_default = no
  	ignore_null = no
  }
  # Loading module "ntdomain" from file /home/z/my-project/StaySuite-HospitalityOS/freeradius-install/etc/raddb/mods-enabled/realm
  realm ntdomain {
  	format = "prefix"
  	delimiter = "\"
  	ignore_default = no
  	ignore_null = no
  }
  # Loaded module rlm_proxy_rate_limit
  # Loading module "proxy_rate_limit" from file /home/z/my-project/StaySuite-HospitalityOS/freeradius-install/etc/raddb/mods-enabled/proxy_rate_limit
  proxy_rate_limit {
  	max_entries = 2048
  	idle_timeout = 10
  	num_subtables = 256
  	window = 1
  }
  # Loaded module rlm_exec
  # Loading module "exec" from file /home/z/my-project/StaySuite-HospitalityOS/freeradius-install/etc/raddb/mods-enabled/exec
  exec {
  	wait = no
  	input_pairs = "request"
  	shell_escape = yes
  	timeout = 10
  }
  # Loaded module rlm_mschap
  # Loading module "mschap" from file /home/z/my-project/StaySuite-HospitalityOS/freeradius-install/etc/raddb/mods-enabled/mschap
  mschap {
  	use_mppe = yes
  	require_encryption = no
  	require_strong = no
  	with_ntdomain_hack = yes
   passchange {
   }
  	allow_retry = yes
  	winbind_retry_with_normalised_username = no
  }
  # Loaded module rlm_soh
  # Loading module "soh" from file /home/z/my-project/StaySuite-HospitalityOS/freeradius-install/etc/raddb/mods-enabled/soh
  soh {
  	dhcp = yes
  }
  # Loaded module rlm_passwd
  # Loading module "etc_passwd" from file /home/z/my-project/StaySuite-HospitalityOS/freeradius-install/etc/raddb/mods-enabled/passwd
  passwd etc_passwd {
  	filename = "/etc/passwd"
  	format = "*User-Name:Crypt-Password:"
  	delimiter = ":"
  	ignore_nislike = no
  	ignore_empty = yes
  	allow_multiple_keys = no
  	hash_size = 100
  }
  # Loaded module rlm_files
  # Loading module "files" from file /home/z/my-project/StaySuite-HospitalityOS/freeradius-install/etc/raddb/mods-enabled/files
  files {
  	filename = "/home/z/my-project/StaySuite-HospitalityOS/freeradius-install/etc/raddb/mods-config/files/authorize"
  	acctusersfile = "/home/z/my-project/StaySuite-HospitalityOS/freeradius-install/etc/raddb/mods-config/files/accounting"
  	preproxy_usersfile = "/home/z/my-project/StaySuite-HospitalityOS/freeradius-install/etc/raddb/mods-config/files/pre-proxy"
  }
  # Loading module "echo" from file /home/z/my-project/StaySuite-HospitalityOS/freeradius-install/etc/raddb/mods-enabled/echo
  exec echo {
  	wait = yes
  	program = "/bin/echo %{User-Name}"
  	input_pairs = "request"
  	output_pairs = "reply"
  	shell_escape = yes
  }
  # Loaded module rlm_radutmp
  # Loading module "radutmp" from file /home/z/my-project/StaySuite-HospitalityOS/freeradius-install/etc/raddb/mods-enabled/radutmp
  radutmp {
  	filename = "/home/z/my-project/StaySuite-HospitalityOS/freeradius-install/var/log/radius/radutmp"
  	username = "%{User-Name}"
  	case_sensitive = yes
  	check_with_nas = yes
  	permissions = 384
  	caller_id = yes
  }
  # Loaded module rlm_expr
  # Loading module "expr" from file /home/z/my-project/StaySuite-HospitalityOS/freeradius-install/etc/raddb/mods-enabled/expr
  expr {
  	safe_characters = "@abcdefghijklmnopqrstuvwxyzABCDEFGHIJKLMNOPQRSTUVWXYZ0123456789.-_: /äéöüàâæçèéêëîïôœùûüaÿÄÉÖÜßÀÂÆÇÈÉÊËÎÏÔŒÙÛÜŸ"
  }
  # Loaded module rlm_dynamic_clients
  # Loading module "dynamic_clients" from file /home/z/my-project/StaySuite-HospitalityOS/freeradius-install/etc/raddb/mods-enabled/dynamic_clients
  # Loaded module rlm_logintime
  # Loading module "logintime" from file /home/z/my-project/StaySuite-HospitalityOS/freeradius-install/etc/raddb/mods-enabled/logintime
  logintime {
  	minimum_timeout = 60
  }
  # Loaded module rlm_unpack
  # Loading module "unpack" from file /home/z/my-project/StaySuite-HospitalityOS/freeradius-install/etc/raddb/mods-enabled/unpack
  # Loaded module rlm_detail
  # Loading module "detail" from file /home/z/my-project/StaySuite-HospitalityOS/freeradius-install/etc/raddb/mods-enabled/detail
  detail {
  	filename = "/home/z/my-project/StaySuite-HospitalityOS/freeradius-install/var/log/radius/radacct/%{%{Packet-Src-IP-Address}:-%{Packet-Src-IPv6-Address}}/detail-%Y%m%d"
  	header = "%t"
  	permissions = 384
  	locking = no
  	dates_as_integer = no
  	escape_filenames = no
  	log_packet_header = no
  }
  # Loading module "ntlm_auth" from file /home/z/my-project/StaySuite-HospitalityOS/freeradius-install/etc/raddb/mods-enabled/ntlm_auth
  exec ntlm_auth {
  	wait = yes
  	program = "/path/to/ntlm_auth --request-nt-key --domain=MYDOMAIN --username=%{mschap:User-Name} --password=%{User-Password}"
  	shell_escape = yes
  }
  # Loaded module rlm_sql
  # Loading module "sql" from file /home/z/my-project/StaySuite-HospitalityOS/freeradius-install/etc/raddb/mods-enabled/sql
  sql {
  	driver = "rlm_sql_postgresql"
  	server = ""
  	port = 0
  	login = ""
  	password = <<< secret >>>
  	radius_db = "dbname=staysuite host=localhost port=5432 user=z"
  	read_groups = yes
  	read_profiles = yes
  	read_clients = yes
  	delete_stale_sessions = yes
  	sql_user_name = "%{User-Name}"
  	default_user_profile = ""
  	client_query = "SELECT id, nasname, shortname, type, secret, server FROM nas"
  	authorize_check_query = "SELECT id, username, attribute, value, op FROM radcheck WHERE username = '%{SQL-User-Name}' ORDER BY id"
  	authorize_reply_query = "SELECT id, username, attribute, value, op FROM radreply WHERE username = '%{SQL-User-Name}' ORDER BY id"
  	authorize_group_check_query = "SELECT id, groupname, attribute, value, op FROM radgroupcheck WHERE groupname = '%{SQL-Group}' ORDER BY id"
  	authorize_group_reply_query = "SELECT id, groupname, attribute, value, op FROM radgroupreply WHERE groupname = '%{SQL-Group}' ORDER BY id"
  	group_membership_query = "SELECT groupname FROM radusergroup WHERE username='%{SQL-User-Name}' ORDER BY priority"
  	simul_count_query = "SELECT COUNT(radacctid) FROM radacct WHERE username='%{SQL-User-Name}' AND acctstoptime IS NULL"
  	simul_verify_query = "SELECT radacctid, acctsessionid, username, nasipaddress, nasportid, framedipaddress, callingstationid, framedprotocol FROM radacct WHERE username='%{SQL-User-Name}' AND acctstoptime IS NULL"
  	safe_characters = "@abcdefghijklmnopqrstuvwxyzABCDEFGHIJKLMNOPQRSTUVWXYZ0123456789.-_: /"
  	auto_escape = yes
   accounting {
   	reference = "%{tolower:type.%{%{Acct-Status-Type}:-%{Request-Processing-Stage}}.query}"
    type {
     accounting-on {
     	query = "UPDATE radacct SET acctstoptime = TO_TIMESTAMP(%{%{integer:Event-Timestamp}:-%l}), acctupdatetime = TO_TIMESTAMP(%{%{integer:Event-Timestamp}:-%l}), acctsessiontime = (%{%{integer:Event-Timestamp}:-%l} - EXTRACT(EPOCH FROM(acctstarttime))), acctterminatecause = '%{%{Acct-Terminate-Cause}:-NAS-Reboot}' WHERE acctstoptime IS NULL AND nasipaddress = '%{%{NAS-IPv6-Address}:-%{NAS-IP-Address}}' AND acctstarttime <= TO_TIMESTAMP(%{%{integer:Event-Timestamp}:-%l})"
     }
     accounting-off {
     	query = "UPDATE radacct SET acctstoptime = TO_TIMESTAMP(%{%{integer:Event-Timestamp}:-%l}), acctupdatetime = TO_TIMESTAMP(%{%{integer:Event-Timestamp}:-%l}), acctsessiontime = (%{%{integer:Event-Timestamp}:-%l} - EXTRACT(EPOCH FROM(acctstarttime))), acctterminatecause = '%{%{Acct-Terminate-Cause}:-NAS-Reboot}' WHERE acctstoptime IS NULL AND nasipaddress = '%{%{NAS-IPv6-Address}:-%{NAS-IP-Address}}' AND acctstarttime <= TO_TIMESTAMP(%{%{integer:Event-Timestamp}:-%l})"
     }
     start {
     	query = "INSERT INTO radacct (acctsessionid, acctuniqueid, username, realm, nasipaddress, nasportid, nasporttype, acctstarttime, acctupdatetime, acctstoptime, acctsessiontime, acctauthentic, connectinfo_start, connectinfo_stop, acctinputoctets, acctoutputoctets, calledstationid, callingstationid, acctterminatecause, servicetype, framedprotocol, framedipaddress, framedipv6address, framedipv6prefix, framedinterfaceid, delegatedipv6prefix , class) VALUES('%{Acct-Session-Id}', '%{Acct-Unique-Session-Id}', '%{SQL-User-Name}', NULLIF('%{Realm}', ''), '%{%{NAS-IPv6-Address}:-%{NAS-IP-Address}}', NULLIF('%{%{NAS-Port-ID}:-%{NAS-Port}}', ''), '%{NAS-Port-Type}', TO_TIMESTAMP(%{%{integer:Event-Timestamp}:-%l}), TO_TIMESTAMP(%{%{integer:Event-Timestamp}:-%l}), NULL, 0, '%{Acct-Authentic}', '%{Connect-Info}', NULL, 0, 0, '%{Called-Station-Id}', '%{Calling-Station-Id}', NULL, '%{Service-Type}', '%{Framed-Protocol}', NULLIF('%{Framed-IP-Address}', '')::inet, NULLIF('%{Framed-IPv6-Address}', '')::inet, NULLIF('%{Framed-IPv6-Prefix}', '')::inet, NULLIF('%{Framed-Interface-Id}', ''), NULLIF('%{Delegated-IPv6-Prefix}', '')::inet , '%{Class}' ) ON CONFLICT (acctuniqueid) DO UPDATE SET acctstarttime = TO_TIMESTAMP(%{%{integer:Event-Timestamp}:-%l}), acctupdatetime = TO_TIMESTAMP(%{%{integer:Event-Timestamp}:-%l}), connectinfo_start = '%{Connect-Info}' WHERE radacct.acctuniqueid = '%{Acct-Unique-Session-Id}' AND radacct.acctstoptime IS NULL"
     }
     interim-update {
     	query = "UPDATE radacct SET framedipaddress = NULLIF('%{Framed-IP-Address}', '')::inet, framedipv6address = NULLIF('%{Framed-IPv6-Address}', '')::inet, framedipv6prefix = NULLIF('%{Framed-IPv6-Prefix}', '')::inet, framedinterfaceid = NULLIF('%{Framed-Interface-Id}', ''), delegatedipv6prefix = NULLIF('%{Delegated-IPv6-Prefix}', '')::inet, acctsessiontime = %{%{Acct-Session-Time}:-NULL}, acctinterval = (%{%{integer:Event-Timestamp}:-%l} - EXTRACT(EPOCH FROM (COALESCE(acctupdatetime, acctstarttime)))), acctupdatetime = TO_TIMESTAMP(%{%{integer:Event-Timestamp}:-%l}), acctinputoctets = (('%{%{Acct-Input-Gigawords}:-0}'::bigint << 32) + '%{%{Acct-Input-Octets}:-0}'::bigint), acctoutputoctets = (('%{%{Acct-Output-Gigawords}:-0}'::bigint << 32) + '%{%{Acct-Output-Octets}:-0}'::bigint) WHERE acctuniqueid = '%{Acct-Unique-Session-Id}' AND acctstoptime IS NULL"
     }
     stop {
     	query = "UPDATE radacct SET acctstoptime = TO_TIMESTAMP(%{%{integer:Event-Timestamp}:-%l}), acctupdatetime = TO_TIMESTAMP(%{%{integer:Event-Timestamp}:-%l}), acctsessiontime = COALESCE(%{%{Acct-Session-Time}:-NULL}, (%{%{integer:Event-Timestamp}:-%l} - EXTRACT(EPOCH FROM(acctstarttime)))), acctinputoctets = (('%{%{Acct-Input-Gigawords}:-0}'::bigint << 32) + '%{%{Acct-Input-Octets}:-0}'::bigint), acctoutputoctets = (('%{%{Acct-Output-Gigawords}:-0}'::bigint << 32) + '%{%{Acct-Output-Octets}:-0}'::bigint), acctterminatecause = '%{Acct-Terminate-Cause}', framedipaddress = NULLIF('%{Framed-IP-Address}', '')::inet, framedipv6address = NULLIF('%{Framed-IPv6-Address}', '')::inet, framedipv6prefix = NULLIF('%{Framed-IPv6-Prefix}', '')::inet, framedinterfaceid = NULLIF('%{Framed-Interface-Id}', ''), delegatedipv6prefix = NULLIF('%{Delegated-IPv6-Prefix}', '')::inet, connectinfo_stop = '%{Connect-Info}' WHERE acctuniqueid = '%{Acct-Unique-Session-Id}' AND acctstoptime IS NULL"
     }
    }
   }
   post-auth {
   	reference = ".query"
   	query = "INSERT INTO radpostauth (username, pass, reply, authdate, calledstationid, callingstationid, "propertyId", "nasIpAddress" , class) VALUES('%{User-Name}', '%{%{User-Password}:-%{Chap-Password}}', '%{reply:Packet-Type}', '%S.%M', '%{Called-Station-Id}', '%{Calling-Station-Id}', NULL, '%{%{NAS-IPv6-Address}:-%{NAS-IP-Address}}' , '%{reply:Class}')"
   }
  }
rlm_sql (sql): Driver rlm_sql_postgresql (module rlm_sql_postgresql) loaded and linked
Creating attribute SQL-Group
  # Loaded module rlm_totp
  # Loading module "totp" from file /home/z/my-project/StaySuite-HospitalityOS/freeradius-install/etc/raddb/mods-enabled/totp
  totp {
  	time_step = 30
  	otp_length = 6
  	lookback_steps = 1
  	lookback_interval = 30
  	lookforward_steps = 0
  }
  # Loaded module rlm_utf8
  # Loading module "utf8" from file /home/z/my-project/StaySuite-HospitalityOS/freeradius-install/etc/raddb/mods-enabled/utf8
  # Loading module "auth_log" from file /home/z/my-project/StaySuite-HospitalityOS/freeradius-install/etc/raddb/mods-enabled/detail.log
  detail auth_log {
  	filename = "/home/z/my-project/StaySuite-HospitalityOS/freeradius-install/var/log/radius/radacct/%{%{Packet-Src-IP-Address}:-%{Packet-Src-IPv6-Address}}/auth-detail-%Y%m%d"
  	header = "%t"
  	permissions = 384
  	locking = no
  	dates_as_integer = no
  	escape_filenames = no
  	log_packet_header = no
  }
  # Loading module "reply_log" from file /home/z/my-project/StaySuite-HospitalityOS/freeradius-install/etc/raddb/mods-enabled/detail.log
  detail reply_log {
  	filename = "/home/z/my-project/StaySuite-HospitalityOS/freeradius-install/var/log/radius/radacct/%{%{Packet-Src-IP-Address}:-%{Packet-Src-IPv6-Address}}/reply-detail-%Y%m%d"
  	header = "%t"
  	permissions = 384
  	locking = no
  	dates_as_integer = no
  	escape_filenames = no
  	log_packet_header = no
  }
  # Loading module "pre_proxy_log" from file /home/z/my-project/StaySuite-HospitalityOS/freeradius-install/etc/raddb/mods-enabled/detail.log
  detail pre_proxy_log {
  	filename = "/home/z/my-project/StaySuite-HospitalityOS/freeradius-install/var/log/radius/radacct/%{%{Packet-Src-IP-Address}:-%{Packet-Src-IPv6-Address}}/pre-proxy-detail-%Y%m%d"
  	header = "%t"
  	permissions = 384
  	locking = no
  	dates_as_integer = no
  	escape_filenames = no
  	log_packet_header = no
  }
  # Loading module "post_proxy_log" from file /home/z/my-project/StaySuite-HospitalityOS/freeradius-install/etc/raddb/mods-enabled/detail.log
  detail post_proxy_log {
  	filename = "/home/z/my-project/StaySuite-HospitalityOS/freeradius-install/var/log/radius/radacct/%{%{Packet-Src-IP-Address}:-%{Packet-Src-IPv6-Address}}/post-proxy-detail-%Y%m%d"
  	header = "%t"
  	permissions = 384
  	locking = no
  	dates_as_integer = no
  	escape_filenames = no
  	log_packet_header = no
  }
  # Loaded module rlm_attr_filter
  # Loading module "attr_filter.post-proxy" from file /home/z/my-project/StaySuite-HospitalityOS/freeradius-install/etc/raddb/mods-enabled/attr_filter
  attr_filter attr_filter.post-proxy {
  	filename = "/home/z/my-project/StaySuite-HospitalityOS/freeradius-install/etc/raddb/mods-config/attr_filter/post-proxy"
  	key = "%{Realm}"
  	relaxed = no
  }
  # Loading module "attr_filter.pre-proxy" from file /home/z/my-project/StaySuite-HospitalityOS/freeradius-install/etc/raddb/mods-enabled/attr_filter
  attr_filter attr_filter.pre-proxy {
  	filename = "/home/z/my-project/StaySuite-HospitalityOS/freeradius-install/etc/raddb/mods-config/attr_filter/pre-proxy"
  	key = "%{Realm}"
  	relaxed = no
  }
  # Loading module "attr_filter.access_reject" from file /home/z/my-project/StaySuite-HospitalityOS/freeradius-install/etc/raddb/mods-enabled/attr_filter
  attr_filter attr_filter.access_reject {
  	filename = "/home/z/my-project/StaySuite-HospitalityOS/freeradius-install/etc/raddb/mods-config/attr_filter/access_reject"
  	key = "%{User-Name}"
  	relaxed = no
  }
  # Loading module "attr_filter.access_challenge" from file /home/z/my-project/StaySuite-HospitalityOS/freeradius-install/etc/raddb/mods-enabled/attr_filter
  attr_filter attr_filter.access_challenge {
  	filename = "/home/z/my-project/StaySuite-HospitalityOS/freeradius-install/etc/raddb/mods-config/attr_filter/access_challenge"
  	key = "%{User-Name}"
  	relaxed = no
  }
  # Loading module "attr_filter.accounting_response" from file /home/z/my-project/StaySuite-HospitalityOS/freeradius-install/etc/raddb/mods-enabled/attr_filter
  attr_filter attr_filter.accounting_response {
  	filename = "/home/z/my-project/StaySuite-HospitalityOS/freeradius-install/etc/raddb/mods-config/attr_filter/accounting_response"
  	key = "%{User-Name}"
  	relaxed = no
  }
  # Loading module "attr_filter.coa" from file /home/z/my-project/StaySuite-HospitalityOS/freeradius-install/etc/raddb/mods-enabled/attr_filter
  attr_filter attr_filter.coa {
  	filename = "/home/z/my-project/StaySuite-HospitalityOS/freeradius-install/etc/raddb/mods-config/attr_filter/coa"
  	key = "%{User-Name}"
  	relaxed = no
  }
  # Loaded module rlm_always
  # Loading module "reject" from file /home/z/my-project/StaySuite-HospitalityOS/freeradius-install/etc/raddb/mods-enabled/always
  always reject {
  	rcode = "reject"
  	simulcount = 0
  	mpp = no
  }
  # Loading module "fail" from file /home/z/my-project/StaySuite-HospitalityOS/freeradius-install/etc/raddb/mods-enabled/always
  always fail {
  	rcode = "fail"
  	simulcount = 0
  	mpp = no
  }
  # Loading module "ok" from file /home/z/my-project/StaySuite-HospitalityOS/freeradius-install/etc/raddb/mods-enabled/always
  always ok {
  	rcode = "ok"
  	simulcount = 0
  	mpp = no
  }
  # Loading module "handled" from file /home/z/my-project/StaySuite-HospitalityOS/freeradius-install/etc/raddb/mods-enabled/always
  always handled {
  	rcode = "handled"
  	simulcount = 0
  	mpp = no
  }
  # Loading module "invalid" from file /home/z/my-project/StaySuite-HospitalityOS/freeradius-install/etc/raddb/mods-enabled/always
  always invalid {
  	rcode = "invalid"
  	simulcount = 0
  	mpp = no
  }
  # Loading module "userlock" from file /home/z/my-project/StaySuite-HospitalityOS/freeradius-install/etc/raddb/mods-enabled/always
  always userlock {
  	rcode = "userlock"
  	simulcount = 0
  	mpp = no
  }
  # Loading module "notfound" from file /home/z/my-project/StaySuite-HospitalityOS/freeradius-install/etc/raddb/mods-enabled/always
  always notfound {
  	rcode = "notfound"
  	simulcount = 0
  	mpp = no
  }
  # Loading module "noop" from file /home/z/my-project/StaySuite-HospitalityOS/freeradius-install/etc/raddb/mods-enabled/always
  always noop {
  	rcode = "noop"
  	simulcount = 0
  	mpp = no
  }
  # Loading module "updated" from file /home/z/my-project/StaySuite-HospitalityOS/freeradius-install/etc/raddb/mods-enabled/always
  always updated {
  	rcode = "updated"
  	simulcount = 0
  	mpp = no
  }
  # Loading module "sradutmp" from file /home/z/my-project/StaySuite-HospitalityOS/freeradius-install/etc/raddb/mods-enabled/sradutmp
  radutmp sradutmp {
  	filename = "/home/z/my-project/StaySuite-HospitalityOS/freeradius-install/var/log/radius/sradutmp"
  	username = "%{User-Name}"
  	case_sensitive = yes
  	check_with_nas = yes
  	permissions = 420
  	caller_id = no
  }
  # Loaded module rlm_linelog
  # Loading module "linelog" from file /home/z/my-project/StaySuite-HospitalityOS/freeradius-install/etc/raddb/mods-enabled/linelog
  linelog {
  	filename = "/home/z/my-project/StaySuite-HospitalityOS/freeradius-install/var/log/radius/linelog"
  	escape_filenames = no
  	syslog_severity = "info"
  	permissions = 384
  	format = "This is a log message for %{User-Name}"
  	reference = "messages.%{%{reply:Packet-Type}:-default}"
  }
  # Loading module "log_accounting" from file /home/z/my-project/StaySuite-HospitalityOS/freeradius-install/etc/raddb/mods-enabled/linelog
  linelog log_accounting {
  	filename = "/home/z/my-project/StaySuite-HospitalityOS/freeradius-install/var/log/radius/linelog-accounting"
  	escape_filenames = no
  	syslog_severity = "info"
  	permissions = 384
  	format = ""
  	reference = "Accounting-Request.%{%{Acct-Status-Type}:-unknown}"
  }
  # Loaded module rlm_pap
  # Loading module "pap" from file /home/z/my-project/StaySuite-HospitalityOS/freeradius-install/etc/raddb/mods-enabled/pap
  pap {
  	normalise = yes
  }
  instantiate {
  }
  # Instantiating module "preprocess" from file /home/z/my-project/StaySuite-HospitalityOS/freeradius-install/etc/raddb/mods-enabled/preprocess
reading pairlist file /home/z/my-project/StaySuite-HospitalityOS/freeradius-install/etc/raddb/mods-config/preprocess/huntgroups
reading pairlist file /home/z/my-project/StaySuite-HospitalityOS/freeradius-install/etc/raddb/mods-config/preprocess/hints
  # Instantiating module "expiration" from file /home/z/my-project/StaySuite-HospitalityOS/freeradius-install/etc/raddb/mods-enabled/expiration
  # Instantiating module "IPASS" from file /home/z/my-project/StaySuite-HospitalityOS/freeradius-install/etc/raddb/mods-enabled/realm
  # Instantiating module "suffix" from file /home/z/my-project/StaySuite-HospitalityOS/freeradius-install/etc/raddb/mods-enabled/realm
  # Instantiating module "bangpath" from file /home/z/my-project/StaySuite-HospitalityOS/freeradius-install/etc/raddb/mods-enabled/realm
  # Instantiating module "realmpercent" from file /home/z/my-project/StaySuite-HospitalityOS/freeradius-install/etc/raddb/mods-enabled/realm
  # Instantiating module "ntdomain" from file /home/z/my-project/StaySuite-HospitalityOS/freeradius-install/etc/raddb/mods-enabled/realm
  # Instantiating module "proxy_rate_limit" from file /home/z/my-project/StaySuite-HospitalityOS/freeradius-install/etc/raddb/mods-enabled/proxy_rate_limit
  # Instantiating module "mschap" from file /home/z/my-project/StaySuite-HospitalityOS/freeradius-install/etc/raddb/mods-enabled/mschap
rlm_mschap (mschap): using internal authentication
  # Instantiating module "etc_passwd" from file /home/z/my-project/StaySuite-HospitalityOS/freeradius-install/etc/raddb/mods-enabled/passwd
rlm_passwd: nfields: 3 keyfield 0(User-Name) listable: no
  # Instantiating module "files" from file /home/z/my-project/StaySuite-HospitalityOS/freeradius-install/etc/raddb/mods-enabled/files
reading pairlist file /home/z/my-project/StaySuite-HospitalityOS/freeradius-install/etc/raddb/mods-config/files/authorize
reading pairlist file /home/z/my-project/StaySuite-HospitalityOS/freeradius-install/etc/raddb/mods-config/files/accounting
reading pairlist file /home/z/my-project/StaySuite-HospitalityOS/freeradius-install/etc/raddb/mods-config/files/pre-proxy
  # Instantiating module "logintime" from file /home/z/my-project/StaySuite-HospitalityOS/freeradius-install/etc/raddb/mods-enabled/logintime
  # Instantiating module "detail" from file /home/z/my-project/StaySuite-HospitalityOS/freeradius-install/etc/raddb/mods-enabled/detail
  # Instantiating module "sql" from file /home/z/my-project/StaySuite-HospitalityOS/freeradius-install/etc/raddb/mods-enabled/sql
   postgresql {
   	send_application_name = yes
   }
rlm_sql (sql): Attempting to connect to database "dbname=staysuite host=localhost port=5432 user=z"
rlm_sql (sql): Initialising connection pool
   pool {
   	start = 5
   	min = 3
   	max = 32
   	spare = 10
   	uses = 0
   	lifetime = 0
   	cleanup_interval = 30
   	idle_timeout = 60
   	retry_delay = 30
   	max_retries = 5
   	spread = no
   }
rlm_sql (sql): Processing generate_sql_clients
rlm_sql (sql) in generate_sql_clients: query is SELECT id, nasname, shortname, type, secret, server FROM nas
rlm_sql (sql): 0 of 0 connections in use.  You  may need to increase "spare"
rlm_sql (sql): Opening additional connection (0), 1 of 1 pending slots used
rlm_sql_postgresql: Connecting using parameters: dbname=staysuite host=localhost port=5432 user=z application_name='FreeRADIUS 3.2.7 - radiusd (sql)'
Connected to database 'staysuite' on 'localhost' server version 170004, protocol version 3, backend PID 4059 
rlm_sql (sql): Reserved connection (0)
rlm_sql (sql): Executing select query: SELECT id, nasname, shortname, type, secret, server FROM nas
rlm_sql_postgresql: Status: PGRES_TUPLES_OK
rlm_sql_postgresql: query affected rows = 0 , fields = 6
rlm_sql (sql): Released connection (0)
  # Instantiating module "totp" from file /home/z/my-project/StaySuite-HospitalityOS/freeradius-install/etc/raddb/mods-enabled/totp
  # Instantiating module "auth_log" from file /home/z/my-project/StaySuite-HospitalityOS/freeradius-install/etc/raddb/mods-enabled/detail.log
rlm_detail (auth_log): 'User-Password' suppressed, will not appear in detail output
  # Instantiating module "reply_log" from file /home/z/my-project/StaySuite-HospitalityOS/freeradius-install/etc/raddb/mods-enabled/detail.log
  # Instantiating module "pre_proxy_log" from file /home/z/my-project/StaySuite-HospitalityOS/freeradius-install/etc/raddb/mods-enabled/detail.log
  # Instantiating module "post_proxy_log" from file /home/z/my-project/StaySuite-HospitalityOS/freeradius-install/etc/raddb/mods-enabled/detail.log
  # Instantiating module "attr_filter.post-proxy" from file /home/z/my-project/StaySuite-HospitalityOS/freeradius-install/etc/raddb/mods-enabled/attr_filter
reading pairlist file /home/z/my-project/StaySuite-HospitalityOS/freeradius-install/etc/raddb/mods-config/attr_filter/post-proxy
  # Instantiating module "attr_filter.pre-proxy" from file /home/z/my-project/StaySuite-HospitalityOS/freeradius-install/etc/raddb/mods-enabled/attr_filter
reading pairlist file /home/z/my-project/StaySuite-HospitalityOS/freeradius-install/etc/raddb/mods-config/attr_filter/pre-proxy
  # Instantiating module "attr_filter.access_reject" from file /home/z/my-project/StaySuite-HospitalityOS/freeradius-install/etc/raddb/mods-enabled/attr_filter
reading pairlist file /home/z/my-project/StaySuite-HospitalityOS/freeradius-install/etc/raddb/mods-config/attr_filter/access_reject
  # Instantiating module "attr_filter.access_challenge" from file /home/z/my-project/StaySuite-HospitalityOS/freeradius-install/etc/raddb/mods-enabled/attr_filter
reading pairlist file /home/z/my-project/StaySuite-HospitalityOS/freeradius-install/etc/raddb/mods-config/attr_filter/access_challenge
  # Instantiating module "attr_filter.accounting_response" from file /home/z/my-project/StaySuite-HospitalityOS/freeradius-install/etc/raddb/mods-enabled/attr_filter
reading pairlist file /home/z/my-project/StaySuite-HospitalityOS/freeradius-install/etc/raddb/mods-config/attr_filter/accounting_response
  # Instantiating module "attr_filter.coa" from file /home/z/my-project/StaySuite-HospitalityOS/freeradius-install/etc/raddb/mods-enabled/attr_filter
reading pairlist file /home/z/my-project/StaySuite-HospitalityOS/freeradius-install/etc/raddb/mods-config/attr_filter/coa
  # Instantiating module "reject" from file /home/z/my-project/StaySuite-HospitalityOS/freeradius-install/etc/raddb/mods-enabled/always
  # Instantiating module "fail" from file /home/z/my-project/StaySuite-HospitalityOS/freeradius-install/etc/raddb/mods-enabled/always
  # Instantiating module "ok" from file /home/z/my-project/StaySuite-HospitalityOS/freeradius-install/etc/raddb/mods-enabled/always
  # Instantiating module "handled" from file /home/z/my-project/StaySuite-HospitalityOS/freeradius-install/etc/raddb/mods-enabled/always
  # Instantiating module "invalid" from file /home/z/my-project/StaySuite-HospitalityOS/freeradius-install/etc/raddb/mods-enabled/always
  # Instantiating module "userlock" from file /home/z/my-project/StaySuite-HospitalityOS/freeradius-install/etc/raddb/mods-enabled/always
  # Instantiating module "notfound" from file /home/z/my-project/StaySuite-HospitalityOS/freeradius-install/etc/raddb/mods-enabled/always
  # Instantiating module "noop" from file /home/z/my-project/StaySuite-HospitalityOS/freeradius-install/etc/raddb/mods-enabled/always
  # Instantiating module "updated" from file /home/z/my-project/StaySuite-HospitalityOS/freeradius-install/etc/raddb/mods-enabled/always
  # Instantiating module "linelog" from file /home/z/my-project/StaySuite-HospitalityOS/freeradius-install/etc/raddb/mods-enabled/linelog
  # Instantiating module "log_accounting" from file /home/z/my-project/StaySuite-HospitalityOS/freeradius-install/etc/raddb/mods-enabled/linelog
  # Instantiating module "pap" from file /home/z/my-project/StaySuite-HospitalityOS/freeradius-install/etc/raddb/mods-enabled/pap
 } # modules
radiusd: #### Loading Virtual Servers ####
server { # from file /home/z/my-project/StaySuite-HospitalityOS/freeradius-install/etc/raddb/radiusd.conf
} # server
server default { # from file /home/z/my-project/StaySuite-HospitalityOS/freeradius-install/etc/raddb/sites-enabled/default
 # Loading authenticate {...}
Compiling Auth-Type PAP for attr Auth-Type
Compiling Auth-Type CHAP for attr Auth-Type
Compiling Auth-Type MS-CHAP for attr Auth-Type
 # Loading authorize {...}
Ignoring "ldap" (see raddb/mods-available/README.rst)
Compiling Autz-Type New-TLS-Connection for attr Autz-Type
 # Loading preacct {...}
 # Loading accounting {...}
 # Loading session {...}
 # Loading post-auth {...}
Compiling Post-Auth-Type REJECT for attr Post-Auth-Type
Compiling Post-Auth-Type Challenge for attr Post-Auth-Type
Compiling Post-Auth-Type Client-Lost for attr Post-Auth-Type
} # server default
server inner-tunnel { # from file /home/z/my-project/StaySuite-HospitalityOS/freeradius-install/etc/raddb/sites-enabled/inner-tunnel
 # Loading authenticate {...}
Compiling Auth-Type PAP for attr Auth-Type
Compiling Auth-Type CHAP for attr Auth-Type
Compiling Auth-Type MS-CHAP for attr Auth-Type
 # Loading authorize {...}
 # Loading session {...}
 # Loading post-auth {...}
 # Skipping contents of 'if' as it is always 'false' -- /home/z/my-project/StaySuite-HospitalityOS/freeradius-install/etc/raddb/sites-enabled/inner-tunnel:377
Compiling Post-Auth-Type REJECT for attr Post-Auth-Type
} # server inner-tunnel
radiusd: #### Skipping IP addresses and Ports ####
listen {
  	type = "auth"
  	ipaddr = *
  	port = 0
   limit {
   	max_connections = 16
   	lifetime = 0
   	idle_timeout = 900
   }
}
listen {
  	type = "acct"
  	ipaddr = *
  	port = 0
   limit {
   	max_connections = 16
   	lifetime = 0
   	idle_timeout = 30
   }
}
listen {
  	type = "auth"
  	ipv6addr = ::
  	port = 0
   limit {
   	max_connections = 16
   	lifetime = 0
   	idle_timeout = 30
   }
}
listen {
  	type = "acct"
  	ipv6addr = ::
  	port = 0
   limit {
   	max_connections = 16
   	lifetime = 0
   	idle_timeout = 30
   }
}
listen {
  	type = "auth"
  	ipaddr = 127.0.0.1
  	port = 18120
}
Configuration appears to be OK
FreeRADIUS Version 3.2.7
Copyright (C) 1999-2023 The FreeRADIUS server project and contributors
There is NO warranty; not even for MERCHANTABILITY or FITNESS FOR A
PARTICULAR PURPOSE
You may redistribute copies of FreeRADIUS under the terms of the
GNU General Public License
For more information about these matters, see the file named COPYRIGHT
Starting - reading configuration files ...
including dictionary file /home/z/my-project/StaySuite-HospitalityOS/freeradius-install/share/freeradius/dictionary
including dictionary file /home/z/my-project/StaySuite-HospitalityOS/freeradius-install/share/freeradius/dictionary.dhcp
including dictionary file /home/z/my-project/StaySuite-HospitalityOS/freeradius-install/share/freeradius/dictionary.vqp
including dictionary file /home/z/my-project/StaySuite-HospitalityOS/freeradius-install/etc/raddb/dictionary
including configuration file /home/z/my-project/StaySuite-HospitalityOS/freeradius-install/etc/raddb/radiusd.conf
including configuration file /home/z/my-project/StaySuite-HospitalityOS/freeradius-install/etc/raddb/proxy.conf
including configuration file /home/z/my-project/StaySuite-HospitalityOS/freeradius-install/etc/raddb/clients.conf
including files in directory /home/z/my-project/StaySuite-HospitalityOS/freeradius-install/etc/raddb/mods-enabled/
including configuration file /home/z/my-project/StaySuite-HospitalityOS/freeradius-install/etc/raddb/mods-enabled/replicate
including configuration file /home/z/my-project/StaySuite-HospitalityOS/freeradius-install/etc/raddb/mods-enabled/digest
including configuration file /home/z/my-project/StaySuite-HospitalityOS/freeradius-install/etc/raddb/mods-enabled/preprocess
including configuration file /home/z/my-project/StaySuite-HospitalityOS/freeradius-install/etc/raddb/mods-enabled/chap
including configuration file /home/z/my-project/StaySuite-HospitalityOS/freeradius-install/etc/raddb/mods-enabled/expiration
including configuration file /home/z/my-project/StaySuite-HospitalityOS/freeradius-install/etc/raddb/mods-enabled/date
including configuration file /home/z/my-project/StaySuite-HospitalityOS/freeradius-install/etc/raddb/mods-enabled/realm
including configuration file /home/z/my-project/StaySuite-HospitalityOS/freeradius-install/etc/raddb/mods-enabled/proxy_rate_limit
including configuration file /home/z/my-project/StaySuite-HospitalityOS/freeradius-install/etc/raddb/mods-enabled/exec
including configuration file /home/z/my-project/StaySuite-HospitalityOS/freeradius-install/etc/raddb/mods-enabled/mschap
including configuration file /home/z/my-project/StaySuite-HospitalityOS/freeradius-install/etc/raddb/mods-enabled/soh
including configuration file /home/z/my-project/StaySuite-HospitalityOS/freeradius-install/etc/raddb/mods-enabled/passwd
including configuration file /home/z/my-project/StaySuite-HospitalityOS/freeradius-install/etc/raddb/mods-enabled/files
including configuration file /home/z/my-project/StaySuite-HospitalityOS/freeradius-install/etc/raddb/mods-enabled/echo
including configuration file /home/z/my-project/StaySuite-HospitalityOS/freeradius-install/etc/raddb/mods-enabled/radutmp
including configuration file /home/z/my-project/StaySuite-HospitalityOS/freeradius-install/etc/raddb/mods-enabled/expr
including configuration file /home/z/my-project/StaySuite-HospitalityOS/freeradius-install/etc/raddb/mods-enabled/dynamic_clients
including configuration file /home/z/my-project/StaySuite-HospitalityOS/freeradius-install/etc/raddb/mods-enabled/logintime
including configuration file /home/z/my-project/StaySuite-HospitalityOS/freeradius-install/etc/raddb/mods-enabled/unpack
including configuration file /home/z/my-project/StaySuite-HospitalityOS/freeradius-install/etc/raddb/mods-enabled/detail
including configuration file /home/z/my-project/StaySuite-HospitalityOS/freeradius-install/etc/raddb/mods-enabled/ntlm_auth
including configuration file /home/z/my-project/StaySuite-HospitalityOS/freeradius-install/etc/raddb/mods-enabled/sql
including configuration file /home/z/my-project/StaySuite-HospitalityOS/freeradius-install/etc/raddb/mods-config/sql/main/postgresql/queries.conf
including configuration file /home/z/my-project/StaySuite-HospitalityOS/freeradius-install/etc/raddb/mods-enabled/totp
including configuration file /home/z/my-project/StaySuite-HospitalityOS/freeradius-install/etc/raddb/mods-enabled/utf8
including configuration file /home/z/my-project/StaySuite-HospitalityOS/freeradius-install/etc/raddb/mods-enabled/detail.log
including configuration file /home/z/my-project/StaySuite-HospitalityOS/freeradius-install/etc/raddb/mods-enabled/attr_filter
including configuration file /home/z/my-project/StaySuite-HospitalityOS/freeradius-install/etc/raddb/mods-enabled/always
including configuration file /home/z/my-project/StaySuite-HospitalityOS/freeradius-install/etc/raddb/mods-enabled/sradutmp
including configuration file /home/z/my-project/StaySuite-HospitalityOS/freeradius-install/etc/raddb/mods-enabled/linelog
including configuration file /home/z/my-project/StaySuite-HospitalityOS/freeradius-install/etc/raddb/mods-enabled/pap
including files in directory /home/z/my-project/StaySuite-HospitalityOS/freeradius-install/etc/raddb/policy.d/
including configuration file /home/z/my-project/StaySuite-HospitalityOS/freeradius-install/etc/raddb/policy.d/cui
including configuration file /home/z/my-project/StaySuite-HospitalityOS/freeradius-install/etc/raddb/policy.d/dhcp
including configuration file /home/z/my-project/StaySuite-HospitalityOS/freeradius-install/etc/raddb/policy.d/filter
including configuration file /home/z/my-project/StaySuite-HospitalityOS/freeradius-install/etc/raddb/policy.d/canonicalization
including configuration file /home/z/my-project/StaySuite-HospitalityOS/freeradius-install/etc/raddb/policy.d/abfab-tr
including configuration file /home/z/my-project/StaySuite-HospitalityOS/freeradius-install/etc/raddb/policy.d/eap
including configuration file /home/z/my-project/StaySuite-HospitalityOS/freeradius-install/etc/raddb/policy.d/debug
including configuration file /home/z/my-project/StaySuite-HospitalityOS/freeradius-install/etc/raddb/policy.d/rfc7542
including configuration file /home/z/my-project/StaySuite-HospitalityOS/freeradius-install/etc/raddb/policy.d/operator-name
including configuration file /home/z/my-project/StaySuite-HospitalityOS/freeradius-install/etc/raddb/policy.d/moonshot-targeted-ids
including configuration file /home/z/my-project/StaySuite-HospitalityOS/freeradius-install/etc/raddb/policy.d/control
including configuration file /home/z/my-project/StaySuite-HospitalityOS/freeradius-install/etc/raddb/policy.d/accounting
including files in directory /home/z/my-project/StaySuite-HospitalityOS/freeradius-install/etc/raddb/sites-enabled/
including configuration file /home/z/my-project/StaySuite-HospitalityOS/freeradius-install/etc/raddb/sites-enabled/default
including configuration file /home/z/my-project/StaySuite-HospitalityOS/freeradius-install/etc/raddb/sites-enabled/inner-tunnel
main {
	name = "radiusd"
	prefix = "/home/z/my-project/StaySuite-HospitalityOS/freeradius-install"
	localstatedir = "/home/z/my-project/StaySuite-HospitalityOS/freeradius-install/var"
	sbindir = "/home/z/my-project/StaySuite-HospitalityOS/freeradius-install/sbin"
	logdir = "/home/z/my-project/StaySuite-HospitalityOS/freeradius-install/var/log/radius"
	run_dir = "/home/z/my-project/StaySuite-HospitalityOS/freeradius-install/var/run/radiusd"
	libdir = "/home/z/my-project/StaySuite-HospitalityOS/freeradius-install/lib"
	radacctdir = "/home/z/my-project/StaySuite-HospitalityOS/freeradius-install/var/log/radius/radacct"
	hostname_lookups = no
	max_request_time = 30
	proxy_dedup_window = 1
	cleanup_delay = 5
	max_requests = 16384
	max_fds = 512
	postauth_client_lost = no
	pidfile = "/home/z/my-project/StaySuite-HospitalityOS/freeradius-install/var/run/radiusd/radiusd.pid"
	checkrad = "/home/z/my-project/StaySuite-HospitalityOS/freeradius-install/sbin/checkrad"
	debug_level = 0
	proxy_requests = yes
 log {
 	stripped_names = no
 	auth = no
 	auth_badpass = no
 	auth_goodpass = no
 	colourise = yes
 	msg_denied = "You are already logged in - access denied"
 }
 resources {
 }
 security {
 	max_attributes = 200
 	reject_delay = 1.000000
 	status_server = yes
 	require_message_authenticator = "auto"
 	limit_proxy_state = "auto"
 	allow_vulnerable_openssl = "no"
 }
 unlang {
 	group_stop_return = no
 	policy_stop_return = no
 }
}
radiusd: #### Loading Realms and Home Servers ####
 proxy server {
 	retry_delay = 5
 	retry_count = 3
 	default_fallback = no
 	dead_time = 120
 	wake_all_if_all_dead = no
 }
 home_server localhost {
 	nonblock = no
 	ipaddr = 127.0.0.1
 	port = 1812
 	type = "auth"
 	secret = <<< secret >>>
 	response_window = 20.000000
 	response_timeouts = 1
 	max_outstanding = 65536
 	zombie_period = 40
 	status_check = "status-server"
 	ping_interval = 30
 	check_interval = 30
 	check_timeout = 4
 	num_answers_to_alive = 3
 	revive_interval = 120
  limit {
  	max_connections = 16
  	max_requests = 0
  	lifetime = 0
  	idle_timeout = 0
  }
  coa {
  	irt = 2
  	mrt = 16
  	mrc = 5
  	mrd = 30
  }
 }
 home_server_pool my_auth_failover {
	type = fail-over
	home_server = localhost
 }
 realm example.com {
	auth_pool = my_auth_failover
 }
 realm LOCAL {
 }
radiusd: #### Loading Clients ####
 client localhost {
 	ipaddr = 127.0.0.1
 	secret = <<< secret >>>
 	nas_type = "other"
 	proto = "*"
  limit {
  	max_connections = 16
  	lifetime = 0
  	idle_timeout = 900
  }
 }
Shared secret for client localhost is short, and likely can be broken by an attacker.
 client localhost_ipv6 {
 	ipv6addr = ::1
 	secret = <<< secret >>>
  limit {
  	max_connections = 16
  	lifetime = 0
  	idle_timeout = 30
  }
 }
Shared secret for client localhost_ipv6 is short, and likely can be broken by an attacker.
Debugger not attached
Configuration version: e9e7-aa44-54fe-ace1
 # Creating Auth-Type = mschap
 # Creating Auth-Type = digest
 # Creating Auth-Type = PAP
 # Creating Auth-Type = CHAP
 # Creating Auth-Type = MS-CHAP
 # Creating Autz-Type = New-TLS-Connection
radiusd: #### Instantiating modules ####
 modules {
  # Loaded module rlm_replicate
  # Loading module "replicate" from file /home/z/my-project/StaySuite-HospitalityOS/freeradius-install/etc/raddb/mods-enabled/replicate
  # Loaded module rlm_digest
  # Loading module "digest" from file /home/z/my-project/StaySuite-HospitalityOS/freeradius-install/etc/raddb/mods-enabled/digest
  # Loaded module rlm_preprocess
  # Loading module "preprocess" from file /home/z/my-project/StaySuite-HospitalityOS/freeradius-install/etc/raddb/mods-enabled/preprocess
  preprocess {
  	huntgroups = "/home/z/my-project/StaySuite-HospitalityOS/freeradius-install/etc/raddb/mods-config/preprocess/huntgroups"
  	hints = "/home/z/my-project/StaySuite-HospitalityOS/freeradius-install/etc/raddb/mods-config/preprocess/hints"
  	with_ascend_hack = no
  	ascend_channels_per_line = 23
  	with_ntdomain_hack = no
  	with_specialix_jetstream_hack = no
  	with_cisco_vsa_hack = no
  	with_alvarion_vsa_hack = no
  }
  # Loaded module rlm_chap
  # Loading module "chap" from file /home/z/my-project/StaySuite-HospitalityOS/freeradius-install/etc/raddb/mods-enabled/chap
  # Loaded module rlm_expiration
  # Loading module "expiration" from file /home/z/my-project/StaySuite-HospitalityOS/freeradius-install/etc/raddb/mods-enabled/expiration
  # Loaded module rlm_date
  # Loading module "date" from file /home/z/my-project/StaySuite-HospitalityOS/freeradius-install/etc/raddb/mods-enabled/date
  date {
  	format = "%b %e %Y %H:%M:%S %Z"
  	utc = no
  }
  # Loading module "wispr2date" from file /home/z/my-project/StaySuite-HospitalityOS/freeradius-install/etc/raddb/mods-enabled/date
  date wispr2date {
  	format = "%Y-%m-%dT%H:%M:%S"
  	utc = no
  }
  # Loaded module rlm_realm
  # Loading module "IPASS" from file /home/z/my-project/StaySuite-HospitalityOS/freeradius-install/etc/raddb/mods-enabled/realm
  realm IPASS {
  	format = "prefix"
  	delimiter = "/"
  	ignore_default = no
  	ignore_null = no
  }
  # Loading module "suffix" from file /home/z/my-project/StaySuite-HospitalityOS/freeradius-install/etc/raddb/mods-enabled/realm
  realm suffix {
  	format = "suffix"
  	delimiter = "@"
  	ignore_default = no
  	ignore_null = no
  }
  # Loading module "bangpath" from file /home/z/my-project/StaySuite-HospitalityOS/freeradius-install/etc/raddb/mods-enabled/realm
  realm bangpath {
  	format = "prefix"
  	delimiter = "!"
  	ignore_default = no
  	ignore_null = no
  }
  # Loading module "realmpercent" from file /home/z/my-project/StaySuite-HospitalityOS/freeradius-install/etc/raddb/mods-enabled/realm
  realm realmpercent {
  	format = "suffix"
  	delimiter = "%"
  	ignore_default = no
  	ignore_null = no
  }
  # Loading module "ntdomain" from file /home/z/my-project/StaySuite-HospitalityOS/freeradius-install/etc/raddb/mods-enabled/realm
  realm ntdomain {
  	format = "prefix"
  	delimiter = "\"
  	ignore_default = no
  	ignore_null = no
  }
  # Loaded module rlm_proxy_rate_limit
  # Loading module "proxy_rate_limit" from file /home/z/my-project/StaySuite-HospitalityOS/freeradius-install/etc/raddb/mods-enabled/proxy_rate_limit
  proxy_rate_limit {
  	max_entries = 2048
  	idle_timeout = 10
  	num_subtables = 256
  	window = 1
  }
  # Loaded module rlm_exec
  # Loading module "exec" from file /home/z/my-project/StaySuite-HospitalityOS/freeradius-install/etc/raddb/mods-enabled/exec
  exec {
  	wait = no
  	input_pairs = "request"
  	shell_escape = yes
  	timeout = 10
  }
  # Loaded module rlm_mschap
  # Loading module "mschap" from file /home/z/my-project/StaySuite-HospitalityOS/freeradius-install/etc/raddb/mods-enabled/mschap
  mschap {
  	use_mppe = yes
  	require_encryption = no
  	require_strong = no
  	with_ntdomain_hack = yes
   passchange {
   }
  	allow_retry = yes
  	winbind_retry_with_normalised_username = no
  }
  # Loaded module rlm_soh
  # Loading module "soh" from file /home/z/my-project/StaySuite-HospitalityOS/freeradius-install/etc/raddb/mods-enabled/soh
  soh {
  	dhcp = yes
  }
  # Loaded module rlm_passwd
  # Loading module "etc_passwd" from file /home/z/my-project/StaySuite-HospitalityOS/freeradius-install/etc/raddb/mods-enabled/passwd
  passwd etc_passwd {
  	filename = "/etc/passwd"
  	format = "*User-Name:Crypt-Password:"
  	delimiter = ":"
  	ignore_nislike = no
  	ignore_empty = yes
  	allow_multiple_keys = no
  	hash_size = 100
  }
  # Loaded module rlm_files
  # Loading module "files" from file /home/z/my-project/StaySuite-HospitalityOS/freeradius-install/etc/raddb/mods-enabled/files
  files {
  	filename = "/home/z/my-project/StaySuite-HospitalityOS/freeradius-install/etc/raddb/mods-config/files/authorize"
  	acctusersfile = "/home/z/my-project/StaySuite-HospitalityOS/freeradius-install/etc/raddb/mods-config/files/accounting"
  	preproxy_usersfile = "/home/z/my-project/StaySuite-HospitalityOS/freeradius-install/etc/raddb/mods-config/files/pre-proxy"
  }
  # Loading module "echo" from file /home/z/my-project/StaySuite-HospitalityOS/freeradius-install/etc/raddb/mods-enabled/echo
  exec echo {
  	wait = yes
  	program = "/bin/echo %{User-Name}"
  	input_pairs = "request"
  	output_pairs = "reply"
  	shell_escape = yes
  }
  # Loaded module rlm_radutmp
  # Loading module "radutmp" from file /home/z/my-project/StaySuite-HospitalityOS/freeradius-install/etc/raddb/mods-enabled/radutmp
  radutmp {
  	filename = "/home/z/my-project/StaySuite-HospitalityOS/freeradius-install/var/log/radius/radutmp"
  	username = "%{User-Name}"
  	case_sensitive = yes
  	check_with_nas = yes
  	permissions = 384
  	caller_id = yes
  }
  # Loaded module rlm_expr
  # Loading module "expr" from file /home/z/my-project/StaySuite-HospitalityOS/freeradius-install/etc/raddb/mods-enabled/expr
  expr {
  	safe_characters = "@abcdefghijklmnopqrstuvwxyzABCDEFGHIJKLMNOPQRSTUVWXYZ0123456789.-_: /äéöüàâæçèéêëîïôœùûüaÿÄÉÖÜßÀÂÆÇÈÉÊËÎÏÔŒÙÛÜŸ"
  }
  # Loaded module rlm_dynamic_clients
  # Loading module "dynamic_clients" from file /home/z/my-project/StaySuite-HospitalityOS/freeradius-install/etc/raddb/mods-enabled/dynamic_clients
  # Loaded module rlm_logintime
  # Loading module "logintime" from file /home/z/my-project/StaySuite-HospitalityOS/freeradius-install/etc/raddb/mods-enabled/logintime
  logintime {
  	minimum_timeout = 60
  }
  # Loaded module rlm_unpack
  # Loading module "unpack" from file /home/z/my-project/StaySuite-HospitalityOS/freeradius-install/etc/raddb/mods-enabled/unpack
  # Loaded module rlm_detail
  # Loading module "detail" from file /home/z/my-project/StaySuite-HospitalityOS/freeradius-install/etc/raddb/mods-enabled/detail
  detail {
  	filename = "/home/z/my-project/StaySuite-HospitalityOS/freeradius-install/var/log/radius/radacct/%{%{Packet-Src-IP-Address}:-%{Packet-Src-IPv6-Address}}/detail-%Y%m%d"
  	header = "%t"
  	permissions = 384
  	locking = no
  	dates_as_integer = no
  	escape_filenames = no
  	log_packet_header = no
  }
  # Loading module "ntlm_auth" from file /home/z/my-project/StaySuite-HospitalityOS/freeradius-install/etc/raddb/mods-enabled/ntlm_auth
  exec ntlm_auth {
  	wait = yes
  	program = "/path/to/ntlm_auth --request-nt-key --domain=MYDOMAIN --username=%{mschap:User-Name} --password=%{User-Password}"
  	shell_escape = yes
  }
  # Loaded module rlm_sql
  # Loading module "sql" from file /home/z/my-project/StaySuite-HospitalityOS/freeradius-install/etc/raddb/mods-enabled/sql
  sql {
  	driver = "rlm_sql_postgresql"
  	server = ""
  	port = 0
  	login = ""
  	password = <<< secret >>>
  	radius_db = "dbname=staysuite host=localhost port=5432 user=z"
  	read_groups = yes
  	read_profiles = yes
  	read_clients = yes
  	delete_stale_sessions = yes
  	sql_user_name = "%{User-Name}"
  	default_user_profile = ""
  	client_query = "SELECT id, nasname, shortname, type, secret, server FROM nas"
  	authorize_check_query = "SELECT id, username, attribute, value, op FROM radcheck WHERE username = '%{SQL-User-Name}' ORDER BY id"
  	authorize_reply_query = "SELECT id, username, attribute, value, op FROM radreply WHERE username = '%{SQL-User-Name}' ORDER BY id"
  	authorize_group_check_query = "SELECT id, groupname, attribute, value, op FROM radgroupcheck WHERE groupname = '%{SQL-Group}' ORDER BY id"
  	authorize_group_reply_query = "SELECT id, groupname, attribute, value, op FROM radgroupreply WHERE groupname = '%{SQL-Group}' ORDER BY id"
  	group_membership_query = "SELECT groupname FROM radusergroup WHERE username='%{SQL-User-Name}' ORDER BY priority"
  	simul_count_query = "SELECT COUNT(radacctid) FROM radacct WHERE username='%{SQL-User-Name}' AND acctstoptime IS NULL"
  	simul_verify_query = "SELECT radacctid, acctsessionid, username, nasipaddress, nasportid, framedipaddress, callingstationid, framedprotocol FROM radacct WHERE username='%{SQL-User-Name}' AND acctstoptime IS NULL"
  	safe_characters = "@abcdefghijklmnopqrstuvwxyzABCDEFGHIJKLMNOPQRSTUVWXYZ0123456789.-_: /"
  	auto_escape = yes
   accounting {
   	reference = "%{tolower:type.%{%{Acct-Status-Type}:-%{Request-Processing-Stage}}.query}"
    type {
     accounting-on {
     	query = "UPDATE radacct SET acctstoptime = TO_TIMESTAMP(%{%{integer:Event-Timestamp}:-%l}), acctupdatetime = TO_TIMESTAMP(%{%{integer:Event-Timestamp}:-%l}), acctsessiontime = (%{%{integer:Event-Timestamp}:-%l} - EXTRACT(EPOCH FROM(acctstarttime))), acctterminatecause = '%{%{Acct-Terminate-Cause}:-NAS-Reboot}' WHERE acctstoptime IS NULL AND nasipaddress = '%{%{NAS-IPv6-Address}:-%{NAS-IP-Address}}' AND acctstarttime <= TO_TIMESTAMP(%{%{integer:Event-Timestamp}:-%l})"
     }
     accounting-off {
     	query = "UPDATE radacct SET acctstoptime = TO_TIMESTAMP(%{%{integer:Event-Timestamp}:-%l}), acctupdatetime = TO_TIMESTAMP(%{%{integer:Event-Timestamp}:-%l}), acctsessiontime = (%{%{integer:Event-Timestamp}:-%l} - EXTRACT(EPOCH FROM(acctstarttime))), acctterminatecause = '%{%{Acct-Terminate-Cause}:-NAS-Reboot}' WHERE acctstoptime IS NULL AND nasipaddress = '%{%{NAS-IPv6-Address}:-%{NAS-IP-Address}}' AND acctstarttime <= TO_TIMESTAMP(%{%{integer:Event-Timestamp}:-%l})"
     }
     start {
     	query = "INSERT INTO radacct (acctsessionid, acctuniqueid, username, realm, nasipaddress, nasportid, nasporttype, acctstarttime, acctupdatetime, acctstoptime, acctsessiontime, acctauthentic, connectinfo_start, connectinfo_stop, acctinputoctets, acctoutputoctets, calledstationid, callingstationid, acctterminatecause, servicetype, framedprotocol, framedipaddress, framedipv6address, framedipv6prefix, framedinterfaceid, delegatedipv6prefix , class) VALUES('%{Acct-Session-Id}', '%{Acct-Unique-Session-Id}', '%{SQL-User-Name}', NULLIF('%{Realm}', ''), '%{%{NAS-IPv6-Address}:-%{NAS-IP-Address}}', NULLIF('%{%{NAS-Port-ID}:-%{NAS-Port}}', ''), '%{NAS-Port-Type}', TO_TIMESTAMP(%{%{integer:Event-Timestamp}:-%l}), TO_TIMESTAMP(%{%{integer:Event-Timestamp}:-%l}), NULL, 0, '%{Acct-Authentic}', '%{Connect-Info}', NULL, 0, 0, '%{Called-Station-Id}', '%{Calling-Station-Id}', NULL, '%{Service-Type}', '%{Framed-Protocol}', NULLIF('%{Framed-IP-Address}', '')::inet, NULLIF('%{Framed-IPv6-Address}', '')::inet, NULLIF('%{Framed-IPv6-Prefix}', '')::inet, NULLIF('%{Framed-Interface-Id}', ''), NULLIF('%{Delegated-IPv6-Prefix}', '')::inet , '%{Class}' ) ON CONFLICT (acctuniqueid) DO UPDATE SET acctstarttime = TO_TIMESTAMP(%{%{integer:Event-Timestamp}:-%l}), acctupdatetime = TO_TIMESTAMP(%{%{integer:Event-Timestamp}:-%l}), connectinfo_start = '%{Connect-Info}' WHERE radacct.acctuniqueid = '%{Acct-Unique-Session-Id}' AND radacct.acctstoptime IS NULL"
     }
     interim-update {
     	query = "UPDATE radacct SET framedipaddress = NULLIF('%{Framed-IP-Address}', '')::inet, framedipv6address = NULLIF('%{Framed-IPv6-Address}', '')::inet, framedipv6prefix = NULLIF('%{Framed-IPv6-Prefix}', '')::inet, framedinterfaceid = NULLIF('%{Framed-Interface-Id}', ''), delegatedipv6prefix = NULLIF('%{Delegated-IPv6-Prefix}', '')::inet, acctsessiontime = %{%{Acct-Session-Time}:-NULL}, acctinterval = (%{%{integer:Event-Timestamp}:-%l} - EXTRACT(EPOCH FROM (COALESCE(acctupdatetime, acctstarttime)))), acctupdatetime = TO_TIMESTAMP(%{%{integer:Event-Timestamp}:-%l}), acctinputoctets = (('%{%{Acct-Input-Gigawords}:-0}'::bigint << 32) + '%{%{Acct-Input-Octets}:-0}'::bigint), acctoutputoctets = (('%{%{Acct-Output-Gigawords}:-0}'::bigint << 32) + '%{%{Acct-Output-Octets}:-0}'::bigint) WHERE acctuniqueid = '%{Acct-Unique-Session-Id}' AND acctstoptime IS NULL"
     }
     stop {
     	query = "UPDATE radacct SET acctstoptime = TO_TIMESTAMP(%{%{integer:Event-Timestamp}:-%l}), acctupdatetime = TO_TIMESTAMP(%{%{integer:Event-Timestamp}:-%l}), acctsessiontime = COALESCE(%{%{Acct-Session-Time}:-NULL}, (%{%{integer:Event-Timestamp}:-%l} - EXTRACT(EPOCH FROM(acctstarttime)))), acctinputoctets = (('%{%{Acct-Input-Gigawords}:-0}'::bigint << 32) + '%{%{Acct-Input-Octets}:-0}'::bigint), acctoutputoctets = (('%{%{Acct-Output-Gigawords}:-0}'::bigint << 32) + '%{%{Acct-Output-Octets}:-0}'::bigint), acctterminatecause = '%{Acct-Terminate-Cause}', framedipaddress = NULLIF('%{Framed-IP-Address}', '')::inet, framedipv6address = NULLIF('%{Framed-IPv6-Address}', '')::inet, framedipv6prefix = NULLIF('%{Framed-IPv6-Prefix}', '')::inet, framedinterfaceid = NULLIF('%{Framed-Interface-Id}', ''), delegatedipv6prefix = NULLIF('%{Delegated-IPv6-Prefix}', '')::inet, connectinfo_stop = '%{Connect-Info}' WHERE acctuniqueid = '%{Acct-Unique-Session-Id}' AND acctstoptime IS NULL"
     }
    }
   }
   post-auth {
   	reference = ".query"
   	query = "INSERT INTO radpostauth (username, pass, reply, authdate, calledstationid, callingstationid, "propertyId", "nasIpAddress" , class) VALUES('%{User-Name}', '%{%{User-Password}:-%{Chap-Password}}', '%{reply:Packet-Type}', '%S.%M', '%{Called-Station-Id}', '%{Calling-Station-Id}', NULL, '%{%{NAS-IPv6-Address}:-%{NAS-IP-Address}}' , '%{reply:Class}')"
   }
  }
rlm_sql (sql): Driver rlm_sql_postgresql (module rlm_sql_postgresql) loaded and linked
Creating attribute SQL-Group
  # Loaded module rlm_totp
  # Loading module "totp" from file /home/z/my-project/StaySuite-HospitalityOS/freeradius-install/etc/raddb/mods-enabled/totp
  totp {
  	time_step = 30
  	otp_length = 6
  	lookback_steps = 1
  	lookback_interval = 30
  	lookforward_steps = 0
  }
  # Loaded module rlm_utf8
  # Loading module "utf8" from file /home/z/my-project/StaySuite-HospitalityOS/freeradius-install/etc/raddb/mods-enabled/utf8
  # Loading module "auth_log" from file /home/z/my-project/StaySuite-HospitalityOS/freeradius-install/etc/raddb/mods-enabled/detail.log
  detail auth_log {
  	filename = "/home/z/my-project/StaySuite-HospitalityOS/freeradius-install/var/log/radius/radacct/%{%{Packet-Src-IP-Address}:-%{Packet-Src-IPv6-Address}}/auth-detail-%Y%m%d"
  	header = "%t"
  	permissions = 384
  	locking = no
  	dates_as_integer = no
  	escape_filenames = no
  	log_packet_header = no
  }
  # Loading module "reply_log" from file /home/z/my-project/StaySuite-HospitalityOS/freeradius-install/etc/raddb/mods-enabled/detail.log
  detail reply_log {
  	filename = "/home/z/my-project/StaySuite-HospitalityOS/freeradius-install/var/log/radius/radacct/%{%{Packet-Src-IP-Address}:-%{Packet-Src-IPv6-Address}}/reply-detail-%Y%m%d"
  	header = "%t"
  	permissions = 384
  	locking = no
  	dates_as_integer = no
  	escape_filenames = no
  	log_packet_header = no
  }
  # Loading module "pre_proxy_log" from file /home/z/my-project/StaySuite-HospitalityOS/freeradius-install/etc/raddb/mods-enabled/detail.log
  detail pre_proxy_log {
  	filename = "/home/z/my-project/StaySuite-HospitalityOS/freeradius-install/var/log/radius/radacct/%{%{Packet-Src-IP-Address}:-%{Packet-Src-IPv6-Address}}/pre-proxy-detail-%Y%m%d"
  	header = "%t"
  	permissions = 384
  	locking = no
  	dates_as_integer = no
  	escape_filenames = no
  	log_packet_header = no
  }
  # Loading module "post_proxy_log" from file /home/z/my-project/StaySuite-HospitalityOS/freeradius-install/etc/raddb/mods-enabled/detail.log
  detail post_proxy_log {
  	filename = "/home/z/my-project/StaySuite-HospitalityOS/freeradius-install/var/log/radius/radacct/%{%{Packet-Src-IP-Address}:-%{Packet-Src-IPv6-Address}}/post-proxy-detail-%Y%m%d"
  	header = "%t"
  	permissions = 384
  	locking = no
  	dates_as_integer = no
  	escape_filenames = no
  	log_packet_header = no
  }
  # Loaded module rlm_attr_filter
  # Loading module "attr_filter.post-proxy" from file /home/z/my-project/StaySuite-HospitalityOS/freeradius-install/etc/raddb/mods-enabled/attr_filter
  attr_filter attr_filter.post-proxy {
  	filename = "/home/z/my-project/StaySuite-HospitalityOS/freeradius-install/etc/raddb/mods-config/attr_filter/post-proxy"
  	key = "%{Realm}"
  	relaxed = no
  }
  # Loading module "attr_filter.pre-proxy" from file /home/z/my-project/StaySuite-HospitalityOS/freeradius-install/etc/raddb/mods-enabled/attr_filter
  attr_filter attr_filter.pre-proxy {
  	filename = "/home/z/my-project/StaySuite-HospitalityOS/freeradius-install/etc/raddb/mods-config/attr_filter/pre-proxy"
  	key = "%{Realm}"
  	relaxed = no
  }
  # Loading module "attr_filter.access_reject" from file /home/z/my-project/StaySuite-HospitalityOS/freeradius-install/etc/raddb/mods-enabled/attr_filter
  attr_filter attr_filter.access_reject {
  	filename = "/home/z/my-project/StaySuite-HospitalityOS/freeradius-install/etc/raddb/mods-config/attr_filter/access_reject"
  	key = "%{User-Name}"
  	relaxed = no
  }
  # Loading module "attr_filter.access_challenge" from file /home/z/my-project/StaySuite-HospitalityOS/freeradius-install/etc/raddb/mods-enabled/attr_filter
  attr_filter attr_filter.access_challenge {
  	filename = "/home/z/my-project/StaySuite-HospitalityOS/freeradius-install/etc/raddb/mods-config/attr_filter/access_challenge"
  	key = "%{User-Name}"
  	relaxed = no
  }
  # Loading module "attr_filter.accounting_response" from file /home/z/my-project/StaySuite-HospitalityOS/freeradius-install/etc/raddb/mods-enabled/attr_filter
  attr_filter attr_filter.accounting_response {
  	filename = "/home/z/my-project/StaySuite-HospitalityOS/freeradius-install/etc/raddb/mods-config/attr_filter/accounting_response"
  	key = "%{User-Name}"
  	relaxed = no
  }
  # Loading module "attr_filter.coa" from file /home/z/my-project/StaySuite-HospitalityOS/freeradius-install/etc/raddb/mods-enabled/attr_filter
  attr_filter attr_filter.coa {
  	filename = "/home/z/my-project/StaySuite-HospitalityOS/freeradius-install/etc/raddb/mods-config/attr_filter/coa"
  	key = "%{User-Name}"
  	relaxed = no
  }
  # Loaded module rlm_always
  # Loading module "reject" from file /home/z/my-project/StaySuite-HospitalityOS/freeradius-install/etc/raddb/mods-enabled/always
  always reject {
  	rcode = "reject"
  	simulcount = 0
  	mpp = no
  }
  # Loading module "fail" from file /home/z/my-project/StaySuite-HospitalityOS/freeradius-install/etc/raddb/mods-enabled/always
  always fail {
  	rcode = "fail"
  	simulcount = 0
  	mpp = no
  }
  # Loading module "ok" from file /home/z/my-project/StaySuite-HospitalityOS/freeradius-install/etc/raddb/mods-enabled/always
  always ok {
  	rcode = "ok"
  	simulcount = 0
  	mpp = no
  }
  # Loading module "handled" from file /home/z/my-project/StaySuite-HospitalityOS/freeradius-install/etc/raddb/mods-enabled/always
  always handled {
  	rcode = "handled"
  	simulcount = 0
  	mpp = no
  }
  # Loading module "invalid" from file /home/z/my-project/StaySuite-HospitalityOS/freeradius-install/etc/raddb/mods-enabled/always
  always invalid {
  	rcode = "invalid"
  	simulcount = 0
  	mpp = no
  }
  # Loading module "userlock" from file /home/z/my-project/StaySuite-HospitalityOS/freeradius-install/etc/raddb/mods-enabled/always
  always userlock {
  	rcode = "userlock"
  	simulcount = 0
  	mpp = no
  }
  # Loading module "notfound" from file /home/z/my-project/StaySuite-HospitalityOS/freeradius-install/etc/raddb/mods-enabled/always
  always notfound {
  	rcode = "notfound"
  	simulcount = 0
  	mpp = no
  }
  # Loading module "noop" from file /home/z/my-project/StaySuite-HospitalityOS/freeradius-install/etc/raddb/mods-enabled/always
  always noop {
  	rcode = "noop"
  	simulcount = 0
  	mpp = no
  }
  # Loading module "updated" from file /home/z/my-project/StaySuite-HospitalityOS/freeradius-install/etc/raddb/mods-enabled/always
  always updated {
  	rcode = "updated"
  	simulcount = 0
  	mpp = no
  }
  # Loading module "sradutmp" from file /home/z/my-project/StaySuite-HospitalityOS/freeradius-install/etc/raddb/mods-enabled/sradutmp
  radutmp sradutmp {
  	filename = "/home/z/my-project/StaySuite-HospitalityOS/freeradius-install/var/log/radius/sradutmp"
  	username = "%{User-Name}"
  	case_sensitive = yes
  	check_with_nas = yes
  	permissions = 420
  	caller_id = no
  }
  # Loaded module rlm_linelog
  # Loading module "linelog" from file /home/z/my-project/StaySuite-HospitalityOS/freeradius-install/etc/raddb/mods-enabled/linelog
  linelog {
  	filename = "/home/z/my-project/StaySuite-HospitalityOS/freeradius-install/var/log/radius/linelog"
  	escape_filenames = no
  	syslog_severity = "info"
  	permissions = 384
  	format = "This is a log message for %{User-Name}"
  	reference = "messages.%{%{reply:Packet-Type}:-default}"
  }
  # Loading module "log_accounting" from file /home/z/my-project/StaySuite-HospitalityOS/freeradius-install/etc/raddb/mods-enabled/linelog
  linelog log_accounting {
  	filename = "/home/z/my-project/StaySuite-HospitalityOS/freeradius-install/var/log/radius/linelog-accounting"
  	escape_filenames = no
  	syslog_severity = "info"
  	permissions = 384
  	format = ""
  	reference = "Accounting-Request.%{%{Acct-Status-Type}:-unknown}"
  }
  # Loaded module rlm_pap
  # Loading module "pap" from file /home/z/my-project/StaySuite-HospitalityOS/freeradius-install/etc/raddb/mods-enabled/pap
  pap {
  	normalise = yes
  }
  instantiate {
  }
  # Instantiating module "preprocess" from file /home/z/my-project/StaySuite-HospitalityOS/freeradius-install/etc/raddb/mods-enabled/preprocess
reading pairlist file /home/z/my-project/StaySuite-HospitalityOS/freeradius-install/etc/raddb/mods-config/preprocess/huntgroups
reading pairlist file /home/z/my-project/StaySuite-HospitalityOS/freeradius-install/etc/raddb/mods-config/preprocess/hints
  # Instantiating module "expiration" from file /home/z/my-project/StaySuite-HospitalityOS/freeradius-install/etc/raddb/mods-enabled/expiration
  # Instantiating module "IPASS" from file /home/z/my-project/StaySuite-HospitalityOS/freeradius-install/etc/raddb/mods-enabled/realm
  # Instantiating module "suffix" from file /home/z/my-project/StaySuite-HospitalityOS/freeradius-install/etc/raddb/mods-enabled/realm
  # Instantiating module "bangpath" from file /home/z/my-project/StaySuite-HospitalityOS/freeradius-install/etc/raddb/mods-enabled/realm
  # Instantiating module "realmpercent" from file /home/z/my-project/StaySuite-HospitalityOS/freeradius-install/etc/raddb/mods-enabled/realm
  # Instantiating module "ntdomain" from file /home/z/my-project/StaySuite-HospitalityOS/freeradius-install/etc/raddb/mods-enabled/realm
  # Instantiating module "proxy_rate_limit" from file /home/z/my-project/StaySuite-HospitalityOS/freeradius-install/etc/raddb/mods-enabled/proxy_rate_limit
  # Instantiating module "mschap" from file /home/z/my-project/StaySuite-HospitalityOS/freeradius-install/etc/raddb/mods-enabled/mschap
rlm_mschap (mschap): using internal authentication
  # Instantiating module "etc_passwd" from file /home/z/my-project/StaySuite-HospitalityOS/freeradius-install/etc/raddb/mods-enabled/passwd
rlm_passwd: nfields: 3 keyfield 0(User-Name) listable: no
  # Instantiating module "files" from file /home/z/my-project/StaySuite-HospitalityOS/freeradius-install/etc/raddb/mods-enabled/files
reading pairlist file /home/z/my-project/StaySuite-HospitalityOS/freeradius-install/etc/raddb/mods-config/files/authorize
reading pairlist file /home/z/my-project/StaySuite-HospitalityOS/freeradius-install/etc/raddb/mods-config/files/accounting
reading pairlist file /home/z/my-project/StaySuite-HospitalityOS/freeradius-install/etc/raddb/mods-config/files/pre-proxy
  # Instantiating module "logintime" from file /home/z/my-project/StaySuite-HospitalityOS/freeradius-install/etc/raddb/mods-enabled/logintime
  # Instantiating module "detail" from file /home/z/my-project/StaySuite-HospitalityOS/freeradius-install/etc/raddb/mods-enabled/detail
  # Instantiating module "sql" from file /home/z/my-project/StaySuite-HospitalityOS/freeradius-install/etc/raddb/mods-enabled/sql
   postgresql {
   	send_application_name = yes
   }
rlm_sql (sql): Attempting to connect to database "dbname=staysuite host=localhost port=5432 user=z"
rlm_sql (sql): Initialising connection pool
   pool {
   	start = 5
   	min = 3
   	max = 32
   	spare = 10
   	uses = 0
   	lifetime = 0
   	cleanup_interval = 30
   	idle_timeout = 60
   	retry_delay = 30
   	max_retries = 5
   	spread = no
   }
rlm_sql (sql): Processing generate_sql_clients
rlm_sql (sql) in generate_sql_clients: query is SELECT id, nasname, shortname, type, secret, server FROM nas
rlm_sql (sql): 0 of 0 connections in use.  You  may need to increase "spare"
rlm_sql (sql): Opening additional connection (0), 1 of 1 pending slots used
rlm_sql_postgresql: Connecting using parameters: dbname=staysuite host=localhost port=5432 user=z application_name='FreeRADIUS 3.2.7 - radiusd (sql)'
Connected to database 'staysuite' on 'localhost' server version 170004, protocol version 3, backend PID 4073 
rlm_sql (sql): Reserved connection (0)
rlm_sql (sql): Executing select query: SELECT id, nasname, shortname, type, secret, server FROM nas
rlm_sql_postgresql: Status: PGRES_TUPLES_OK
rlm_sql_postgresql: query affected rows = 0 , fields = 6
rlm_sql (sql): Released connection (0)
  # Instantiating module "totp" from file /home/z/my-project/StaySuite-HospitalityOS/freeradius-install/etc/raddb/mods-enabled/totp
  # Instantiating module "auth_log" from file /home/z/my-project/StaySuite-HospitalityOS/freeradius-install/etc/raddb/mods-enabled/detail.log
rlm_detail (auth_log): 'User-Password' suppressed, will not appear in detail output
  # Instantiating module "reply_log" from file /home/z/my-project/StaySuite-HospitalityOS/freeradius-install/etc/raddb/mods-enabled/detail.log
  # Instantiating module "pre_proxy_log" from file /home/z/my-project/StaySuite-HospitalityOS/freeradius-install/etc/raddb/mods-enabled/detail.log
  # Instantiating module "post_proxy_log" from file /home/z/my-project/StaySuite-HospitalityOS/freeradius-install/etc/raddb/mods-enabled/detail.log
  # Instantiating module "attr_filter.post-proxy" from file /home/z/my-project/StaySuite-HospitalityOS/freeradius-install/etc/raddb/mods-enabled/attr_filter
reading pairlist file /home/z/my-project/StaySuite-HospitalityOS/freeradius-install/etc/raddb/mods-config/attr_filter/post-proxy
  # Instantiating module "attr_filter.pre-proxy" from file /home/z/my-project/StaySuite-HospitalityOS/freeradius-install/etc/raddb/mods-enabled/attr_filter
reading pairlist file /home/z/my-project/StaySuite-HospitalityOS/freeradius-install/etc/raddb/mods-config/attr_filter/pre-proxy
  # Instantiating module "attr_filter.access_reject" from file /home/z/my-project/StaySuite-HospitalityOS/freeradius-install/etc/raddb/mods-enabled/attr_filter
reading pairlist file /home/z/my-project/StaySuite-HospitalityOS/freeradius-install/etc/raddb/mods-config/attr_filter/access_reject
  # Instantiating module "attr_filter.access_challenge" from file /home/z/my-project/StaySuite-HospitalityOS/freeradius-install/etc/raddb/mods-enabled/attr_filter
reading pairlist file /home/z/my-project/StaySuite-HospitalityOS/freeradius-install/etc/raddb/mods-config/attr_filter/access_challenge
  # Instantiating module "attr_filter.accounting_response" from file /home/z/my-project/StaySuite-HospitalityOS/freeradius-install/etc/raddb/mods-enabled/attr_filter
reading pairlist file /home/z/my-project/StaySuite-HospitalityOS/freeradius-install/etc/raddb/mods-config/attr_filter/accounting_response
  # Instantiating module "attr_filter.coa" from file /home/z/my-project/StaySuite-HospitalityOS/freeradius-install/etc/raddb/mods-enabled/attr_filter
reading pairlist file /home/z/my-project/StaySuite-HospitalityOS/freeradius-install/etc/raddb/mods-config/attr_filter/coa
  # Instantiating module "reject" from file /home/z/my-project/StaySuite-HospitalityOS/freeradius-install/etc/raddb/mods-enabled/always
  # Instantiating module "fail" from file /home/z/my-project/StaySuite-HospitalityOS/freeradius-install/etc/raddb/mods-enabled/always
  # Instantiating module "ok" from file /home/z/my-project/StaySuite-HospitalityOS/freeradius-install/etc/raddb/mods-enabled/always
  # Instantiating module "handled" from file /home/z/my-project/StaySuite-HospitalityOS/freeradius-install/etc/raddb/mods-enabled/always
  # Instantiating module "invalid" from file /home/z/my-project/StaySuite-HospitalityOS/freeradius-install/etc/raddb/mods-enabled/always
  # Instantiating module "userlock" from file /home/z/my-project/StaySuite-HospitalityOS/freeradius-install/etc/raddb/mods-enabled/always
  # Instantiating module "notfound" from file /home/z/my-project/StaySuite-HospitalityOS/freeradius-install/etc/raddb/mods-enabled/always
  # Instantiating module "noop" from file /home/z/my-project/StaySuite-HospitalityOS/freeradius-install/etc/raddb/mods-enabled/always
  # Instantiating module "updated" from file /home/z/my-project/StaySuite-HospitalityOS/freeradius-install/etc/raddb/mods-enabled/always
  # Instantiating module "linelog" from file /home/z/my-project/StaySuite-HospitalityOS/freeradius-install/etc/raddb/mods-enabled/linelog
  # Instantiating module "log_accounting" from file /home/z/my-project/StaySuite-HospitalityOS/freeradius-install/etc/raddb/mods-enabled/linelog
  # Instantiating module "pap" from file /home/z/my-project/StaySuite-HospitalityOS/freeradius-install/etc/raddb/mods-enabled/pap
 } # modules
radiusd: #### Loading Virtual Servers ####
server { # from file /home/z/my-project/StaySuite-HospitalityOS/freeradius-install/etc/raddb/radiusd.conf
} # server
server default { # from file /home/z/my-project/StaySuite-HospitalityOS/freeradius-install/etc/raddb/sites-enabled/default
 # Loading authenticate {...}
Compiling Auth-Type PAP for attr Auth-Type
Compiling Auth-Type CHAP for attr Auth-Type
Compiling Auth-Type MS-CHAP for attr Auth-Type
 # Loading authorize {...}
Ignoring "ldap" (see raddb/mods-available/README.rst)
Compiling Autz-Type New-TLS-Connection for attr Autz-Type
 # Loading preacct {...}
 # Loading accounting {...}
 # Loading session {...}
 # Loading post-auth {...}
Compiling Post-Auth-Type REJECT for attr Post-Auth-Type
Compiling Post-Auth-Type Challenge for attr Post-Auth-Type
Compiling Post-Auth-Type Client-Lost for attr Post-Auth-Type
} # server default
server inner-tunnel { # from file /home/z/my-project/StaySuite-HospitalityOS/freeradius-install/etc/raddb/sites-enabled/inner-tunnel
 # Loading authenticate {...}
Compiling Auth-Type PAP for attr Auth-Type
Compiling Auth-Type CHAP for attr Auth-Type
Compiling Auth-Type MS-CHAP for attr Auth-Type
 # Loading authorize {...}
 # Loading session {...}
 # Loading post-auth {...}
 # Skipping contents of 'if' as it is always 'false' -- /home/z/my-project/StaySuite-HospitalityOS/freeradius-install/etc/raddb/sites-enabled/inner-tunnel:377
Compiling Post-Auth-Type REJECT for attr Post-Auth-Type
} # server inner-tunnel
radiusd: #### Skipping IP addresses and Ports ####
listen {
  	type = "auth"
  	ipaddr = *
  	port = 0
   limit {
   	max_connections = 16
   	lifetime = 0
   	idle_timeout = 900
   }
}
listen {
  	type = "acct"
  	ipaddr = *
  	port = 0
   limit {
   	max_connections = 16
   	lifetime = 0
   	idle_timeout = 30
   }
}
listen {
  	type = "auth"
  	ipv6addr = ::
  	port = 0
   limit {
   	max_connections = 16
   	lifetime = 0
   	idle_timeout = 30
   }
}
listen {
  	type = "acct"
  	ipv6addr = ::
  	port = 0
   limit {
   	max_connections = 16
   	lifetime = 0
   	idle_timeout = 30
   }
}
listen {
  	type = "auth"
  	ipaddr = 127.0.0.1
  	port = 18120
}
Configuration appears to be OK
Tue Apr 28 06:20:23 2026 : Info: Starting - reading configuration files ...
Tue Apr 28 06:20:23 2026 : Warning: Shared secret for client localhost is short, and likely can be broken by an attacker.
Tue Apr 28 06:20:23 2026 : Warning: Shared secret for client localhost_ipv6 is short, and likely can be broken by an attacker.
Tue Apr 28 06:20:23 2026 : Info: Debugger not attached
Tue Apr 28 06:20:23 2026 : Info: rlm_sql (sql): Driver rlm_sql_postgresql (module rlm_sql_postgresql) loaded and linked
Tue Apr 28 06:20:23 2026 : Info: rlm_sql (sql): Attempting to connect to database "dbname=staysuite host=localhost port=5432 user=z"
Tue Apr 28 06:20:23 2026 : Info: Loaded virtual server <default>
Tue Apr 28 06:20:23 2026 : Warning: Ignoring "ldap" (see raddb/mods-available/README.rst)
Tue Apr 28 06:20:23 2026 : Info: Loaded virtual server default
Tue Apr 28 06:20:23 2026 : Info:  # Skipping contents of 'if' as it is always 'false' -- /home/z/my-project/StaySuite-HospitalityOS/freeradius-install/etc/raddb/sites-enabled/inner-tunnel:377
Tue Apr 28 06:20:23 2026 : Info: Loaded virtual server inner-tunnel
Tue Apr 28 06:20:23 2026 : Info: Ready to process requests
