This file contains any messages produced by compilers while
running configure, to aid debugging if configure makes a mistake.

It was created by GNU Libtool configure 2.4.7, which was
generated by GNU Autoconf 2.69.  Invocation command line was

  $ ./configure --prefix=/home/z/ulogd-build/install

## --------- ##
## Platform. ##
## --------- ##

hostname = c-69fb3838-1445a456-a9c8ad8c7a0c
uname -m = x86_64
uname -r = 5.10.134-013.8.1.kangaroo.al8.x86_64
uname -s = Linux
uname -v = #1 SMP Fri Feb 27 09:19:17 UTC 2026

/usr/bin/uname -p = unknown
/bin/uname -X     = unknown

/bin/arch              = x86_64
/usr/bin/arch -k       = unknown
/usr/convex/getsysinfo = unknown
/usr/bin/hostinfo      = unknown
/bin/machine           = unknown
/usr/bin/oslevel       = unknown
/bin/universe          = unknown

PATH: /home/z/ulogd-build/install/bin
PATH: /home/z/.venv/bin
PATH: /app/.venv/bin
PATH: /home/z/.npm-global/bin
PATH: /home/z/.bun/bin
PATH: /usr/local/sbin
PATH: /usr/local/bin
PATH: /usr/sbin
PATH: /usr/bin
PATH: /sbin
PATH: /bin
PATH: /usr/local/bun-node-fallback-bin


## ----------- ##
## Core tests. ##
## ----------- ##

configure:2714: checking for GNU M4 that supports accurate traces
configure:2763: result: /usr/bin/m4
configure:2766: checking whether /usr/bin/m4 accepts --gnu
configure:2776: result: yes
configure:2793: checking how m4 supports trace files
configure:2803: result: --debugfile
configure:2830: checking for a BSD-compatible install
configure:2898: result: /usr/bin/install -c
configure:2909: checking whether build environment is sane
configure:2964: result: yes
configure:3110: checking for a thread-safe mkdir -p
configure:3149: result: /usr/bin/mkdir -p
configure:3156: checking for gawk
configure:3186: result: no
configure:3156: checking for mawk
configure:3172: found /usr/bin/mawk
configure:3183: result: mawk
configure:3194: checking whether make sets $(MAKE)
configure:3216: result: yes
configure:3245: checking whether make supports nested variables
configure:3262: result: yes
configure:3399: checking whether make supports nested variables
configure:3416: result: yes
configure:3441: checking build system type
configure:3455: result: x86_64-pc-linux-gnu
configure:3475: checking host system type
configure:3488: result: x86_64-pc-linux-gnu
configure:3515: autobuild project... GNU Libtool
configure:3521: autobuild revision... 2.4.7
configure:3526: autobuild hostname... c-69fb3838-1445a456-a9c8ad8c7a0c
configure:3530: autobuild mode... default
configure:3538: autobuild timestamp... 20260506T143208Z
configure:3628: checking for gcc
configure:3644: found /usr/bin/gcc
configure:3655: result: gcc
configure:3884: checking for C compiler version
configure:3893: gcc --version >&5
gcc (Debian 14.2.0-19) 14.2.0
Copyright (C) 2024 Free Software Foundation, Inc.
This is free software; see the source for copying conditions.  There is NO
warranty; not even for MERCHANTABILITY or FITNESS FOR A PARTICULAR PURPOSE.

configure:3904: $? = 0
configure:3893: gcc -v >&5
Using built-in specs.
COLLECT_GCC=gcc
COLLECT_LTO_WRAPPER=/usr/libexec/gcc/x86_64-linux-gnu/14/lto-wrapper
OFFLOAD_TARGET_NAMES=nvptx-none:amdgcn-amdhsa
OFFLOAD_TARGET_DEFAULT=1
Target: x86_64-linux-gnu
Configured with: ../src/configure -v --with-pkgversion='Debian 14.2.0-19' --with-bugurl=file:///usr/share/doc/gcc-14/README.Bugs --enable-languages=c,ada,c++,go,d,fortran,objc,obj-c++,m2,rust --prefix=/usr --with-gcc-major-version-only --program-suffix=-14 --program-prefix=x86_64-linux-gnu- --enable-shared --enable-linker-build-id --libexecdir=/usr/libexec --without-included-gettext --enable-threads=posix --libdir=/usr/lib --enable-nls --enable-bootstrap --enable-clocale=gnu --enable-libstdcxx-debug --enable-libstdcxx-time=yes --with-default-libstdcxx-abi=new --enable-libstdcxx-backtrace --enable-gnu-unique-object --disable-vtable-verify --enable-plugin --enable-default-pie --with-system-zlib --enable-libphobos-checking=release --with-target-system-zlib=auto --enable-objc-gc=auto --enable-multiarch --disable-werror --enable-cet --with-arch-32=i686 --with-abi=m64 --with-multilib-list=m32,m64,mx32 --enable-multilib --with-tune=generic --enable-offload-targets=nvptx-none=/build/reproducible-path/gcc-14-14.2.0/debian/tmp-nvptx/usr,amdgcn-amdhsa=/build/reproducible-path/gcc-14-14.2.0/debian/tmp-gcn/usr --enable-offload-defaulted --without-cuda-driver --enable-checking=release --build=x86_64-linux-gnu --host=x86_64-linux-gnu --target=x86_64-linux-gnu --with-build-config=bootstrap-lto-lean --enable-link-serialization=3
Thread model: posix
Supported LTO compression algorithms: zlib zstd
gcc version 14.2.0 (Debian 14.2.0-19) 
... rest of stderr output deleted ...
configure:3904: $? = 0
configure:3893: gcc -V >&5
gcc: error: unrecognized command-line option '-V'
gcc: fatal error: no input files
compilation terminated.
configure:3904: $? = 1
configure:3893: gcc -qversion >&5
gcc: error: unrecognized command-line option '-qversion'; did you mean '--version'?
gcc: fatal error: no input files
compilation terminated.
configure:3904: $? = 1
configure:3924: checking whether the C compiler works
configure:3946: gcc    conftest.c  >&5
configure:3950: $? = 0
configure:3998: result: yes
configure:4001: checking for C compiler default output file name
configure:4003: result: a.out
configure:4009: checking for suffix of executables
configure:4016: gcc -o conftest    conftest.c  >&5
configure:4020: $? = 0
configure:4042: result: 
configure:4064: checking whether we are cross compiling
configure:4072: gcc -o conftest    conftest.c  >&5
configure:4076: $? = 0
configure:4083: ./conftest
configure:4087: $? = 0
configure:4102: result: no
configure:4107: checking for suffix of object files
configure:4129: gcc -c   conftest.c >&5
configure:4133: $? = 0
configure:4154: result: o
configure:4158: checking whether we are using the GNU C compiler
configure:4177: gcc -c   conftest.c >&5
configure:4177: $? = 0
configure:4186: result: yes
configure:4195: checking whether gcc accepts -g
configure:4215: gcc -c -g  conftest.c >&5
configure:4215: $? = 0
configure:4256: result: yes
configure:4273: checking for gcc option to accept ISO C89
configure:4336: gcc  -c -g -O2  conftest.c >&5
configure:4336: $? = 0
configure:4349: result: none needed
configure:4374: checking whether gcc understands -c and -o together
configure:4396: gcc -c conftest.c -o conftest2.o
configure:4399: $? = 0
configure:4396: gcc -c conftest.c -o conftest2.o
configure:4399: $? = 0
configure:4411: result: yes
configure:4429: checking whether the compiler is clang
configure:4450: gcc -c -g -O2  conftest.c >&5
configure:4450: $? = 0
configure:4458: result: no
configure:4462: checking for compiler option needed when checking for declarations
configure:4493: result: none
configure:4505: checking whether make supports the include directive
configure:4520: make -f confmf.GNU && cat confinc.out
this is the am__doit target
configure:4523: $? = 0
configure:4542: result: yes (GNU style)
configure:4567: checking dependency style of gcc
configure:4678: result: gcc3
configure:4699: checking how to run the C preprocessor
configure:4730: gcc -E  conftest.c
configure:4730: $? = 0
configure:4744: gcc -E  conftest.c
conftest.c:11:10: fatal error: ac_nonexistent.h: No such file or directory
   11 | #include <ac_nonexistent.h>
      |          ^~~~~~~~~~~~~~~~~~
compilation terminated.
configure:4744: $? = 1
configure: failed program was:
| /* confdefs.h */
| #define PACKAGE_NAME "GNU Libtool"
| #define PACKAGE_TARNAME "libtool"
| #define PACKAGE_VERSION "2.4.7"
| #define PACKAGE_STRING "GNU Libtool 2.4.7"
| #define PACKAGE_BUGREPORT "bug-libtool@gnu.org"
| #define PACKAGE_URL "http://www.gnu.org/software/libtool/"
| #define PACKAGE "libtool"
| #define VERSION "2.4.7"
| /* end confdefs.h.  */
| #include <ac_nonexistent.h>
configure:4769: result: gcc -E
configure:4789: gcc -E  conftest.c
configure:4789: $? = 0
configure:4803: gcc -E  conftest.c
conftest.c:11:10: fatal error: ac_nonexistent.h: No such file or directory
   11 | #include <ac_nonexistent.h>
      |          ^~~~~~~~~~~~~~~~~~
compilation terminated.
configure:4803: $? = 1
configure: failed program was:
| /* confdefs.h */
| #define PACKAGE_NAME "GNU Libtool"
| #define PACKAGE_TARNAME "libtool"
| #define PACKAGE_VERSION "2.4.7"
| #define PACKAGE_STRING "GNU Libtool 2.4.7"
| #define PACKAGE_BUGREPORT "bug-libtool@gnu.org"
| #define PACKAGE_URL "http://www.gnu.org/software/libtool/"
| #define PACKAGE "libtool"
| #define VERSION "2.4.7"
| /* end confdefs.h.  */
| #include <ac_nonexistent.h>
configure:4832: checking for grep that handles long lines and -e
configure:4890: result: /usr/bin/grep
configure:4895: checking for egrep
configure:4957: result: /usr/bin/grep -E
configure:4965: checking for Minix Amsterdam compiler
configure:4989: result: no
configure:5046: checking for ar
configure:5062: found /usr/bin/ar
configure:5073: result: ar
configure:5148: checking for ranlib
configure:5164: found /usr/bin/ranlib
configure:5175: result: ranlib
configure:5238: checking how to run the C preprocessor
configure:5308: result: gcc -E
configure:5328: gcc -E  conftest.c
configure:5328: $? = 0
configure:5342: gcc -E  conftest.c
conftest.c:11:10: fatal error: ac_nonexistent.h: No such file or directory
   11 | #include <ac_nonexistent.h>
      |          ^~~~~~~~~~~~~~~~~~
compilation terminated.
configure:5342: $? = 1
configure: failed program was:
| /* confdefs.h */
| #define PACKAGE_NAME "GNU Libtool"
| #define PACKAGE_TARNAME "libtool"
| #define PACKAGE_VERSION "2.4.7"
| #define PACKAGE_STRING "GNU Libtool 2.4.7"
| #define PACKAGE_BUGREPORT "bug-libtool@gnu.org"
| #define PACKAGE_URL "http://www.gnu.org/software/libtool/"
| #define PACKAGE "libtool"
| #define VERSION "2.4.7"
| /* end confdefs.h.  */
| #include <ac_nonexistent.h>
configure:5420: checking how to print strings
configure:5447: result: printf
configure:5468: checking for a sed that does not truncate output
configure:5532: result: /usr/bin/sed
configure:5550: checking for fgrep
configure:5612: result: /usr/bin/grep -F
configure:5647: checking for ld used by gcc
configure:5714: result: /usr/bin/ld
configure:5721: checking if the linker (/usr/bin/ld) is GNU ld
configure:5736: result: yes
configure:5748: checking for BSD- or MS-compatible name lister (nm)
configure:5802: result: /usr/bin/nm -B
configure:5932: checking the name lister (/usr/bin/nm -B) interface
configure:5939: gcc -c -g -O2  conftest.c >&5
configure:5942: /usr/bin/nm -B "conftest.o"
configure:5945: output
0000000000000000 B some_variable
configure:5952: result: BSD nm
configure:5955: checking whether ln -s works
configure:5959: result: yes
configure:5967: checking the maximum length of command line arguments
configure:6098: result: 1572864
configure:6146: checking how to convert x86_64-pc-linux-gnu file names to x86_64-pc-linux-gnu format
configure:6186: result: func_convert_file_noop
configure:6193: checking how to convert x86_64-pc-linux-gnu file names to toolchain format
configure:6213: result: func_convert_file_noop
configure:6220: checking for /usr/bin/ld option to reload object files
configure:6227: result: -r
configure:6301: checking for file
configure:6317: found /usr/bin/file
configure:6328: result: file
configure:6399: checking for objdump
configure:6415: found /usr/bin/objdump
configure:6426: result: objdump
configure:6455: checking how to recognize dependent libraries
configure:6655: result: pass_all
configure:6740: checking for dlltool
configure:6770: result: no
configure:6797: checking how to associate runtime and link libraries
configure:6824: result: printf %s\n
configure:6964: checking for archiver @FILE support
configure:6981: gcc -c -g -O2  conftest.c >&5
configure:6981: $? = 0
configure:6984: ar cr libconftest.a @conftest.lst >&5
configure:6987: $? = 0
configure:6992: ar cr libconftest.a @conftest.lst >&5
ar: conftest.o: No such file or directory
configure:6995: $? = 1
configure:7007: result: @
configure:7065: checking for strip
configure:7081: found /usr/bin/strip
configure:7092: result: strip
configure:7164: checking for ranlib
configure:7191: result: ranlib
configure:7293: checking command to parse /usr/bin/nm -B output from gcc object
configure:7446: gcc -c -g -O2  conftest.c >&5
configure:7449: $? = 0
configure:7453: /usr/bin/nm -B conftest.o \| /usr/bin/sed -n -e 's/^.*[ ]\([ABCDGIRSTW][ABCDGIRSTW]*\)[ ][ ]*\([_A-Za-z][_A-Za-z0-9]*\)$/\1 \2 \2/p' | /usr/bin/sed '/ __gnu_lto/d' \> conftest.nm
configure:7456: $? = 0
configure:7522: gcc -o conftest -g -O2   conftest.c conftstm.o >&5
configure:7525: $? = 0
configure:7563: result: ok
configure:7610: checking for sysroot
configure:7640: result: no
configure:7647: checking for a working dd
configure:7685: result: /usr/bin/dd
configure:7689: checking how to truncate binary pipes
configure:7704: result: /usr/bin/dd bs=4096 count=1
configure:7840: gcc -c -g -O2  conftest.c >&5
configure:7843: $? = 0
configure:8033: checking for mt
configure:8063: result: no
configure:8083: checking if : is a manifest tool
configure:8089: : '-?'
configure:8097: result: no
configure:8764: checking for ANSI C header files
configure:8784: gcc -c -g -O2  conftest.c >&5
configure:8784: $? = 0
configure:8857: gcc -o conftest -g -O2   conftest.c  >&5
configure:8857: $? = 0
configure:8857: ./conftest
configure:8857: $? = 0
configure:8868: result: yes
configure:8881: checking for sys/types.h
configure:8881: gcc -c -g -O2  conftest.c >&5
configure:8881: $? = 0
configure:8881: result: yes
configure:8881: checking for sys/stat.h
configure:8881: gcc -c -g -O2  conftest.c >&5
configure:8881: $? = 0
configure:8881: result: yes
configure:8881: checking for stdlib.h
configure:8881: gcc -c -g -O2  conftest.c >&5
configure:8881: $? = 0
configure:8881: result: yes
configure:8881: checking for string.h
configure:8881: gcc -c -g -O2  conftest.c >&5
configure:8881: $? = 0
configure:8881: result: yes
configure:8881: checking for memory.h
configure:8881: gcc -c -g -O2  conftest.c >&5
configure:8881: $? = 0
configure:8881: result: yes
configure:8881: checking for strings.h
configure:8881: gcc -c -g -O2  conftest.c >&5
configure:8881: $? = 0
configure:8881: result: yes
configure:8881: checking for inttypes.h
configure:8881: gcc -c -g -O2  conftest.c >&5
configure:8881: $? = 0
configure:8881: result: yes
configure:8881: checking for stdint.h
configure:8881: gcc -c -g -O2  conftest.c >&5
configure:8881: $? = 0
configure:8881: result: yes
configure:8881: checking for unistd.h
configure:8881: gcc -c -g -O2  conftest.c >&5
configure:8881: $? = 0
configure:8881: result: yes
configure:8895: checking for dlfcn.h
configure:8895: gcc -c -g -O2  conftest.c >&5
configure:8895: $? = 0
configure:8895: result: yes
configure:9448: checking for objdir
configure:9463: result: .libs
configure:9727: checking if gcc supports -fno-rtti -fno-exceptions
configure:9745: gcc -c -g -O2  -fno-rtti -fno-exceptions conftest.c >&5
cc1: warning: command-line option '-fno-rtti' is valid for C++/D/ObjC++ but not for C
configure:9749: $? = 0
configure:9762: result: no
configure:10120: checking for gcc option to produce PIC
configure:10127: result: -fPIC -DPIC
configure:10135: checking if gcc PIC flag -fPIC -DPIC works
configure:10153: gcc -c -g -O2  -fPIC -DPIC -DPIC conftest.c >&5
configure:10157: $? = 0
configure:10170: result: yes
configure:10199: checking if gcc static flag -static works
configure:10227: result: yes
configure:10242: checking if gcc supports -c -o file.o
configure:10263: gcc -c -g -O2  -o out/conftest2.o conftest.c >&5
configure:10267: $? = 0
configure:10289: result: yes
configure:10297: checking if gcc supports -c -o file.o
configure:10344: result: yes
configure:10377: checking whether the gcc linker (/usr/bin/ld -m elf_x86_64) supports shared libraries
configure:11638: result: yes
configure:11675: checking whether -lc should be explicitly linked in
configure:11683: gcc -c -g -O2  conftest.c >&5
configure:11686: $? = 0
configure:11701: gcc -shared  -fPIC -DPIC conftest.o  -v -Wl,-soname -Wl,conftest -o conftest 2\>\&1 \| /usr/bin/grep  -lc  \>/dev/null 2\>\&1
configure:11704: $? = 0
configure:11718: result: no
configure:11878: checking dynamic linker characteristics
configure:12459: gcc -o conftest -g -O2   -Wl,-rpath -Wl,/foo conftest.c  >&5
configure:12459: $? = 0
configure:12696: result: GNU/Linux ld.so
configure:12818: checking how to hardcode library paths into programs
configure:12843: result: immediate
configure:12945: checking for shl_load
configure:12945: gcc -o conftest -g -O2   conftest.c  >&5
/usr/bin/ld: /tmp/ccjrP2bE.o: in function `main':
/home/z/ulogd-build/deps/libtool-2.4.7/conftest.c:57:(.text.startup+0x7): undefined reference to `shl_load'
collect2: error: ld returned 1 exit status
configure:12945: $? = 1
configure: failed program was:
| /* confdefs.h */
| #define PACKAGE_NAME "GNU Libtool"
| #define PACKAGE_TARNAME "libtool"
| #define PACKAGE_VERSION "2.4.7"
| #define PACKAGE_STRING "GNU Libtool 2.4.7"
| #define PACKAGE_BUGREPORT "bug-libtool@gnu.org"
| #define PACKAGE_URL "http://www.gnu.org/software/libtool/"
| #define PACKAGE "libtool"
| #define VERSION "2.4.7"
| #define STDC_HEADERS 1
| #define HAVE_SYS_TYPES_H 1
| #define HAVE_SYS_STAT_H 1
| #define HAVE_STDLIB_H 1
| #define HAVE_STRING_H 1
| #define HAVE_MEMORY_H 1
| #define HAVE_STRINGS_H 1
| #define HAVE_INTTYPES_H 1
| #define HAVE_STDINT_H 1
| #define HAVE_UNISTD_H 1
| #define HAVE_DLFCN_H 1
| #define LT_OBJDIR ".libs/"
| /* end confdefs.h.  */
| /* Define shl_load to an innocuous variant, in case <limits.h> declares shl_load.
|    For example, HP-UX 11i <limits.h> declares gettimeofday.  */
| #define shl_load innocuous_shl_load
| 
| /* System header to define __stub macros and hopefully few prototypes,
|     which can conflict with char shl_load (); below.
|     Prefer <limits.h> to <assert.h> if __STDC__ is defined, since
|     <limits.h> exists even on freestanding compilers.  */
| 
| #ifdef __STDC__
| # include <limits.h>
| #else
| # include <assert.h>
| #endif
| 
| #undef shl_load
| 
| /* Override any GCC internal prototype to avoid an error.
|    Use char because int might match the return type of a GCC
|    builtin and then its argument prototype would still apply.  */
| #ifdef __cplusplus
| extern "C"
| #endif
| char shl_load ();
| /* The GNU C library defines this for functions which it implements
|     to always fail with ENOSYS.  Some functions are actually named
|     something starting with __ and the normal name is an alias.  */
| #if defined __stub_shl_load || defined __stub___shl_load
| choke me
| #endif
| 
| int
| main ()
| {
| return shl_load ();
|   ;
|   return 0;
| }
configure:12945: result: no
configure:12949: checking for shl_load in -ldld
configure:12974: gcc -o conftest -g -O2   conftest.c -ldld   >&5
/usr/bin/ld: cannot find -ldld: No such file or directory
collect2: error: ld returned 1 exit status
configure:12974: $? = 1
configure: failed program was:
| /* confdefs.h */
| #define PACKAGE_NAME "GNU Libtool"
| #define PACKAGE_TARNAME "libtool"
| #define PACKAGE_VERSION "2.4.7"
| #define PACKAGE_STRING "GNU Libtool 2.4.7"
| #define PACKAGE_BUGREPORT "bug-libtool@gnu.org"
| #define PACKAGE_URL "http://www.gnu.org/software/libtool/"
| #define PACKAGE "libtool"
| #define VERSION "2.4.7"
| #define STDC_HEADERS 1
| #define HAVE_SYS_TYPES_H 1
| #define HAVE_SYS_STAT_H 1
| #define HAVE_STDLIB_H 1
| #define HAVE_STRING_H 1
| #define HAVE_MEMORY_H 1
| #define HAVE_STRINGS_H 1
| #define HAVE_INTTYPES_H 1
| #define HAVE_STDINT_H 1
| #define HAVE_UNISTD_H 1
| #define HAVE_DLFCN_H 1
| #define LT_OBJDIR ".libs/"
| /* end confdefs.h.  */
| 
| /* Override any GCC internal prototype to avoid an error.
|    Use char because int might match the return type of a GCC
|    builtin and then its argument prototype would still apply.  */
| #ifdef __cplusplus
| extern "C"
| #endif
| char shl_load ();
| int
| main ()
| {
| return shl_load ();
|   ;
|   return 0;
| }
configure:12983: result: no
configure:12988: checking for dlopen
configure:12988: gcc -o conftest -g -O2   conftest.c  >&5
configure:12988: $? = 0
configure:12988: result: yes
configure:13145: checking whether a program can dlopen itself
configure:13225: gcc -o conftest -g -O2  -DHAVE_DLFCN_H  -Wl,--export-dynamic conftest.c   >&5
configure:13228: $? = 0
configure:13246: result: yes
configure:13251: checking whether a statically linked program can dlopen itself
configure:13331: gcc -o conftest -g -O2  -DHAVE_DLFCN_H  -Wl,--export-dynamic -static conftest.c   >&5
/usr/bin/ld: /tmp/ccwHuTMK.o: in function `main':
/home/z/ulogd-build/deps/libtool-2.4.7/configure:13310:(.text.startup+0x9): warning: Using 'dlopen' in statically linked applications requires at runtime the shared libraries from the glibc version used for linking
configure:13334: $? = 0
conftest: undefined symbol: _fnord
configure:13352: result: no
configure:13391: checking whether stripping libraries is possible
configure:13400: result: yes
configure:13442: checking if libtool supports shared libraries
configure:13444: result: yes
configure:13447: checking whether to build shared libraries
configure:13472: result: yes
configure:13475: checking whether to build static libraries
configure:13479: result: yes
configure:13517: checking what extension is used for runtime loadable modules
configure:13529: result: .so
configure:13553: checking what variable specifies run-time module search path
configure:13560: result: LD_LIBRARY_PATH
configure:13570: checking for the default library search path
configure:13577: result: /lib /usr/lib /usr/local/lib /usr/local/lib/x86_64-linux-gnu /lib/x86_64-linux-gnu /usr/lib/x86_64-linux-gnu 
configure:13608: checking for library containing dlopen
configure:13639: gcc -o conftest -g -O2   conftest.c  >&5
configure:13639: $? = 0
configure:13656: result: none required
configure:13746: checking for dlerror
configure:13746: gcc -o conftest -g -O2   conftest.c   >&5
configure:13746: $? = 0
configure:13746: result: yes
configure:13760: checking for shl_load
configure:13760: result: no
configure:13767: checking for shl_load in -ldld
configure:13801: result: no
configure:13847: checking for dld_link in -ldld
configure:13872: gcc -o conftest -g -O2   conftest.c -ldld   >&5
/usr/bin/ld: cannot find -ldld: No such file or directory
collect2: error: ld returned 1 exit status
configure:13872: $? = 1
configure: failed program was:
| /* confdefs.h */
| #define PACKAGE_NAME "GNU Libtool"
| #define PACKAGE_TARNAME "libtool"
| #define PACKAGE_VERSION "2.4.7"
| #define PACKAGE_STRING "GNU Libtool 2.4.7"
| #define PACKAGE_BUGREPORT "bug-libtool@gnu.org"
| #define PACKAGE_URL "http://www.gnu.org/software/libtool/"
| #define PACKAGE "libtool"
| #define VERSION "2.4.7"
| #define STDC_HEADERS 1
| #define HAVE_SYS_TYPES_H 1
| #define HAVE_SYS_STAT_H 1
| #define HAVE_STDLIB_H 1
| #define HAVE_STRING_H 1
| #define HAVE_MEMORY_H 1
| #define HAVE_STRINGS_H 1
| #define HAVE_INTTYPES_H 1
| #define HAVE_STDINT_H 1
| #define HAVE_UNISTD_H 1
| #define HAVE_DLFCN_H 1
| #define LT_OBJDIR ".libs/"
| #define LT_MODULE_EXT ".so"
| #define LT_MODULE_PATH_VAR "LD_LIBRARY_PATH"
| #define LT_DLSEARCH_PATH "/lib:/usr/lib:/usr/local/lib:/usr/local/lib/x86_64-linux-gnu:/lib/x86_64-linux-gnu:/usr/lib/x86_64-linux-gnu"
| #define HAVE_LIBDL 1
| #define HAVE_DLERROR 1
| /* end confdefs.h.  */
| 
| /* Override any GCC internal prototype to avoid an error.
|    Use char because int might match the return type of a GCC
|    builtin and then its argument prototype would still apply.  */
| #ifdef __cplusplus
| extern "C"
| #endif
| char dld_link ();
| int
| main ()
| {
| return dld_link ();
|   ;
|   return 0;
| }
configure:13881: result: no
configure:13916: checking for _ prefix in compiled symbols
configure:13926: gcc -c -g -O2  conftest.c >&5
configure:13929: $? = 0
configure:13933: /usr/bin/nm -B conftest.o \| /usr/bin/sed -n -e 's/^.*[	 ]\([ABCDGIRSTW][ABCDGIRSTW]*\)[	 ][	 ]*\([_A-Za-z][_A-Za-z0-9]*\)$/\1 \2 \2/p' | /usr/bin/sed '/ __gnu_lto/d' \> conftest.nm
configure:13936: $? = 0
configure:13958: result: no
configure:14075: checking whether deplibs are loaded by dlopen
configure:14172: result: yes
configure:14183: checking for argz.h
configure:14183: gcc -c -g -O2  conftest.c >&5
configure:14183: $? = 0
configure:14183: result: yes
configure:14195: checking for error_t
configure:14195: gcc -c -g -O2  conftest.c >&5
configure:14195: $? = 0
configure:14195: gcc -c -g -O2  conftest.c >&5
conftest.c: In function 'main':
conftest.c:37:22: error: expected expression before ')' token
   37 | if (sizeof ((error_t)))
      |                      ^
configure:14195: $? = 1
configure: failed program was:
| /* confdefs.h */
| #define PACKAGE_NAME "GNU Libtool"
| #define PACKAGE_TARNAME "libtool"
| #define PACKAGE_VERSION "2.4.7"
| #define PACKAGE_STRING "GNU Libtool 2.4.7"
| #define PACKAGE_BUGREPORT "bug-libtool@gnu.org"
| #define PACKAGE_URL "http://www.gnu.org/software/libtool/"
| #define PACKAGE "libtool"
| #define VERSION "2.4.7"
| #define STDC_HEADERS 1
| #define HAVE_SYS_TYPES_H 1
| #define HAVE_SYS_STAT_H 1
| #define HAVE_STDLIB_H 1
| #define HAVE_STRING_H 1
| #define HAVE_MEMORY_H 1
| #define HAVE_STRINGS_H 1
| #define HAVE_INTTYPES_H 1
| #define HAVE_STDINT_H 1
| #define HAVE_UNISTD_H 1
| #define HAVE_DLFCN_H 1
| #define LT_OBJDIR ".libs/"
| #define LT_MODULE_EXT ".so"
| #define LT_MODULE_PATH_VAR "LD_LIBRARY_PATH"
| #define LT_DLSEARCH_PATH "/lib:/usr/lib:/usr/local/lib:/usr/local/lib/x86_64-linux-gnu:/lib/x86_64-linux-gnu:/usr/lib/x86_64-linux-gnu"
| #define HAVE_LIBDL 1
| #define HAVE_DLERROR 1
| #define HAVE_LIBDLLOADER 1
| #define HAVE_ARGZ_H 1
| /* end confdefs.h.  */
| #if defined(HAVE_ARGZ_H)
| #  include <argz.h>
| #endif
| 
| int
| main ()
| {
| if (sizeof ((error_t)))
| 	    return 0;
|   ;
|   return 0;
| }
configure:14195: result: yes
configure:14221: checking for argz_add
configure:14221: gcc -o conftest -g -O2   conftest.c  >&5
configure:14221: $? = 0
configure:14221: result: yes
configure:14221: checking for argz_append
configure:14221: gcc -o conftest -g -O2   conftest.c  >&5
configure:14221: $? = 0
configure:14221: result: yes
configure:14221: checking for argz_count
configure:14221: gcc -o conftest -g -O2   conftest.c  >&5
configure:14221: $? = 0
configure:14221: result: yes
configure:14221: checking for argz_create_sep
configure:14221: gcc -o conftest -g -O2   conftest.c  >&5
configure:14221: $? = 0
configure:14221: result: yes
configure:14221: checking for argz_insert
configure:14221: gcc -o conftest -g -O2   conftest.c  >&5
configure:14221: $? = 0
configure:14221: result: yes
configure:14221: checking for argz_next
configure:14221: gcc -o conftest -g -O2   conftest.c  >&5
configure:14221: $? = 0
configure:14221: result: yes
configure:14221: checking for argz_stringify
configure:14221: gcc -o conftest -g -O2   conftest.c  >&5
configure:14221: $? = 0
configure:14221: result: yes
configure:14239: checking if argz actually works
configure:14270: result: yes
configure:14289: checking whether libtool supports -dlopen/-dlpreopen
configure:14301: result: yes
configure:14354: checking for unistd.h
configure:14354: result: yes
configure:14354: checking for dl.h
configure:14354: gcc -c -g -O2  conftest.c >&5
conftest.c:75:10: fatal error: dl.h: No such file or directory
   75 | #include <dl.h>
      |          ^~~~~~
compilation terminated.
configure:14354: $? = 1
configure: failed program was:
| /* confdefs.h */
| #define PACKAGE_NAME "GNU Libtool"
| #define PACKAGE_TARNAME "libtool"
| #define PACKAGE_VERSION "2.4.7"
| #define PACKAGE_STRING "GNU Libtool 2.4.7"
| #define PACKAGE_BUGREPORT "bug-libtool@gnu.org"
| #define PACKAGE_URL "http://www.gnu.org/software/libtool/"
| #define PACKAGE "libtool"
| #define VERSION "2.4.7"
| #define STDC_HEADERS 1
| #define HAVE_SYS_TYPES_H 1
| #define HAVE_SYS_STAT_H 1
| #define HAVE_STDLIB_H 1
| #define HAVE_STRING_H 1
| #define HAVE_MEMORY_H 1
| #define HAVE_STRINGS_H 1
| #define HAVE_INTTYPES_H 1
| #define HAVE_STDINT_H 1
| #define HAVE_UNISTD_H 1
| #define HAVE_DLFCN_H 1
| #define LT_OBJDIR ".libs/"
| #define LT_MODULE_EXT ".so"
| #define LT_MODULE_PATH_VAR "LD_LIBRARY_PATH"
| #define LT_DLSEARCH_PATH "/lib:/usr/lib:/usr/local/lib:/usr/local/lib/x86_64-linux-gnu:/lib/x86_64-linux-gnu:/usr/lib/x86_64-linux-gnu"
| #define HAVE_LIBDL 1
| #define HAVE_DLERROR 1
| #define HAVE_LIBDLLOADER 1
| #define HAVE_ARGZ_H 1
| #define HAVE_ERROR_T 1
| #define HAVE_ARGZ_ADD 1
| #define HAVE_ARGZ_APPEND 1
| #define HAVE_ARGZ_COUNT 1
| #define HAVE_ARGZ_CREATE_SEP 1
| #define HAVE_ARGZ_INSERT 1
| #define HAVE_ARGZ_NEXT 1
| #define HAVE_ARGZ_STRINGIFY 1
| #define HAVE_WORKING_ARGZ 1
| #define HAVE_PRELOADED_SYMBOLS 1
| #define HAVE_UNISTD_H 1
| /* end confdefs.h.  */
| #include <stdio.h>
| #ifdef HAVE_SYS_TYPES_H
| # include <sys/types.h>
| #endif
| #ifdef HAVE_SYS_STAT_H
| # include <sys/stat.h>
| #endif
| #ifdef STDC_HEADERS
| # include <stdlib.h>
| # include <stddef.h>
| #else
| # ifdef HAVE_STDLIB_H
| #  include <stdlib.h>
| # endif
| #endif
| #ifdef HAVE_STRING_H
| # if !defined STDC_HEADERS && defined HAVE_MEMORY_H
| #  include <memory.h>
| # endif
| # include <string.h>
| #endif
| #ifdef HAVE_STRINGS_H
| # include <strings.h>
| #endif
| #ifdef HAVE_INTTYPES_H
| # include <inttypes.h>
| #endif
| #ifdef HAVE_STDINT_H
| # include <stdint.h>
| #endif
| #ifdef HAVE_UNISTD_H
| # include <unistd.h>
| #endif
| 
| #include <dl.h>
configure:14354: result: no
configure:14354: checking for sys/dl.h
configure:14354: gcc -c -g -O2  conftest.c >&5
conftest.c:75:10: fatal error: sys/dl.h: No such file or directory
   75 | #include <sys/dl.h>
      |          ^~~~~~~~~~
compilation terminated.
configure:14354: $? = 1
configure: failed program was:
| /* confdefs.h */
| #define PACKAGE_NAME "GNU Libtool"
| #define PACKAGE_TARNAME "libtool"
| #define PACKAGE_VERSION "2.4.7"
| #define PACKAGE_STRING "GNU Libtool 2.4.7"
| #define PACKAGE_BUGREPORT "bug-libtool@gnu.org"
| #define PACKAGE_URL "http://www.gnu.org/software/libtool/"
| #define PACKAGE "libtool"
| #define VERSION "2.4.7"
| #define STDC_HEADERS 1
| #define HAVE_SYS_TYPES_H 1
| #define HAVE_SYS_STAT_H 1
| #define HAVE_STDLIB_H 1
| #define HAVE_STRING_H 1
| #define HAVE_MEMORY_H 1
| #define HAVE_STRINGS_H 1
| #define HAVE_INTTYPES_H 1
| #define HAVE_STDINT_H 1
| #define HAVE_UNISTD_H 1
| #define HAVE_DLFCN_H 1
| #define LT_OBJDIR ".libs/"
| #define LT_MODULE_EXT ".so"
| #define LT_MODULE_PATH_VAR "LD_LIBRARY_PATH"
| #define LT_DLSEARCH_PATH "/lib:/usr/lib:/usr/local/lib:/usr/local/lib/x86_64-linux-gnu:/lib/x86_64-linux-gnu:/usr/lib/x86_64-linux-gnu"
| #define HAVE_LIBDL 1
| #define HAVE_DLERROR 1
| #define HAVE_LIBDLLOADER 1
| #define HAVE_ARGZ_H 1
| #define HAVE_ERROR_T 1
| #define HAVE_ARGZ_ADD 1
| #define HAVE_ARGZ_APPEND 1
| #define HAVE_ARGZ_COUNT 1
| #define HAVE_ARGZ_CREATE_SEP 1
| #define HAVE_ARGZ_INSERT 1
| #define HAVE_ARGZ_NEXT 1
| #define HAVE_ARGZ_STRINGIFY 1
| #define HAVE_WORKING_ARGZ 1
| #define HAVE_PRELOADED_SYMBOLS 1
| #define HAVE_UNISTD_H 1
| /* end confdefs.h.  */
| #include <stdio.h>
| #ifdef HAVE_SYS_TYPES_H
| # include <sys/types.h>
| #endif
| #ifdef HAVE_SYS_STAT_H
| # include <sys/stat.h>
| #endif
| #ifdef STDC_HEADERS
| # include <stdlib.h>
| # include <stddef.h>
| #else
| # ifdef HAVE_STDLIB_H
| #  include <stdlib.h>
| # endif
| #endif
| #ifdef HAVE_STRING_H
| # if !defined STDC_HEADERS && defined HAVE_MEMORY_H
| #  include <memory.h>
| # endif
| # include <string.h>
| #endif
| #ifdef HAVE_STRINGS_H
| # include <strings.h>
| #endif
| #ifdef HAVE_INTTYPES_H
| # include <inttypes.h>
| #endif
| #ifdef HAVE_STDINT_H
| # include <stdint.h>
| #endif
| #ifdef HAVE_UNISTD_H
| # include <unistd.h>
| #endif
| 
| #include <sys/dl.h>
configure:14354: result: no
configure:14354: checking for dld.h
configure:14354: gcc -c -g -O2  conftest.c >&5
conftest.c:75:10: fatal error: dld.h: No such file or directory
   75 | #include <dld.h>
      |          ^~~~~~~
compilation terminated.
configure:14354: $? = 1
configure: failed program was:
| /* confdefs.h */
| #define PACKAGE_NAME "GNU Libtool"
| #define PACKAGE_TARNAME "libtool"
| #define PACKAGE_VERSION "2.4.7"
| #define PACKAGE_STRING "GNU Libtool 2.4.7"
| #define PACKAGE_BUGREPORT "bug-libtool@gnu.org"
| #define PACKAGE_URL "http://www.gnu.org/software/libtool/"
| #define PACKAGE "libtool"
| #define VERSION "2.4.7"
| #define STDC_HEADERS 1
| #define HAVE_SYS_TYPES_H 1
| #define HAVE_SYS_STAT_H 1
| #define HAVE_STDLIB_H 1
| #define HAVE_STRING_H 1
| #define HAVE_MEMORY_H 1
| #define HAVE_STRINGS_H 1
| #define HAVE_INTTYPES_H 1
| #define HAVE_STDINT_H 1
| #define HAVE_UNISTD_H 1
| #define HAVE_DLFCN_H 1
| #define LT_OBJDIR ".libs/"
| #define LT_MODULE_EXT ".so"
| #define LT_MODULE_PATH_VAR "LD_LIBRARY_PATH"
| #define LT_DLSEARCH_PATH "/lib:/usr/lib:/usr/local/lib:/usr/local/lib/x86_64-linux-gnu:/lib/x86_64-linux-gnu:/usr/lib/x86_64-linux-gnu"
| #define HAVE_LIBDL 1
| #define HAVE_DLERROR 1
| #define HAVE_LIBDLLOADER 1
| #define HAVE_ARGZ_H 1
| #define HAVE_ERROR_T 1
| #define HAVE_ARGZ_ADD 1
| #define HAVE_ARGZ_APPEND 1
| #define HAVE_ARGZ_COUNT 1
| #define HAVE_ARGZ_CREATE_SEP 1
| #define HAVE_ARGZ_INSERT 1
| #define HAVE_ARGZ_NEXT 1
| #define HAVE_ARGZ_STRINGIFY 1
| #define HAVE_WORKING_ARGZ 1
| #define HAVE_PRELOADED_SYMBOLS 1
| #define HAVE_UNISTD_H 1
| /* end confdefs.h.  */
| #include <stdio.h>
| #ifdef HAVE_SYS_TYPES_H
| # include <sys/types.h>
| #endif
| #ifdef HAVE_SYS_STAT_H
| # include <sys/stat.h>
| #endif
| #ifdef STDC_HEADERS
| # include <stdlib.h>
| # include <stddef.h>
| #else
| # ifdef HAVE_STDLIB_H
| #  include <stdlib.h>
| # endif
| #endif
| #ifdef HAVE_STRING_H
| # if !defined STDC_HEADERS && defined HAVE_MEMORY_H
| #  include <memory.h>
| # endif
| # include <string.h>
| #endif
| #ifdef HAVE_STRINGS_H
| # include <strings.h>
| #endif
| #ifdef HAVE_INTTYPES_H
| # include <inttypes.h>
| #endif
| #ifdef HAVE_STDINT_H
| # include <stdint.h>
| #endif
| #ifdef HAVE_UNISTD_H
| # include <unistd.h>
| #endif
| 
| #include <dld.h>
configure:14354: result: no
configure:14354: checking for mach-o/dyld.h
configure:14354: gcc -c -g -O2  conftest.c >&5
conftest.c:75:10: fatal error: mach-o/dyld.h: No such file or directory
   75 | #include <mach-o/dyld.h>
      |          ^~~~~~~~~~~~~~~
compilation terminated.
configure:14354: $? = 1
configure: failed program was:
| /* confdefs.h */
| #define PACKAGE_NAME "GNU Libtool"
| #define PACKAGE_TARNAME "libtool"
| #define PACKAGE_VERSION "2.4.7"
| #define PACKAGE_STRING "GNU Libtool 2.4.7"
| #define PACKAGE_BUGREPORT "bug-libtool@gnu.org"
| #define PACKAGE_URL "http://www.gnu.org/software/libtool/"
| #define PACKAGE "libtool"
| #define VERSION "2.4.7"
| #define STDC_HEADERS 1
| #define HAVE_SYS_TYPES_H 1
| #define HAVE_SYS_STAT_H 1
| #define HAVE_STDLIB_H 1
| #define HAVE_STRING_H 1
| #define HAVE_MEMORY_H 1
| #define HAVE_STRINGS_H 1
| #define HAVE_INTTYPES_H 1
| #define HAVE_STDINT_H 1
| #define HAVE_UNISTD_H 1
| #define HAVE_DLFCN_H 1
| #define LT_OBJDIR ".libs/"
| #define LT_MODULE_EXT ".so"
| #define LT_MODULE_PATH_VAR "LD_LIBRARY_PATH"
| #define LT_DLSEARCH_PATH "/lib:/usr/lib:/usr/local/lib:/usr/local/lib/x86_64-linux-gnu:/lib/x86_64-linux-gnu:/usr/lib/x86_64-linux-gnu"
| #define HAVE_LIBDL 1
| #define HAVE_DLERROR 1
| #define HAVE_LIBDLLOADER 1
| #define HAVE_ARGZ_H 1
| #define HAVE_ERROR_T 1
| #define HAVE_ARGZ_ADD 1
| #define HAVE_ARGZ_APPEND 1
| #define HAVE_ARGZ_COUNT 1
| #define HAVE_ARGZ_CREATE_SEP 1
| #define HAVE_ARGZ_INSERT 1
| #define HAVE_ARGZ_NEXT 1
| #define HAVE_ARGZ_STRINGIFY 1
| #define HAVE_WORKING_ARGZ 1
| #define HAVE_PRELOADED_SYMBOLS 1
| #define HAVE_UNISTD_H 1
| /* end confdefs.h.  */
| #include <stdio.h>
| #ifdef HAVE_SYS_TYPES_H
| # include <sys/types.h>
| #endif
| #ifdef HAVE_SYS_STAT_H
| # include <sys/stat.h>
| #endif
| #ifdef STDC_HEADERS
| # include <stdlib.h>
| # include <stddef.h>
| #else
| # ifdef HAVE_STDLIB_H
| #  include <stdlib.h>
| # endif
| #endif
| #ifdef HAVE_STRING_H
| # if !defined STDC_HEADERS && defined HAVE_MEMORY_H
| #  include <memory.h>
| # endif
| # include <string.h>
| #endif
| #ifdef HAVE_STRINGS_H
| # include <strings.h>
| #endif
| #ifdef HAVE_INTTYPES_H
| # include <inttypes.h>
| #endif
| #ifdef HAVE_STDINT_H
| # include <stdint.h>
| #endif
| #ifdef HAVE_UNISTD_H
| # include <unistd.h>
| #endif
| 
| #include <mach-o/dyld.h>
configure:14354: result: no
configure:14354: checking for dirent.h
configure:14354: gcc -c -g -O2  conftest.c >&5
configure:14354: $? = 0
configure:14354: result: yes
configure:14369: checking for closedir
configure:14369: gcc -o conftest -g -O2   conftest.c  >&5
configure:14369: $? = 0
configure:14369: result: yes
configure:14369: checking for opendir
configure:14369: gcc -o conftest -g -O2   conftest.c  >&5
configure:14369: $? = 0
configure:14369: result: yes
configure:14369: checking for readdir
configure:14369: gcc -o conftest -g -O2   conftest.c  >&5
configure:14369: $? = 0
configure:14369: result: yes
configure:14388: checking for strlcat
configure:14388: gcc -o conftest -g -O2   conftest.c  >&5
configure:14388: $? = 0
configure:14388: result: yes
configure:14388: checking for strlcpy
configure:14388: gcc -o conftest -g -O2   conftest.c  >&5
configure:14388: $? = 0
configure:14388: result: yes
configure:14483: checking for g++
configure:14499: found /usr/bin/g++
configure:14510: result: g++
configure:14537: checking for C++ compiler version
configure:14546: g++ --version >&5
g++ (Debian 14.2.0-19) 14.2.0
Copyright (C) 2024 Free Software Foundation, Inc.
This is free software; see the source for copying conditions.  There is NO
warranty; not even for MERCHANTABILITY or FITNESS FOR A PARTICULAR PURPOSE.

configure:14557: $? = 0
configure:14546: g++ -v >&5
Using built-in specs.
COLLECT_GCC=g++
COLLECT_LTO_WRAPPER=/usr/libexec/gcc/x86_64-linux-gnu/14/lto-wrapper
OFFLOAD_TARGET_NAMES=nvptx-none:amdgcn-amdhsa
OFFLOAD_TARGET_DEFAULT=1
Target: x86_64-linux-gnu
Configured with: ../src/configure -v --with-pkgversion='Debian 14.2.0-19' --with-bugurl=file:///usr/share/doc/gcc-14/README.Bugs --enable-languages=c,ada,c++,go,d,fortran,objc,obj-c++,m2,rust --prefix=/usr --with-gcc-major-version-only --program-suffix=-14 --program-prefix=x86_64-linux-gnu- --enable-shared --enable-linker-build-id --libexecdir=/usr/libexec --without-included-gettext --enable-threads=posix --libdir=/usr/lib --enable-nls --enable-bootstrap --enable-clocale=gnu --enable-libstdcxx-debug --enable-libstdcxx-time=yes --with-default-libstdcxx-abi=new --enable-libstdcxx-backtrace --enable-gnu-unique-object --disable-vtable-verify --enable-plugin --enable-default-pie --with-system-zlib --enable-libphobos-checking=release --with-target-system-zlib=auto --enable-objc-gc=auto --enable-multiarch --disable-werror --enable-cet --with-arch-32=i686 --with-abi=m64 --with-multilib-list=m32,m64,mx32 --enable-multilib --with-tune=generic --enable-offload-targets=nvptx-none=/build/reproducible-path/gcc-14-14.2.0/debian/tmp-nvptx/usr,amdgcn-amdhsa=/build/reproducible-path/gcc-14-14.2.0/debian/tmp-gcn/usr --enable-offload-defaulted --without-cuda-driver --enable-checking=release --build=x86_64-linux-gnu --host=x86_64-linux-gnu --target=x86_64-linux-gnu --with-build-config=bootstrap-lto-lean --enable-link-serialization=3
Thread model: posix
Supported LTO compression algorithms: zlib zstd
gcc version 14.2.0 (Debian 14.2.0-19) 
... rest of stderr output deleted ...
configure:14557: $? = 0
configure:14546: g++ -V >&5
g++: error: unrecognized command-line option '-V'
g++: fatal error: no input files
compilation terminated.
configure:14557: $? = 1
configure:14546: g++ -qversion >&5
g++: error: unrecognized command-line option '-qversion'; did you mean '--version'?
g++: fatal error: no input files
compilation terminated.
configure:14557: $? = 1
configure:14561: checking whether we are using the GNU C++ compiler
configure:14580: g++ -c   conftest.cpp >&5
configure:14580: $? = 0
configure:14589: result: yes
configure:14598: checking whether g++ accepts -g
configure:14618: g++ -c -g  conftest.cpp >&5
configure:14618: $? = 0
configure:14659: result: yes
configure:14684: checking dependency style of g++
configure:14795: result: gcc3
configure:14829: checking how to run the C++ preprocessor
configure:14856: g++ -E  conftest.cpp
configure:14856: $? = 0
configure:14870: g++ -E  conftest.cpp
conftest.cpp:49:10: fatal error: ac_nonexistent.h: No such file or directory
   49 | #include <ac_nonexistent.h>
      |          ^~~~~~~~~~~~~~~~~~
compilation terminated.
configure:14870: $? = 1
configure: failed program was:
| /* confdefs.h */
| #define PACKAGE_NAME "GNU Libtool"
| #define PACKAGE_TARNAME "libtool"
| #define PACKAGE_VERSION "2.4.7"
| #define PACKAGE_STRING "GNU Libtool 2.4.7"
| #define PACKAGE_BUGREPORT "bug-libtool@gnu.org"
| #define PACKAGE_URL "http://www.gnu.org/software/libtool/"
| #define PACKAGE "libtool"
| #define VERSION "2.4.7"
| #define STDC_HEADERS 1
| #define HAVE_SYS_TYPES_H 1
| #define HAVE_SYS_STAT_H 1
| #define HAVE_STDLIB_H 1
| #define HAVE_STRING_H 1
| #define HAVE_MEMORY_H 1
| #define HAVE_STRINGS_H 1
| #define HAVE_INTTYPES_H 1
| #define HAVE_STDINT_H 1
| #define HAVE_UNISTD_H 1
| #define HAVE_DLFCN_H 1
| #define LT_OBJDIR ".libs/"
| #define LT_MODULE_EXT ".so"
| #define LT_MODULE_PATH_VAR "LD_LIBRARY_PATH"
| #define LT_DLSEARCH_PATH "/lib:/usr/lib:/usr/local/lib:/usr/local/lib/x86_64-linux-gnu:/lib/x86_64-linux-gnu:/usr/lib/x86_64-linux-gnu"
| #define HAVE_LIBDL 1
| #define HAVE_DLERROR 1
| #define HAVE_LIBDLLOADER 1
| #define HAVE_ARGZ_H 1
| #define HAVE_ERROR_T 1
| #define HAVE_ARGZ_ADD 1
| #define HAVE_ARGZ_APPEND 1
| #define HAVE_ARGZ_COUNT 1
| #define HAVE_ARGZ_CREATE_SEP 1
| #define HAVE_ARGZ_INSERT 1
| #define HAVE_ARGZ_NEXT 1
| #define HAVE_ARGZ_STRINGIFY 1
| #define HAVE_WORKING_ARGZ 1
| #define HAVE_PRELOADED_SYMBOLS 1
| #define HAVE_UNISTD_H 1
| #define HAVE_DIRENT_H 1
| #define HAVE_CLOSEDIR 1
| #define HAVE_OPENDIR 1
| #define HAVE_READDIR 1
| #define HAVE_STRLCAT 1
| #define HAVE_STRLCPY 1
| #define LT_LIBEXT "a"
| #define LT_LIBPREFIX "lib"
| /* end confdefs.h.  */
| #include <ac_nonexistent.h>
configure:14895: result: g++ -E
configure:14915: g++ -E  conftest.cpp
configure:14915: $? = 0
configure:14929: g++ -E  conftest.cpp
conftest.cpp:49:10: fatal error: ac_nonexistent.h: No such file or directory
   49 | #include <ac_nonexistent.h>
      |          ^~~~~~~~~~~~~~~~~~
compilation terminated.
configure:14929: $? = 1
configure: failed program was:
| /* confdefs.h */
| #define PACKAGE_NAME "GNU Libtool"
| #define PACKAGE_TARNAME "libtool"
| #define PACKAGE_VERSION "2.4.7"
| #define PACKAGE_STRING "GNU Libtool 2.4.7"
| #define PACKAGE_BUGREPORT "bug-libtool@gnu.org"
| #define PACKAGE_URL "http://www.gnu.org/software/libtool/"
| #define PACKAGE "libtool"
| #define VERSION "2.4.7"
| #define STDC_HEADERS 1
| #define HAVE_SYS_TYPES_H 1
| #define HAVE_SYS_STAT_H 1
| #define HAVE_STDLIB_H 1
| #define HAVE_STRING_H 1
| #define HAVE_MEMORY_H 1
| #define HAVE_STRINGS_H 1
| #define HAVE_INTTYPES_H 1
| #define HAVE_STDINT_H 1
| #define HAVE_UNISTD_H 1
| #define HAVE_DLFCN_H 1
| #define LT_OBJDIR ".libs/"
| #define LT_MODULE_EXT ".so"
| #define LT_MODULE_PATH_VAR "LD_LIBRARY_PATH"
| #define LT_DLSEARCH_PATH "/lib:/usr/lib:/usr/local/lib:/usr/local/lib/x86_64-linux-gnu:/lib/x86_64-linux-gnu:/usr/lib/x86_64-linux-gnu"
| #define HAVE_LIBDL 1
| #define HAVE_DLERROR 1
| #define HAVE_LIBDLLOADER 1
| #define HAVE_ARGZ_H 1
| #define HAVE_ERROR_T 1
| #define HAVE_ARGZ_ADD 1
| #define HAVE_ARGZ_APPEND 1
| #define HAVE_ARGZ_COUNT 1
| #define HAVE_ARGZ_CREATE_SEP 1
| #define HAVE_ARGZ_INSERT 1
| #define HAVE_ARGZ_NEXT 1
| #define HAVE_ARGZ_STRINGIFY 1
| #define HAVE_WORKING_ARGZ 1
| #define HAVE_PRELOADED_SYMBOLS 1
| #define HAVE_UNISTD_H 1
| #define HAVE_DIRENT_H 1
| #define HAVE_CLOSEDIR 1
| #define HAVE_OPENDIR 1
| #define HAVE_READDIR 1
| #define HAVE_STRLCAT 1
| #define HAVE_STRLCPY 1
| #define LT_LIBEXT "a"
| #define LT_LIBPREFIX "lib"
| /* end confdefs.h.  */
| #include <ac_nonexistent.h>
configure:15091: checking for ld used by g++
configure:15158: result: /usr/bin/ld -m elf_x86_64
configure:15165: checking if the linker (/usr/bin/ld -m elf_x86_64) is GNU ld
configure:15180: result: yes
configure:15235: checking whether the g++ linker (/usr/bin/ld -m elf_x86_64) supports shared libraries
configure:16309: result: yes
configure:16345: g++ -c -g -O2  conftest.cpp >&5
configure:16348: $? = 0
configure:16829: checking for g++ option to produce PIC
configure:16836: result: -fPIC -DPIC
configure:16844: checking if g++ PIC flag -fPIC -DPIC works
configure:16862: g++ -c -g -O2  -fPIC -DPIC -DPIC conftest.cpp >&5
configure:16866: $? = 0
configure:16879: result: yes
configure:16902: checking if g++ static flag -static works
configure:16930: result: yes
configure:16942: checking if g++ supports -c -o file.o
configure:16963: g++ -c -g -O2  -o out/conftest2.o conftest.cpp >&5
configure:16967: $? = 0
configure:16989: result: yes
configure:16994: checking if g++ supports -c -o file.o
configure:17041: result: yes
configure:17071: checking whether the g++ linker (/usr/bin/ld -m elf_x86_64) supports shared libraries
configure:17111: result: yes
configure:17252: checking dynamic linker characteristics
configure:17997: result: GNU/Linux ld.so
configure:18062: checking how to hardcode library paths into programs
configure:18087: result: immediate
configure:18180: checking for g77
configure:18210: result: no
configure:18180: checking for xlf
configure:18210: result: no
configure:18180: checking for f77
configure:18210: result: no
configure:18180: checking for frt
configure:18210: result: no
configure:18180: checking for pgf77
configure:18210: result: no
configure:18180: checking for cf77
configure:18210: result: no
configure:18180: checking for fort77
configure:18210: result: no
configure:18180: checking for fl32
configure:18210: result: no
configure:18180: checking for af77
configure:18210: result: no
configure:18180: checking for xlf90
configure:18210: result: no
configure:18180: checking for f90
configure:18210: result: no
configure:18180: checking for pgf90
configure:18210: result: no
configure:18180: checking for pghpf
configure:18210: result: no
configure:18180: checking for epcf90
configure:18210: result: no
configure:18180: checking for gfortran
configure:18210: result: no
configure:18180: checking for g95
configure:18210: result: no
configure:18180: checking for xlf95
configure:18210: result: no
configure:18180: checking for f95
configure:18210: result: no
configure:18180: checking for fort
configure:18210: result: no
configure:18180: checking for ifort
configure:18210: result: no
configure:18180: checking for ifc
configure:18210: result: no
configure:18180: checking for efc
configure:18210: result: no
configure:18180: checking for pgfortran
configure:18210: result: no
configure:18180: checking for pgf95
configure:18210: result: no
configure:18180: checking for lf95
configure:18210: result: no
configure:18180: checking for ftn
configure:18210: result: no
configure:18180: checking for nagfor
configure:18210: result: no
configure:18233: checking for Fortran 77 compiler version
configure:18242:  --version >&5
./configure: line 18244: --version: command not found
configure:18253: $? = 127
configure:18242:  -v >&5
./configure: line 18244: -v: command not found
configure:18253: $? = 127
configure:18242:  -V >&5
./configure: line 18244: -V: command not found
configure:18253: $? = 127
configure:18242:  -qversion >&5
./configure: line 18244: -qversion: command not found
configure:18253: $? = 127
configure:18262: checking whether we are using the GNU Fortran 77 compiler
configure:18275:  -c  conftest.F >&5
./configure: line 2119: -c: command not found
configure:18275: $? = 127
configure: failed program was:
|       program main
| #ifndef __GNUC__
|        choke me
| #endif
| 
|       end
configure:18284: result: no
configure:18290: checking whether  accepts -g
configure:18301:  -c -g conftest.f >&5
./configure: line 2119: -c: command not found
configure:18301: $? = 127
configure: failed program was:
|       program main
| 
|       end
configure:18309: result: no
configure:21335: checking for gfortran
configure:21365: result: no
configure:21335: checking for g95
configure:21365: result: no
configure:21335: checking for xlf95
configure:21365: result: no
configure:21335: checking for f95
configure:21365: result: no
configure:21335: checking for fort
configure:21365: result: no
configure:21335: checking for ifort
configure:21365: result: no
configure:21335: checking for ifc
configure:21365: result: no
configure:21335: checking for efc
configure:21365: result: no
configure:21335: checking for pgfortran
configure:21365: result: no
configure:21335: checking for pgf95
configure:21365: result: no
configure:21335: checking for lf95
configure:21365: result: no
configure:21335: checking for ftn
configure:21365: result: no
configure:21335: checking for nagfor
configure:21365: result: no
configure:21335: checking for xlf90
configure:21365: result: no
configure:21335: checking for f90
configure:21365: result: no
configure:21335: checking for pgf90
configure:21365: result: no
configure:21335: checking for pghpf
configure:21365: result: no
configure:21335: checking for epcf90
configure:21365: result: no
configure:21335: checking for g77
configure:21365: result: no
configure:21335: checking for xlf
configure:21365: result: no
configure:21335: checking for f77
configure:21365: result: no
configure:21335: checking for frt
configure:21365: result: no
configure:21335: checking for pgf77
configure:21365: result: no
configure:21335: checking for cf77
configure:21365: result: no
configure:21335: checking for fort77
configure:21365: result: no
configure:21335: checking for fl32
configure:21365: result: no
configure:21335: checking for af77
configure:21365: result: no
configure:21388: checking for Fortran compiler version
configure:21397:  --version >&5
./configure: line 21399: --version: command not found
configure:21408: $? = 127
configure:21397:  -v >&5
./configure: line 21399: -v: command not found
configure:21408: $? = 127
configure:21397:  -V >&5
./configure: line 21399: -V: command not found
configure:21408: $? = 127
configure:21397:  -qversion >&5
./configure: line 21399: -qversion: command not found
configure:21408: $? = 127
configure:21417: checking whether we are using the GNU Fortran compiler
configure:21430:  -c   conftest.F >&5
./configure: line 2203: -c: command not found
configure:21430: $? = 127
configure: failed program was:
|       program main
| #ifndef __GNUC__
|        choke me
| #endif
| 
|       end
configure:21439: result: no
configure:21445: checking whether  accepts -g
configure:21456:  -c -g  conftest.f >&5
./configure: line 2203: -c: command not found
configure:21456: $? = 127
configure: failed program was:
|       program main
| 
|       end
configure:21464: result: no
configure:24628: checking for gccgo
configure:24658: result: no
configure:26856: checking for gcj
configure:26886: result: no
configure:29085: checking for windres
configure:29115: result: no
configure:29254: checking for C compiler option to allow warnings
configure:29262: gcc -g -O2  -c conftest.c 2>conftest1.err
configure:29265: $? = 0
configure:29268: gcc -g -O2  -Wno-error -c conftest.c 2>conftest2.err
configure:29271: $? = 0
configure:29281: result: -Wno-error
configure:29291: checking for C++ compiler option to allow warnings
configure:29299: g++ -g -O2  -c conftest.cc 2>conftest1.err
configure:29302: $? = 0
configure:29305: g++ -g -O2  -Wno-error -c conftest.cc 2>conftest2.err
configure:29308: $? = 0
configure:29318: result: -Wno-error
configure:29361: gcc -g -O2  -E conftest.c > conftest.out
configure:29364: $? = 0
configure:29573: checking that generated files are newer than configure
configure:29579: result: done
configure:29675: creating ./config.status

## ---------------------- ##
## Running config.status. ##
## ---------------------- ##

This file was extended by GNU Libtool config.status 2.4.7, which was
generated by GNU Autoconf 2.69.  Invocation command line was

  CONFIG_FILES    = 
  CONFIG_HEADERS  = 
  CONFIG_LINKS    = 
  CONFIG_COMMANDS = 
  $ ./config.status 

on c-69fb3838-1445a456-a9c8ad8c7a0c

config.status:1497: creating Makefile
config.status:1497: creating gnulib-tests/Makefile
config.status:1497: creating config.h
config.status:1678: config.h is unchanged
config.status:1757: executing tests/atconfig commands
config.status:1757: executing depfiles commands
config.status:1857: cd .       && sed -e '/# am--include-marker/d' Makefile         | make -f - am--depfiles
make: Nothing to be done for 'am--depfiles'.
config.status:1862: $? = 0
config.status:1757: executing libtool commands

## ---------------- ##
## Cache variables. ##
## ---------------- ##

ac_cv_build=x86_64-pc-linux-gnu
ac_cv_c_compiler_gnu=yes
ac_cv_cxx_compiler_gnu=yes
ac_cv_env_CCC_set=
ac_cv_env_CCC_value=
ac_cv_env_CC_set=
ac_cv_env_CC_value=
ac_cv_env_CFLAGS_set=
ac_cv_env_CFLAGS_value=
ac_cv_env_CPPFLAGS_set=
ac_cv_env_CPPFLAGS_value=
ac_cv_env_CPP_set=
ac_cv_env_CPP_value=
ac_cv_env_CXXCPP_set=
ac_cv_env_CXXCPP_value=
ac_cv_env_CXXFLAGS_set=
ac_cv_env_CXXFLAGS_value=
ac_cv_env_CXX_set=
ac_cv_env_CXX_value=
ac_cv_env_F77_set=
ac_cv_env_F77_value=
ac_cv_env_FCFLAGS_set=
ac_cv_env_FCFLAGS_value=
ac_cv_env_FC_set=
ac_cv_env_FC_value=
ac_cv_env_FFLAGS_set=
ac_cv_env_FFLAGS_value=
ac_cv_env_LDFLAGS_set=
ac_cv_env_LDFLAGS_value=
ac_cv_env_LIBS_set=
ac_cv_env_LIBS_value=
ac_cv_env_LT_SYS_LIBRARY_PATH_set=
ac_cv_env_LT_SYS_LIBRARY_PATH_value=
ac_cv_env_M4_set=
ac_cv_env_M4_value=
ac_cv_env_build_alias_set=
ac_cv_env_build_alias_value=
ac_cv_env_host_alias_set=
ac_cv_env_host_alias_value=
ac_cv_env_target_alias_set=
ac_cv_env_target_alias_value=
ac_cv_f77_compiler_gnu=no
ac_cv_fc_compiler_gnu=no
ac_cv_func_argz_add=yes
ac_cv_func_argz_append=yes
ac_cv_func_argz_count=yes
ac_cv_func_argz_create_sep=yes
ac_cv_func_argz_insert=yes
ac_cv_func_argz_next=yes
ac_cv_func_argz_stringify=yes
ac_cv_func_closedir=yes
ac_cv_func_dlerror=yes
ac_cv_func_dlopen=yes
ac_cv_func_opendir=yes
ac_cv_func_readdir=yes
ac_cv_func_shl_load=no
ac_cv_func_strlcat=yes
ac_cv_func_strlcpy=yes
ac_cv_header_argz_h=yes
ac_cv_header_dirent_h=yes
ac_cv_header_dl_h=no
ac_cv_header_dld_h=no
ac_cv_header_dlfcn_h=yes
ac_cv_header_inttypes_h=yes
ac_cv_header_mach_o_dyld_h=no
ac_cv_header_memory_h=yes
ac_cv_header_stdc=yes
ac_cv_header_stdint_h=yes
ac_cv_header_stdlib_h=yes
ac_cv_header_string_h=yes
ac_cv_header_strings_h=yes
ac_cv_header_sys_dl_h=no
ac_cv_header_sys_stat_h=yes
ac_cv_header_sys_types_h=yes
ac_cv_header_unistd_h=yes
ac_cv_host=x86_64-pc-linux-gnu
ac_cv_lib_dld_dld_link=no
ac_cv_lib_dld_shl_load=no
ac_cv_objext=o
ac_cv_path_EGREP='/usr/bin/grep -E'
ac_cv_path_FGREP='/usr/bin/grep -F'
ac_cv_path_GREP=/usr/bin/grep
ac_cv_path_M4=/usr/bin/m4
ac_cv_path_SED=/usr/bin/sed
ac_cv_path_install='/usr/bin/install -c'
ac_cv_path_lt_DD=/usr/bin/dd
ac_cv_path_mkdir=/usr/bin/mkdir
ac_cv_prog_AWK=mawk
ac_cv_prog_CPP='gcc -E'
ac_cv_prog_CXXCPP='g++ -E'
ac_cv_prog_ac_ct_AR=ar
ac_cv_prog_ac_ct_CC=gcc
ac_cv_prog_ac_ct_CXX=g++
ac_cv_prog_ac_ct_FILECMD=file
ac_cv_prog_ac_ct_OBJDUMP=objdump
ac_cv_prog_ac_ct_RANLIB=ranlib
ac_cv_prog_ac_ct_STRIP=strip
ac_cv_prog_cc_c89=
ac_cv_prog_cc_g=yes
ac_cv_prog_cxx_g=yes
ac_cv_prog_f77_g=no
ac_cv_prog_fc_g=no
ac_cv_prog_gnu_m4_debugfile=--debugfile
ac_cv_prog_gnu_m4_gnu=yes
ac_cv_prog_make_make_set=yes
ac_cv_search_dlopen='none required'
ac_cv_type_error_t=yes
am_cv_CC_dependencies_compiler_type=gcc3
am_cv_CXX_dependencies_compiler_type=gcc3
am_cv_make_support_nested_variables=yes
am_cv_prog_cc_c_o=yes
gl_cv_c_amsterdam_compiler=no
gl_cv_cc_wallow=-Wno-error
gl_cv_compiler_check_decl_option=none
gl_cv_compiler_clang=no
gl_cv_cxx_wallow=-Wno-error
libltdl_cv_lib_dl_dlopen=yes
libltdl_cv_preloaded_symbols=yes
libltdl_cv_shlibext=.so
libltdl_cv_shrext=.so
lt_cv_ar_at_file=@
lt_cv_archive_cmds_need_lc=no
lt_cv_deplibs_check_method=pass_all
lt_cv_dlopen=dlopen
lt_cv_dlopen_libs=
lt_cv_dlopen_self=yes
lt_cv_dlopen_self_static=no
lt_cv_file_magic_cmd='$MAGIC_CMD'
lt_cv_file_magic_test_file=
lt_cv_ld_reload_flag=-r
lt_cv_module_path_var=LD_LIBRARY_PATH
lt_cv_nm_interface='BSD nm'
lt_cv_objdir=.libs
lt_cv_path_LD=/usr/bin/ld
lt_cv_path_LDCXX='/usr/bin/ld -m elf_x86_64'
lt_cv_path_NM='/usr/bin/nm -B'
lt_cv_path_mainfest_tool=no
lt_cv_prog_compiler_c_o=yes
lt_cv_prog_compiler_c_o_CXX=yes
lt_cv_prog_compiler_c_o_RC=yes
lt_cv_prog_compiler_pic='-fPIC -DPIC'
lt_cv_prog_compiler_pic_CXX='-fPIC -DPIC'
lt_cv_prog_compiler_pic_works=yes
lt_cv_prog_compiler_pic_works_CXX=yes
lt_cv_prog_compiler_rtti_exceptions=no
lt_cv_prog_compiler_static_works=yes
lt_cv_prog_compiler_static_works_CXX=yes
lt_cv_prog_gnu_ld=yes
lt_cv_prog_gnu_ldcxx=yes
lt_cv_sharedlib_from_linklib_cmd='printf %s\n'
lt_cv_shlibpath_overrides_runpath=yes
lt_cv_sys_argz_works=yes
lt_cv_sys_dlopen_deplibs=yes
lt_cv_sys_dlsearch_path='/lib /usr/lib /usr/local/lib /usr/local/lib/x86_64-linux-gnu /lib/x86_64-linux-gnu /usr/lib/x86_64-linux-gnu '
lt_cv_sys_global_symbol_pipe='/usr/bin/sed -n -e '\''s/^.*[	 ]\([ABCDGIRSTW][ABCDGIRSTW]*\)[	 ][	 ]*\([_A-Za-z][_A-Za-z0-9]*\)$/\1 \2 \2/p'\'' | /usr/bin/sed '\''/ __gnu_lto/d'\'''
lt_cv_sys_global_symbol_to_c_name_address='/usr/bin/sed -n -e '\''s/^: \(.*\) .*$/  {"\1", (void *) 0},/p'\'' -e '\''s/^[ABCDGIRSTW][ABCDGIRSTW]* .* \(.*\)$/  {"\1", (void *) \&\1},/p'\'''
lt_cv_sys_global_symbol_to_c_name_address_lib_prefix='/usr/bin/sed -n -e '\''s/^: \(.*\) .*$/  {"\1", (void *) 0},/p'\'' -e '\''s/^[ABCDGIRSTW][ABCDGIRSTW]* .* \(lib.*\)$/  {"\1", (void *) \&\1},/p'\'' -e '\''s/^[ABCDGIRSTW][ABCDGIRSTW]* .* \(.*\)$/  {"lib\1", (void *) \&\1},/p'\'''
lt_cv_sys_global_symbol_to_cdecl='/usr/bin/sed -n -e '\''s/^T .* \(.*\)$/extern int \1();/p'\'' -e '\''s/^[ABCDGIRSTW][ABCDGIRSTW]* .* \(.*\)$/extern char \1;/p'\'''
lt_cv_sys_global_symbol_to_import=
lt_cv_sys_max_cmd_len=1572864
lt_cv_sys_symbol_underscore=no
lt_cv_to_host_file_cmd=func_convert_file_noop
lt_cv_to_tool_file_cmd=func_convert_file_noop
lt_cv_truncate_bin='/usr/bin/dd bs=4096 count=1'

## ----------------- ##
## Output variables. ##
## ----------------- ##

ACLOCAL='${SHELL} '\''/home/z/ulogd-build/deps/libtool-2.4.7/build-aux/missing'\'' aclocal-1.16'
AMDEPBACKSLASH='\'
AMDEP_FALSE='#'
AMDEP_TRUE=''
AMTAR='$${TAR-tar}'
AM_BACKSLASH='\'
AM_DEFAULT_V='$(AM_DEFAULT_VERBOSITY)'
AM_DEFAULT_VERBOSITY='0'
AM_V='$(V)'
AR='ar'
ARFLAGS='cr'
AS='as'
AUTOCONF='${SHELL} '\''/home/z/ulogd-build/deps/libtool-2.4.7/build-aux/missing'\'' autoconf'
AUTOHEADER='${SHELL} '\''/home/z/ulogd-build/deps/libtool-2.4.7/build-aux/missing'\'' autoheader'
AUTOM4TE='autom4te'
AUTOMAKE='${SHELL} '\''/home/z/ulogd-build/deps/libtool-2.4.7/build-aux/missing'\'' automake-1.16'
AUTOTEST='$(AUTOM4TE) --language=autotest'
AWK='mawk'
CC='gcc'
CCDEPMODE='depmode=gcc3'
CFLAGS='-g -O2'
CONFIG_INCLUDE='config.h'
CONFIG_STATUS_DEPENDENCIES='$(top_srcdir)/.version'
CONVENIENCE_LTDL_FALSE=''
CONVENIENCE_LTDL_TRUE='#'
CPP='gcc -E'
CPPFLAGS=''
CXX='g++'
CXXCPP='g++ -E'
CXXDEPMODE='depmode=gcc3'
CXXFLAGS='-g -O2'
CYGPATH_W='echo'
DEFS='-DHAVE_CONFIG_H'
DEPDIR='.deps'
DLLTOOL='false'
DSYMUTIL=''
DUMPBIN=''
ECHO_C=''
ECHO_N='-n'
ECHO_T=''
EGREP='/usr/bin/grep -E'
EXEEXT=''
F77=''
FC=''
FCFLAGS=''
FFLAGS=''
FGREP='/usr/bin/grep -F'
FILECMD='file'
GCJ=''
GCJFLAGS='-g -O2'
GL_CFLAG_ALLOW_WARNINGS='-Wno-error'
GL_CFLAG_GNULIB_WARNINGS=' -Wno-cast-qual -Wno-conversion -Wno-float-equal -Wno-sign-compare -Wno-undef -Wno-unused-function -Wno-unused-parameter -Wno-float-conversion -Wimplicit-fallthrough -Wno-pedantic -Wno-sign-conversion -Wno-type-limits -Wno-unsuffixed-float-constants'
GL_COND_LIBTOOL_FALSE='#'
GL_COND_LIBTOOL_TRUE=''
GL_CXXFLAG_ALLOW_WARNINGS='-Wno-error'
GL_LIBOBJDEPS=''
GL_LIBOBJS=''
GL_LTLIBOBJS=''
GLtests_LIBOBJDEPS=''
GLtests_LIBOBJS=''
GLtests_LTLIBOBJS=''
GLtests_WITNESS='IN_LIBTOOL_GNULIB_TESTS'
GOC=''
GREP='/usr/bin/grep'
HELP2MAN='${SHELL} '\''/home/z/ulogd-build/deps/libtool-2.4.7/build-aux/missing'\'' help2man'
INSTALL_DATA='${INSTALL} -m 644'
INSTALL_LTDL_FALSE='#'
INSTALL_LTDL_TRUE=''
INSTALL_PROGRAM='${INSTALL}'
INSTALL_SCRIPT='${INSTALL}'
INSTALL_STRIP_PROGRAM='$(install_sh) -c -s'
LD='/usr/bin/ld -m elf_x86_64'
LDFLAGS=''
LIBADD_DL=' '
LIBADD_DLD_LINK=''
LIBADD_DLOPEN=''
LIBADD_SHL_LOAD=''
LIBOBJS=''
LIBS=''
LIBTOOL='$(SHELL) $(top_builddir)/libtool'
LIPO=''
LN_S='ln -s'
LTDLOPEN='libltdl'
LTLIBOBJS=''
LT_ARGZ_H=''
LT_CONFIG_H='config.h'
LT_DLLOADERS=' libltdl/dlopen.la'
LT_DLPREOPEN='-dlpreopen libltdl/dlopen.la '
LT_SYS_LIBRARY_PATH=''
M4='/usr/bin/m4'
M4_DEBUGFILE='--debugfile'
M4_GNU='--gnu'
MAKEINFO='${SHELL} '\''/home/z/ulogd-build/deps/libtool-2.4.7/build-aux/missing'\'' makeinfo'
MANIFEST_TOOL=':'
MKDIR_P='/usr/bin/mkdir -p'
NM='/usr/bin/nm -B'
NMEDIT=''
OBJDUMP='objdump'
OBJEXT='o'
OTOOL64=''
OTOOL=''
PACKAGE='libtool'
PACKAGE_BUGREPORT='bug-libtool@gnu.org'
PACKAGE_NAME='GNU Libtool'
PACKAGE_STRING='GNU Libtool 2.4.7'
PACKAGE_TARNAME='libtool'
PACKAGE_URL='http://www.gnu.org/software/libtool/'
PACKAGE_VERSION='2.4.7'
PATH_SEPARATOR=':'
RANLIB='ranlib'
RC=''
SED='/usr/bin/sed'
SET_MAKE=''
SHELL='/bin/bash'
STRIP='strip'
VERSION='2.4.7'
abs_aux_dir='/home/z/ulogd-build/deps/libtool-2.4.7/build-aux'
ac_ct_AR='ar'
ac_ct_CC='gcc'
ac_ct_CXX='g++'
ac_ct_DUMPBIN=''
ac_ct_F77=''
ac_ct_FC=''
aclocaldir='$(datadir)/aclocal'
am__EXEEXT_FALSE=''
am__EXEEXT_TRUE='#'
am__fastdepCC_FALSE='#'
am__fastdepCC_TRUE=''
am__fastdepCXX_FALSE='#'
am__fastdepCXX_TRUE=''
am__include='include'
am__isrc=''
am__leading_dot='.'
am__nodep='_no'
am__quote=''
am__tar='$${TAR-tar} chof - "$$tardir"'
am__untar='$${TAR-tar} xf -'
aux_dir='build-aux'
bindir='${exec_prefix}/bin'
build='x86_64-pc-linux-gnu'
build_alias=''
build_cpu='x86_64'
build_os='linux-gnu'
build_vendor='pc'
datadir='${datarootdir}'
datarootdir='${prefix}/share'
docdir='${datarootdir}/doc/${PACKAGE_TARNAME}'
dvidir='${docdir}'
exec_prefix='${prefix}'
host='x86_64-pc-linux-gnu'
host_alias=''
host_cpu='x86_64'
host_os='linux-gnu'
host_vendor='pc'
htmldir='${docdir}'
includedir='${prefix}/include'
infodir='${datarootdir}/info'
install_sh='${SHELL} /home/z/ulogd-build/deps/libtool-2.4.7/build-aux/install-sh'
libdir='${exec_prefix}/lib'
libexecdir='${exec_prefix}/libexec'
localedir='${datarootdir}/locale'
localstatedir='${prefix}/var'
ltdl_dir='libltdl'
macro_dir='m4'
mandir='${datarootdir}/man'
mkdir_p='$(MKDIR_P)'
oldincludedir='/usr/include'
package_revision='2.4.7'
pdfdir='${docdir}'
pkgaux_scripts='compile config.guess config.sub depcomp install-sh missing'
pkgdatadir='$(datadir)/libtool'
prefix='/home/z/ulogd-build/install'
program_transform_name='s,x,x,'
psdir='${docdir}'
runstatedir='${localstatedir}/run'
sbindir='${exec_prefix}/sbin'
sharedstatedir='${prefix}/com'
sys_symbol_underscore='no'
sysconfdir='${prefix}/etc'
target_alias=''
to_host_file_cmd='func_convert_file_noop'
to_tool_file_cmd='func_convert_file_noop'
with_aix_soname='aix'

## ----------- ##
## confdefs.h. ##
## ----------- ##

/* confdefs.h */
#define PACKAGE_NAME "GNU Libtool"
#define PACKAGE_TARNAME "libtool"
#define PACKAGE_VERSION "2.4.7"
#define PACKAGE_STRING "GNU Libtool 2.4.7"
#define PACKAGE_BUGREPORT "bug-libtool@gnu.org"
#define PACKAGE_URL "http://www.gnu.org/software/libtool/"
#define PACKAGE "libtool"
#define VERSION "2.4.7"
#define STDC_HEADERS 1
#define HAVE_SYS_TYPES_H 1
#define HAVE_SYS_STAT_H 1
#define HAVE_STDLIB_H 1
#define HAVE_STRING_H 1
#define HAVE_MEMORY_H 1
#define HAVE_STRINGS_H 1
#define HAVE_INTTYPES_H 1
#define HAVE_STDINT_H 1
#define HAVE_UNISTD_H 1
#define HAVE_DLFCN_H 1
#define LT_OBJDIR ".libs/"
#define LT_MODULE_EXT ".so"
#define LT_MODULE_PATH_VAR "LD_LIBRARY_PATH"
#define LT_DLSEARCH_PATH "/lib:/usr/lib:/usr/local/lib:/usr/local/lib/x86_64-linux-gnu:/lib/x86_64-linux-gnu:/usr/lib/x86_64-linux-gnu"
#define HAVE_LIBDL 1
#define HAVE_DLERROR 1
#define HAVE_LIBDLLOADER 1
#define HAVE_ARGZ_H 1
#define HAVE_ERROR_T 1
#define HAVE_ARGZ_ADD 1
#define HAVE_ARGZ_APPEND 1
#define HAVE_ARGZ_COUNT 1
#define HAVE_ARGZ_CREATE_SEP 1
#define HAVE_ARGZ_INSERT 1
#define HAVE_ARGZ_NEXT 1
#define HAVE_ARGZ_STRINGIFY 1
#define HAVE_WORKING_ARGZ 1
#define HAVE_PRELOADED_SYMBOLS 1
#define HAVE_UNISTD_H 1
#define HAVE_DIRENT_H 1
#define HAVE_CLOSEDIR 1
#define HAVE_OPENDIR 1
#define HAVE_READDIR 1
#define HAVE_STRLCAT 1
#define HAVE_STRLCPY 1
#define LT_LIBEXT "a"
#define LT_LIBPREFIX "lib"

configure: exit 0
