Thu Apr 30 14:26:12 2026 : Warning: Shared secret for client localhost is short, and likely can be broken by an attacker.
Thu Apr 30 14:26:12 2026 : Warning: Shared secret for client localhost_ipv6 is short, and likely can be broken by an attacker.
Thu Apr 30 14:26:12 2026 : Info: Debugger not attached
Thu Apr 30 14:26:12 2026 : Info: rlm_sql (sql): Driver rlm_sql_postgresql (module rlm_sql_postgresql) loaded and linked
Thu Apr 30 14:26:12 2026 : Info: rlm_sql (sql): Attempting to connect to database "dbname=staysuite host=localhost port=5432 user=postgres password=postgres"
Thu Apr 30 14:26:12 2026 : Info: Loaded virtual server <default>
Thu Apr 30 14:26:12 2026 : Warning: Ignoring "ldap" (see raddb/mods-available/README.rst)
Thu Apr 30 14:26:12 2026 : Info:  # Skipping contents of 'if' as it is always 'false' -- freeradius-install/etc/raddb/sites-enabled/inner-tunnel:377
Thu Apr 30 14:26:12 2026 : Info: Loaded virtual server inner-tunnel
Thu Apr 30 14:26:12 2026 : Info: Loaded virtual server default
Thu Apr 30 14:26:12 2026 : Info: Loaded virtual server coa
Thu Apr 30 14:26:16 2026 : Warning: Shared secret for client localhost is short, and likely can be broken by an attacker.
Thu Apr 30 14:26:16 2026 : Warning: Shared secret for client localhost_ipv6 is short, and likely can be broken by an attacker.
Thu Apr 30 14:26:16 2026 : Info: Debugger not attached
Thu Apr 30 14:26:16 2026 : Info: rlm_sql (sql): Driver rlm_sql_postgresql (module rlm_sql_postgresql) loaded and linked
Thu Apr 30 14:26:16 2026 : Info: rlm_sql (sql): Attempting to connect to database "dbname=staysuite host=localhost port=5432 user=postgres password=postgres"
Thu Apr 30 14:26:16 2026 : Info: Loaded virtual server <default>
Thu Apr 30 14:26:16 2026 : Warning: Ignoring "ldap" (see raddb/mods-available/README.rst)
Thu Apr 30 14:26:16 2026 : Info:  # Skipping contents of 'if' as it is always 'false' -- /home/z/my-project/freeradius-install/etc/raddb/sites-enabled/inner-tunnel:377
Thu Apr 30 14:26:16 2026 : Info: Loaded virtual server inner-tunnel
Thu Apr 30 14:26:16 2026 : Info: Loaded virtual server default
Thu Apr 30 14:26:16 2026 : Info: Loaded virtual server coa
Thu Apr 30 14:26:16 2026 : Info: Ready to process requests
Thu Apr 30 14:37:48 2026 : Warning: Shared secret for client localhost is short, and likely can be broken by an attacker.
Thu Apr 30 14:37:48 2026 : Warning: Shared secret for client localhost_ipv6 is short, and likely can be broken by an attacker.
Thu Apr 30 14:37:48 2026 : Info: Debugger not attached
Thu Apr 30 14:37:48 2026 : Info: rlm_sql (sql): Driver rlm_sql_postgresql (module rlm_sql_postgresql) loaded and linked
Thu Apr 30 14:37:48 2026 : Info: rlm_sql (sql): Attempting to connect to database "radius"
Thu Apr 30 14:37:48 2026 : Error: rlm_sql_postgresql: Connection failed: connection to server on socket "/var/run/postgresql/.s.PGSQL.5432" failed: No such file or directory 	Is the server running locally and accepting connections on that socket? 
Thu Apr 30 14:37:48 2026 : Error: rlm_sql (sql): Opening connection failed (0)
Thu Apr 30 14:37:48 2026 : Error: /home/z/my-project/freeradius-install/etc/raddb/mods-enabled/sql[5]: Instantiation failed for module "sql"
Thu Apr 30 14:37:48 2026 : Warning: Shared secret for client localhost is short, and likely can be broken by an attacker.
Thu Apr 30 14:37:48 2026 : Warning: Shared secret for client localhost_ipv6 is short, and likely can be broken by an attacker.
Thu Apr 30 14:37:48 2026 : Info: Debugger not attached
Thu Apr 30 14:37:48 2026 : Info: rlm_sql (sql): Driver rlm_sql_postgresql (module rlm_sql_postgresql) loaded and linked
Thu Apr 30 14:37:48 2026 : Info: rlm_sql (sql): Attempting to connect to database "radius"
Thu Apr 30 14:37:48 2026 : Error: rlm_sql_postgresql: Connection failed: connection to server on socket "/var/run/postgresql/.s.PGSQL.5432" failed: No such file or directory 	Is the server running locally and accepting connections on that socket? 
Thu Apr 30 14:37:48 2026 : Error: rlm_sql (sql): Opening connection failed (0)
Thu Apr 30 14:37:48 2026 : Error: /home/z/my-project/freeradius-install/etc/raddb/mods-enabled/sql[5]: Instantiation failed for module "sql"
Thu Apr 30 14:37:48 2026 : Warning: Shared secret for client localhost is short, and likely can be broken by an attacker.
Thu Apr 30 14:37:48 2026 : Warning: Shared secret for client localhost_ipv6 is short, and likely can be broken by an attacker.
Thu Apr 30 14:37:48 2026 : Info: Debugger not attached
Thu Apr 30 14:37:48 2026 : Info: rlm_sql (sql): Driver rlm_sql_postgresql (module rlm_sql_postgresql) loaded and linked
Thu Apr 30 14:37:48 2026 : Info: rlm_sql (sql): Attempting to connect to database "radius"
Thu Apr 30 14:37:48 2026 : Error: rlm_sql_postgresql: Connection failed: connection to server on socket "/var/run/postgresql/.s.PGSQL.5432" failed: No such file or directory 	Is the server running locally and accepting connections on that socket? 
Thu Apr 30 14:37:48 2026 : Error: rlm_sql (sql): Opening connection failed (0)
Thu Apr 30 14:37:48 2026 : Error: /home/z/my-project/freeradius-install/etc/raddb/mods-enabled/sql[5]: Instantiation failed for module "sql"
Thu Apr 30 14:37:48 2026 : Warning: Shared secret for client localhost is short, and likely can be broken by an attacker.
Thu Apr 30 14:37:48 2026 : Warning: Shared secret for client localhost_ipv6 is short, and likely can be broken by an attacker.
Thu Apr 30 14:37:48 2026 : Info: Debugger not attached
Thu Apr 30 14:37:48 2026 : Info: rlm_sql (sql): Driver rlm_sql_postgresql (module rlm_sql_postgresql) loaded and linked
Thu Apr 30 14:37:48 2026 : Info: rlm_sql (sql): Attempting to connect to database "radius"
Thu Apr 30 14:37:48 2026 : Error: rlm_sql_postgresql: Connection failed: connection to server on socket "/var/run/postgresql/.s.PGSQL.5432" failed: No such file or directory 	Is the server running locally and accepting connections on that socket? 
Thu Apr 30 14:37:48 2026 : Error: rlm_sql (sql): Opening connection failed (0)
Thu Apr 30 14:37:48 2026 : Error: /home/z/my-project/freeradius-install/etc/raddb/mods-enabled/sql[5]: Instantiation failed for module "sql"
Thu Apr 30 14:37:48 2026 : Warning: Shared secret for client localhost is short, and likely can be broken by an attacker.
Thu Apr 30 14:37:48 2026 : Warning: Shared secret for client localhost_ipv6 is short, and likely can be broken by an attacker.
Thu Apr 30 14:37:48 2026 : Info: Debugger not attached
Thu Apr 30 14:37:48 2026 : Info: rlm_sql (sql): Driver rlm_sql_postgresql (module rlm_sql_postgresql) loaded and linked
Thu Apr 30 14:37:48 2026 : Info: rlm_sql (sql): Attempting to connect to database "radius"
Thu Apr 30 14:37:48 2026 : Error: rlm_sql_postgresql: Connection failed: connection to server on socket "/var/run/postgresql/.s.PGSQL.5432" failed: No such file or directory 	Is the server running locally and accepting connections on that socket? 
Thu Apr 30 14:37:48 2026 : Error: rlm_sql (sql): Opening connection failed (0)
Thu Apr 30 14:37:48 2026 : Error: /home/z/my-project/freeradius-install/etc/raddb/mods-enabled/sql[5]: Instantiation failed for module "sql"
Thu Apr 30 14:37:48 2026 : Warning: Shared secret for client localhost is short, and likely can be broken by an attacker.
Thu Apr 30 14:37:48 2026 : Warning: Shared secret for client localhost_ipv6 is short, and likely can be broken by an attacker.
Thu Apr 30 14:37:48 2026 : Info: Debugger not attached
Thu Apr 30 14:37:48 2026 : Info: rlm_sql (sql): Driver rlm_sql_postgresql (module rlm_sql_postgresql) loaded and linked
Thu Apr 30 14:37:48 2026 : Info: rlm_sql (sql): Attempting to connect to database "radius"
Thu Apr 30 14:37:48 2026 : Error: rlm_sql_postgresql: Connection failed: connection to server on socket "/var/run/postgresql/.s.PGSQL.5432" failed: No such file or directory 	Is the server running locally and accepting connections on that socket? 
Thu Apr 30 14:37:48 2026 : Error: rlm_sql (sql): Opening connection failed (0)
Thu Apr 30 14:37:48 2026 : Error: /home/z/my-project/freeradius-install/etc/raddb/mods-enabled/sql[5]: Instantiation failed for module "sql"
Thu Apr 30 14:37:48 2026 : Warning: Shared secret for client localhost is short, and likely can be broken by an attacker.
Thu Apr 30 14:37:48 2026 : Warning: Shared secret for client localhost_ipv6 is short, and likely can be broken by an attacker.
Thu Apr 30 14:37:48 2026 : Info: Debugger not attached
Thu Apr 30 14:37:48 2026 : Info: rlm_sql (sql): Driver rlm_sql_postgresql (module rlm_sql_postgresql) loaded and linked
Thu Apr 30 14:37:48 2026 : Info: rlm_sql (sql): Attempting to connect to database "radius"
Thu Apr 30 14:37:48 2026 : Error: rlm_sql_postgresql: Connection failed: connection to server on socket "/var/run/postgresql/.s.PGSQL.5432" failed: No such file or directory 	Is the server running locally and accepting connections on that socket? 
Thu Apr 30 14:37:48 2026 : Error: rlm_sql (sql): Opening connection failed (0)
Thu Apr 30 14:37:48 2026 : Error: /home/z/my-project/freeradius-install/etc/raddb/mods-enabled/sql[5]: Instantiation failed for module "sql"
Thu Apr 30 14:37:48 2026 : Warning: Shared secret for client localhost is short, and likely can be broken by an attacker.
Thu Apr 30 14:37:48 2026 : Warning: Shared secret for client localhost_ipv6 is short, and likely can be broken by an attacker.
Thu Apr 30 14:37:48 2026 : Info: Debugger not attached
Thu Apr 30 14:37:48 2026 : Info: rlm_sql (sql): Driver rlm_sql_postgresql (module rlm_sql_postgresql) loaded and linked
Thu Apr 30 14:37:48 2026 : Info: rlm_sql (sql): Attempting to connect to database "radius"
Thu Apr 30 14:37:48 2026 : Error: rlm_sql_postgresql: Connection failed: connection to server on socket "/var/run/postgresql/.s.PGSQL.5432" failed: No such file or directory 	Is the server running locally and accepting connections on that socket? 
Thu Apr 30 14:37:48 2026 : Error: rlm_sql (sql): Opening connection failed (0)
Thu Apr 30 14:37:48 2026 : Error: /home/z/my-project/freeradius-install/etc/raddb/mods-enabled/sql[5]: Instantiation failed for module "sql"
Thu Apr 30 14:37:48 2026 : Warning: Shared secret for client localhost is short, and likely can be broken by an attacker.
Thu Apr 30 14:37:48 2026 : Warning: Shared secret for client localhost_ipv6 is short, and likely can be broken by an attacker.
Thu Apr 30 14:37:48 2026 : Info: Debugger not attached
Thu Apr 30 14:37:48 2026 : Info: rlm_sql (sql): Driver rlm_sql_postgresql (module rlm_sql_postgresql) loaded and linked
Thu Apr 30 14:37:48 2026 : Info: rlm_sql (sql): Attempting to connect to database "radius"
Thu Apr 30 14:37:48 2026 : Error: rlm_sql_postgresql: Connection failed: connection to server on socket "/var/run/postgresql/.s.PGSQL.5432" failed: No such file or directory 	Is the server running locally and accepting connections on that socket? 
Thu Apr 30 14:37:48 2026 : Error: rlm_sql (sql): Opening connection failed (0)
Thu Apr 30 14:37:48 2026 : Error: /home/z/my-project/freeradius-install/etc/raddb/mods-enabled/sql[5]: Instantiation failed for module "sql"
Thu Apr 30 14:37:48 2026 : Warning: Shared secret for client localhost is short, and likely can be broken by an attacker.
Thu Apr 30 14:37:48 2026 : Warning: Shared secret for client localhost_ipv6 is short, and likely can be broken by an attacker.
Thu Apr 30 14:37:48 2026 : Info: Debugger not attached
Thu Apr 30 14:37:48 2026 : Info: rlm_sql (sql): Driver rlm_sql_postgresql (module rlm_sql_postgresql) loaded and linked
Thu Apr 30 14:37:48 2026 : Info: rlm_sql (sql): Attempting to connect to database "radius"
Thu Apr 30 14:37:48 2026 : Error: rlm_sql_postgresql: Connection failed: connection to server on socket "/var/run/postgresql/.s.PGSQL.5432" failed: No such file or directory 	Is the server running locally and accepting connections on that socket? 
Thu Apr 30 14:37:48 2026 : Error: rlm_sql (sql): Opening connection failed (0)
Thu Apr 30 14:37:48 2026 : Error: /home/z/my-project/freeradius-install/etc/raddb/mods-enabled/sql[5]: Instantiation failed for module "sql"
Thu Apr 30 14:37:48 2026 : Warning: Shared secret for client localhost is short, and likely can be broken by an attacker.
Thu Apr 30 14:37:48 2026 : Warning: Shared secret for client localhost_ipv6 is short, and likely can be broken by an attacker.
Thu Apr 30 14:37:48 2026 : Info: Debugger not attached
Thu Apr 30 14:37:48 2026 : Info: rlm_sql (sql): Driver rlm_sql_postgresql (module rlm_sql_postgresql) loaded and linked
Thu Apr 30 14:37:48 2026 : Info: rlm_sql (sql): Attempting to connect to database "radius"
Thu Apr 30 14:37:48 2026 : Error: rlm_sql_postgresql: Connection failed: connection to server on socket "/var/run/postgresql/.s.PGSQL.5432" failed: No such file or directory 	Is the server running locally and accepting connections on that socket? 
Thu Apr 30 14:37:48 2026 : Error: rlm_sql (sql): Opening connection failed (0)
Thu Apr 30 14:37:48 2026 : Error: /home/z/my-project/freeradius-install/etc/raddb/mods-enabled/sql[5]: Instantiation failed for module "sql"
Thu Apr 30 14:37:48 2026 : Warning: Shared secret for client localhost is short, and likely can be broken by an attacker.
Thu Apr 30 14:37:48 2026 : Warning: Shared secret for client localhost_ipv6 is short, and likely can be broken by an attacker.
Thu Apr 30 14:37:48 2026 : Info: Debugger not attached
Thu Apr 30 14:37:48 2026 : Info: rlm_sql (sql): Driver rlm_sql_postgresql (module rlm_sql_postgresql) loaded and linked
Thu Apr 30 14:37:48 2026 : Info: rlm_sql (sql): Attempting to connect to database "radius"
Thu Apr 30 14:37:48 2026 : Error: rlm_sql_postgresql: Connection failed: connection to server on socket "/var/run/postgresql/.s.PGSQL.5432" failed: No such file or directory 	Is the server running locally and accepting connections on that socket? 
Thu Apr 30 14:37:48 2026 : Error: rlm_sql (sql): Opening connection failed (0)
Thu Apr 30 14:37:48 2026 : Error: /home/z/my-project/freeradius-install/etc/raddb/mods-enabled/sql[5]: Instantiation failed for module "sql"
Thu Apr 30 14:37:48 2026 : Warning: Shared secret for client localhost is short, and likely can be broken by an attacker.
Thu Apr 30 14:37:48 2026 : Warning: Shared secret for client localhost_ipv6 is short, and likely can be broken by an attacker.
Thu Apr 30 14:37:48 2026 : Info: Debugger not attached
Thu Apr 30 14:37:48 2026 : Info: rlm_sql (sql): Driver rlm_sql_postgresql (module rlm_sql_postgresql) loaded and linked
Thu Apr 30 14:37:48 2026 : Info: rlm_sql (sql): Attempting to connect to database "radius"
Thu Apr 30 14:37:48 2026 : Error: rlm_sql_postgresql: Connection failed: connection to server on socket "/var/run/postgresql/.s.PGSQL.5432" failed: No such file or directory 	Is the server running locally and accepting connections on that socket? 
Thu Apr 30 14:37:48 2026 : Error: rlm_sql (sql): Opening connection failed (0)
Thu Apr 30 14:37:48 2026 : Error: /home/z/my-project/freeradius-install/etc/raddb/mods-enabled/sql[5]: Instantiation failed for module "sql"
Thu Apr 30 14:37:48 2026 : Warning: Shared secret for client localhost is short, and likely can be broken by an attacker.
Thu Apr 30 14:37:48 2026 : Warning: Shared secret for client localhost_ipv6 is short, and likely can be broken by an attacker.
Thu Apr 30 14:37:48 2026 : Info: Debugger not attached
Thu Apr 30 14:37:48 2026 : Info: rlm_sql (sql): Driver rlm_sql_postgresql (module rlm_sql_postgresql) loaded and linked
Thu Apr 30 14:37:48 2026 : Info: rlm_sql (sql): Attempting to connect to database "radius"
Thu Apr 30 14:37:48 2026 : Error: rlm_sql_postgresql: Connection failed: connection to server on socket "/var/run/postgresql/.s.PGSQL.5432" failed: No such file or directory 	Is the server running locally and accepting connections on that socket? 
Thu Apr 30 14:37:48 2026 : Error: rlm_sql (sql): Opening connection failed (0)
Thu Apr 30 14:37:48 2026 : Error: /home/z/my-project/freeradius-install/etc/raddb/mods-enabled/sql[5]: Instantiation failed for module "sql"
Thu Apr 30 14:37:48 2026 : Warning: Shared secret for client localhost is short, and likely can be broken by an attacker.
Thu Apr 30 14:37:48 2026 : Warning: Shared secret for client localhost_ipv6 is short, and likely can be broken by an attacker.
Thu Apr 30 14:37:48 2026 : Info: Debugger not attached
Thu Apr 30 14:37:48 2026 : Info: rlm_sql (sql): Driver rlm_sql_postgresql (module rlm_sql_postgresql) loaded and linked
Thu Apr 30 14:37:48 2026 : Info: rlm_sql (sql): Attempting to connect to database "radius"
Thu Apr 30 14:37:48 2026 : Error: rlm_sql_postgresql: Connection failed: connection to server on socket "/var/run/postgresql/.s.PGSQL.5432" failed: No such file or directory 	Is the server running locally and accepting connections on that socket? 
Thu Apr 30 14:37:48 2026 : Error: rlm_sql (sql): Opening connection failed (0)
Thu Apr 30 14:37:48 2026 : Error: /home/z/my-project/freeradius-install/etc/raddb/mods-enabled/sql[5]: Instantiation failed for module "sql"
Thu Apr 30 14:38:16 2026 : Warning: Shared secret for client localhost is short, and likely can be broken by an attacker.
Thu Apr 30 14:38:16 2026 : Warning: Shared secret for client localhost_ipv6 is short, and likely can be broken by an attacker.
Thu Apr 30 14:38:16 2026 : Info: Debugger not attached
Thu Apr 30 14:38:16 2026 : Info: rlm_sql (sql): Driver rlm_sql_postgresql (module rlm_sql_postgresql) loaded and linked
Thu Apr 30 14:38:16 2026 : Info: rlm_sql (sql): Attempting to connect to database "radius"
Thu Apr 30 14:38:16 2026 : Error: rlm_sql_postgresql: Connection failed: connection to server on socket "/var/run/postgresql/.s.PGSQL.5432" failed: No such file or directory 	Is the server running locally and accepting connections on that socket? 
Thu Apr 30 14:38:16 2026 : Error: rlm_sql (sql): Opening connection failed (0)
Thu Apr 30 14:38:16 2026 : Error: /home/z/my-project/freeradius-install/etc/raddb/mods-enabled/sql[5]: Instantiation failed for module "sql"
Thu Apr 30 14:38:16 2026 : Warning: Shared secret for client localhost is short, and likely can be broken by an attacker.
Thu Apr 30 14:38:16 2026 : Warning: Shared secret for client localhost_ipv6 is short, and likely can be broken by an attacker.
Thu Apr 30 14:38:16 2026 : Info: Debugger not attached
Thu Apr 30 14:38:16 2026 : Info: rlm_sql (sql): Driver rlm_sql_postgresql (module rlm_sql_postgresql) loaded and linked
Thu Apr 30 14:38:16 2026 : Info: rlm_sql (sql): Attempting to connect to database "radius"
Thu Apr 30 14:38:16 2026 : Error: rlm_sql_postgresql: Connection failed: connection to server on socket "/var/run/postgresql/.s.PGSQL.5432" failed: No such file or directory 	Is the server running locally and accepting connections on that socket? 
Thu Apr 30 14:38:16 2026 : Error: rlm_sql (sql): Opening connection failed (0)
Thu Apr 30 14:38:16 2026 : Error: /home/z/my-project/freeradius-install/etc/raddb/mods-enabled/sql[5]: Instantiation failed for module "sql"
Thu Apr 30 14:38:16 2026 : Warning: Shared secret for client localhost is short, and likely can be broken by an attacker.
Thu Apr 30 14:38:16 2026 : Warning: Shared secret for client localhost_ipv6 is short, and likely can be broken by an attacker.
Thu Apr 30 14:38:16 2026 : Info: Debugger not attached
Thu Apr 30 14:38:16 2026 : Info: rlm_sql (sql): Driver rlm_sql_postgresql (module rlm_sql_postgresql) loaded and linked
Thu Apr 30 14:38:16 2026 : Info: rlm_sql (sql): Attempting to connect to database "radius"
Thu Apr 30 14:38:16 2026 : Error: rlm_sql_postgresql: Connection failed: connection to server on socket "/var/run/postgresql/.s.PGSQL.5432" failed: No such file or directory 	Is the server running locally and accepting connections on that socket? 
Thu Apr 30 14:38:16 2026 : Error: rlm_sql (sql): Opening connection failed (0)
Thu Apr 30 14:38:16 2026 : Error: /home/z/my-project/freeradius-install/etc/raddb/mods-enabled/sql[5]: Instantiation failed for module "sql"
Thu Apr 30 14:38:16 2026 : Warning: Shared secret for client localhost is short, and likely can be broken by an attacker.
Thu Apr 30 14:38:16 2026 : Warning: Shared secret for client localhost_ipv6 is short, and likely can be broken by an attacker.
Thu Apr 30 14:38:16 2026 : Info: Debugger not attached
Thu Apr 30 14:38:16 2026 : Info: rlm_sql (sql): Driver rlm_sql_postgresql (module rlm_sql_postgresql) loaded and linked
Thu Apr 30 14:38:16 2026 : Info: rlm_sql (sql): Attempting to connect to database "radius"
Thu Apr 30 14:38:16 2026 : Error: rlm_sql_postgresql: Connection failed: connection to server on socket "/var/run/postgresql/.s.PGSQL.5432" failed: No such file or directory 	Is the server running locally and accepting connections on that socket? 
Thu Apr 30 14:38:16 2026 : Error: rlm_sql (sql): Opening connection failed (0)
Thu Apr 30 14:38:16 2026 : Error: /home/z/my-project/freeradius-install/etc/raddb/mods-enabled/sql[5]: Instantiation failed for module "sql"
Thu Apr 30 14:38:16 2026 : Warning: Shared secret for client localhost is short, and likely can be broken by an attacker.
Thu Apr 30 14:38:16 2026 : Warning: Shared secret for client localhost_ipv6 is short, and likely can be broken by an attacker.
Thu Apr 30 14:38:16 2026 : Info: Debugger not attached
Thu Apr 30 14:38:16 2026 : Info: rlm_sql (sql): Driver rlm_sql_postgresql (module rlm_sql_postgresql) loaded and linked
Thu Apr 30 14:38:16 2026 : Info: rlm_sql (sql): Attempting to connect to database "radius"
Thu Apr 30 14:38:16 2026 : Error: rlm_sql_postgresql: Connection failed: connection to server on socket "/var/run/postgresql/.s.PGSQL.5432" failed: No such file or directory 	Is the server running locally and accepting connections on that socket? 
Thu Apr 30 14:38:16 2026 : Error: rlm_sql (sql): Opening connection failed (0)
Thu Apr 30 14:38:16 2026 : Error: /home/z/my-project/freeradius-install/etc/raddb/mods-enabled/sql[5]: Instantiation failed for module "sql"
Thu Apr 30 14:38:16 2026 : Warning: Shared secret for client localhost is short, and likely can be broken by an attacker.
Thu Apr 30 14:38:16 2026 : Warning: Shared secret for client localhost_ipv6 is short, and likely can be broken by an attacker.
Thu Apr 30 14:38:16 2026 : Info: Debugger not attached
Thu Apr 30 14:38:16 2026 : Info: rlm_sql (sql): Driver rlm_sql_postgresql (module rlm_sql_postgresql) loaded and linked
Thu Apr 30 14:38:16 2026 : Info: rlm_sql (sql): Attempting to connect to database "radius"
Thu Apr 30 14:38:16 2026 : Error: rlm_sql_postgresql: Connection failed: connection to server on socket "/var/run/postgresql/.s.PGSQL.5432" failed: No such file or directory 	Is the server running locally and accepting connections on that socket? 
Thu Apr 30 14:38:16 2026 : Error: rlm_sql (sql): Opening connection failed (0)
Thu Apr 30 14:38:16 2026 : Error: /home/z/my-project/freeradius-install/etc/raddb/mods-enabled/sql[5]: Instantiation failed for module "sql"
Thu Apr 30 14:38:16 2026 : Warning: Shared secret for client localhost is short, and likely can be broken by an attacker.
Thu Apr 30 14:38:16 2026 : Warning: Shared secret for client localhost_ipv6 is short, and likely can be broken by an attacker.
Thu Apr 30 14:38:16 2026 : Info: Debugger not attached
Thu Apr 30 14:38:16 2026 : Info: rlm_sql (sql): Driver rlm_sql_postgresql (module rlm_sql_postgresql) loaded and linked
Thu Apr 30 14:38:16 2026 : Info: rlm_sql (sql): Attempting to connect to database "radius"
Thu Apr 30 14:38:16 2026 : Error: rlm_sql_postgresql: Connection failed: connection to server on socket "/var/run/postgresql/.s.PGSQL.5432" failed: No such file or directory 	Is the server running locally and accepting connections on that socket? 
Thu Apr 30 14:38:16 2026 : Error: rlm_sql (sql): Opening connection failed (0)
Thu Apr 30 14:38:16 2026 : Error: /home/z/my-project/freeradius-install/etc/raddb/mods-enabled/sql[5]: Instantiation failed for module "sql"
Thu Apr 30 14:38:16 2026 : Warning: Shared secret for client localhost is short, and likely can be broken by an attacker.
Thu Apr 30 14:38:16 2026 : Warning: Shared secret for client localhost_ipv6 is short, and likely can be broken by an attacker.
Thu Apr 30 14:38:16 2026 : Info: Debugger not attached
Thu Apr 30 14:38:16 2026 : Info: rlm_sql (sql): Driver rlm_sql_postgresql (module rlm_sql_postgresql) loaded and linked
Thu Apr 30 14:38:16 2026 : Info: rlm_sql (sql): Attempting to connect to database "radius"
Thu Apr 30 14:38:16 2026 : Error: rlm_sql_postgresql: Connection failed: connection to server on socket "/var/run/postgresql/.s.PGSQL.5432" failed: No such file or directory 	Is the server running locally and accepting connections on that socket? 
Thu Apr 30 14:38:16 2026 : Error: rlm_sql (sql): Opening connection failed (0)
Thu Apr 30 14:38:16 2026 : Error: /home/z/my-project/freeradius-install/etc/raddb/mods-enabled/sql[5]: Instantiation failed for module "sql"
Thu Apr 30 14:38:16 2026 : Warning: Shared secret for client localhost is short, and likely can be broken by an attacker.
Thu Apr 30 14:38:16 2026 : Warning: Shared secret for client localhost_ipv6 is short, and likely can be broken by an attacker.
Thu Apr 30 14:38:16 2026 : Info: Debugger not attached
Thu Apr 30 14:38:16 2026 : Info: rlm_sql (sql): Driver rlm_sql_postgresql (module rlm_sql_postgresql) loaded and linked
Thu Apr 30 14:38:16 2026 : Info: rlm_sql (sql): Attempting to connect to database "radius"
Thu Apr 30 14:38:16 2026 : Error: rlm_sql_postgresql: Connection failed: connection to server on socket "/var/run/postgresql/.s.PGSQL.5432" failed: No such file or directory 	Is the server running locally and accepting connections on that socket? 
Thu Apr 30 14:38:16 2026 : Error: rlm_sql (sql): Opening connection failed (0)
Thu Apr 30 14:38:16 2026 : Error: /home/z/my-project/freeradius-install/etc/raddb/mods-enabled/sql[5]: Instantiation failed for module "sql"
Thu Apr 30 14:38:16 2026 : Warning: Shared secret for client localhost is short, and likely can be broken by an attacker.
Thu Apr 30 14:38:16 2026 : Warning: Shared secret for client localhost_ipv6 is short, and likely can be broken by an attacker.
Thu Apr 30 14:38:16 2026 : Info: Debugger not attached
Thu Apr 30 14:38:16 2026 : Info: rlm_sql (sql): Driver rlm_sql_postgresql (module rlm_sql_postgresql) loaded and linked
Thu Apr 30 14:38:16 2026 : Info: rlm_sql (sql): Attempting to connect to database "radius"
Thu Apr 30 14:38:16 2026 : Error: rlm_sql_postgresql: Connection failed: connection to server on socket "/var/run/postgresql/.s.PGSQL.5432" failed: No such file or directory 	Is the server running locally and accepting connections on that socket? 
Thu Apr 30 14:38:16 2026 : Error: rlm_sql (sql): Opening connection failed (0)
Thu Apr 30 14:38:16 2026 : Error: /home/z/my-project/freeradius-install/etc/raddb/mods-enabled/sql[5]: Instantiation failed for module "sql"
Thu Apr 30 14:38:16 2026 : Warning: Shared secret for client localhost is short, and likely can be broken by an attacker.
Thu Apr 30 14:38:16 2026 : Warning: Shared secret for client localhost_ipv6 is short, and likely can be broken by an attacker.
Thu Apr 30 14:38:16 2026 : Info: Debugger not attached
Thu Apr 30 14:38:16 2026 : Info: rlm_sql (sql): Driver rlm_sql_postgresql (module rlm_sql_postgresql) loaded and linked
Thu Apr 30 14:38:16 2026 : Info: rlm_sql (sql): Attempting to connect to database "radius"
Thu Apr 30 14:38:16 2026 : Error: rlm_sql_postgresql: Connection failed: connection to server on socket "/var/run/postgresql/.s.PGSQL.5432" failed: No such file or directory 	Is the server running locally and accepting connections on that socket? 
Thu Apr 30 14:38:16 2026 : Error: rlm_sql (sql): Opening connection failed (0)
Thu Apr 30 14:38:16 2026 : Error: /home/z/my-project/freeradius-install/etc/raddb/mods-enabled/sql[5]: Instantiation failed for module "sql"
Thu Apr 30 14:38:16 2026 : Warning: Shared secret for client localhost is short, and likely can be broken by an attacker.
Thu Apr 30 14:38:16 2026 : Warning: Shared secret for client localhost_ipv6 is short, and likely can be broken by an attacker.
Thu Apr 30 14:38:16 2026 : Info: Debugger not attached
Thu Apr 30 14:38:16 2026 : Info: rlm_sql (sql): Driver rlm_sql_postgresql (module rlm_sql_postgresql) loaded and linked
Thu Apr 30 14:38:16 2026 : Info: rlm_sql (sql): Attempting to connect to database "radius"
Thu Apr 30 14:38:16 2026 : Error: rlm_sql_postgresql: Connection failed: connection to server on socket "/var/run/postgresql/.s.PGSQL.5432" failed: No such file or directory 	Is the server running locally and accepting connections on that socket? 
Thu Apr 30 14:38:16 2026 : Error: rlm_sql (sql): Opening connection failed (0)
Thu Apr 30 14:38:16 2026 : Error: /home/z/my-project/freeradius-install/etc/raddb/mods-enabled/sql[5]: Instantiation failed for module "sql"
Thu Apr 30 14:38:16 2026 : Warning: Shared secret for client localhost is short, and likely can be broken by an attacker.
Thu Apr 30 14:38:16 2026 : Warning: Shared secret for client localhost_ipv6 is short, and likely can be broken by an attacker.
Thu Apr 30 14:38:16 2026 : Info: Debugger not attached
Thu Apr 30 14:38:16 2026 : Info: rlm_sql (sql): Driver rlm_sql_postgresql (module rlm_sql_postgresql) loaded and linked
Thu Apr 30 14:38:16 2026 : Info: rlm_sql (sql): Attempting to connect to database "radius"
Thu Apr 30 14:38:16 2026 : Error: rlm_sql_postgresql: Connection failed: connection to server on socket "/var/run/postgresql/.s.PGSQL.5432" failed: No such file or directory 	Is the server running locally and accepting connections on that socket? 
Thu Apr 30 14:38:16 2026 : Error: rlm_sql (sql): Opening connection failed (0)
Thu Apr 30 14:38:16 2026 : Error: /home/z/my-project/freeradius-install/etc/raddb/mods-enabled/sql[5]: Instantiation failed for module "sql"
Thu Apr 30 14:38:16 2026 : Warning: Shared secret for client localhost is short, and likely can be broken by an attacker.
Thu Apr 30 14:38:16 2026 : Warning: Shared secret for client localhost_ipv6 is short, and likely can be broken by an attacker.
Thu Apr 30 14:38:16 2026 : Info: Debugger not attached
Thu Apr 30 14:38:16 2026 : Info: rlm_sql (sql): Driver rlm_sql_postgresql (module rlm_sql_postgresql) loaded and linked
Thu Apr 30 14:38:16 2026 : Info: rlm_sql (sql): Attempting to connect to database "radius"
Thu Apr 30 14:38:16 2026 : Error: rlm_sql_postgresql: Connection failed: connection to server on socket "/var/run/postgresql/.s.PGSQL.5432" failed: No such file or directory 	Is the server running locally and accepting connections on that socket? 
Thu Apr 30 14:38:16 2026 : Error: rlm_sql (sql): Opening connection failed (0)
Thu Apr 30 14:38:16 2026 : Error: /home/z/my-project/freeradius-install/etc/raddb/mods-enabled/sql[5]: Instantiation failed for module "sql"
Thu Apr 30 14:38:17 2026 : Warning: Shared secret for client localhost is short, and likely can be broken by an attacker.
Thu Apr 30 14:38:17 2026 : Warning: Shared secret for client localhost_ipv6 is short, and likely can be broken by an attacker.
Thu Apr 30 14:38:17 2026 : Info: Debugger not attached
Thu Apr 30 14:38:17 2026 : Info: rlm_sql (sql): Driver rlm_sql_postgresql (module rlm_sql_postgresql) loaded and linked
Thu Apr 30 14:38:17 2026 : Info: rlm_sql (sql): Attempting to connect to database "radius"
Thu Apr 30 14:38:17 2026 : Error: rlm_sql_postgresql: Connection failed: connection to server on socket "/var/run/postgresql/.s.PGSQL.5432" failed: No such file or directory 	Is the server running locally and accepting connections on that socket? 
Thu Apr 30 14:38:17 2026 : Error: rlm_sql (sql): Opening connection failed (0)
Thu Apr 30 14:38:17 2026 : Error: /home/z/my-project/freeradius-install/etc/raddb/mods-enabled/sql[5]: Instantiation failed for module "sql"
Thu Apr 30 14:38:17 2026 : Warning: Shared secret for client localhost is short, and likely can be broken by an attacker.
Thu Apr 30 14:38:17 2026 : Warning: Shared secret for client localhost_ipv6 is short, and likely can be broken by an attacker.
Thu Apr 30 14:38:17 2026 : Info: Debugger not attached
Thu Apr 30 14:38:17 2026 : Info: rlm_sql (sql): Driver rlm_sql_postgresql (module rlm_sql_postgresql) loaded and linked
Thu Apr 30 14:38:17 2026 : Info: rlm_sql (sql): Attempting to connect to database "radius"
Thu Apr 30 14:38:17 2026 : Error: rlm_sql_postgresql: Connection failed: connection to server on socket "/var/run/postgresql/.s.PGSQL.5432" failed: No such file or directory 	Is the server running locally and accepting connections on that socket? 
Thu Apr 30 14:38:17 2026 : Error: rlm_sql (sql): Opening connection failed (0)
Thu Apr 30 14:38:17 2026 : Error: /home/z/my-project/freeradius-install/etc/raddb/mods-enabled/sql[5]: Instantiation failed for module "sql"
Thu Apr 30 14:38:32 2026 : Warning: Shared secret for client localhost is short, and likely can be broken by an attacker.
Thu Apr 30 14:38:32 2026 : Warning: Shared secret for client localhost_ipv6 is short, and likely can be broken by an attacker.
Thu Apr 30 14:38:32 2026 : Info: Debugger not attached
Thu Apr 30 14:38:32 2026 : Info: rlm_sql (sql): Driver rlm_sql_postgresql (module rlm_sql_postgresql) loaded and linked
Thu Apr 30 14:38:32 2026 : Info: rlm_sql (sql): Attempting to connect to database "radius"
Thu Apr 30 14:38:32 2026 : Error: rlm_sql_postgresql: Connection failed: connection to server on socket "/var/run/postgresql/.s.PGSQL.5432" failed: No such file or directory 	Is the server running locally and accepting connections on that socket? 
Thu Apr 30 14:38:32 2026 : Error: rlm_sql (sql): Opening connection failed (0)
Thu Apr 30 14:38:32 2026 : Error: /home/z/my-project/freeradius-install/etc/raddb/mods-enabled/sql[5]: Instantiation failed for module "sql"
Thu Apr 30 14:38:32 2026 : Warning: Shared secret for client localhost is short, and likely can be broken by an attacker.
Thu Apr 30 14:38:32 2026 : Warning: Shared secret for client localhost_ipv6 is short, and likely can be broken by an attacker.
Thu Apr 30 14:38:32 2026 : Info: Debugger not attached
Thu Apr 30 14:38:32 2026 : Info: rlm_sql (sql): Driver rlm_sql_postgresql (module rlm_sql_postgresql) loaded and linked
Thu Apr 30 14:38:32 2026 : Info: rlm_sql (sql): Attempting to connect to database "radius"
Thu Apr 30 14:38:32 2026 : Error: rlm_sql_postgresql: Connection failed: connection to server on socket "/var/run/postgresql/.s.PGSQL.5432" failed: No such file or directory 	Is the server running locally and accepting connections on that socket? 
Thu Apr 30 14:38:32 2026 : Error: rlm_sql (sql): Opening connection failed (0)
Thu Apr 30 14:38:32 2026 : Error: /home/z/my-project/freeradius-install/etc/raddb/mods-enabled/sql[5]: Instantiation failed for module "sql"
Thu Apr 30 14:38:33 2026 : Warning: Shared secret for client localhost is short, and likely can be broken by an attacker.
Thu Apr 30 14:38:33 2026 : Warning: Shared secret for client localhost_ipv6 is short, and likely can be broken by an attacker.
Thu Apr 30 14:38:33 2026 : Info: Debugger not attached
Thu Apr 30 14:38:33 2026 : Info: rlm_sql (sql): Driver rlm_sql_postgresql (module rlm_sql_postgresql) loaded and linked
Thu Apr 30 14:38:33 2026 : Info: rlm_sql (sql): Attempting to connect to database "radius"
Thu Apr 30 14:38:33 2026 : Error: rlm_sql_postgresql: Connection failed: connection to server on socket "/var/run/postgresql/.s.PGSQL.5432" failed: No such file or directory 	Is the server running locally and accepting connections on that socket? 
Thu Apr 30 14:38:33 2026 : Error: rlm_sql (sql): Opening connection failed (0)
Thu Apr 30 14:38:33 2026 : Error: /home/z/my-project/freeradius-install/etc/raddb/mods-enabled/sql[5]: Instantiation failed for module "sql"
Thu Apr 30 14:38:33 2026 : Warning: Shared secret for client localhost is short, and likely can be broken by an attacker.
Thu Apr 30 14:38:33 2026 : Warning: Shared secret for client localhost_ipv6 is short, and likely can be broken by an attacker.
Thu Apr 30 14:38:33 2026 : Info: Debugger not attached
Thu Apr 30 14:38:33 2026 : Info: rlm_sql (sql): Driver rlm_sql_postgresql (module rlm_sql_postgresql) loaded and linked
Thu Apr 30 14:38:33 2026 : Info: rlm_sql (sql): Attempting to connect to database "radius"
Thu Apr 30 14:38:33 2026 : Error: rlm_sql_postgresql: Connection failed: connection to server on socket "/var/run/postgresql/.s.PGSQL.5432" failed: No such file or directory 	Is the server running locally and accepting connections on that socket? 
Thu Apr 30 14:38:33 2026 : Error: rlm_sql (sql): Opening connection failed (0)
Thu Apr 30 14:38:33 2026 : Error: /home/z/my-project/freeradius-install/etc/raddb/mods-enabled/sql[5]: Instantiation failed for module "sql"
Thu Apr 30 14:38:33 2026 : Warning: Shared secret for client localhost is short, and likely can be broken by an attacker.
Thu Apr 30 14:38:33 2026 : Warning: Shared secret for client localhost_ipv6 is short, and likely can be broken by an attacker.
Thu Apr 30 14:38:33 2026 : Info: Debugger not attached
Thu Apr 30 14:38:33 2026 : Info: rlm_sql (sql): Driver rlm_sql_postgresql (module rlm_sql_postgresql) loaded and linked
Thu Apr 30 14:38:33 2026 : Info: rlm_sql (sql): Attempting to connect to database "radius"
Thu Apr 30 14:38:33 2026 : Error: rlm_sql_postgresql: Connection failed: connection to server on socket "/var/run/postgresql/.s.PGSQL.5432" failed: No such file or directory 	Is the server running locally and accepting connections on that socket? 
Thu Apr 30 14:38:33 2026 : Error: rlm_sql (sql): Opening connection failed (0)
Thu Apr 30 14:38:33 2026 : Error: /home/z/my-project/freeradius-install/etc/raddb/mods-enabled/sql[5]: Instantiation failed for module "sql"
Thu Apr 30 14:38:33 2026 : Warning: Shared secret for client localhost is short, and likely can be broken by an attacker.
Thu Apr 30 14:38:33 2026 : Warning: Shared secret for client localhost_ipv6 is short, and likely can be broken by an attacker.
Thu Apr 30 14:38:33 2026 : Info: Debugger not attached
Thu Apr 30 14:38:33 2026 : Info: rlm_sql (sql): Driver rlm_sql_postgresql (module rlm_sql_postgresql) loaded and linked
Thu Apr 30 14:38:33 2026 : Info: rlm_sql (sql): Attempting to connect to database "radius"
Thu Apr 30 14:38:33 2026 : Error: rlm_sql_postgresql: Connection failed: connection to server on socket "/var/run/postgresql/.s.PGSQL.5432" failed: No such file or directory 	Is the server running locally and accepting connections on that socket? 
Thu Apr 30 14:38:33 2026 : Error: rlm_sql (sql): Opening connection failed (0)
Thu Apr 30 14:38:33 2026 : Error: /home/z/my-project/freeradius-install/etc/raddb/mods-enabled/sql[5]: Instantiation failed for module "sql"
Thu Apr 30 14:38:33 2026 : Warning: Shared secret for client localhost is short, and likely can be broken by an attacker.
Thu Apr 30 14:38:33 2026 : Warning: Shared secret for client localhost_ipv6 is short, and likely can be broken by an attacker.
Thu Apr 30 14:38:33 2026 : Info: Debugger not attached
Thu Apr 30 14:38:33 2026 : Info: rlm_sql (sql): Driver rlm_sql_postgresql (module rlm_sql_postgresql) loaded and linked
Thu Apr 30 14:38:33 2026 : Info: rlm_sql (sql): Attempting to connect to database "radius"
Thu Apr 30 14:38:33 2026 : Error: rlm_sql_postgresql: Connection failed: connection to server on socket "/var/run/postgresql/.s.PGSQL.5432" failed: No such file or directory 	Is the server running locally and accepting connections on that socket? 
Thu Apr 30 14:38:33 2026 : Error: rlm_sql (sql): Opening connection failed (0)
Thu Apr 30 14:38:33 2026 : Error: /home/z/my-project/freeradius-install/etc/raddb/mods-enabled/sql[5]: Instantiation failed for module "sql"
Thu Apr 30 14:38:33 2026 : Warning: Shared secret for client localhost is short, and likely can be broken by an attacker.
Thu Apr 30 14:38:33 2026 : Warning: Shared secret for client localhost_ipv6 is short, and likely can be broken by an attacker.
Thu Apr 30 14:38:33 2026 : Info: Debugger not attached
Thu Apr 30 14:38:33 2026 : Info: rlm_sql (sql): Driver rlm_sql_postgresql (module rlm_sql_postgresql) loaded and linked
Thu Apr 30 14:38:33 2026 : Info: rlm_sql (sql): Attempting to connect to database "radius"
Thu Apr 30 14:38:33 2026 : Error: rlm_sql_postgresql: Connection failed: connection to server on socket "/var/run/postgresql/.s.PGSQL.5432" failed: No such file or directory 	Is the server running locally and accepting connections on that socket? 
Thu Apr 30 14:38:33 2026 : Error: rlm_sql (sql): Opening connection failed (0)
Thu Apr 30 14:38:33 2026 : Error: /home/z/my-project/freeradius-install/etc/raddb/mods-enabled/sql[5]: Instantiation failed for module "sql"
Thu Apr 30 14:38:33 2026 : Warning: Shared secret for client localhost is short, and likely can be broken by an attacker.
Thu Apr 30 14:38:33 2026 : Warning: Shared secret for client localhost_ipv6 is short, and likely can be broken by an attacker.
Thu Apr 30 14:38:33 2026 : Info: Debugger not attached
Thu Apr 30 14:38:33 2026 : Info: rlm_sql (sql): Driver rlm_sql_postgresql (module rlm_sql_postgresql) loaded and linked
Thu Apr 30 14:38:33 2026 : Info: rlm_sql (sql): Attempting to connect to database "radius"
Thu Apr 30 14:38:33 2026 : Error: rlm_sql_postgresql: Connection failed: connection to server on socket "/var/run/postgresql/.s.PGSQL.5432" failed: No such file or directory 	Is the server running locally and accepting connections on that socket? 
Thu Apr 30 14:38:33 2026 : Error: rlm_sql (sql): Opening connection failed (0)
Thu Apr 30 14:38:33 2026 : Error: /home/z/my-project/freeradius-install/etc/raddb/mods-enabled/sql[5]: Instantiation failed for module "sql"
Thu Apr 30 14:38:33 2026 : Warning: Shared secret for client localhost is short, and likely can be broken by an attacker.
Thu Apr 30 14:38:33 2026 : Warning: Shared secret for client localhost_ipv6 is short, and likely can be broken by an attacker.
Thu Apr 30 14:38:33 2026 : Info: Debugger not attached
Thu Apr 30 14:38:33 2026 : Info: rlm_sql (sql): Driver rlm_sql_postgresql (module rlm_sql_postgresql) loaded and linked
Thu Apr 30 14:38:33 2026 : Info: rlm_sql (sql): Attempting to connect to database "radius"
Thu Apr 30 14:38:33 2026 : Error: rlm_sql_postgresql: Connection failed: connection to server on socket "/var/run/postgresql/.s.PGSQL.5432" failed: No such file or directory 	Is the server running locally and accepting connections on that socket? 
Thu Apr 30 14:38:33 2026 : Error: rlm_sql (sql): Opening connection failed (0)
Thu Apr 30 14:38:33 2026 : Error: /home/z/my-project/freeradius-install/etc/raddb/mods-enabled/sql[5]: Instantiation failed for module "sql"
Thu Apr 30 14:38:33 2026 : Warning: Shared secret for client localhost is short, and likely can be broken by an attacker.
Thu Apr 30 14:38:33 2026 : Warning: Shared secret for client localhost_ipv6 is short, and likely can be broken by an attacker.
Thu Apr 30 14:38:33 2026 : Info: Debugger not attached
Thu Apr 30 14:38:33 2026 : Info: rlm_sql (sql): Driver rlm_sql_postgresql (module rlm_sql_postgresql) loaded and linked
Thu Apr 30 14:38:33 2026 : Info: rlm_sql (sql): Attempting to connect to database "radius"
Thu Apr 30 14:38:33 2026 : Error: rlm_sql_postgresql: Connection failed: connection to server on socket "/var/run/postgresql/.s.PGSQL.5432" failed: No such file or directory 	Is the server running locally and accepting connections on that socket? 
Thu Apr 30 14:38:33 2026 : Error: rlm_sql (sql): Opening connection failed (0)
Thu Apr 30 14:38:33 2026 : Error: /home/z/my-project/freeradius-install/etc/raddb/mods-enabled/sql[5]: Instantiation failed for module "sql"
Thu Apr 30 14:38:33 2026 : Warning: Shared secret for client localhost is short, and likely can be broken by an attacker.
Thu Apr 30 14:38:33 2026 : Warning: Shared secret for client localhost_ipv6 is short, and likely can be broken by an attacker.
Thu Apr 30 14:38:33 2026 : Info: Debugger not attached
Thu Apr 30 14:38:33 2026 : Info: rlm_sql (sql): Driver rlm_sql_postgresql (module rlm_sql_postgresql) loaded and linked
Thu Apr 30 14:38:33 2026 : Info: rlm_sql (sql): Attempting to connect to database "radius"
Thu Apr 30 14:38:33 2026 : Error: rlm_sql_postgresql: Connection failed: connection to server on socket "/var/run/postgresql/.s.PGSQL.5432" failed: No such file or directory 	Is the server running locally and accepting connections on that socket? 
Thu Apr 30 14:38:33 2026 : Error: rlm_sql (sql): Opening connection failed (0)
Thu Apr 30 14:38:33 2026 : Error: /home/z/my-project/freeradius-install/etc/raddb/mods-enabled/sql[5]: Instantiation failed for module "sql"
Thu Apr 30 14:38:33 2026 : Warning: Shared secret for client localhost is short, and likely can be broken by an attacker.
Thu Apr 30 14:38:33 2026 : Warning: Shared secret for client localhost_ipv6 is short, and likely can be broken by an attacker.
Thu Apr 30 14:38:33 2026 : Info: Debugger not attached
Thu Apr 30 14:38:33 2026 : Info: rlm_sql (sql): Driver rlm_sql_postgresql (module rlm_sql_postgresql) loaded and linked
Thu Apr 30 14:38:33 2026 : Info: rlm_sql (sql): Attempting to connect to database "radius"
Thu Apr 30 14:38:33 2026 : Error: rlm_sql_postgresql: Connection failed: connection to server on socket "/var/run/postgresql/.s.PGSQL.5432" failed: No such file or directory 	Is the server running locally and accepting connections on that socket? 
Thu Apr 30 14:38:33 2026 : Error: rlm_sql (sql): Opening connection failed (0)
Thu Apr 30 14:38:33 2026 : Error: /home/z/my-project/freeradius-install/etc/raddb/mods-enabled/sql[5]: Instantiation failed for module "sql"
Thu Apr 30 14:38:33 2026 : Warning: Shared secret for client localhost is short, and likely can be broken by an attacker.
Thu Apr 30 14:38:33 2026 : Warning: Shared secret for client localhost_ipv6 is short, and likely can be broken by an attacker.
Thu Apr 30 14:38:33 2026 : Info: Debugger not attached
Thu Apr 30 14:38:33 2026 : Info: rlm_sql (sql): Driver rlm_sql_postgresql (module rlm_sql_postgresql) loaded and linked
Thu Apr 30 14:38:33 2026 : Info: rlm_sql (sql): Attempting to connect to database "radius"
Thu Apr 30 14:38:33 2026 : Error: rlm_sql_postgresql: Connection failed: connection to server on socket "/var/run/postgresql/.s.PGSQL.5432" failed: No such file or directory 	Is the server running locally and accepting connections on that socket? 
Thu Apr 30 14:38:33 2026 : Error: rlm_sql (sql): Opening connection failed (0)
Thu Apr 30 14:38:33 2026 : Error: /home/z/my-project/freeradius-install/etc/raddb/mods-enabled/sql[5]: Instantiation failed for module "sql"
Thu Apr 30 14:38:33 2026 : Warning: Shared secret for client localhost is short, and likely can be broken by an attacker.
Thu Apr 30 14:38:33 2026 : Warning: Shared secret for client localhost_ipv6 is short, and likely can be broken by an attacker.
Thu Apr 30 14:38:33 2026 : Info: Debugger not attached
Thu Apr 30 14:38:33 2026 : Info: rlm_sql (sql): Driver rlm_sql_postgresql (module rlm_sql_postgresql) loaded and linked
Thu Apr 30 14:38:33 2026 : Info: rlm_sql (sql): Attempting to connect to database "radius"
Thu Apr 30 14:38:33 2026 : Error: rlm_sql_postgresql: Connection failed: connection to server on socket "/var/run/postgresql/.s.PGSQL.5432" failed: No such file or directory 	Is the server running locally and accepting connections on that socket? 
Thu Apr 30 14:38:33 2026 : Error: rlm_sql (sql): Opening connection failed (0)
Thu Apr 30 14:38:33 2026 : Error: /home/z/my-project/freeradius-install/etc/raddb/mods-enabled/sql[5]: Instantiation failed for module "sql"
Thu Apr 30 14:38:33 2026 : Warning: Shared secret for client localhost is short, and likely can be broken by an attacker.
Thu Apr 30 14:38:33 2026 : Warning: Shared secret for client localhost_ipv6 is short, and likely can be broken by an attacker.
Thu Apr 30 14:38:33 2026 : Info: Debugger not attached
Thu Apr 30 14:38:33 2026 : Info: rlm_sql (sql): Driver rlm_sql_postgresql (module rlm_sql_postgresql) loaded and linked
Thu Apr 30 14:38:33 2026 : Info: rlm_sql (sql): Attempting to connect to database "radius"
Thu Apr 30 14:38:33 2026 : Error: rlm_sql_postgresql: Connection failed: connection to server on socket "/var/run/postgresql/.s.PGSQL.5432" failed: No such file or directory 	Is the server running locally and accepting connections on that socket? 
Thu Apr 30 14:38:33 2026 : Error: rlm_sql (sql): Opening connection failed (0)
Thu Apr 30 14:38:33 2026 : Error: /home/z/my-project/freeradius-install/etc/raddb/mods-enabled/sql[5]: Instantiation failed for module "sql"
Thu Apr 30 14:38:55 2026 : Warning: Shared secret for client localhost is short, and likely can be broken by an attacker.
Thu Apr 30 14:38:55 2026 : Warning: Shared secret for client localhost_ipv6 is short, and likely can be broken by an attacker.
Thu Apr 30 14:38:55 2026 : Info: Debugger not attached
Thu Apr 30 14:38:55 2026 : Info: rlm_sql (sql): Driver rlm_sql_postgresql (module rlm_sql_postgresql) loaded and linked
Thu Apr 30 14:38:55 2026 : Info: rlm_sql (sql): Attempting to connect to database "radius"
Thu Apr 30 14:38:55 2026 : Error: rlm_sql_postgresql: Connection failed: connection to server on socket "/var/run/postgresql/.s.PGSQL.5432" failed: No such file or directory 	Is the server running locally and accepting connections on that socket? 
Thu Apr 30 14:38:55 2026 : Error: rlm_sql (sql): Opening connection failed (0)
Thu Apr 30 14:38:55 2026 : Error: /home/z/my-project/freeradius-install/etc/raddb/mods-enabled/sql[5]: Instantiation failed for module "sql"
Thu Apr 30 14:38:55 2026 : Warning: Shared secret for client localhost is short, and likely can be broken by an attacker.
Thu Apr 30 14:38:55 2026 : Warning: Shared secret for client localhost_ipv6 is short, and likely can be broken by an attacker.
Thu Apr 30 14:38:55 2026 : Info: Debugger not attached
Thu Apr 30 14:38:55 2026 : Info: rlm_sql (sql): Driver rlm_sql_postgresql (module rlm_sql_postgresql) loaded and linked
Thu Apr 30 14:38:55 2026 : Info: rlm_sql (sql): Attempting to connect to database "radius"
Thu Apr 30 14:38:55 2026 : Error: rlm_sql_postgresql: Connection failed: connection to server on socket "/var/run/postgresql/.s.PGSQL.5432" failed: No such file or directory 	Is the server running locally and accepting connections on that socket? 
Thu Apr 30 14:38:55 2026 : Error: rlm_sql (sql): Opening connection failed (0)
Thu Apr 30 14:38:55 2026 : Error: /home/z/my-project/freeradius-install/etc/raddb/mods-enabled/sql[5]: Instantiation failed for module "sql"
Thu Apr 30 14:38:55 2026 : Warning: Shared secret for client localhost is short, and likely can be broken by an attacker.
Thu Apr 30 14:38:55 2026 : Warning: Shared secret for client localhost_ipv6 is short, and likely can be broken by an attacker.
Thu Apr 30 14:38:55 2026 : Info: Debugger not attached
Thu Apr 30 14:38:55 2026 : Info: rlm_sql (sql): Driver rlm_sql_postgresql (module rlm_sql_postgresql) loaded and linked
Thu Apr 30 14:38:55 2026 : Info: rlm_sql (sql): Attempting to connect to database "radius"
Thu Apr 30 14:38:55 2026 : Error: rlm_sql_postgresql: Connection failed: connection to server on socket "/var/run/postgresql/.s.PGSQL.5432" failed: No such file or directory 	Is the server running locally and accepting connections on that socket? 
Thu Apr 30 14:38:55 2026 : Error: rlm_sql (sql): Opening connection failed (0)
Thu Apr 30 14:38:55 2026 : Error: /home/z/my-project/freeradius-install/etc/raddb/mods-enabled/sql[5]: Instantiation failed for module "sql"
Thu Apr 30 14:38:55 2026 : Warning: Shared secret for client localhost is short, and likely can be broken by an attacker.
Thu Apr 30 14:38:55 2026 : Warning: Shared secret for client localhost_ipv6 is short, and likely can be broken by an attacker.
Thu Apr 30 14:38:55 2026 : Info: Debugger not attached
Thu Apr 30 14:38:55 2026 : Info: rlm_sql (sql): Driver rlm_sql_postgresql (module rlm_sql_postgresql) loaded and linked
Thu Apr 30 14:38:55 2026 : Info: rlm_sql (sql): Attempting to connect to database "radius"
Thu Apr 30 14:38:55 2026 : Error: rlm_sql_postgresql: Connection failed: connection to server on socket "/var/run/postgresql/.s.PGSQL.5432" failed: No such file or directory 	Is the server running locally and accepting connections on that socket? 
Thu Apr 30 14:38:55 2026 : Error: rlm_sql (sql): Opening connection failed (0)
Thu Apr 30 14:38:55 2026 : Error: /home/z/my-project/freeradius-install/etc/raddb/mods-enabled/sql[5]: Instantiation failed for module "sql"
Thu Apr 30 14:38:55 2026 : Warning: Shared secret for client localhost is short, and likely can be broken by an attacker.
Thu Apr 30 14:38:55 2026 : Warning: Shared secret for client localhost_ipv6 is short, and likely can be broken by an attacker.
Thu Apr 30 14:38:55 2026 : Info: Debugger not attached
Thu Apr 30 14:38:55 2026 : Info: rlm_sql (sql): Driver rlm_sql_postgresql (module rlm_sql_postgresql) loaded and linked
Thu Apr 30 14:38:55 2026 : Info: rlm_sql (sql): Attempting to connect to database "radius"
Thu Apr 30 14:38:55 2026 : Error: rlm_sql_postgresql: Connection failed: connection to server on socket "/var/run/postgresql/.s.PGSQL.5432" failed: No such file or directory 	Is the server running locally and accepting connections on that socket? 
Thu Apr 30 14:38:55 2026 : Error: rlm_sql (sql): Opening connection failed (0)
Thu Apr 30 14:38:55 2026 : Error: /home/z/my-project/freeradius-install/etc/raddb/mods-enabled/sql[5]: Instantiation failed for module "sql"
Thu Apr 30 14:38:55 2026 : Warning: Shared secret for client localhost is short, and likely can be broken by an attacker.
Thu Apr 30 14:38:55 2026 : Warning: Shared secret for client localhost_ipv6 is short, and likely can be broken by an attacker.
Thu Apr 30 14:38:55 2026 : Info: Debugger not attached
Thu Apr 30 14:38:55 2026 : Info: rlm_sql (sql): Driver rlm_sql_postgresql (module rlm_sql_postgresql) loaded and linked
Thu Apr 30 14:38:55 2026 : Info: rlm_sql (sql): Attempting to connect to database "radius"
Thu Apr 30 14:38:55 2026 : Error: rlm_sql_postgresql: Connection failed: connection to server on socket "/var/run/postgresql/.s.PGSQL.5432" failed: No such file or directory 	Is the server running locally and accepting connections on that socket? 
Thu Apr 30 14:38:55 2026 : Error: rlm_sql (sql): Opening connection failed (0)
Thu Apr 30 14:38:55 2026 : Error: /home/z/my-project/freeradius-install/etc/raddb/mods-enabled/sql[5]: Instantiation failed for module "sql"
Thu Apr 30 14:38:55 2026 : Warning: Shared secret for client localhost is short, and likely can be broken by an attacker.
Thu Apr 30 14:38:55 2026 : Warning: Shared secret for client localhost_ipv6 is short, and likely can be broken by an attacker.
Thu Apr 30 14:38:55 2026 : Info: Debugger not attached
Thu Apr 30 14:38:55 2026 : Info: rlm_sql (sql): Driver rlm_sql_postgresql (module rlm_sql_postgresql) loaded and linked
Thu Apr 30 14:38:55 2026 : Info: rlm_sql (sql): Attempting to connect to database "radius"
Thu Apr 30 14:38:55 2026 : Error: rlm_sql_postgresql: Connection failed: connection to server on socket "/var/run/postgresql/.s.PGSQL.5432" failed: No such file or directory 	Is the server running locally and accepting connections on that socket? 
Thu Apr 30 14:38:55 2026 : Error: rlm_sql (sql): Opening connection failed (0)
Thu Apr 30 14:38:55 2026 : Error: /home/z/my-project/freeradius-install/etc/raddb/mods-enabled/sql[5]: Instantiation failed for module "sql"
Thu Apr 30 14:38:55 2026 : Warning: Shared secret for client localhost is short, and likely can be broken by an attacker.
Thu Apr 30 14:38:55 2026 : Warning: Shared secret for client localhost_ipv6 is short, and likely can be broken by an attacker.
Thu Apr 30 14:38:55 2026 : Info: Debugger not attached
Thu Apr 30 14:38:55 2026 : Info: rlm_sql (sql): Driver rlm_sql_postgresql (module rlm_sql_postgresql) loaded and linked
Thu Apr 30 14:38:55 2026 : Info: rlm_sql (sql): Attempting to connect to database "radius"
Thu Apr 30 14:38:55 2026 : Error: rlm_sql_postgresql: Connection failed: connection to server on socket "/var/run/postgresql/.s.PGSQL.5432" failed: No such file or directory 	Is the server running locally and accepting connections on that socket? 
Thu Apr 30 14:38:55 2026 : Error: rlm_sql (sql): Opening connection failed (0)
Thu Apr 30 14:38:55 2026 : Error: /home/z/my-project/freeradius-install/etc/raddb/mods-enabled/sql[5]: Instantiation failed for module "sql"
Thu Apr 30 14:38:56 2026 : Warning: Shared secret for client localhost is short, and likely can be broken by an attacker.
Thu Apr 30 14:38:56 2026 : Warning: Shared secret for client localhost_ipv6 is short, and likely can be broken by an attacker.
Thu Apr 30 14:38:56 2026 : Info: Debugger not attached
Thu Apr 30 14:38:56 2026 : Info: rlm_sql (sql): Driver rlm_sql_postgresql (module rlm_sql_postgresql) loaded and linked
Thu Apr 30 14:38:56 2026 : Info: rlm_sql (sql): Attempting to connect to database "radius"
Thu Apr 30 14:38:56 2026 : Error: rlm_sql_postgresql: Connection failed: connection to server on socket "/var/run/postgresql/.s.PGSQL.5432" failed: No such file or directory 	Is the server running locally and accepting connections on that socket? 
Thu Apr 30 14:38:56 2026 : Error: rlm_sql (sql): Opening connection failed (0)
Thu Apr 30 14:38:56 2026 : Error: /home/z/my-project/freeradius-install/etc/raddb/mods-enabled/sql[5]: Instantiation failed for module "sql"
Thu Apr 30 14:38:56 2026 : Warning: Shared secret for client localhost is short, and likely can be broken by an attacker.
Thu Apr 30 14:38:56 2026 : Warning: Shared secret for client localhost_ipv6 is short, and likely can be broken by an attacker.
Thu Apr 30 14:38:56 2026 : Info: Debugger not attached
Thu Apr 30 14:38:56 2026 : Info: rlm_sql (sql): Driver rlm_sql_postgresql (module rlm_sql_postgresql) loaded and linked
Thu Apr 30 14:38:56 2026 : Info: rlm_sql (sql): Attempting to connect to database "radius"
Thu Apr 30 14:38:56 2026 : Error: rlm_sql_postgresql: Connection failed: connection to server on socket "/var/run/postgresql/.s.PGSQL.5432" failed: No such file or directory 	Is the server running locally and accepting connections on that socket? 
Thu Apr 30 14:38:56 2026 : Error: rlm_sql (sql): Opening connection failed (0)
Thu Apr 30 14:38:56 2026 : Error: /home/z/my-project/freeradius-install/etc/raddb/mods-enabled/sql[5]: Instantiation failed for module "sql"
Thu Apr 30 14:38:56 2026 : Warning: Shared secret for client localhost is short, and likely can be broken by an attacker.
Thu Apr 30 14:38:56 2026 : Warning: Shared secret for client localhost_ipv6 is short, and likely can be broken by an attacker.
Thu Apr 30 14:38:56 2026 : Info: Debugger not attached
Thu Apr 30 14:38:56 2026 : Info: rlm_sql (sql): Driver rlm_sql_postgresql (module rlm_sql_postgresql) loaded and linked
Thu Apr 30 14:38:56 2026 : Info: rlm_sql (sql): Attempting to connect to database "radius"
Thu Apr 30 14:38:56 2026 : Error: rlm_sql_postgresql: Connection failed: connection to server on socket "/var/run/postgresql/.s.PGSQL.5432" failed: No such file or directory 	Is the server running locally and accepting connections on that socket? 
Thu Apr 30 14:38:56 2026 : Error: rlm_sql (sql): Opening connection failed (0)
Thu Apr 30 14:38:56 2026 : Error: /home/z/my-project/freeradius-install/etc/raddb/mods-enabled/sql[5]: Instantiation failed for module "sql"
Thu Apr 30 14:38:56 2026 : Warning: Shared secret for client localhost is short, and likely can be broken by an attacker.
Thu Apr 30 14:38:56 2026 : Warning: Shared secret for client localhost_ipv6 is short, and likely can be broken by an attacker.
Thu Apr 30 14:38:56 2026 : Info: Debugger not attached
Thu Apr 30 14:38:56 2026 : Info: rlm_sql (sql): Driver rlm_sql_postgresql (module rlm_sql_postgresql) loaded and linked
Thu Apr 30 14:38:56 2026 : Info: rlm_sql (sql): Attempting to connect to database "radius"
Thu Apr 30 14:38:56 2026 : Error: rlm_sql_postgresql: Connection failed: connection to server on socket "/var/run/postgresql/.s.PGSQL.5432" failed: No such file or directory 	Is the server running locally and accepting connections on that socket? 
Thu Apr 30 14:38:56 2026 : Error: rlm_sql (sql): Opening connection failed (0)
Thu Apr 30 14:38:56 2026 : Error: /home/z/my-project/freeradius-install/etc/raddb/mods-enabled/sql[5]: Instantiation failed for module "sql"
Thu Apr 30 14:38:56 2026 : Warning: Shared secret for client localhost is short, and likely can be broken by an attacker.
Thu Apr 30 14:38:56 2026 : Warning: Shared secret for client localhost_ipv6 is short, and likely can be broken by an attacker.
Thu Apr 30 14:38:56 2026 : Info: Debugger not attached
Thu Apr 30 14:38:56 2026 : Info: rlm_sql (sql): Driver rlm_sql_postgresql (module rlm_sql_postgresql) loaded and linked
Thu Apr 30 14:38:56 2026 : Info: rlm_sql (sql): Attempting to connect to database "radius"
Thu Apr 30 14:38:56 2026 : Error: rlm_sql_postgresql: Connection failed: connection to server on socket "/var/run/postgresql/.s.PGSQL.5432" failed: No such file or directory 	Is the server running locally and accepting connections on that socket? 
Thu Apr 30 14:38:56 2026 : Error: rlm_sql (sql): Opening connection failed (0)
Thu Apr 30 14:38:56 2026 : Error: /home/z/my-project/freeradius-install/etc/raddb/mods-enabled/sql[5]: Instantiation failed for module "sql"
Thu Apr 30 14:38:56 2026 : Warning: Shared secret for client localhost is short, and likely can be broken by an attacker.
Thu Apr 30 14:38:56 2026 : Warning: Shared secret for client localhost_ipv6 is short, and likely can be broken by an attacker.
Thu Apr 30 14:38:56 2026 : Info: Debugger not attached
Thu Apr 30 14:38:56 2026 : Info: rlm_sql (sql): Driver rlm_sql_postgresql (module rlm_sql_postgresql) loaded and linked
Thu Apr 30 14:38:56 2026 : Info: rlm_sql (sql): Attempting to connect to database "radius"
Thu Apr 30 14:38:56 2026 : Error: rlm_sql_postgresql: Connection failed: connection to server on socket "/var/run/postgresql/.s.PGSQL.5432" failed: No such file or directory 	Is the server running locally and accepting connections on that socket? 
Thu Apr 30 14:38:56 2026 : Error: rlm_sql (sql): Opening connection failed (0)
Thu Apr 30 14:38:56 2026 : Error: /home/z/my-project/freeradius-install/etc/raddb/mods-enabled/sql[5]: Instantiation failed for module "sql"
Thu Apr 30 14:38:56 2026 : Warning: Shared secret for client localhost is short, and likely can be broken by an attacker.
Thu Apr 30 14:38:56 2026 : Warning: Shared secret for client localhost_ipv6 is short, and likely can be broken by an attacker.
Thu Apr 30 14:38:56 2026 : Info: Debugger not attached
Thu Apr 30 14:38:56 2026 : Info: rlm_sql (sql): Driver rlm_sql_postgresql (module rlm_sql_postgresql) loaded and linked
Thu Apr 30 14:38:56 2026 : Info: rlm_sql (sql): Attempting to connect to database "radius"
Thu Apr 30 14:38:56 2026 : Error: rlm_sql_postgresql: Connection failed: connection to server on socket "/var/run/postgresql/.s.PGSQL.5432" failed: No such file or directory 	Is the server running locally and accepting connections on that socket? 
Thu Apr 30 14:38:56 2026 : Error: rlm_sql (sql): Opening connection failed (0)
Thu Apr 30 14:38:56 2026 : Error: /home/z/my-project/freeradius-install/etc/raddb/mods-enabled/sql[5]: Instantiation failed for module "sql"
Thu Apr 30 14:38:56 2026 : Warning: Shared secret for client localhost is short, and likely can be broken by an attacker.
Thu Apr 30 14:38:56 2026 : Warning: Shared secret for client localhost_ipv6 is short, and likely can be broken by an attacker.
Thu Apr 30 14:38:56 2026 : Info: Debugger not attached
Thu Apr 30 14:38:56 2026 : Info: rlm_sql (sql): Driver rlm_sql_postgresql (module rlm_sql_postgresql) loaded and linked
Thu Apr 30 14:38:56 2026 : Info: rlm_sql (sql): Attempting to connect to database "radius"
Thu Apr 30 14:38:56 2026 : Error: rlm_sql_postgresql: Connection failed: connection to server on socket "/var/run/postgresql/.s.PGSQL.5432" failed: No such file or directory 	Is the server running locally and accepting connections on that socket? 
Thu Apr 30 14:38:56 2026 : Error: rlm_sql (sql): Opening connection failed (0)
Thu Apr 30 14:38:56 2026 : Error: /home/z/my-project/freeradius-install/etc/raddb/mods-enabled/sql[5]: Instantiation failed for module "sql"
Thu Apr 30 14:41:14 2026 : Warning: Shared secret for client localhost is short, and likely can be broken by an attacker.
Thu Apr 30 14:41:14 2026 : Warning: Shared secret for client localhost_ipv6 is short, and likely can be broken by an attacker.
Thu Apr 30 14:41:14 2026 : Info: Debugger not attached
Thu Apr 30 14:41:14 2026 : Info: rlm_sql (sql): Driver rlm_sql_postgresql (module rlm_sql_postgresql) loaded and linked
Thu Apr 30 14:41:14 2026 : Info: rlm_sql (sql): Attempting to connect to database "staysuite"
Thu Apr 30 14:41:14 2026 : Info: Loaded virtual server <default>
Thu Apr 30 14:41:14 2026 : Warning: Ignoring "ldap" (see raddb/mods-available/README.rst)
Thu Apr 30 14:41:14 2026 : Info:  # Skipping contents of 'if' as it is always 'false' -- /home/z/my-project/freeradius-install/etc/raddb/sites-enabled/inner-tunnel:377
Thu Apr 30 14:41:14 2026 : Info: Loaded virtual server inner-tunnel
Thu Apr 30 14:41:14 2026 : Info: Loaded virtual server default
Thu Apr 30 14:41:14 2026 : Info: Loaded virtual server coa
Thu Apr 30 14:41:14 2026 : Info: Ready to process requests
Thu Apr 30 14:42:07 2026 : Info: Received HUP signal
Thu Apr 30 14:42:07 2026 : Info: HUP - Re-reading configuration files
Thu Apr 30 14:42:07 2026 : Info: HUP - loading modules
Thu Apr 30 14:42:07 2026 : Info:  Module: Reloaded module "auth_log"
Thu Apr 30 14:42:07 2026 : Info:  Module: Reloaded module "reply_log"
Thu Apr 30 14:42:07 2026 : Info:  Module: Reloaded module "pre_proxy_log"
Thu Apr 30 14:42:07 2026 : Info:  Module: Reloaded module "post_proxy_log"
Thu Apr 30 14:42:07 2026 : Info:  Module: Reloaded module "IPASS"
Thu Apr 30 14:42:07 2026 : Info:  Module: Reloaded module "suffix"
Thu Apr 30 14:42:07 2026 : Info:  Module: Reloaded module "bangpath"
Thu Apr 30 14:42:07 2026 : Info:  Module: Reloaded module "realmpercent"
Thu Apr 30 14:42:07 2026 : Info:  Module: Reloaded module "ntdomain"
Thu Apr 30 14:42:07 2026 : Info:  Module: Reloaded module "pap"
Thu Apr 30 14:42:07 2026 : Info:  Module: Reloaded module "etc_passwd"
Thu Apr 30 14:42:07 2026 : Info:  Module: Reloaded module "attr_filter.post-proxy"
Thu Apr 30 14:42:07 2026 : Info:  Module: Reloaded module "attr_filter.pre-proxy"
Thu Apr 30 14:42:07 2026 : Info:  Module: Reloaded module "attr_filter.access_reject"
Thu Apr 30 14:42:07 2026 : Info:  Module: Reloaded module "attr_filter.access_challenge"
Thu Apr 30 14:42:07 2026 : Info:  Module: Reloaded module "attr_filter.accounting_response"
Thu Apr 30 14:42:07 2026 : Info:  Module: Reloaded module "attr_filter.coa"
Thu Apr 30 14:42:07 2026 : Info:  Module: Reloaded module "files"
Thu Apr 30 14:42:07 2026 : Info:  Module: Reloaded module "detail"
Thu Apr 30 14:42:07 2026 : Info:  Module: Reloaded module "linelog"
Thu Apr 30 14:42:07 2026 : Info:  Module: Reloaded module "log_accounting"
Thu Apr 30 14:42:07 2026 : Info: Loaded virtual server <default>
Thu Apr 30 14:42:07 2026 : Info:  # Skipping contents of 'if' as it is always 'false' -- /home/z/my-project/freeradius-install/etc/raddb/sites-enabled/inner-tunnel:377
Thu Apr 30 14:42:07 2026 : Info: Loaded virtual server inner-tunnel
Thu Apr 30 14:42:07 2026 : Info: Loaded virtual server default
Thu Apr 30 14:42:07 2026 : Info: Loaded virtual server coa
Thu Apr 30 14:42:26 2026 : Info: Received HUP signal
Thu Apr 30 14:42:26 2026 : Info: HUP - Re-reading configuration files
Thu Apr 30 14:42:26 2026 : Info: HUP - loading modules
Thu Apr 30 14:42:26 2026 : Info:  Module: Reloaded module "auth_log"
Thu Apr 30 14:42:26 2026 : Info:  Module: Reloaded module "reply_log"
Thu Apr 30 14:42:26 2026 : Info:  Module: Reloaded module "pre_proxy_log"
Thu Apr 30 14:42:26 2026 : Info:  Module: Reloaded module "post_proxy_log"
Thu Apr 30 14:42:26 2026 : Info:  Module: Reloaded module "IPASS"
Thu Apr 30 14:42:26 2026 : Info:  Module: Reloaded module "suffix"
Thu Apr 30 14:42:26 2026 : Info:  Module: Reloaded module "bangpath"
Thu Apr 30 14:42:26 2026 : Info:  Module: Reloaded module "realmpercent"
Thu Apr 30 14:42:26 2026 : Info:  Module: Reloaded module "ntdomain"
Thu Apr 30 14:42:26 2026 : Info:  Module: Reloaded module "pap"
Thu Apr 30 14:42:26 2026 : Info:  Module: Reloaded module "etc_passwd"
Thu Apr 30 14:42:26 2026 : Info:  Module: Reloaded module "attr_filter.post-proxy"
Thu Apr 30 14:42:26 2026 : Info:  Module: Reloaded module "attr_filter.pre-proxy"
Thu Apr 30 14:42:26 2026 : Info:  Module: Reloaded module "attr_filter.access_reject"
Thu Apr 30 14:42:26 2026 : Info:  Module: Reloaded module "attr_filter.access_challenge"
Thu Apr 30 14:42:26 2026 : Info:  Module: Reloaded module "attr_filter.accounting_response"
Thu Apr 30 14:42:26 2026 : Info:  Module: Reloaded module "attr_filter.coa"
Thu Apr 30 14:42:26 2026 : Info:  Module: Reloaded module "files"
Thu Apr 30 14:42:26 2026 : Info:  Module: Reloaded module "detail"
Thu Apr 30 14:42:26 2026 : Info:  Module: Reloaded module "linelog"
Thu Apr 30 14:42:26 2026 : Info:  Module: Reloaded module "log_accounting"
Thu Apr 30 14:42:26 2026 : Info: Loaded virtual server <default>
Thu Apr 30 14:42:26 2026 : Info:  # Skipping contents of 'if' as it is always 'false' -- /home/z/my-project/freeradius-install/etc/raddb/sites-enabled/inner-tunnel:377
Thu Apr 30 14:42:26 2026 : Info: Loaded virtual server inner-tunnel
Thu Apr 30 14:42:26 2026 : Info: Loaded virtual server default
Thu Apr 30 14:42:26 2026 : Info: Loaded virtual server coa
Thu Apr 30 14:42:32 2026 : Info: Received HUP signal
Thu Apr 30 14:42:32 2026 : Info: HUP - Re-reading configuration files
Thu Apr 30 14:42:32 2026 : Info: HUP - loading modules
Thu Apr 30 14:42:32 2026 : Info:  Module: Reloaded module "auth_log"
Thu Apr 30 14:42:32 2026 : Info:  Module: Reloaded module "reply_log"
Thu Apr 30 14:42:32 2026 : Info:  Module: Reloaded module "pre_proxy_log"
Thu Apr 30 14:42:32 2026 : Info:  Module: Reloaded module "post_proxy_log"
Thu Apr 30 14:42:32 2026 : Info:  Module: Reloaded module "IPASS"
Thu Apr 30 14:42:32 2026 : Info:  Module: Reloaded module "suffix"
Thu Apr 30 14:42:32 2026 : Info:  Module: Reloaded module "bangpath"
Thu Apr 30 14:42:32 2026 : Info:  Module: Reloaded module "realmpercent"
Thu Apr 30 14:42:32 2026 : Info:  Module: Reloaded module "ntdomain"
Thu Apr 30 14:42:32 2026 : Info:  Module: Reloaded module "pap"
Thu Apr 30 14:42:32 2026 : Info:  Module: Reloaded module "etc_passwd"
Thu Apr 30 14:42:32 2026 : Info:  Module: Reloaded module "attr_filter.post-proxy"
Thu Apr 30 14:42:32 2026 : Info:  Module: Reloaded module "attr_filter.pre-proxy"
Thu Apr 30 14:42:32 2026 : Info:  Module: Reloaded module "attr_filter.access_reject"
Thu Apr 30 14:42:32 2026 : Info:  Module: Reloaded module "attr_filter.access_challenge"
Thu Apr 30 14:42:32 2026 : Info:  Module: Reloaded module "attr_filter.accounting_response"
Thu Apr 30 14:42:32 2026 : Info:  Module: Reloaded module "attr_filter.coa"
Thu Apr 30 14:42:32 2026 : Info:  Module: Reloaded module "files"
Thu Apr 30 14:42:32 2026 : Info:  Module: Reloaded module "detail"
Thu Apr 30 14:42:32 2026 : Info:  Module: Reloaded module "linelog"
Thu Apr 30 14:42:32 2026 : Info:  Module: Reloaded module "log_accounting"
Thu Apr 30 14:42:32 2026 : Info: Loaded virtual server <default>
Thu Apr 30 14:42:32 2026 : Info:  # Skipping contents of 'if' as it is always 'false' -- /home/z/my-project/freeradius-install/etc/raddb/sites-enabled/inner-tunnel:377
Thu Apr 30 14:42:32 2026 : Info: Loaded virtual server inner-tunnel
Thu Apr 30 14:42:32 2026 : Info: Loaded virtual server default
Thu Apr 30 14:42:32 2026 : Info: Loaded virtual server coa
