This file contains any messages produced by compilers while
running configure, to aid debugging if configure makes a mistake.

It was created by libnetfilter_conntrack configure 1.1.1, which was
generated by GNU Autoconf 2.72.  Invocation command line was

  $ ./configure --prefix=/home/z/ulogd-build/install PKG_CONFIG_PATH=/home/z/ulogd-build/install/lib/pkgconfig:/usr/lib/x86_64-linux-gnu/pkgconfig

## --------- ##
## Platform. ##
## --------- ##

hostname = c-69fb3838-1445a456-a9c8ad8c7a0c
uname -m = x86_64
uname -r = 5.10.134-013.8.1.kangaroo.al8.x86_64
uname -s = Linux
uname -v = #1 SMP Fri Feb 27 09:19:17 UTC 2026

/usr/bin/uname -p = unknown
/bin/uname -X     = unknown

/bin/arch              = x86_64
/usr/bin/arch -k       = unknown
/usr/convex/getsysinfo = unknown
/usr/bin/hostinfo      = unknown
/bin/machine           = unknown
/usr/bin/oslevel       = unknown
/bin/universe          = unknown

PATH: /home/z/.venv/bin/
PATH: /app/.venv/bin/
PATH: /home/z/.npm-global/bin/
PATH: /home/z/.bun/bin/
PATH: /usr/local/sbin/
PATH: /usr/local/bin/
PATH: /usr/sbin/
PATH: /usr/bin/
PATH: /sbin/
PATH: /bin/
PATH: /usr/local/bun-node-fallback-bin/


## ----------- ##
## Core tests. ##
## ----------- ##

configure:2442: looking for aux files: ltmain.sh compile ar-lib missing install-sh config.guess config.sub
configure:2455:  trying ./build-aux/
configure:2484:   ./build-aux/ltmain.sh found
configure:2484:   ./build-aux/compile found
configure:2484:   ./build-aux/ar-lib found
configure:2484:   ./build-aux/missing found
configure:2466:   ./build-aux/install-sh found
configure:2484:   ./build-aux/config.guess found
configure:2484:   ./build-aux/config.sub found
configure:2604: checking build system type
configure:2620: result: x86_64-pc-linux-gnu
configure:2640: checking host system type
configure:2655: result: x86_64-pc-linux-gnu
configure:2696: checking for a BSD-compatible install
configure:2770: result: /usr/bin/install -c
configure:2781: checking whether sleep supports fractional seconds
configure:2797: result: yes
configure:2800: checking filesystem timestamp resolution
configure:2935: result: 0.01
configure:2940: checking whether build environment is sane
configure:2981: result: yes
configure:3152: checking for a race-free mkdir -p
configure:3195: result: /usr/bin/mkdir -p
configure:3202: checking for gawk
configure:3238: result: no
configure:3202: checking for mawk
configure:3223: found /usr/bin/mawk
configure:3235: result: mawk
configure:3246: checking whether make sets $(MAKE)
configure:3270: result: yes
configure:3296: checking whether make supports nested variables
configure:3315: result: yes
configure:3329: checking xargs -n works
configure:3345: result: yes
configure:3420: checking how to create a pax tar archive
configure:3431: tar --version
tar (GNU tar) 1.35
Copyright (C) 2023 Free Software Foundation, Inc.
License GPLv3+: GNU GPL version 3 or later <https://gnu.org/licenses/gpl.html>.
This is free software: you are free to change and redistribute it.
There is NO WARRANTY, to the extent permitted by law.

Written by John Gilmore and Jay Fenlason.
configure:3434: $? = 0
configure:3474: tardir=conftest.dir && eval tar --format=posix -chf - "$tardir" >conftest.tar
configure:3477: $? = 0
configure:3481: tar -xf - <conftest.tar
configure:3484: $? = 0
configure:3486: cat conftest.dir/file
GrepMe
configure:3489: $? = 0
configure:3504: result: gnutar
configure:3543: checking whether make supports the include directive
configure:3558: make -f confmf.GNU && cat confinc.out
this is the am__doit target
configure:3561: $? = 0
configure:3580: result: yes (GNU style)
configure:3657: checking for gcc
configure:3678: found /usr/bin/gcc
configure:3690: result: gcc
configure:4049: checking for C compiler version
configure:4058: gcc --version >&5
gcc (Debian 14.2.0-19) 14.2.0
Copyright (C) 2024 Free Software Foundation, Inc.
This is free software; see the source for copying conditions.  There is NO
warranty; not even for MERCHANTABILITY or FITNESS FOR A PARTICULAR PURPOSE.

configure:4069: $? = 0
configure:4058: gcc -v >&5
Using built-in specs.
COLLECT_GCC=gcc
COLLECT_LTO_WRAPPER=/usr/libexec/gcc/x86_64-linux-gnu/14/lto-wrapper
OFFLOAD_TARGET_NAMES=nvptx-none:amdgcn-amdhsa
OFFLOAD_TARGET_DEFAULT=1
Target: x86_64-linux-gnu
Configured with: ../src/configure -v --with-pkgversion='Debian 14.2.0-19' --with-bugurl=file:///usr/share/doc/gcc-14/README.Bugs --enable-languages=c,ada,c++,go,d,fortran,objc,obj-c++,m2,rust --prefix=/usr --with-gcc-major-version-only --program-suffix=-14 --program-prefix=x86_64-linux-gnu- --enable-shared --enable-linker-build-id --libexecdir=/usr/libexec --without-included-gettext --enable-threads=posix --libdir=/usr/lib --enable-nls --enable-bootstrap --enable-clocale=gnu --enable-libstdcxx-debug --enable-libstdcxx-time=yes --with-default-libstdcxx-abi=new --enable-libstdcxx-backtrace --enable-gnu-unique-object --disable-vtable-verify --enable-plugin --enable-default-pie --with-system-zlib --enable-libphobos-checking=release --with-target-system-zlib=auto --enable-objc-gc=auto --enable-multiarch --disable-werror --enable-cet --with-arch-32=i686 --with-abi=m64 --with-multilib-list=m32,m64,mx32 --enable-multilib --with-tune=generic --enable-offload-targets=nvptx-none=/build/reproducible-path/gcc-14-14.2.0/debian/tmp-nvptx/usr,amdgcn-amdhsa=/build/reproducible-path/gcc-14-14.2.0/debian/tmp-gcn/usr --enable-offload-defaulted --without-cuda-driver --enable-checking=release --build=x86_64-linux-gnu --host=x86_64-linux-gnu --target=x86_64-linux-gnu --with-build-config=bootstrap-lto-lean --enable-link-serialization=3
Thread model: posix
Supported LTO compression algorithms: zlib zstd
gcc version 14.2.0 (Debian 14.2.0-19) 
... rest of stderr output deleted ...
configure:4069: $? = 0
configure:4058: gcc -V >&5
gcc: error: unrecognized command-line option '-V'
gcc: fatal error: no input files
compilation terminated.
configure:4069: $? = 1
configure:4058: gcc -qversion >&5
gcc: error: unrecognized command-line option '-qversion'; did you mean '--version'?
gcc: fatal error: no input files
compilation terminated.
configure:4069: $? = 1
configure:4058: gcc -version >&5
gcc: error: unrecognized command-line option '-version'
gcc: fatal error: no input files
compilation terminated.
configure:4069: $? = 1
configure:4089: checking whether the C compiler works
configure:4111: gcc    conftest.c  >&5
configure:4115: $? = 0
configure:4166: result: yes
configure:4170: checking for C compiler default output file name
configure:4172: result: a.out
configure:4178: checking for suffix of executables
configure:4185: gcc -o conftest    conftest.c  >&5
configure:4189: $? = 0
configure:4213: result: 
configure:4237: checking whether we are cross compiling
configure:4245: gcc -o conftest    conftest.c  >&5
configure:4249: $? = 0
configure:4256: ./conftest
configure:4260: $? = 0
configure:4275: result: no
configure:4281: checking for suffix of object files
configure:4304: gcc -c   conftest.c >&5
configure:4308: $? = 0
configure:4332: result: o
configure:4336: checking whether the compiler supports GNU C
configure:4356: gcc -c   conftest.c >&5
configure:4356: $? = 0
configure:4368: result: yes
configure:4379: checking whether gcc accepts -g
configure:4400: gcc -c -g  conftest.c >&5
configure:4400: $? = 0
configure:4447: result: yes
configure:4467: checking for gcc option to enable C11 features
configure:4482: gcc  -c -g -O2  conftest.c >&5
configure:4482: $? = 0
configure:4501: result: none needed
configure:4625: checking whether gcc understands -c and -o together
configure:4648: gcc -c conftest.c -o conftest2.o
configure:4651: $? = 0
configure:4648: gcc -c conftest.c -o conftest2.o
configure:4651: $? = 0
configure:4664: result: yes
configure:4683: checking dependency style of gcc
configure:4796: result: gcc3
configure:4868: checking for ar
configure:4889: found /usr/bin/ar
configure:4901: result: ar
configure:4928: checking the archiver (ar) interface
configure:4945: gcc -c -g -O2  conftest.c >&5
configure:4945: $? = 0
configure:4948: ar cr libconftest.a conftest.o >&5
configure:4951: $? = 0
configure:4980: result: ar
configure:5058: checking for gcc
configure:5091: result: gcc
configure:5450: checking for C compiler version
configure:5459: gcc --version >&5
gcc (Debian 14.2.0-19) 14.2.0
Copyright (C) 2024 Free Software Foundation, Inc.
This is free software; see the source for copying conditions.  There is NO
warranty; not even for MERCHANTABILITY or FITNESS FOR A PARTICULAR PURPOSE.

configure:5470: $? = 0
configure:5459: gcc -v >&5
Using built-in specs.
COLLECT_GCC=gcc
COLLECT_LTO_WRAPPER=/usr/libexec/gcc/x86_64-linux-gnu/14/lto-wrapper
OFFLOAD_TARGET_NAMES=nvptx-none:amdgcn-amdhsa
OFFLOAD_TARGET_DEFAULT=1
Target: x86_64-linux-gnu
Configured with: ../src/configure -v --with-pkgversion='Debian 14.2.0-19' --with-bugurl=file:///usr/share/doc/gcc-14/README.Bugs --enable-languages=c,ada,c++,go,d,fortran,objc,obj-c++,m2,rust --prefix=/usr --with-gcc-major-version-only --program-suffix=-14 --program-prefix=x86_64-linux-gnu- --enable-shared --enable-linker-build-id --libexecdir=/usr/libexec --without-included-gettext --enable-threads=posix --libdir=/usr/lib --enable-nls --enable-bootstrap --enable-clocale=gnu --enable-libstdcxx-debug --enable-libstdcxx-time=yes --with-default-libstdcxx-abi=new --enable-libstdcxx-backtrace --enable-gnu-unique-object --disable-vtable-verify --enable-plugin --enable-default-pie --with-system-zlib --enable-libphobos-checking=release --with-target-system-zlib=auto --enable-objc-gc=auto --enable-multiarch --disable-werror --enable-cet --with-arch-32=i686 --with-abi=m64 --with-multilib-list=m32,m64,mx32 --enable-multilib --with-tune=generic --enable-offload-targets=nvptx-none=/build/reproducible-path/gcc-14-14.2.0/debian/tmp-nvptx/usr,amdgcn-amdhsa=/build/reproducible-path/gcc-14-14.2.0/debian/tmp-gcn/usr --enable-offload-defaulted --without-cuda-driver --enable-checking=release --build=x86_64-linux-gnu --host=x86_64-linux-gnu --target=x86_64-linux-gnu --with-build-config=bootstrap-lto-lean --enable-link-serialization=3
Thread model: posix
Supported LTO compression algorithms: zlib zstd
gcc version 14.2.0 (Debian 14.2.0-19) 
... rest of stderr output deleted ...
configure:5470: $? = 0
configure:5459: gcc -V >&5
gcc: error: unrecognized command-line option '-V'
gcc: fatal error: no input files
compilation terminated.
configure:5470: $? = 1
configure:5459: gcc -qversion >&5
gcc: error: unrecognized command-line option '-qversion'; did you mean '--version'?
gcc: fatal error: no input files
compilation terminated.
configure:5470: $? = 1
configure:5459: gcc -version >&5
gcc: error: unrecognized command-line option '-version'
gcc: fatal error: no input files
compilation terminated.
configure:5470: $? = 1
configure:5474: checking whether the compiler supports GNU C
configure:5506: result: yes
configure:5517: checking whether gcc accepts -g
configure:5585: result: yes
configure:5605: checking for gcc option to enable C11 features
configure:5639: result: none needed
configure:5763: checking whether gcc understands -c and -o together
configure:5802: result: yes
configure:5821: checking dependency style of gcc
configure:5934: result: gcc3
configure:5996: checking how to print strings
configure:6023: result: printf
configure:6044: checking for a sed that does not truncate output
configure:6116: result: /usr/bin/sed
configure:6134: checking for grep that handles long lines and -e
configure:6200: result: /usr/bin/grep
configure:6205: checking for egrep
configure:6275: result: /usr/bin/grep -E
configure:6282: checking for fgrep
configure:6352: result: /usr/bin/grep -F
configure:6389: checking for ld used by gcc
configure:6458: result: /usr/bin/ld
configure:6465: checking if the linker (/usr/bin/ld) is GNU ld
configure:6482: result: yes
configure:6494: checking for BSD- or MS-compatible name lister (nm)
configure:6550: result: /usr/bin/nm -B
configure:6692: checking the name lister (/usr/bin/nm -B) interface
configure:6700: gcc -c -g -O2  conftest.c >&5
configure:6703: /usr/bin/nm -B "conftest.o"
configure:6706: output
0000000000000000 B some_variable
configure:6714: result: BSD nm
configure:6717: checking whether ln -s works
configure:6721: result: yes
configure:6729: checking the maximum length of command line arguments
configure:6862: result: 1572864
configure:6910: checking how to convert x86_64-pc-linux-gnu file names to x86_64-pc-linux-gnu format
configure:6952: result: func_convert_file_noop
configure:6959: checking how to convert x86_64-pc-linux-gnu file names to toolchain format
configure:6981: result: func_convert_file_noop
configure:6988: checking for /usr/bin/ld option to reload object files
configure:6997: result: -r
configure:7030: checking for file
configure:7051: found /usr/bin/file
configure:7064: result: file
configure:7127: checking for objdump
configure:7148: found /usr/bin/objdump
configure:7160: result: objdump
configure:7192: checking how to recognize dependent libraries
configure:7401: result: pass_all
configure:7492: checking for dlltool
configure:7528: result: no
configure:7558: checking how to associate runtime and link libraries
configure:7587: result: printf %s\n
configure:7647: checking for ranlib
configure:7668: found /usr/bin/ranlib
configure:7680: result: ranlib
configure:7843: checking for archiver @FILE support
configure:7861: gcc -c -g -O2  conftest.c >&5
configure:7861: $? = 0
configure:7865: ar cr libconftest.a @conftest.lst >&5
configure:7868: $? = 0
configure:7873: ar cr libconftest.a @conftest.lst >&5
ar: conftest.o: No such file or directory
configure:7876: $? = 1
configure:7889: result: @
configure:7953: checking for strip
configure:7974: found /usr/bin/strip
configure:7986: result: strip
configure:8089: checking command to parse /usr/bin/nm -B output from gcc object
configure:8243: gcc -c -g -O2  conftest.c >&5
configure:8246: $? = 0
configure:8250: /usr/bin/nm -B conftest.o | /usr/bin/sed -n -e 's/^.*[	 ]\([ABCDGIRSTW][ABCDGIRSTW]*\)[	 ][	 ]*\([_A-Za-z][_A-Za-z0-9]*\)$/\1 \2 \2/p' | /usr/bin/sed '/ __gnu_lto/d' > conftest.nm
configure:8316: gcc -o conftest -g -O2   conftest.c conftstm.o >&5
configure:8319: $? = 0
configure:8358: result: ok
configure:8405: checking for sysroot
configure:8439: result: no
configure:8446: checking for a working dd
configure:8491: result: /usr/bin/dd
configure:8495: checking how to truncate binary pipes
configure:8512: result: /usr/bin/dd bs=4096 count=1
configure:8649: gcc -c -g -O2  conftest.c >&5
configure:8652: $? = 0
configure:8852: checking for mt
configure:8888: result: no
configure:8908: checking if : is a manifest tool
configure:8915: : '-?'
configure:8924: result: no
configure:9721: checking for stdio.h
configure:9721: gcc -c -g -O2  conftest.c >&5
configure:9721: $? = 0
configure:9721: result: yes
configure:9721: checking for stdlib.h
configure:9721: gcc -c -g -O2  conftest.c >&5
configure:9721: $? = 0
configure:9721: result: yes
configure:9721: checking for string.h
configure:9721: gcc -c -g -O2  conftest.c >&5
configure:9721: $? = 0
configure:9721: result: yes
configure:9721: checking for inttypes.h
configure:9721: gcc -c -g -O2  conftest.c >&5
configure:9721: $? = 0
configure:9721: result: yes
configure:9721: checking for stdint.h
configure:9721: gcc -c -g -O2  conftest.c >&5
configure:9721: $? = 0
configure:9721: result: yes
configure:9721: checking for strings.h
configure:9721: gcc -c -g -O2  conftest.c >&5
configure:9721: $? = 0
configure:9721: result: yes
configure:9721: checking for sys/stat.h
configure:9721: gcc -c -g -O2  conftest.c >&5
configure:9721: $? = 0
configure:9721: result: yes
configure:9721: checking for sys/types.h
configure:9721: gcc -c -g -O2  conftest.c >&5
configure:9721: $? = 0
configure:9721: result: yes
configure:9721: checking for unistd.h
configure:9721: gcc -c -g -O2  conftest.c >&5
configure:9721: $? = 0
configure:9721: result: yes
configure:9746: checking for dlfcn.h
configure:9746: gcc -c -g -O2  conftest.c >&5
configure:9746: $? = 0
configure:9746: result: yes
configure:10048: checking for objdir
configure:10065: result: .libs
configure:10331: checking if gcc supports -fno-rtti -fno-exceptions
configure:10350: gcc -c -g -O2  -fno-rtti -fno-exceptions conftest.c >&5
cc1: warning: command-line option '-fno-rtti' is valid for C++/D/ObjC++ but not for C
configure:10354: $? = 0
configure:10368: result: no
configure:10747: checking for gcc option to produce PIC
configure:10756: result: -fPIC -DPIC
configure:10764: checking if gcc PIC flag -fPIC -DPIC works
configure:10783: gcc -c -g -O2  -fPIC -DPIC -DPIC conftest.c >&5
configure:10787: $? = 0
configure:10801: result: yes
configure:10830: checking if gcc static flag -static works
configure:10860: result: yes
configure:10875: checking if gcc supports -c -o file.o
configure:10897: gcc -c -g -O2  -o out/conftest2.o conftest.c >&5
configure:10901: $? = 0
configure:10924: result: yes
configure:10932: checking if gcc supports -c -o file.o
configure:10981: result: yes
configure:11014: checking whether the gcc linker (/usr/bin/ld -m elf_x86_64) supports shared libraries
configure:12302: result: yes
configure:12339: checking whether -lc should be explicitly linked in
configure:12348: gcc -c -g -O2  conftest.c >&5
configure:12351: $? = 0
configure:12366: gcc -shared  -fPIC -DPIC conftest.o  -v -Wl,-soname -Wl,conftest -o conftest 2\>\&1 \| /usr/bin/grep  -lc  \>/dev/null 2\>\&1
configure:12369: $? = 0
configure:12384: result: no
configure:12544: checking dynamic linker characteristics
configure:13163: gcc -o conftest -g -O2   -Wl,-rpath -Wl,/foo conftest.c  >&5
configure:13163: $? = 0
configure:13946: result: GNU/Linux ld.so
configure:14068: checking how to hardcode library paths into programs
configure:14093: result: immediate
configure:14693: checking whether stripping libraries is possible
configure:14702: result: yes
configure:14744: checking if libtool supports shared libraries
configure:14746: result: yes
configure:14749: checking whether to build shared libraries
configure:14774: result: yes
configure:14777: checking whether to build static libraries
configure:14781: result: no
configure:14819: checking whether ln -s works
configure:14823: result: yes
configure:14896: checking for pkg-config
configure:14919: found /usr/bin/pkg-config
configure:14932: result: /usr/bin/pkg-config
configure:14957: checking pkg-config is at least version 0.9.0
configure:14960: result: yes
configure:14970: checking for libnfnetlink >= 1.0.0
configure:14977: $PKG_CONFIG --exists --print-errors "libnfnetlink >= 1.0.0"
configure:14980: $? = 0
configure:14994: $PKG_CONFIG --exists --print-errors "libnfnetlink >= 1.0.0"
configure:14997: $? = 0
configure:15055: result: yes
configure:15061: checking for libmnl >= 1.0.3
configure:15068: $PKG_CONFIG --exists --print-errors "libmnl >= 1.0.3"
configure:15071: $? = 0
configure:15085: $PKG_CONFIG --exists --print-errors "libmnl >= 1.0.3"
configure:15088: $? = 0
configure:15146: result: yes
configure:15151: checking for arpa/inet.h
configure:15151: gcc -c -g -O2  conftest.c >&5
configure:15151: $? = 0
configure:15151: result: yes
configure:15158: checking for inet_ntop
configure:15158: gcc -o conftest -g -O2   conftest.c  >&5
configure:15158: $? = 0
configure:15158: result: yes
configure:15165: checking for setns
configure:15165: gcc -o conftest -g -O2   conftest.c  >&5
configure:15165: $? = 0
configure:15165: result: yes
configure:15173: checking if inet_ntop supports IPv6
configure:15207: gcc -o conftest -g -O2   conftest.c  >&5
configure:15207: $? = 0
configure:15207: ./conftest
configure:15207: $? = 0
configure:15209: result: yes
configure:15330: checking that generated files are newer than configure
configure:15336: result: done
configure:15375: creating ./config.status

## ---------------------- ##
## Running config.status. ##
## ---------------------- ##

This file was extended by libnetfilter_conntrack config.status 1.1.1, which was
generated by GNU Autoconf 2.72.  Invocation command line was

  CONFIG_FILES    = 
  CONFIG_HEADERS  = 
  CONFIG_LINKS    = 
  CONFIG_COMMANDS = 
  $ ./config.status 

on c-69fb3838-1445a456-a9c8ad8c7a0c

config.status:1109: creating Makefile
config.status:1109: creating src/Makefile
config.status:1109: creating include/Makefile
config.status:1109: creating utils/Makefile
config.status:1109: creating examples/Makefile
config.status:1109: creating tests/Makefile
config.status:1109: creating include/libnetfilter_conntrack/Makefile
config.status:1109: creating include/internal/Makefile
config.status:1109: creating src/conntrack/Makefile
config.status:1109: creating src/expect/Makefile
config.status:1109: creating libnetfilter_conntrack.pc
config.status:1109: creating doxygen.cfg
config.status:1109: creating config.h
config.status:1338: executing depfiles commands
config.status:1415: cd src       && sed -e '/# am--include-marker/d' Makefile         | make -f - am--depfiles
config.status:1420: $? = 0
config.status:1415: cd utils       && sed -e '/# am--include-marker/d' Makefile         | make -f - am--depfiles
config.status:1420: $? = 0
config.status:1415: cd examples       && sed -e '/# am--include-marker/d' Makefile         | make -f - am--depfiles
config.status:1420: $? = 0
config.status:1415: cd tests       && sed -e '/# am--include-marker/d' Makefile         | make -f - am--depfiles
config.status:1420: $? = 0
config.status:1415: cd src/conntrack       && sed -e '/# am--include-marker/d' Makefile         | make -f - am--depfiles
config.status:1420: $? = 0
config.status:1415: cd src/expect       && sed -e '/# am--include-marker/d' Makefile         | make -f - am--depfiles
config.status:1420: $? = 0
config.status:1338: executing libtool commands

## ---------------- ##
## Cache variables. ##
## ---------------- ##

ac_cv_build=x86_64-pc-linux-gnu
ac_cv_c_compiler_gnu=yes
ac_cv_env_CC_set=
ac_cv_env_CC_value=
ac_cv_env_CFLAGS_set=
ac_cv_env_CFLAGS_value=
ac_cv_env_CPPFLAGS_set=
ac_cv_env_CPPFLAGS_value=
ac_cv_env_LDFLAGS_set=
ac_cv_env_LDFLAGS_value=
ac_cv_env_LIBMNL_CFLAGS_set=
ac_cv_env_LIBMNL_CFLAGS_value=
ac_cv_env_LIBMNL_LIBS_set=
ac_cv_env_LIBMNL_LIBS_value=
ac_cv_env_LIBNFNETLINK_CFLAGS_set=
ac_cv_env_LIBNFNETLINK_CFLAGS_value=
ac_cv_env_LIBNFNETLINK_LIBS_set=
ac_cv_env_LIBNFNETLINK_LIBS_value=
ac_cv_env_LIBS_set=
ac_cv_env_LIBS_value=
ac_cv_env_LT_SYS_LIBRARY_PATH_set=
ac_cv_env_LT_SYS_LIBRARY_PATH_value=
ac_cv_env_PKG_CONFIG_LIBDIR_set=
ac_cv_env_PKG_CONFIG_LIBDIR_value=
ac_cv_env_PKG_CONFIG_PATH_set=set
ac_cv_env_PKG_CONFIG_PATH_value=/home/z/ulogd-build/install/lib/pkgconfig:/usr/lib/x86_64-linux-gnu/pkgconfig
ac_cv_env_PKG_CONFIG_set=
ac_cv_env_PKG_CONFIG_value=
ac_cv_env_build_alias_set=
ac_cv_env_build_alias_value=
ac_cv_env_host_alias_set=
ac_cv_env_host_alias_value=
ac_cv_env_target_alias_set=
ac_cv_env_target_alias_value=
ac_cv_func_inet_ntop=yes
ac_cv_func_setns=yes
ac_cv_header_arpa_inet_h=yes
ac_cv_header_dlfcn_h=yes
ac_cv_header_inttypes_h=yes
ac_cv_header_stdint_h=yes
ac_cv_header_stdio_h=yes
ac_cv_header_stdlib_h=yes
ac_cv_header_string_h=yes
ac_cv_header_strings_h=yes
ac_cv_header_sys_stat_h=yes
ac_cv_header_sys_types_h=yes
ac_cv_header_unistd_h=yes
ac_cv_host=x86_64-pc-linux-gnu
ac_cv_objext=o
ac_cv_path_EGREP='/usr/bin/grep -E'
ac_cv_path_EGREP_TRADITIONAL='/usr/bin/grep -E'
ac_cv_path_FGREP='/usr/bin/grep -F'
ac_cv_path_GREP=/usr/bin/grep
ac_cv_path_SED=/usr/bin/sed
ac_cv_path_ac_pt_PKG_CONFIG=/usr/bin/pkg-config
ac_cv_path_install='/usr/bin/install -c'
ac_cv_path_lt_DD=/usr/bin/dd
ac_cv_path_mkdir=/usr/bin/mkdir
ac_cv_prog_AWK=mawk
ac_cv_prog_FILECMD=file
ac_cv_prog_ac_ct_AR=ar
ac_cv_prog_ac_ct_CC=gcc
ac_cv_prog_ac_ct_OBJDUMP=objdump
ac_cv_prog_ac_ct_RANLIB=ranlib
ac_cv_prog_ac_ct_STRIP=strip
ac_cv_prog_cc_c11=
ac_cv_prog_cc_g=yes
ac_cv_prog_cc_stdc=
ac_cv_prog_make_make_set=yes
am_cv_CC_dependencies_compiler_type=gcc3
am_cv_ar_interface=ar
am_cv_filesystem_timestamp_resolution=0.01
am_cv_make_support_nested_variables=yes
am_cv_prog_cc_c_o=yes
am_cv_prog_tar_pax=gnutar
am_cv_sleep_fractional_seconds=yes
am_cv_xargs_n_works=yes
lt_cv_ar_at_file=@
lt_cv_archive_cmds_need_lc=no
lt_cv_deplibs_check_method=pass_all
lt_cv_file_magic_cmd='$MAGIC_CMD'
lt_cv_file_magic_test_file=
lt_cv_ld_reload_flag=-r
lt_cv_nm_interface='BSD nm'
lt_cv_objdir=.libs
lt_cv_path_LD=/usr/bin/ld
lt_cv_path_NM='/usr/bin/nm -B'
lt_cv_path_manifest_tool=no
lt_cv_prog_compiler_c_o=yes
lt_cv_prog_compiler_pic='-fPIC -DPIC'
lt_cv_prog_compiler_pic_works=yes
lt_cv_prog_compiler_rtti_exceptions=no
lt_cv_prog_compiler_static_works=yes
lt_cv_prog_gnu_ld=yes
lt_cv_sharedlib_from_linklib_cmd='printf %s\n'
lt_cv_shlibpath_overrides_runpath=yes
lt_cv_sys_global_symbol_pipe='/usr/bin/sed -n -e '\''s/^.*[	 ]\([ABCDGIRSTW][ABCDGIRSTW]*\)[	 ][	 ]*\([_A-Za-z][_A-Za-z0-9]*\)$/\1 \2 \2/p'\'' | /usr/bin/sed '\''/ __gnu_lto/d'\'''
lt_cv_sys_global_symbol_to_c_name_address='/usr/bin/sed -n -e '\''s/^: \(.*\) .*$/  {"\1", (void *) 0},/p'\'' -e '\''s/^[ABCDGIRSTW][ABCDGIRSTW]* .* \(.*\)$/  {"\1", (void *) \&\1},/p'\'''
lt_cv_sys_global_symbol_to_c_name_address_lib_prefix='/usr/bin/sed -n -e '\''s/^: \(.*\) .*$/  {"\1", (void *) 0},/p'\'' -e '\''s/^[ABCDGIRSTW][ABCDGIRSTW]* .* \(lib.*\)$/  {"\1", (void *) \&\1},/p'\'' -e '\''s/^[ABCDGIRSTW][ABCDGIRSTW]* .* \(.*\)$/  {"lib\1", (void *) \&\1},/p'\'''
lt_cv_sys_global_symbol_to_cdecl='/usr/bin/sed -n -e '\''s/^T .* \(.*\)$/extern int \1();/p'\'' -e '\''s/^[ABCDGIRSTW][ABCDGIRSTW]* .* \(.*\)$/extern char \1;/p'\'''
lt_cv_sys_global_symbol_to_import=
lt_cv_sys_max_cmd_len=1572864
lt_cv_to_host_file_cmd=func_convert_file_noop
lt_cv_to_tool_file_cmd=func_convert_file_noop
lt_cv_truncate_bin='/usr/bin/dd bs=4096 count=1'
pkg_cv_LIBMNL_CFLAGS='-I/home/z/ulogd-build/install/include '
pkg_cv_LIBMNL_LIBS='-L/home/z/ulogd-build/install/lib -lmnl '
pkg_cv_LIBNFNETLINK_CFLAGS='-I/home/z/ulogd-build/install/include '
pkg_cv_LIBNFNETLINK_LIBS='-L/home/z/ulogd-build/install/lib -lnfnetlink '

## ----------------- ##
## Output variables. ##
## ----------------- ##

ACLOCAL='${SHELL} '\''/home/z/ulogd-build/deps/libnetfilter_conntrack-1.1.1/build-aux/missing'\'' aclocal-1.17'
AMDEPBACKSLASH='\'
AMDEP_FALSE='#'
AMDEP_TRUE=''
AMTAR='$${TAR-tar}'
AM_BACKSLASH='\'
AM_DEFAULT_V='$(AM_DEFAULT_VERBOSITY)'
AM_DEFAULT_VERBOSITY='0'
AM_V='$(V)'
AR='ar'
AUTOCONF='${SHELL} '\''/home/z/ulogd-build/deps/libnetfilter_conntrack-1.1.1/build-aux/missing'\'' autoconf'
AUTOHEADER='${SHELL} '\''/home/z/ulogd-build/deps/libnetfilter_conntrack-1.1.1/build-aux/missing'\'' autoheader'
AUTOMAKE='${SHELL} '\''/home/z/ulogd-build/deps/libnetfilter_conntrack-1.1.1/build-aux/missing'\'' automake-1.17'
AWK='mawk'
CC='gcc'
CCDEPMODE='depmode=gcc3'
CFLAGS='-g -O2'
CPPFLAGS=''
CSCOPE='cscope'
CTAGS='ctags'
CYGPATH_W='echo'
DEFS='-DHAVE_CONFIG_H'
DEPDIR='.deps'
DLLTOOL='false'
DSYMUTIL=''
DUMPBIN=''
ECHO_C=''
ECHO_N='-n'
ECHO_T=''
EGREP='/usr/bin/grep -E'
ETAGS='etags'
EXEEXT=''
FGREP='/usr/bin/grep -F'
FILECMD='file'
GREP='/usr/bin/grep'
INSTALL_DATA='${INSTALL} -m 644'
INSTALL_PROGRAM='${INSTALL}'
INSTALL_SCRIPT='${INSTALL}'
INSTALL_STRIP_PROGRAM='$(install_sh) -c -s'
LD='/usr/bin/ld -m elf_x86_64'
LDFLAGS=''
LIBMNL_CFLAGS='-I/home/z/ulogd-build/install/include '
LIBMNL_LIBS='-L/home/z/ulogd-build/install/lib -lmnl '
LIBNFNETLINK_CFLAGS='-I/home/z/ulogd-build/install/include '
LIBNFNETLINK_LIBS='-L/home/z/ulogd-build/install/lib -lnfnetlink '
LIBOBJS=''
LIBS=''
LIBTOOL='$(SHELL) $(top_builddir)/libtool'
LIPO=''
LN_S='ln -s'
LTLIBOBJS=''
LT_SYS_LIBRARY_PATH=''
MAKEINFO='${SHELL} '\''/home/z/ulogd-build/deps/libnetfilter_conntrack-1.1.1/build-aux/missing'\'' makeinfo'
MANIFEST_TOOL=':'
MKDIR_P='/usr/bin/mkdir -p'
NM='/usr/bin/nm -B'
NMEDIT=''
OBJDUMP='objdump'
OBJEXT='o'
OTOOL64=''
OTOOL=''
PACKAGE='libnetfilter_conntrack'
PACKAGE_BUGREPORT=''
PACKAGE_NAME='libnetfilter_conntrack'
PACKAGE_STRING='libnetfilter_conntrack 1.1.1'
PACKAGE_TARNAME='libnetfilter_conntrack'
PACKAGE_URL=''
PACKAGE_VERSION='1.1.1'
PATH_SEPARATOR=':'
PKG_CONFIG='/usr/bin/pkg-config'
PKG_CONFIG_LIBDIR=''
PKG_CONFIG_PATH='/home/z/ulogd-build/install/lib/pkgconfig:/usr/lib/x86_64-linux-gnu/pkgconfig'
RANLIB='ranlib'
SED='/usr/bin/sed'
SET_MAKE=''
SHELL='/bin/bash'
STRIP='strip'
VERSION='1.1.1'
ac_ct_AR='ar'
ac_ct_CC='gcc'
ac_ct_DUMPBIN=''
am__EXEEXT_FALSE=''
am__EXEEXT_TRUE='#'
am__fastdepCC_FALSE='#'
am__fastdepCC_TRUE=''
am__include='include'
am__isrc=''
am__leading_dot='.'
am__nodep='_no'
am__quote=''
am__rm_f_notfound=''
am__tar='tar --format=posix -chf - "$$tardir"'
am__untar='tar -xf -'
am__xargs_n='xargs -n'
bindir='${exec_prefix}/bin'
build='x86_64-pc-linux-gnu'
build_alias=''
build_cpu='x86_64'
build_os='linux-gnu'
build_vendor='pc'
datadir='${datarootdir}'
datarootdir='${prefix}/share'
docdir='${datarootdir}/doc/${PACKAGE_TARNAME}'
dvidir='${docdir}'
exec_prefix='${prefix}'
host='x86_64-pc-linux-gnu'
host_alias=''
host_cpu='x86_64'
host_os='linux-gnu'
host_vendor='pc'
htmldir='${docdir}'
includedir='${prefix}/include'
infodir='${datarootdir}/info'
install_sh='${SHELL} /home/z/ulogd-build/deps/libnetfilter_conntrack-1.1.1/build-aux/install-sh'
libdir='${exec_prefix}/lib'
libexecdir='${exec_prefix}/libexec'
localedir='${datarootdir}/locale'
localstatedir='${prefix}/var'
mandir='${datarootdir}/man'
mkdir_p='$(MKDIR_P)'
oldincludedir='/usr/include'
pdfdir='${docdir}'
prefix='/home/z/ulogd-build/install'
program_transform_name='s,x,x,'
psdir='${docdir}'
runstatedir='${localstatedir}/run'
sbindir='${exec_prefix}/sbin'
sharedstatedir='${prefix}/com'
sysconfdir='${prefix}/etc'
target_alias=''

## ----------- ##
## confdefs.h. ##
## ----------- ##

/* confdefs.h */
#define PACKAGE_NAME "libnetfilter_conntrack"
#define PACKAGE_TARNAME "libnetfilter_conntrack"
#define PACKAGE_VERSION "1.1.1"
#define PACKAGE_STRING "libnetfilter_conntrack 1.1.1"
#define PACKAGE_BUGREPORT ""
#define PACKAGE_URL ""
#define PACKAGE "libnetfilter_conntrack"
#define VERSION "1.1.1"
#define HAVE_STDIO_H 1
#define HAVE_STDLIB_H 1
#define HAVE_STRING_H 1
#define HAVE_INTTYPES_H 1
#define HAVE_STDINT_H 1
#define HAVE_STRINGS_H 1
#define HAVE_SYS_STAT_H 1
#define HAVE_SYS_TYPES_H 1
#define HAVE_UNISTD_H 1
#define STDC_HEADERS 1
#define HAVE_DLFCN_H 1
#define LT_OBJDIR ".libs/"
#define HAVE_ARPA_INET_H 1
#define HAVE_INET_NTOP 1
#define HAVE_SETNS 1
#define HAVE_INET_NTOP_IPV6 1

configure: exit 0
