This file contains any messages produced by compilers while
running configure, to aid debugging if configure makes a mistake.

It was created by pcap configure 1.10.6, which was
generated by GNU Autoconf 2.71.  Invocation command line was

  $ ./configure --prefix=/home/z/ulogd-build/install PKG_CONFIG_PATH=/home/z/ulogd-build/install/lib/pkgconfig:/usr/lib/x86_64-linux-gnu/pkgconfig

## --------- ##
## Platform. ##
## --------- ##

hostname = c-69fb3838-1445a456-a9c8ad8c7a0c
uname -m = x86_64
uname -r = 5.10.134-013.8.1.kangaroo.al8.x86_64
uname -s = Linux
uname -v = #1 SMP Fri Feb 27 09:19:17 UTC 2026

/usr/bin/uname -p = unknown
/bin/uname -X     = unknown

/bin/arch              = x86_64
/usr/bin/arch -k       = unknown
/usr/convex/getsysinfo = unknown
/usr/bin/hostinfo      = unknown
/bin/machine           = unknown
/usr/bin/oslevel       = unknown
/bin/universe          = unknown

PATH: /home/z/ulogd-build/install/bin/
PATH: /home/z/.venv/bin/
PATH: /app/.venv/bin/
PATH: /home/z/.npm-global/bin/
PATH: /home/z/.bun/bin/
PATH: /usr/local/sbin/
PATH: /usr/local/bin/
PATH: /usr/sbin/
PATH: /usr/bin/
PATH: /sbin/
PATH: /bin/
PATH: /usr/local/bun-node-fallback-bin/


## ----------- ##
## Core tests. ##
## ----------- ##

configure:2835: looking for aux files: install-sh config.guess config.sub
configure:2848:  trying ./
configure:2859:   ./install-sh found
configure:2877:   ./config.guess found
configure:2877:   ./config.sub found
configure:3076: checking build system type
configure:3091: result: x86_64-pc-linux-gnu
configure:3111: checking host system type
configure:3125: result: x86_64-pc-linux-gnu
configure:3145: checking target system type
configure:3159: result: x86_64-pc-linux-gnu
configure:3332: checking for gcc
configure:3353: found /usr/bin/gcc
configure:3364: result: gcc
configure:3717: checking for C compiler version
configure:3726: gcc --version >&5
gcc (Debian 14.2.0-19) 14.2.0
Copyright (C) 2024 Free Software Foundation, Inc.
This is free software; see the source for copying conditions.  There is NO
warranty; not even for MERCHANTABILITY or FITNESS FOR A PARTICULAR PURPOSE.

configure:3737: $? = 0
configure:3726: gcc -v >&5
Using built-in specs.
COLLECT_GCC=gcc
COLLECT_LTO_WRAPPER=/usr/libexec/gcc/x86_64-linux-gnu/14/lto-wrapper
OFFLOAD_TARGET_NAMES=nvptx-none:amdgcn-amdhsa
OFFLOAD_TARGET_DEFAULT=1
Target: x86_64-linux-gnu
Configured with: ../src/configure -v --with-pkgversion='Debian 14.2.0-19' --with-bugurl=file:///usr/share/doc/gcc-14/README.Bugs --enable-languages=c,ada,c++,go,d,fortran,objc,obj-c++,m2,rust --prefix=/usr --with-gcc-major-version-only --program-suffix=-14 --program-prefix=x86_64-linux-gnu- --enable-shared --enable-linker-build-id --libexecdir=/usr/libexec --without-included-gettext --enable-threads=posix --libdir=/usr/lib --enable-nls --enable-bootstrap --enable-clocale=gnu --enable-libstdcxx-debug --enable-libstdcxx-time=yes --with-default-libstdcxx-abi=new --enable-libstdcxx-backtrace --enable-gnu-unique-object --disable-vtable-verify --enable-plugin --enable-default-pie --with-system-zlib --enable-libphobos-checking=release --with-target-system-zlib=auto --enable-objc-gc=auto --enable-multiarch --disable-werror --enable-cet --with-arch-32=i686 --with-abi=m64 --with-multilib-list=m32,m64,mx32 --enable-multilib --with-tune=generic --enable-offload-targets=nvptx-none=/build/reproducible-path/gcc-14-14.2.0/debian/tmp-nvptx/usr,amdgcn-amdhsa=/build/reproducible-path/gcc-14-14.2.0/debian/tmp-gcn/usr --enable-offload-defaulted --without-cuda-driver --enable-checking=release --build=x86_64-linux-gnu --host=x86_64-linux-gnu --target=x86_64-linux-gnu --with-build-config=bootstrap-lto-lean --enable-link-serialization=3
Thread model: posix
Supported LTO compression algorithms: zlib zstd
gcc version 14.2.0 (Debian 14.2.0-19) 
... rest of stderr output deleted ...
configure:3737: $? = 0
configure:3726: gcc -V >&5
gcc: error: unrecognized command-line option '-V'
gcc: fatal error: no input files
compilation terminated.
configure:3737: $? = 1
configure:3726: gcc -qversion >&5
gcc: error: unrecognized command-line option '-qversion'; did you mean '--version'?
gcc: fatal error: no input files
compilation terminated.
configure:3737: $? = 1
configure:3726: gcc -version >&5
gcc: error: unrecognized command-line option '-version'
gcc: fatal error: no input files
compilation terminated.
configure:3737: $? = 1
configure:3757: checking whether the C compiler works
configure:3779: gcc    conftest.c  >&5
configure:3783: $? = 0
configure:3833: result: yes
configure:3836: checking for C compiler default output file name
configure:3838: result: a.out
configure:3844: checking for suffix of executables
configure:3851: gcc -o conftest    conftest.c  >&5
configure:3855: $? = 0
configure:3878: result: 
configure:3900: checking whether we are cross compiling
configure:3908: gcc -o conftest    conftest.c  >&5
configure:3912: $? = 0
configure:3919: ./conftest
configure:3923: $? = 0
configure:3938: result: no
configure:3943: checking for suffix of object files
configure:3966: gcc -c   conftest.c >&5
configure:3970: $? = 0
configure:3992: result: o
configure:3996: checking whether the compiler supports GNU C
configure:4016: gcc -c   conftest.c >&5
configure:4016: $? = 0
configure:4026: result: yes
configure:4037: checking whether gcc accepts -g
configure:4058: gcc -c -g  conftest.c >&5
configure:4058: $? = 0
configure:4102: result: yes
configure:4122: checking for gcc option to enable C11 features
configure:4137: gcc  -c -g -O2  conftest.c >&5
configure:4137: $? = 0
configure:4155: result: none needed
configure:4282: checking for special C compiler options needed for large files
configure:4330: result: no
configure:4336: checking for _FILE_OFFSET_BITS value needed for large files
configure:4362: gcc -c -g -O2  conftest.c >&5
configure:4362: $? = 0
configure:4396: result: no
configure:4478: checking for _LARGEFILE_SOURCE value needed for large files
configure:4498: gcc -o conftest -g -O2   conftest.c  >&5
configure:4498: $? = 0
configure:4528: result: no
configure:4556: checking for stdio.h
configure:4556: gcc -c -g -O2  conftest.c >&5
configure:4556: $? = 0
configure:4556: result: yes
configure:4556: checking for stdlib.h
configure:4556: gcc -c -g -O2  conftest.c >&5
configure:4556: $? = 0
configure:4556: result: yes
configure:4556: checking for string.h
configure:4556: gcc -c -g -O2  conftest.c >&5
configure:4556: $? = 0
configure:4556: result: yes
configure:4556: checking for inttypes.h
configure:4556: gcc -c -g -O2  conftest.c >&5
configure:4556: $? = 0
configure:4556: result: yes
configure:4556: checking for stdint.h
configure:4556: gcc -c -g -O2  conftest.c >&5
configure:4556: $? = 0
configure:4556: result: yes
configure:4556: checking for strings.h
configure:4556: gcc -c -g -O2  conftest.c >&5
configure:4556: $? = 0
configure:4556: result: yes
configure:4556: checking for sys/stat.h
configure:4556: gcc -c -g -O2  conftest.c >&5
configure:4556: $? = 0
configure:4556: result: yes
configure:4556: checking for sys/types.h
configure:4556: gcc -c -g -O2  conftest.c >&5
configure:4556: $? = 0
configure:4556: result: yes
configure:4556: checking for unistd.h
configure:4556: gcc -c -g -O2  conftest.c >&5
configure:4556: $? = 0
configure:4556: result: yes
configure:4585: checking size of void *
configure:4591: gcc -o conftest -g -O2   conftest.c  >&5
configure:4591: $? = 0
configure:4591: ./conftest
configure:4591: $? = 0
configure:4606: result: 8
configure:4623: checking size of time_t
configure:4629: gcc -o conftest -g -O2   conftest.c  >&5
configure:4629: $? = 0
configure:4629: ./conftest
configure:4629: $? = 0
configure:4645: result: 8
configure:4670: checking whether the compiler supports the -fvisibility=hidden option
configure:4704: gcc -c -g -O2 -fvisibility=hidden  conftest.c >&5
configure:4704: $? = 0
configure:4707: result: yes
configure:5244: checking for inline
configure:5281: gcc -c  -fvisibility=hidden  conftest.c >&5
configure:5281: $? = 0
configure:5297: result: inline
configure:5307: checking for __atomic_load_n
configure:5328: gcc -o conftest -g -O2   conftest.c  >&5
configure:5328: $? = 0
configure:5338: result: yes
configure:5346: checking for __atomic_store_n
configure:5366: gcc -o conftest -g -O2   conftest.c  >&5
configure:5366: $? = 0
configure:5376: result: yes
configure:5384: checking for sys/ioccom.h
configure:5384: gcc -c -g -O2  conftest.c >&5
conftest.c:53:10: fatal error: sys/ioccom.h: No such file or directory
   53 | #include <sys/ioccom.h>
      |          ^~~~~~~~~~~~~~
compilation terminated.
configure:5384: $? = 1
configure: failed program was:
| /* confdefs.h */
| #define PACKAGE_NAME "pcap"
| #define PACKAGE_TARNAME "pcap"
| #define PACKAGE_VERSION "1.10.6"
| #define PACKAGE_STRING "pcap 1.10.6"
| #define PACKAGE_BUGREPORT ""
| #define PACKAGE_URL ""
| #define HAVE_FSEEKO 1
| #define HAVE_STDIO_H 1
| #define HAVE_STDLIB_H 1
| #define HAVE_STRING_H 1
| #define HAVE_INTTYPES_H 1
| #define HAVE_STDINT_H 1
| #define HAVE_STRINGS_H 1
| #define HAVE_SYS_STAT_H 1
| #define HAVE_SYS_TYPES_H 1
| #define HAVE_UNISTD_H 1
| #define STDC_HEADERS 1
| #define SIZEOF_VOID_P 8
| #define SIZEOF_TIME_T 8
| #define inline inline
| #define HAVE___ATOMIC_LOAD_N 1
| #define HAVE___ATOMIC_STORE_N 1
| /* end confdefs.h.  */
| #include <stddef.h>
| #ifdef HAVE_STDIO_H
| # include <stdio.h>
| #endif
| #ifdef HAVE_STDLIB_H
| # include <stdlib.h>
| #endif
| #ifdef HAVE_STRING_H
| # include <string.h>
| #endif
| #ifdef HAVE_INTTYPES_H
| # include <inttypes.h>
| #endif
| #ifdef HAVE_STDINT_H
| # include <stdint.h>
| #endif
| #ifdef HAVE_STRINGS_H
| # include <strings.h>
| #endif
| #ifdef HAVE_SYS_TYPES_H
| # include <sys/types.h>
| #endif
| #ifdef HAVE_SYS_STAT_H
| # include <sys/stat.h>
| #endif
| #ifdef HAVE_UNISTD_H
| # include <unistd.h>
| #endif
| #include <sys/ioccom.h>
configure:5384: result: no
configure:5390: checking for sys/sockio.h
configure:5390: gcc -c -g -O2  conftest.c >&5
conftest.c:53:10: fatal error: sys/sockio.h: No such file or directory
   53 | #include <sys/sockio.h>
      |          ^~~~~~~~~~~~~~
compilation terminated.
configure:5390: $? = 1
configure: failed program was:
| /* confdefs.h */
| #define PACKAGE_NAME "pcap"
| #define PACKAGE_TARNAME "pcap"
| #define PACKAGE_VERSION "1.10.6"
| #define PACKAGE_STRING "pcap 1.10.6"
| #define PACKAGE_BUGREPORT ""
| #define PACKAGE_URL ""
| #define HAVE_FSEEKO 1
| #define HAVE_STDIO_H 1
| #define HAVE_STDLIB_H 1
| #define HAVE_STRING_H 1
| #define HAVE_INTTYPES_H 1
| #define HAVE_STDINT_H 1
| #define HAVE_STRINGS_H 1
| #define HAVE_SYS_STAT_H 1
| #define HAVE_SYS_TYPES_H 1
| #define HAVE_UNISTD_H 1
| #define STDC_HEADERS 1
| #define SIZEOF_VOID_P 8
| #define SIZEOF_TIME_T 8
| #define inline inline
| #define HAVE___ATOMIC_LOAD_N 1
| #define HAVE___ATOMIC_STORE_N 1
| /* end confdefs.h.  */
| #include <stddef.h>
| #ifdef HAVE_STDIO_H
| # include <stdio.h>
| #endif
| #ifdef HAVE_STDLIB_H
| # include <stdlib.h>
| #endif
| #ifdef HAVE_STRING_H
| # include <string.h>
| #endif
| #ifdef HAVE_INTTYPES_H
| # include <inttypes.h>
| #endif
| #ifdef HAVE_STDINT_H
| # include <stdint.h>
| #endif
| #ifdef HAVE_STRINGS_H
| # include <strings.h>
| #endif
| #ifdef HAVE_SYS_TYPES_H
| # include <sys/types.h>
| #endif
| #ifdef HAVE_SYS_STAT_H
| # include <sys/stat.h>
| #endif
| #ifdef HAVE_UNISTD_H
| # include <unistd.h>
| #endif
| #include <sys/sockio.h>
configure:5390: result: no
configure:5397: checking for netpacket/packet.h
configure:5397: gcc -c -g -O2  conftest.c >&5
configure:5397: $? = 0
configure:5397: result: yes
configure:5472: checking for ANSI ioctl definitions
configure:5501: gcc -c -g -O2  conftest.c >&5
configure:5501: $? = 0
configure:5510: result: yes
configure:5524: checking for strerror_r
configure:5524: gcc -o conftest -g -O2   conftest.c  >&5
configure:5524: $? = 0
configure:5524: result: yes
configure:5532: checking whether strerror_r is GNU-style
configure:5551: gcc -c -g -O2  conftest.c >&5
configure:5551: $? = 0
configure:5555: result: yes
configure:5591: checking for vsyslog
configure:5591: gcc -o conftest -g -O2   conftest.c  >&5
configure:5591: $? = 0
configure:5591: result: yes
configure:5602: checking for vsnprintf
configure:5602: gcc -o conftest -g -O2   conftest.c  >&5
conftest.c:44:6: warning: conflicting types for built-in function 'vsnprintf'; expected 'int(char *, long unsigned int,  const char *, __va_list_tag *)' [-Wbuiltin-declaration-mismatch]
   44 | char vsnprintf ();
      |      ^~~~~~~~~
conftest.c:36:1: note: 'vsnprintf' is declared in header '<stdio.h>'
   35 | #include <limits.h>
   36 | #undef vsnprintf
configure:5602: $? = 0
configure:5602: result: yes
configure:5610: checking for snprintf
configure:5610: gcc -o conftest -g -O2   conftest.c  >&5
conftest.c:44:6: warning: conflicting types for built-in function 'snprintf'; expected 'int(char *, long unsigned int,  const char *, ...)' [-Wbuiltin-declaration-mismatch]
   44 | char snprintf ();
      |      ^~~~~~~~
conftest.c:36:1: note: 'snprintf' is declared in header '<stdio.h>'
   35 | #include <limits.h>
   36 | #undef snprintf
configure:5610: $? = 0
configure:5610: result: yes
configure:5624: checking for vasprintf
configure:5624: gcc -o conftest -g -O2   conftest.c  >&5
configure:5624: $? = 0
configure:5624: result: yes
configure:5624: checking for asprintf
configure:5624: gcc -o conftest -g -O2   conftest.c  >&5
configure:5624: $? = 0
configure:5624: result: yes
configure:5649: checking for strlcat
configure:5649: gcc -o conftest -g -O2   conftest.c  >&5
configure:5649: $? = 0
configure:5649: result: yes
configure:5672: checking for strlcpy
configure:5672: gcc -o conftest -g -O2   conftest.c  >&5
configure:5672: $? = 0
configure:5672: result: yes
configure:5695: checking for strtok_r
configure:5695: gcc -o conftest -g -O2   conftest.c  >&5
configure:5695: $? = 0
configure:5695: result: yes
configure:5717: checking for ffs
configure:5717: gcc -o conftest -g -O2   conftest.c  >&5
conftest.c:49:6: warning: conflicting types for built-in function 'ffs'; expected 'int(int)' [-Wbuiltin-declaration-mismatch]
   49 | char ffs ();
      |      ^~~
configure:5717: $? = 0
configure:5717: result: yes
configure:5731: checking for gcc options needed to detect all undeclared functions
configure:5753: gcc -c -g -O2   conftest.c >&5
conftest.c: In function 'main':
conftest.c:38:8: error: 'strchr' undeclared (first use in this function)
   38 | (void) strchr;
      |        ^~~~~~
conftest.c:1:1: note: 'strchr' is defined in header '<string.h>'; this is probably fixable by adding '#include <string.h>'
    1 | /* confdefs.h */
conftest.c:38:8: note: each undeclared identifier is reported only once for each function it appears in
   38 | (void) strchr;
      |        ^~~~~~
configure:5753: $? = 1
configure: failed program was:
| /* confdefs.h */
| #define PACKAGE_NAME "pcap"
| #define PACKAGE_TARNAME "pcap"
| #define PACKAGE_VERSION "1.10.6"
| #define PACKAGE_STRING "pcap 1.10.6"
| #define PACKAGE_BUGREPORT ""
| #define PACKAGE_URL ""
| #define HAVE_FSEEKO 1
| #define HAVE_STDIO_H 1
| #define HAVE_STDLIB_H 1
| #define HAVE_STRING_H 1
| #define HAVE_INTTYPES_H 1
| #define HAVE_STDINT_H 1
| #define HAVE_STRINGS_H 1
| #define HAVE_SYS_STAT_H 1
| #define HAVE_SYS_TYPES_H 1
| #define HAVE_UNISTD_H 1
| #define STDC_HEADERS 1
| #define SIZEOF_VOID_P 8
| #define SIZEOF_TIME_T 8
| #define inline inline
| #define HAVE___ATOMIC_LOAD_N 1
| #define HAVE___ATOMIC_STORE_N 1
| #define HAVE_NETPACKET_PACKET_H 1
| #define HAVE_GNU_STRERROR_R /**/
| #define HAVE_VSYSLOG 1
| #define HAVE_VASPRINTF 1
| #define HAVE_ASPRINTF 1
| #define HAVE_STRLCAT 1
| #define HAVE_STRLCPY 1
| #define HAVE_STRTOK_R 1
| #define HAVE_FFS 1
| /* end confdefs.h.  */
| 
| int
| main (void)
| {
| (void) strchr;
|   ;
|   return 0;
| }
configure:5780: gcc -c -g -O2   conftest.c >&5
configure:5780: $? = 0
configure:5797: result: none needed
configure:5811: checking whether ffs is declared
configure:5811: gcc -c -g -O2   conftest.c >&5
configure:5811: $? = 0
configure:5811: result: yes
configure:5835: checking for getaddrinfo
configure:5835: gcc -o conftest -g -O2   conftest.c  >&5
configure:5835: $? = 0
configure:5835: result: yes
configure:6030: checking for library containing putmsg
configure:6060: gcc -o conftest -g -O2   conftest.c  >&5
/usr/bin/ld: /tmp/ccKhJSHr.o: in function `main':
/home/z/ulogd-build/deps/libpcap-1.10.6/conftest.c:43:(.text.startup+0x7): undefined reference to `putmsg'
collect2: error: ld returned 1 exit status
configure:6060: $? = 1
configure: failed program was:
| /* confdefs.h */
| #define PACKAGE_NAME "pcap"
| #define PACKAGE_TARNAME "pcap"
| #define PACKAGE_VERSION "1.10.6"
| #define PACKAGE_STRING "pcap 1.10.6"
| #define PACKAGE_BUGREPORT ""
| #define PACKAGE_URL ""
| #define HAVE_FSEEKO 1
| #define HAVE_STDIO_H 1
| #define HAVE_STDLIB_H 1
| #define HAVE_STRING_H 1
| #define HAVE_INTTYPES_H 1
| #define HAVE_STDINT_H 1
| #define HAVE_STRINGS_H 1
| #define HAVE_SYS_STAT_H 1
| #define HAVE_SYS_TYPES_H 1
| #define HAVE_UNISTD_H 1
| #define STDC_HEADERS 1
| #define SIZEOF_VOID_P 8
| #define SIZEOF_TIME_T 8
| #define inline inline
| #define HAVE___ATOMIC_LOAD_N 1
| #define HAVE___ATOMIC_STORE_N 1
| #define HAVE_NETPACKET_PACKET_H 1
| #define HAVE_GNU_STRERROR_R /**/
| #define HAVE_VSYSLOG 1
| #define HAVE_VASPRINTF 1
| #define HAVE_ASPRINTF 1
| #define HAVE_STRLCAT 1
| #define HAVE_STRLCPY 1
| #define HAVE_STRTOK_R 1
| #define HAVE_FFS 1
| #define STRINGS_H_DECLARES_FFS /**/
| /* end confdefs.h.  */
| 
| /* Override any GCC internal prototype to avoid an error.
|    Use char because int might match the return type of a GCC
|    builtin and then its argument prototype would still apply.  */
| char putmsg ();
| int
| main (void)
| {
| return putmsg ();
|   ;
|   return 0;
| }
configure:6060: gcc -o conftest -g -O2   conftest.c -lstr   >&5
/usr/bin/ld: cannot find -lstr: No such file or directory
collect2: error: ld returned 1 exit status
configure:6060: $? = 1
configure: failed program was:
| /* confdefs.h */
| #define PACKAGE_NAME "pcap"
| #define PACKAGE_TARNAME "pcap"
| #define PACKAGE_VERSION "1.10.6"
| #define PACKAGE_STRING "pcap 1.10.6"
| #define PACKAGE_BUGREPORT ""
| #define PACKAGE_URL ""
| #define HAVE_FSEEKO 1
| #define HAVE_STDIO_H 1
| #define HAVE_STDLIB_H 1
| #define HAVE_STRING_H 1
| #define HAVE_INTTYPES_H 1
| #define HAVE_STDINT_H 1
| #define HAVE_STRINGS_H 1
| #define HAVE_SYS_STAT_H 1
| #define HAVE_SYS_TYPES_H 1
| #define HAVE_UNISTD_H 1
| #define STDC_HEADERS 1
| #define SIZEOF_VOID_P 8
| #define SIZEOF_TIME_T 8
| #define inline inline
| #define HAVE___ATOMIC_LOAD_N 1
| #define HAVE___ATOMIC_STORE_N 1
| #define HAVE_NETPACKET_PACKET_H 1
| #define HAVE_GNU_STRERROR_R /**/
| #define HAVE_VSYSLOG 1
| #define HAVE_VASPRINTF 1
| #define HAVE_ASPRINTF 1
| #define HAVE_STRLCAT 1
| #define HAVE_STRLCPY 1
| #define HAVE_STRTOK_R 1
| #define HAVE_FFS 1
| #define STRINGS_H_DECLARES_FFS /**/
| /* end confdefs.h.  */
| 
| /* Override any GCC internal prototype to avoid an error.
|    Use char because int might match the return type of a GCC
|    builtin and then its argument prototype would still apply.  */
| char putmsg ();
| int
| main (void)
| {
| return putmsg ();
|   ;
|   return 0;
| }
configure:6080: result: no
configure:6104: checking whether getnetbyname_r is declared
configure:6104: gcc -c -g -O2   conftest.c >&5
configure:6104: $? = 0
configure:6104: result: yes
configure:6109: checking for the Linux getnetbyname_r()
configure:6129: gcc -o conftest -g -O2   conftest.c  >&5
configure:6129: $? = 0
configure:6132: result: yes
configure:6234: checking whether getprotobyname_r is declared
configure:6234: gcc -c -g -O2   conftest.c >&5
configure:6234: $? = 0
configure:6234: result: yes
configure:6239: checking for the Linux getprotobyname_r()
configure:6258: gcc -o conftest -g -O2   conftest.c  >&5
configure:6258: $? = 0
configure:6261: result: yes
configure:6362: checking for ether_hostton
configure:6362: gcc -o conftest -g -O2   conftest.c  >&5
configure:6362: $? = 0
configure:6362: result: yes
configure:6376: checking whether ether_hostton is declared
configure:6376: gcc -c -g -O2   conftest.c >&5
conftest.c: In function 'main':
conftest.c:49:10: error: 'ether_hostton' undeclared (first use in this function)
   49 |   (void) ether_hostton;
      |          ^~~~~~~~~~~~~
conftest.c:49:10: note: each undeclared identifier is reported only once for each function it appears in
configure:6376: $? = 1
configure: failed program was:
| /* confdefs.h */
| #define PACKAGE_NAME "pcap"
| #define PACKAGE_TARNAME "pcap"
| #define PACKAGE_VERSION "1.10.6"
| #define PACKAGE_STRING "pcap 1.10.6"
| #define PACKAGE_BUGREPORT ""
| #define PACKAGE_URL ""
| #define HAVE_FSEEKO 1
| #define HAVE_STDIO_H 1
| #define HAVE_STDLIB_H 1
| #define HAVE_STRING_H 1
| #define HAVE_INTTYPES_H 1
| #define HAVE_STDINT_H 1
| #define HAVE_STRINGS_H 1
| #define HAVE_SYS_STAT_H 1
| #define HAVE_SYS_TYPES_H 1
| #define HAVE_UNISTD_H 1
| #define STDC_HEADERS 1
| #define SIZEOF_VOID_P 8
| #define SIZEOF_TIME_T 8
| #define inline inline
| #define HAVE___ATOMIC_LOAD_N 1
| #define HAVE___ATOMIC_STORE_N 1
| #define HAVE_NETPACKET_PACKET_H 1
| #define HAVE_GNU_STRERROR_R /**/
| #define HAVE_VSYSLOG 1
| #define HAVE_VASPRINTF 1
| #define HAVE_ASPRINTF 1
| #define HAVE_STRLCAT 1
| #define HAVE_STRLCPY 1
| #define HAVE_STRTOK_R 1
| #define HAVE_FFS 1
| #define STRINGS_H_DECLARES_FFS /**/
| #define HAVE_LINUX_GETNETBYNAME_R 1
| #define HAVE_LINUX_GETPROTOBYNAME_R 1
| #define HAVE_ETHER_HOSTTON 1
| /* end confdefs.h.  */
| 
| #include <net/ethernet.h>
| 
| 
| int
| main (void)
| {
| #ifndef ether_hostton
| #ifdef __cplusplus
|   (void) ether_hostton;
| #else
|   (void) ether_hostton;
| #endif
| #endif
| 
|   ;
|   return 0;
| }
configure:6376: result: no
configure:6403: checking whether ether_hostton is declared
configure:6403: gcc -c -g -O2   conftest.c >&5
configure:6403: $? = 0
configure:6403: result: yes
configure:6550: checking for pthread.h
configure:6550: gcc -c -g -O2  conftest.c >&5
configure:6550: $? = 0
configure:6550: result: yes
configure:6558: checking for pthread_create
configure:6558: gcc -o conftest -g -O2   conftest.c  >&5
configure:6558: $? = 0
configure:6558: result: yes
configure:6692: checking whether to enable the instrument functions code
configure:6714: result: no
configure:6719: checking if --disable-protochain option is specified
configure:6738: result: enabled
configure:6762: checking for net/bpf.h
configure:6762: gcc -c -g -O2  conftest.c >&5
conftest.c:68:10: fatal error: net/bpf.h: No such file or directory
   68 | #include <net/bpf.h>
      |          ^~~~~~~~~~~
compilation terminated.
configure:6762: $? = 1
configure: failed program was:
| /* confdefs.h */
| #define PACKAGE_NAME "pcap"
| #define PACKAGE_TARNAME "pcap"
| #define PACKAGE_VERSION "1.10.6"
| #define PACKAGE_STRING "pcap 1.10.6"
| #define PACKAGE_BUGREPORT ""
| #define PACKAGE_URL ""
| #define HAVE_FSEEKO 1
| #define HAVE_STDIO_H 1
| #define HAVE_STDLIB_H 1
| #define HAVE_STRING_H 1
| #define HAVE_INTTYPES_H 1
| #define HAVE_STDINT_H 1
| #define HAVE_STRINGS_H 1
| #define HAVE_SYS_STAT_H 1
| #define HAVE_SYS_TYPES_H 1
| #define HAVE_UNISTD_H 1
| #define STDC_HEADERS 1
| #define SIZEOF_VOID_P 8
| #define SIZEOF_TIME_T 8
| #define inline inline
| #define HAVE___ATOMIC_LOAD_N 1
| #define HAVE___ATOMIC_STORE_N 1
| #define HAVE_NETPACKET_PACKET_H 1
| #define HAVE_GNU_STRERROR_R /**/
| #define HAVE_VSYSLOG 1
| #define HAVE_VASPRINTF 1
| #define HAVE_ASPRINTF 1
| #define HAVE_STRLCAT 1
| #define HAVE_STRLCPY 1
| #define HAVE_STRTOK_R 1
| #define HAVE_FFS 1
| #define STRINGS_H_DECLARES_FFS /**/
| #define HAVE_LINUX_GETNETBYNAME_R 1
| #define HAVE_LINUX_GETPROTOBYNAME_R 1
| #define HAVE_ETHER_HOSTTON 1
| #define NETINET_ETHER_H_DECLARES_ETHER_HOSTTON /**/
| #define HAVE_DECL_ETHER_HOSTTON 1
| /* end confdefs.h.  */
| #include <stddef.h>
| #ifdef HAVE_STDIO_H
| # include <stdio.h>
| #endif
| #ifdef HAVE_STDLIB_H
| # include <stdlib.h>
| #endif
| #ifdef HAVE_STRING_H
| # include <string.h>
| #endif
| #ifdef HAVE_INTTYPES_H
| # include <inttypes.h>
| #endif
| #ifdef HAVE_STDINT_H
| # include <stdint.h>
| #endif
| #ifdef HAVE_STRINGS_H
| # include <strings.h>
| #endif
| #ifdef HAVE_SYS_TYPES_H
| # include <sys/types.h>
| #endif
| #ifdef HAVE_SYS_STAT_H
| # include <sys/stat.h>
| #endif
| #ifdef HAVE_UNISTD_H
| # include <unistd.h>
| #endif
| #include <net/bpf.h>
configure:6762: result: no
configure:6841: checking for net/pfilt.h
configure:6841: gcc -c -g -O2  conftest.c >&5
conftest.c:68:10: fatal error: net/pfilt.h: No such file or directory
   68 | #include <net/pfilt.h>
      |          ^~~~~~~~~~~~~
compilation terminated.
configure:6841: $? = 1
configure: failed program was:
| /* confdefs.h */
| #define PACKAGE_NAME "pcap"
| #define PACKAGE_TARNAME "pcap"
| #define PACKAGE_VERSION "1.10.6"
| #define PACKAGE_STRING "pcap 1.10.6"
| #define PACKAGE_BUGREPORT ""
| #define PACKAGE_URL ""
| #define HAVE_FSEEKO 1
| #define HAVE_STDIO_H 1
| #define HAVE_STDLIB_H 1
| #define HAVE_STRING_H 1
| #define HAVE_INTTYPES_H 1
| #define HAVE_STDINT_H 1
| #define HAVE_STRINGS_H 1
| #define HAVE_SYS_STAT_H 1
| #define HAVE_SYS_TYPES_H 1
| #define HAVE_UNISTD_H 1
| #define STDC_HEADERS 1
| #define SIZEOF_VOID_P 8
| #define SIZEOF_TIME_T 8
| #define inline inline
| #define HAVE___ATOMIC_LOAD_N 1
| #define HAVE___ATOMIC_STORE_N 1
| #define HAVE_NETPACKET_PACKET_H 1
| #define HAVE_GNU_STRERROR_R /**/
| #define HAVE_VSYSLOG 1
| #define HAVE_VASPRINTF 1
| #define HAVE_ASPRINTF 1
| #define HAVE_STRLCAT 1
| #define HAVE_STRLCPY 1
| #define HAVE_STRTOK_R 1
| #define HAVE_FFS 1
| #define STRINGS_H_DECLARES_FFS /**/
| #define HAVE_LINUX_GETNETBYNAME_R 1
| #define HAVE_LINUX_GETPROTOBYNAME_R 1
| #define HAVE_ETHER_HOSTTON 1
| #define NETINET_ETHER_H_DECLARES_ETHER_HOSTTON /**/
| #define HAVE_DECL_ETHER_HOSTTON 1
| /* end confdefs.h.  */
| #include <stddef.h>
| #ifdef HAVE_STDIO_H
| # include <stdio.h>
| #endif
| #ifdef HAVE_STDLIB_H
| # include <stdlib.h>
| #endif
| #ifdef HAVE_STRING_H
| # include <string.h>
| #endif
| #ifdef HAVE_INTTYPES_H
| # include <inttypes.h>
| #endif
| #ifdef HAVE_STDINT_H
| # include <stdint.h>
| #endif
| #ifdef HAVE_STRINGS_H
| # include <strings.h>
| #endif
| #ifdef HAVE_SYS_TYPES_H
| # include <sys/types.h>
| #endif
| #ifdef HAVE_SYS_STAT_H
| # include <sys/stat.h>
| #endif
| #ifdef HAVE_UNISTD_H
| # include <unistd.h>
| #endif
| #include <net/pfilt.h>
configure:6841: result: no
configure:6847: checking for net/enet.h
configure:6847: gcc -c -g -O2  conftest.c >&5
conftest.c:68:10: fatal error: net/enet.h: No such file or directory
   68 | #include <net/enet.h>
      |          ^~~~~~~~~~~~
compilation terminated.
configure:6847: $? = 1
configure: failed program was:
| /* confdefs.h */
| #define PACKAGE_NAME "pcap"
| #define PACKAGE_TARNAME "pcap"
| #define PACKAGE_VERSION "1.10.6"
| #define PACKAGE_STRING "pcap 1.10.6"
| #define PACKAGE_BUGREPORT ""
| #define PACKAGE_URL ""
| #define HAVE_FSEEKO 1
| #define HAVE_STDIO_H 1
| #define HAVE_STDLIB_H 1
| #define HAVE_STRING_H 1
| #define HAVE_INTTYPES_H 1
| #define HAVE_STDINT_H 1
| #define HAVE_STRINGS_H 1
| #define HAVE_SYS_STAT_H 1
| #define HAVE_SYS_TYPES_H 1
| #define HAVE_UNISTD_H 1
| #define STDC_HEADERS 1
| #define SIZEOF_VOID_P 8
| #define SIZEOF_TIME_T 8
| #define inline inline
| #define HAVE___ATOMIC_LOAD_N 1
| #define HAVE___ATOMIC_STORE_N 1
| #define HAVE_NETPACKET_PACKET_H 1
| #define HAVE_GNU_STRERROR_R /**/
| #define HAVE_VSYSLOG 1
| #define HAVE_VASPRINTF 1
| #define HAVE_ASPRINTF 1
| #define HAVE_STRLCAT 1
| #define HAVE_STRLCPY 1
| #define HAVE_STRTOK_R 1
| #define HAVE_FFS 1
| #define STRINGS_H_DECLARES_FFS /**/
| #define HAVE_LINUX_GETNETBYNAME_R 1
| #define HAVE_LINUX_GETPROTOBYNAME_R 1
| #define HAVE_ETHER_HOSTTON 1
| #define NETINET_ETHER_H_DECLARES_ETHER_HOSTTON /**/
| #define HAVE_DECL_ETHER_HOSTTON 1
| /* end confdefs.h.  */
| #include <stddef.h>
| #ifdef HAVE_STDIO_H
| # include <stdio.h>
| #endif
| #ifdef HAVE_STDLIB_H
| # include <stdlib.h>
| #endif
| #ifdef HAVE_STRING_H
| # include <string.h>
| #endif
| #ifdef HAVE_INTTYPES_H
| # include <inttypes.h>
| #endif
| #ifdef HAVE_STDINT_H
| # include <stdint.h>
| #endif
| #ifdef HAVE_STRINGS_H
| # include <strings.h>
| #endif
| #ifdef HAVE_SYS_TYPES_H
| # include <sys/types.h>
| #endif
| #ifdef HAVE_SYS_STAT_H
| # include <sys/stat.h>
| #endif
| #ifdef HAVE_UNISTD_H
| # include <unistd.h>
| #endif
| #include <net/enet.h>
configure:6847: result: no
configure:6854: checking for net/nit.h
configure:6854: gcc -c -g -O2  conftest.c >&5
conftest.c:68:10: fatal error: net/nit.h: No such file or directory
   68 | #include <net/nit.h>
      |          ^~~~~~~~~~~
compilation terminated.
configure:6854: $? = 1
configure: failed program was:
| /* confdefs.h */
| #define PACKAGE_NAME "pcap"
| #define PACKAGE_TARNAME "pcap"
| #define PACKAGE_VERSION "1.10.6"
| #define PACKAGE_STRING "pcap 1.10.6"
| #define PACKAGE_BUGREPORT ""
| #define PACKAGE_URL ""
| #define HAVE_FSEEKO 1
| #define HAVE_STDIO_H 1
| #define HAVE_STDLIB_H 1
| #define HAVE_STRING_H 1
| #define HAVE_INTTYPES_H 1
| #define HAVE_STDINT_H 1
| #define HAVE_STRINGS_H 1
| #define HAVE_SYS_STAT_H 1
| #define HAVE_SYS_TYPES_H 1
| #define HAVE_UNISTD_H 1
| #define STDC_HEADERS 1
| #define SIZEOF_VOID_P 8
| #define SIZEOF_TIME_T 8
| #define inline inline
| #define HAVE___ATOMIC_LOAD_N 1
| #define HAVE___ATOMIC_STORE_N 1
| #define HAVE_NETPACKET_PACKET_H 1
| #define HAVE_GNU_STRERROR_R /**/
| #define HAVE_VSYSLOG 1
| #define HAVE_VASPRINTF 1
| #define HAVE_ASPRINTF 1
| #define HAVE_STRLCAT 1
| #define HAVE_STRLCPY 1
| #define HAVE_STRTOK_R 1
| #define HAVE_FFS 1
| #define STRINGS_H_DECLARES_FFS /**/
| #define HAVE_LINUX_GETNETBYNAME_R 1
| #define HAVE_LINUX_GETPROTOBYNAME_R 1
| #define HAVE_ETHER_HOSTTON 1
| #define NETINET_ETHER_H_DECLARES_ETHER_HOSTTON /**/
| #define HAVE_DECL_ETHER_HOSTTON 1
| /* end confdefs.h.  */
| #include <stddef.h>
| #ifdef HAVE_STDIO_H
| # include <stdio.h>
| #endif
| #ifdef HAVE_STDLIB_H
| # include <stdlib.h>
| #endif
| #ifdef HAVE_STRING_H
| # include <string.h>
| #endif
| #ifdef HAVE_INTTYPES_H
| # include <inttypes.h>
| #endif
| #ifdef HAVE_STDINT_H
| # include <stdint.h>
| #endif
| #ifdef HAVE_STRINGS_H
| # include <strings.h>
| #endif
| #ifdef HAVE_SYS_TYPES_H
| # include <sys/types.h>
| #endif
| #ifdef HAVE_SYS_STAT_H
| # include <sys/stat.h>
| #endif
| #ifdef HAVE_UNISTD_H
| # include <unistd.h>
| #endif
| #include <net/nit.h>
configure:6854: result: no
configure:6860: checking for sys/net/nit.h
configure:6860: gcc -c -g -O2  conftest.c >&5
conftest.c:68:10: fatal error: sys/net/nit.h: No such file or directory
   68 | #include <sys/net/nit.h>
      |          ^~~~~~~~~~~~~~~
compilation terminated.
configure:6860: $? = 1
configure: failed program was:
| /* confdefs.h */
| #define PACKAGE_NAME "pcap"
| #define PACKAGE_TARNAME "pcap"
| #define PACKAGE_VERSION "1.10.6"
| #define PACKAGE_STRING "pcap 1.10.6"
| #define PACKAGE_BUGREPORT ""
| #define PACKAGE_URL ""
| #define HAVE_FSEEKO 1
| #define HAVE_STDIO_H 1
| #define HAVE_STDLIB_H 1
| #define HAVE_STRING_H 1
| #define HAVE_INTTYPES_H 1
| #define HAVE_STDINT_H 1
| #define HAVE_STRINGS_H 1
| #define HAVE_SYS_STAT_H 1
| #define HAVE_SYS_TYPES_H 1
| #define HAVE_UNISTD_H 1
| #define STDC_HEADERS 1
| #define SIZEOF_VOID_P 8
| #define SIZEOF_TIME_T 8
| #define inline inline
| #define HAVE___ATOMIC_LOAD_N 1
| #define HAVE___ATOMIC_STORE_N 1
| #define HAVE_NETPACKET_PACKET_H 1
| #define HAVE_GNU_STRERROR_R /**/
| #define HAVE_VSYSLOG 1
| #define HAVE_VASPRINTF 1
| #define HAVE_ASPRINTF 1
| #define HAVE_STRLCAT 1
| #define HAVE_STRLCPY 1
| #define HAVE_STRTOK_R 1
| #define HAVE_FFS 1
| #define STRINGS_H_DECLARES_FFS /**/
| #define HAVE_LINUX_GETNETBYNAME_R 1
| #define HAVE_LINUX_GETPROTOBYNAME_R 1
| #define HAVE_ETHER_HOSTTON 1
| #define NETINET_ETHER_H_DECLARES_ETHER_HOSTTON /**/
| #define HAVE_DECL_ETHER_HOSTTON 1
| /* end confdefs.h.  */
| #include <stddef.h>
| #ifdef HAVE_STDIO_H
| # include <stdio.h>
| #endif
| #ifdef HAVE_STDLIB_H
| # include <stdlib.h>
| #endif
| #ifdef HAVE_STRING_H
| # include <string.h>
| #endif
| #ifdef HAVE_INTTYPES_H
| # include <inttypes.h>
| #endif
| #ifdef HAVE_STDINT_H
| # include <stdint.h>
| #endif
| #ifdef HAVE_STRINGS_H
| # include <strings.h>
| #endif
| #ifdef HAVE_SYS_TYPES_H
| # include <sys/types.h>
| #endif
| #ifdef HAVE_SYS_STAT_H
| # include <sys/stat.h>
| #endif
| #ifdef HAVE_UNISTD_H
| # include <unistd.h>
| #endif
| #include <sys/net/nit.h>
configure:6860: result: no
configure:6867: checking for linux/socket.h
configure:6867: gcc -c -g -O2  conftest.c >&5
configure:6867: $? = 0
configure:6867: result: yes
configure:6873: checking for net/raw.h
configure:6873: gcc -c -g -O2  conftest.c >&5
conftest.c:69:10: fatal error: net/raw.h: No such file or directory
   69 | #include <net/raw.h>
      |          ^~~~~~~~~~~
compilation terminated.
configure:6873: $? = 1
configure: failed program was:
| /* confdefs.h */
| #define PACKAGE_NAME "pcap"
| #define PACKAGE_TARNAME "pcap"
| #define PACKAGE_VERSION "1.10.6"
| #define PACKAGE_STRING "pcap 1.10.6"
| #define PACKAGE_BUGREPORT ""
| #define PACKAGE_URL ""
| #define HAVE_FSEEKO 1
| #define HAVE_STDIO_H 1
| #define HAVE_STDLIB_H 1
| #define HAVE_STRING_H 1
| #define HAVE_INTTYPES_H 1
| #define HAVE_STDINT_H 1
| #define HAVE_STRINGS_H 1
| #define HAVE_SYS_STAT_H 1
| #define HAVE_SYS_TYPES_H 1
| #define HAVE_UNISTD_H 1
| #define STDC_HEADERS 1
| #define SIZEOF_VOID_P 8
| #define SIZEOF_TIME_T 8
| #define inline inline
| #define HAVE___ATOMIC_LOAD_N 1
| #define HAVE___ATOMIC_STORE_N 1
| #define HAVE_NETPACKET_PACKET_H 1
| #define HAVE_GNU_STRERROR_R /**/
| #define HAVE_VSYSLOG 1
| #define HAVE_VASPRINTF 1
| #define HAVE_ASPRINTF 1
| #define HAVE_STRLCAT 1
| #define HAVE_STRLCPY 1
| #define HAVE_STRTOK_R 1
| #define HAVE_FFS 1
| #define STRINGS_H_DECLARES_FFS /**/
| #define HAVE_LINUX_GETNETBYNAME_R 1
| #define HAVE_LINUX_GETPROTOBYNAME_R 1
| #define HAVE_ETHER_HOSTTON 1
| #define NETINET_ETHER_H_DECLARES_ETHER_HOSTTON /**/
| #define HAVE_DECL_ETHER_HOSTTON 1
| #define HAVE_LINUX_SOCKET_H 1
| /* end confdefs.h.  */
| #include <stddef.h>
| #ifdef HAVE_STDIO_H
| # include <stdio.h>
| #endif
| #ifdef HAVE_STDLIB_H
| # include <stdlib.h>
| #endif
| #ifdef HAVE_STRING_H
| # include <string.h>
| #endif
| #ifdef HAVE_INTTYPES_H
| # include <inttypes.h>
| #endif
| #ifdef HAVE_STDINT_H
| # include <stdint.h>
| #endif
| #ifdef HAVE_STRINGS_H
| # include <strings.h>
| #endif
| #ifdef HAVE_SYS_TYPES_H
| # include <sys/types.h>
| #endif
| #ifdef HAVE_SYS_STAT_H
| # include <sys/stat.h>
| #endif
| #ifdef HAVE_UNISTD_H
| # include <unistd.h>
| #endif
| #include <net/raw.h>
configure:6873: result: no
configure:6879: checking for sys/dlpi.h
configure:6879: gcc -c -g -O2  conftest.c >&5
conftest.c:69:10: fatal error: sys/dlpi.h: No such file or directory
   69 | #include <sys/dlpi.h>
      |          ^~~~~~~~~~~~
compilation terminated.
configure:6879: $? = 1
configure: failed program was:
| /* confdefs.h */
| #define PACKAGE_NAME "pcap"
| #define PACKAGE_TARNAME "pcap"
| #define PACKAGE_VERSION "1.10.6"
| #define PACKAGE_STRING "pcap 1.10.6"
| #define PACKAGE_BUGREPORT ""
| #define PACKAGE_URL ""
| #define HAVE_FSEEKO 1
| #define HAVE_STDIO_H 1
| #define HAVE_STDLIB_H 1
| #define HAVE_STRING_H 1
| #define HAVE_INTTYPES_H 1
| #define HAVE_STDINT_H 1
| #define HAVE_STRINGS_H 1
| #define HAVE_SYS_STAT_H 1
| #define HAVE_SYS_TYPES_H 1
| #define HAVE_UNISTD_H 1
| #define STDC_HEADERS 1
| #define SIZEOF_VOID_P 8
| #define SIZEOF_TIME_T 8
| #define inline inline
| #define HAVE___ATOMIC_LOAD_N 1
| #define HAVE___ATOMIC_STORE_N 1
| #define HAVE_NETPACKET_PACKET_H 1
| #define HAVE_GNU_STRERROR_R /**/
| #define HAVE_VSYSLOG 1
| #define HAVE_VASPRINTF 1
| #define HAVE_ASPRINTF 1
| #define HAVE_STRLCAT 1
| #define HAVE_STRLCPY 1
| #define HAVE_STRTOK_R 1
| #define HAVE_FFS 1
| #define STRINGS_H_DECLARES_FFS /**/
| #define HAVE_LINUX_GETNETBYNAME_R 1
| #define HAVE_LINUX_GETPROTOBYNAME_R 1
| #define HAVE_ETHER_HOSTTON 1
| #define NETINET_ETHER_H_DECLARES_ETHER_HOSTTON /**/
| #define HAVE_DECL_ETHER_HOSTTON 1
| #define HAVE_LINUX_SOCKET_H 1
| /* end confdefs.h.  */
| #include <stddef.h>
| #ifdef HAVE_STDIO_H
| # include <stdio.h>
| #endif
| #ifdef HAVE_STDLIB_H
| # include <stdlib.h>
| #endif
| #ifdef HAVE_STRING_H
| # include <string.h>
| #endif
| #ifdef HAVE_INTTYPES_H
| # include <inttypes.h>
| #endif
| #ifdef HAVE_STDINT_H
| # include <stdint.h>
| #endif
| #ifdef HAVE_STRINGS_H
| # include <strings.h>
| #endif
| #ifdef HAVE_SYS_TYPES_H
| # include <sys/types.h>
| #endif
| #ifdef HAVE_SYS_STAT_H
| # include <sys/stat.h>
| #endif
| #ifdef HAVE_UNISTD_H
| # include <unistd.h>
| #endif
| #include <sys/dlpi.h>
configure:6879: result: no
configure:6886: checking for config/HaikuConfig.h
configure:6886: gcc -c -g -O2  conftest.c >&5
conftest.c:69:10: fatal error: config/HaikuConfig.h: No such file or directory
   69 | #include <config/HaikuConfig.h>
      |          ^~~~~~~~~~~~~~~~~~~~~~
compilation terminated.
configure:6886: $? = 1
configure: failed program was:
| /* confdefs.h */
| #define PACKAGE_NAME "pcap"
| #define PACKAGE_TARNAME "pcap"
| #define PACKAGE_VERSION "1.10.6"
| #define PACKAGE_STRING "pcap 1.10.6"
| #define PACKAGE_BUGREPORT ""
| #define PACKAGE_URL ""
| #define HAVE_FSEEKO 1
| #define HAVE_STDIO_H 1
| #define HAVE_STDLIB_H 1
| #define HAVE_STRING_H 1
| #define HAVE_INTTYPES_H 1
| #define HAVE_STDINT_H 1
| #define HAVE_STRINGS_H 1
| #define HAVE_SYS_STAT_H 1
| #define HAVE_SYS_TYPES_H 1
| #define HAVE_UNISTD_H 1
| #define STDC_HEADERS 1
| #define SIZEOF_VOID_P 8
| #define SIZEOF_TIME_T 8
| #define inline inline
| #define HAVE___ATOMIC_LOAD_N 1
| #define HAVE___ATOMIC_STORE_N 1
| #define HAVE_NETPACKET_PACKET_H 1
| #define HAVE_GNU_STRERROR_R /**/
| #define HAVE_VSYSLOG 1
| #define HAVE_VASPRINTF 1
| #define HAVE_ASPRINTF 1
| #define HAVE_STRLCAT 1
| #define HAVE_STRLCPY 1
| #define HAVE_STRTOK_R 1
| #define HAVE_FFS 1
| #define STRINGS_H_DECLARES_FFS /**/
| #define HAVE_LINUX_GETNETBYNAME_R 1
| #define HAVE_LINUX_GETPROTOBYNAME_R 1
| #define HAVE_ETHER_HOSTTON 1
| #define NETINET_ETHER_H_DECLARES_ETHER_HOSTTON /**/
| #define HAVE_DECL_ETHER_HOSTTON 1
| #define HAVE_LINUX_SOCKET_H 1
| /* end confdefs.h.  */
| #include <stddef.h>
| #ifdef HAVE_STDIO_H
| # include <stdio.h>
| #endif
| #ifdef HAVE_STDLIB_H
| # include <stdlib.h>
| #endif
| #ifdef HAVE_STRING_H
| # include <string.h>
| #endif
| #ifdef HAVE_INTTYPES_H
| # include <inttypes.h>
| #endif
| #ifdef HAVE_STDINT_H
| # include <stdint.h>
| #endif
| #ifdef HAVE_STRINGS_H
| # include <strings.h>
| #endif
| #ifdef HAVE_SYS_TYPES_H
| # include <sys/types.h>
| #endif
| #ifdef HAVE_SYS_STAT_H
| # include <sys/stat.h>
| #endif
| #ifdef HAVE_UNISTD_H
| # include <unistd.h>
| #endif
| #include <config/HaikuConfig.h>
configure:6886: result: no
configure:6970: checking packet capture type
configure:6972: result: linux
configure:7038: checking for pkg-config
configure:7061: found /usr/bin/pkg-config
configure:7073: result: /usr/bin/pkg-config
configure:7098: checking pkg-config is at least version 0.17.0
configure:7101: result: yes
configure:7115: checking for brew
configure:7153: result: no
configure:7451: checking for libnl-genl-3.0 with pkg-config
configure:7455: $PKG_CONFIG --exists --print-errors "libnl-genl-3.0"
Package libnl-genl-3.0 was not found in the pkg-config search path.
Perhaps you should add the directory containing `libnl-genl-3.0.pc'
to the PKG_CONFIG_PATH environment variable
Package 'libnl-genl-3.0', required by 'virtual:world', not found
configure:7458: $? = 1
configure:7549: result: not found
configure:7581: checking for nl_socket_alloc in -lnl-3
configure:7604: gcc -o conftest -g -O2   conftest.c -lnl-3 -I/usr/include/libnl3  -lnl-genl-3 -lnl-3   >&5
/usr/bin/ld: cannot find -lnl-3: No such file or directory
/usr/bin/ld: cannot find -lnl-genl-3: No such file or directory
/usr/bin/ld: cannot find -lnl-3: No such file or directory
collect2: error: ld returned 1 exit status
configure:7604: $? = 1
configure: failed program was:
| /* confdefs.h */
| #define PACKAGE_NAME "pcap"
| #define PACKAGE_TARNAME "pcap"
| #define PACKAGE_VERSION "1.10.6"
| #define PACKAGE_STRING "pcap 1.10.6"
| #define PACKAGE_BUGREPORT ""
| #define PACKAGE_URL ""
| #define HAVE_FSEEKO 1
| #define HAVE_STDIO_H 1
| #define HAVE_STDLIB_H 1
| #define HAVE_STRING_H 1
| #define HAVE_INTTYPES_H 1
| #define HAVE_STDINT_H 1
| #define HAVE_STRINGS_H 1
| #define HAVE_SYS_STAT_H 1
| #define HAVE_SYS_TYPES_H 1
| #define HAVE_UNISTD_H 1
| #define STDC_HEADERS 1
| #define SIZEOF_VOID_P 8
| #define SIZEOF_TIME_T 8
| #define inline inline
| #define HAVE___ATOMIC_LOAD_N 1
| #define HAVE___ATOMIC_STORE_N 1
| #define HAVE_NETPACKET_PACKET_H 1
| #define HAVE_GNU_STRERROR_R /**/
| #define HAVE_VSYSLOG 1
| #define HAVE_VASPRINTF 1
| #define HAVE_ASPRINTF 1
| #define HAVE_STRLCAT 1
| #define HAVE_STRLCPY 1
| #define HAVE_STRTOK_R 1
| #define HAVE_FFS 1
| #define STRINGS_H_DECLARES_FFS /**/
| #define HAVE_LINUX_GETNETBYNAME_R 1
| #define HAVE_LINUX_GETPROTOBYNAME_R 1
| #define HAVE_ETHER_HOSTTON 1
| #define NETINET_ETHER_H_DECLARES_ETHER_HOSTTON /**/
| #define HAVE_DECL_ETHER_HOSTTON 1
| #define HAVE_LINUX_SOCKET_H 1
| /* end confdefs.h.  */
| 
| /* Override any GCC internal prototype to avoid an error.
|    Use char because int might match the return type of a GCC
|    builtin and then its argument prototype would still apply.  */
| char nl_socket_alloc ();
| int
| main (void)
| {
| return nl_socket_alloc ();
|   ;
|   return 0;
| }
configure:7614: result: no
configure:7654: checking for struct tpacket_auxdata.tp_vlan_tci
configure:7654: gcc -c -g -O2  conftest.c >&5
configure:7654: $? = 0
configure:7654: result: yes
configure:7807: checking for getifaddrs
configure:7807: gcc -o conftest -g -O2   conftest.c  >&5
configure:7807: $? = 0
configure:7807: result: yes
configure:7815: checking for ifaddrs.h
configure:7815: gcc -c -g -O2  conftest.c >&5
configure:7815: $? = 0
configure:7815: result: yes
configure:7904: checking for linux/net_tstamp.h
configure:7904: gcc -c -g -O2  conftest.c >&5
configure:7904: $? = 0
configure:7904: result: yes
configure:7921: checking for socklen_t
configure:7921: gcc -c -g -O2  conftest.c >&5
configure:7921: $? = 0
configure:7921: gcc -c -g -O2  conftest.c >&5
conftest.c: In function 'main':
conftest.c:51:24: error: expected expression before ')' token
   51 | if (sizeof ((socklen_t)))
      |                        ^
configure:7921: $? = 1
configure: failed program was:
| /* confdefs.h */
| #define PACKAGE_NAME "pcap"
| #define PACKAGE_TARNAME "pcap"
| #define PACKAGE_VERSION "1.10.6"
| #define PACKAGE_STRING "pcap 1.10.6"
| #define PACKAGE_BUGREPORT ""
| #define PACKAGE_URL ""
| #define HAVE_FSEEKO 1
| #define HAVE_STDIO_H 1
| #define HAVE_STDLIB_H 1
| #define HAVE_STRING_H 1
| #define HAVE_INTTYPES_H 1
| #define HAVE_STDINT_H 1
| #define HAVE_STRINGS_H 1
| #define HAVE_SYS_STAT_H 1
| #define HAVE_SYS_TYPES_H 1
| #define HAVE_UNISTD_H 1
| #define STDC_HEADERS 1
| #define SIZEOF_VOID_P 8
| #define SIZEOF_TIME_T 8
| #define inline inline
| #define HAVE___ATOMIC_LOAD_N 1
| #define HAVE___ATOMIC_STORE_N 1
| #define HAVE_NETPACKET_PACKET_H 1
| #define HAVE_GNU_STRERROR_R /**/
| #define HAVE_VSYSLOG 1
| #define HAVE_VASPRINTF 1
| #define HAVE_ASPRINTF 1
| #define HAVE_STRLCAT 1
| #define HAVE_STRLCPY 1
| #define HAVE_STRTOK_R 1
| #define HAVE_FFS 1
| #define STRINGS_H_DECLARES_FFS /**/
| #define HAVE_LINUX_GETNETBYNAME_R 1
| #define HAVE_LINUX_GETPROTOBYNAME_R 1
| #define HAVE_ETHER_HOSTTON 1
| #define NETINET_ETHER_H_DECLARES_ETHER_HOSTTON /**/
| #define HAVE_DECL_ETHER_HOSTTON 1
| #define HAVE_LINUX_SOCKET_H 1
| #define HAVE_STRUCT_TPACKET_AUXDATA_TP_VLAN_TCI 1
| #define HAVE_LINUX_NET_TSTAMP_H 1
| /* end confdefs.h.  */
| 
| 	#include <sys/types.h>
| 	#include <sys/socket.h>
| 
| 
| int
| main (void)
| {
| if (sizeof ((socklen_t)))
| 	    return 0;
|   ;
|   return 0;
| }
configure:7921: result: yes
configure:8045: checking for dagapi.h
configure:8045: gcc -c -g -O2 -I/usr/local/include  conftest.c >&5
conftest.c:73:10: fatal error: dagapi.h: No such file or directory
   73 | #include <dagapi.h>
      |          ^~~~~~~~~~
compilation terminated.
configure:8045: $? = 1
configure: failed program was:
| /* confdefs.h */
| #define PACKAGE_NAME "pcap"
| #define PACKAGE_TARNAME "pcap"
| #define PACKAGE_VERSION "1.10.6"
| #define PACKAGE_STRING "pcap 1.10.6"
| #define PACKAGE_BUGREPORT ""
| #define PACKAGE_URL ""
| #define HAVE_FSEEKO 1
| #define HAVE_STDIO_H 1
| #define HAVE_STDLIB_H 1
| #define HAVE_STRING_H 1
| #define HAVE_INTTYPES_H 1
| #define HAVE_STDINT_H 1
| #define HAVE_STRINGS_H 1
| #define HAVE_SYS_STAT_H 1
| #define HAVE_SYS_TYPES_H 1
| #define HAVE_UNISTD_H 1
| #define STDC_HEADERS 1
| #define SIZEOF_VOID_P 8
| #define SIZEOF_TIME_T 8
| #define inline inline
| #define HAVE___ATOMIC_LOAD_N 1
| #define HAVE___ATOMIC_STORE_N 1
| #define HAVE_NETPACKET_PACKET_H 1
| #define HAVE_GNU_STRERROR_R /**/
| #define HAVE_VSYSLOG 1
| #define HAVE_VASPRINTF 1
| #define HAVE_ASPRINTF 1
| #define HAVE_STRLCAT 1
| #define HAVE_STRLCPY 1
| #define HAVE_STRTOK_R 1
| #define HAVE_FFS 1
| #define STRINGS_H_DECLARES_FFS /**/
| #define HAVE_LINUX_GETNETBYNAME_R 1
| #define HAVE_LINUX_GETPROTOBYNAME_R 1
| #define HAVE_ETHER_HOSTTON 1
| #define NETINET_ETHER_H_DECLARES_ETHER_HOSTTON /**/
| #define HAVE_DECL_ETHER_HOSTTON 1
| #define HAVE_LINUX_SOCKET_H 1
| #define HAVE_STRUCT_TPACKET_AUXDATA_TP_VLAN_TCI 1
| #define HAVE_LINUX_NET_TSTAMP_H 1
| #define HAVE_SOCKLEN_T 1
| #define INET6 1
| /* end confdefs.h.  */
| #include <stddef.h>
| #ifdef HAVE_STDIO_H
| # include <stdio.h>
| #endif
| #ifdef HAVE_STDLIB_H
| # include <stdlib.h>
| #endif
| #ifdef HAVE_STRING_H
| # include <string.h>
| #endif
| #ifdef HAVE_INTTYPES_H
| # include <inttypes.h>
| #endif
| #ifdef HAVE_STDINT_H
| # include <stdint.h>
| #endif
| #ifdef HAVE_STRINGS_H
| # include <strings.h>
| #endif
| #ifdef HAVE_SYS_TYPES_H
| # include <sys/types.h>
| #endif
| #ifdef HAVE_SYS_STAT_H
| # include <sys/stat.h>
| #endif
| #ifdef HAVE_UNISTD_H
| # include <unistd.h>
| #endif
| #include <dagapi.h>
configure:8045: result: no
configure:8394: checking whether we have Septel API headers
configure:8425: result: no
configure:8508: checking whether we have Myricom Sniffer API
configure:8606: result: no
configure:8660: checking whether TurboCap is supported
configure:8692: gcc -c -g -O2  conftest.c >&5
conftest.c:46:22: fatal error: TcApi.h: No such file or directory
   46 |             #include <TcApi.h>
      |                      ^~~~~~~~~
compilation terminated.
configure:8692: $? = 1
configure: failed program was:
| /* confdefs.h */
| #define PACKAGE_NAME "pcap"
| #define PACKAGE_TARNAME "pcap"
| #define PACKAGE_VERSION "1.10.6"
| #define PACKAGE_STRING "pcap 1.10.6"
| #define PACKAGE_BUGREPORT ""
| #define PACKAGE_URL ""
| #define HAVE_FSEEKO 1
| #define HAVE_STDIO_H 1
| #define HAVE_STDLIB_H 1
| #define HAVE_STRING_H 1
| #define HAVE_INTTYPES_H 1
| #define HAVE_STDINT_H 1
| #define HAVE_STRINGS_H 1
| #define HAVE_SYS_STAT_H 1
| #define HAVE_SYS_TYPES_H 1
| #define HAVE_UNISTD_H 1
| #define STDC_HEADERS 1
| #define SIZEOF_VOID_P 8
| #define SIZEOF_TIME_T 8
| #define inline inline
| #define HAVE___ATOMIC_LOAD_N 1
| #define HAVE___ATOMIC_STORE_N 1
| #define HAVE_NETPACKET_PACKET_H 1
| #define HAVE_GNU_STRERROR_R /**/
| #define HAVE_VSYSLOG 1
| #define HAVE_VASPRINTF 1
| #define HAVE_ASPRINTF 1
| #define HAVE_STRLCAT 1
| #define HAVE_STRLCPY 1
| #define HAVE_STRTOK_R 1
| #define HAVE_FFS 1
| #define STRINGS_H_DECLARES_FFS /**/
| #define HAVE_LINUX_GETNETBYNAME_R 1
| #define HAVE_LINUX_GETPROTOBYNAME_R 1
| #define HAVE_ETHER_HOSTTON 1
| #define NETINET_ETHER_H_DECLARES_ETHER_HOSTTON /**/
| #define HAVE_DECL_ETHER_HOSTTON 1
| #define HAVE_LINUX_SOCKET_H 1
| #define HAVE_STRUCT_TPACKET_AUXDATA_TP_VLAN_TCI 1
| #define HAVE_LINUX_NET_TSTAMP_H 1
| #define HAVE_SOCKLEN_T 1
| #define INET6 1
| /* end confdefs.h.  */
| 
| 	    #include <TcApi.h>
| 
| int
| main (void)
| {
| 
| 	    TC_INSTANCE a; TC_PORT b; TC_BOARD c;
| 	    TC_INSTANCE i;
| 	    (void)TcInstanceCreateByName("foo", &i);
| 
|   ;
|   return 0;
| }
configure:8717: result: no
configure:8727: checking whether to enable remote packet capture
configure:9176: result: no
configure:9181: checking whether to build optimizer debugging code
configure:9194: result: no
configure:9197: checking whether to build parser debugging code
configure:9210: result: no
configure:9220: checking for flex
configure:9241: found /home/z/ulogd-build/install/bin/flex
configure:9252: result: flex
configure:9301: checking for lex output file root
configure:9314: flex conftest.l
configure:9318: $? = 0
configure:9326: result: lex.yy
configure:9341: checking for lex library
configure:9366: gcc -o conftest -g -O2   conftest.c  >&5
configure:9366: $? = 0
configure:9379: result: none needed
configure:9394: checking for library containing yywrap
configure:9424: gcc -o conftest -g -O2   conftest.c  >&5
/usr/bin/ld: /tmp/cca3MmOG.o: in function `main':
/home/z/ulogd-build/deps/libpcap-1.10.6/conftest.c:53:(.text.startup+0x7): undefined reference to `yywrap'
collect2: error: ld returned 1 exit status
configure:9424: $? = 1
configure: failed program was:
| /* confdefs.h */
| #define PACKAGE_NAME "pcap"
| #define PACKAGE_TARNAME "pcap"
| #define PACKAGE_VERSION "1.10.6"
| #define PACKAGE_STRING "pcap 1.10.6"
| #define PACKAGE_BUGREPORT ""
| #define PACKAGE_URL ""
| #define HAVE_FSEEKO 1
| #define HAVE_STDIO_H 1
| #define HAVE_STDLIB_H 1
| #define HAVE_STRING_H 1
| #define HAVE_INTTYPES_H 1
| #define HAVE_STDINT_H 1
| #define HAVE_STRINGS_H 1
| #define HAVE_SYS_STAT_H 1
| #define HAVE_SYS_TYPES_H 1
| #define HAVE_UNISTD_H 1
| #define STDC_HEADERS 1
| #define SIZEOF_VOID_P 8
| #define SIZEOF_TIME_T 8
| #define inline inline
| #define HAVE___ATOMIC_LOAD_N 1
| #define HAVE___ATOMIC_STORE_N 1
| #define HAVE_NETPACKET_PACKET_H 1
| #define HAVE_GNU_STRERROR_R /**/
| #define HAVE_VSYSLOG 1
| #define HAVE_VASPRINTF 1
| #define HAVE_ASPRINTF 1
| #define HAVE_STRLCAT 1
| #define HAVE_STRLCPY 1
| #define HAVE_STRTOK_R 1
| #define HAVE_FFS 1
| #define STRINGS_H_DECLARES_FFS /**/
| #define HAVE_LINUX_GETNETBYNAME_R 1
| #define HAVE_LINUX_GETPROTOBYNAME_R 1
| #define HAVE_ETHER_HOSTTON 1
| #define NETINET_ETHER_H_DECLARES_ETHER_HOSTTON /**/
| #define HAVE_DECL_ETHER_HOSTTON 1
| #define HAVE_LINUX_SOCKET_H 1
| #define HAVE_STRUCT_TPACKET_AUXDATA_TP_VLAN_TCI 1
| #define HAVE_LINUX_NET_TSTAMP_H 1
| #define HAVE_SOCKLEN_T 1
| #define INET6 1
| /* end confdefs.h.  */
| 
| /* Override any GCC internal prototype to avoid an error.
|    Use char because int might match the return type of a GCC
|    builtin and then its argument prototype would still apply.  */
| char yywrap ();
| int
| main (void)
| {
| return yywrap ();
|   ;
|   return 0;
| }
configure:9424: gcc -o conftest -g -O2   conftest.c -lfl   >&5
/usr/bin/ld: cannot find -lfl: No such file or directory
collect2: error: ld returned 1 exit status
configure:9424: $? = 1
configure: failed program was:
| /* confdefs.h */
| #define PACKAGE_NAME "pcap"
| #define PACKAGE_TARNAME "pcap"
| #define PACKAGE_VERSION "1.10.6"
| #define PACKAGE_STRING "pcap 1.10.6"
| #define PACKAGE_BUGREPORT ""
| #define PACKAGE_URL ""
| #define HAVE_FSEEKO 1
| #define HAVE_STDIO_H 1
| #define HAVE_STDLIB_H 1
| #define HAVE_STRING_H 1
| #define HAVE_INTTYPES_H 1
| #define HAVE_STDINT_H 1
| #define HAVE_STRINGS_H 1
| #define HAVE_SYS_STAT_H 1
| #define HAVE_SYS_TYPES_H 1
| #define HAVE_UNISTD_H 1
| #define STDC_HEADERS 1
| #define SIZEOF_VOID_P 8
| #define SIZEOF_TIME_T 8
| #define inline inline
| #define HAVE___ATOMIC_LOAD_N 1
| #define HAVE___ATOMIC_STORE_N 1
| #define HAVE_NETPACKET_PACKET_H 1
| #define HAVE_GNU_STRERROR_R /**/
| #define HAVE_VSYSLOG 1
| #define HAVE_VASPRINTF 1
| #define HAVE_ASPRINTF 1
| #define HAVE_STRLCAT 1
| #define HAVE_STRLCPY 1
| #define HAVE_STRTOK_R 1
| #define HAVE_FFS 1
| #define STRINGS_H_DECLARES_FFS /**/
| #define HAVE_LINUX_GETNETBYNAME_R 1
| #define HAVE_LINUX_GETPROTOBYNAME_R 1
| #define HAVE_ETHER_HOSTTON 1
| #define NETINET_ETHER_H_DECLARES_ETHER_HOSTTON /**/
| #define HAVE_DECL_ETHER_HOSTTON 1
| #define HAVE_LINUX_SOCKET_H 1
| #define HAVE_STRUCT_TPACKET_AUXDATA_TP_VLAN_TCI 1
| #define HAVE_LINUX_NET_TSTAMP_H 1
| #define HAVE_SOCKLEN_T 1
| #define INET6 1
| /* end confdefs.h.  */
| 
| /* Override any GCC internal prototype to avoid an error.
|    Use char because int might match the return type of a GCC
|    builtin and then its argument prototype would still apply.  */
| char yywrap ();
| int
| main (void)
| {
| return yywrap ();
|   ;
|   return 0;
| }
configure:9424: gcc -o conftest -g -O2   conftest.c -ll   >&5
/usr/bin/ld: cannot find -ll: No such file or directory
collect2: error: ld returned 1 exit status
configure:9424: $? = 1
configure: failed program was:
| /* confdefs.h */
| #define PACKAGE_NAME "pcap"
| #define PACKAGE_TARNAME "pcap"
| #define PACKAGE_VERSION "1.10.6"
| #define PACKAGE_STRING "pcap 1.10.6"
| #define PACKAGE_BUGREPORT ""
| #define PACKAGE_URL ""
| #define HAVE_FSEEKO 1
| #define HAVE_STDIO_H 1
| #define HAVE_STDLIB_H 1
| #define HAVE_STRING_H 1
| #define HAVE_INTTYPES_H 1
| #define HAVE_STDINT_H 1
| #define HAVE_STRINGS_H 1
| #define HAVE_SYS_STAT_H 1
| #define HAVE_SYS_TYPES_H 1
| #define HAVE_UNISTD_H 1
| #define STDC_HEADERS 1
| #define SIZEOF_VOID_P 8
| #define SIZEOF_TIME_T 8
| #define inline inline
| #define HAVE___ATOMIC_LOAD_N 1
| #define HAVE___ATOMIC_STORE_N 1
| #define HAVE_NETPACKET_PACKET_H 1
| #define HAVE_GNU_STRERROR_R /**/
| #define HAVE_VSYSLOG 1
| #define HAVE_VASPRINTF 1
| #define HAVE_ASPRINTF 1
| #define HAVE_STRLCAT 1
| #define HAVE_STRLCPY 1
| #define HAVE_STRTOK_R 1
| #define HAVE_FFS 1
| #define STRINGS_H_DECLARES_FFS /**/
| #define HAVE_LINUX_GETNETBYNAME_R 1
| #define HAVE_LINUX_GETPROTOBYNAME_R 1
| #define HAVE_ETHER_HOSTTON 1
| #define NETINET_ETHER_H_DECLARES_ETHER_HOSTTON /**/
| #define HAVE_DECL_ETHER_HOSTTON 1
| #define HAVE_LINUX_SOCKET_H 1
| #define HAVE_STRUCT_TPACKET_AUXDATA_TP_VLAN_TCI 1
| #define HAVE_LINUX_NET_TSTAMP_H 1
| #define HAVE_SOCKLEN_T 1
| #define INET6 1
| /* end confdefs.h.  */
| 
| /* Override any GCC internal prototype to avoid an error.
|    Use char because int might match the return type of a GCC
|    builtin and then its argument prototype would still apply.  */
| char yywrap ();
| int
| main (void)
| {
| return yywrap ();
|   ;
|   return 0;
| }
configure:9444: result: no
configure:9460: checking whether yytext is a pointer
configure:9476: gcc -c -g -O2  conftest.c >&5
configure:9476: $? = 0
configure:9483: result: yes
configure:9503: checking for capable lex
configure:9515: result: yes
configure:9544: checking for bison
configure:9565: found /home/z/ulogd-build/install/bin/bison
configure:9576: result: bison
configure:10266: checking for ranlib
configure:10287: found /usr/bin/ranlib
configure:10298: result: ranlib
configure:10368: checking for ar
configure:10389: found /usr/bin/ar
configure:10400: result: ar
configure:10423: checking whether ln -s works
configure:10427: result: yes
configure:12568: checking for struct sockaddr.sa_len
configure:12568: gcc -c -g -O2  conftest.c >&5
conftest.c: In function 'main':
conftest.c:55:12: error: 'struct sockaddr' has no member named 'sa_len'
   55 | if (ac_aggr.sa_len)
      |            ^
configure:12568: $? = 1
configure: failed program was:
| /* confdefs.h */
| #define PACKAGE_NAME "pcap"
| #define PACKAGE_TARNAME "pcap"
| #define PACKAGE_VERSION "1.10.6"
| #define PACKAGE_STRING "pcap 1.10.6"
| #define PACKAGE_BUGREPORT ""
| #define PACKAGE_URL ""
| #define HAVE_FSEEKO 1
| #define HAVE_STDIO_H 1
| #define HAVE_STDLIB_H 1
| #define HAVE_STRING_H 1
| #define HAVE_INTTYPES_H 1
| #define HAVE_STDINT_H 1
| #define HAVE_STRINGS_H 1
| #define HAVE_SYS_STAT_H 1
| #define HAVE_SYS_TYPES_H 1
| #define HAVE_UNISTD_H 1
| #define STDC_HEADERS 1
| #define SIZEOF_VOID_P 8
| #define SIZEOF_TIME_T 8
| #define inline inline
| #define HAVE___ATOMIC_LOAD_N 1
| #define HAVE___ATOMIC_STORE_N 1
| #define HAVE_NETPACKET_PACKET_H 1
| #define HAVE_GNU_STRERROR_R /**/
| #define HAVE_VSYSLOG 1
| #define HAVE_VASPRINTF 1
| #define HAVE_ASPRINTF 1
| #define HAVE_STRLCAT 1
| #define HAVE_STRLCPY 1
| #define HAVE_STRTOK_R 1
| #define HAVE_FFS 1
| #define STRINGS_H_DECLARES_FFS /**/
| #define HAVE_LINUX_GETNETBYNAME_R 1
| #define HAVE_LINUX_GETPROTOBYNAME_R 1
| #define HAVE_ETHER_HOSTTON 1
| #define NETINET_ETHER_H_DECLARES_ETHER_HOSTTON /**/
| #define HAVE_DECL_ETHER_HOSTTON 1
| #define HAVE_LINUX_SOCKET_H 1
| #define HAVE_STRUCT_TPACKET_AUXDATA_TP_VLAN_TCI 1
| #define HAVE_LINUX_NET_TSTAMP_H 1
| #define HAVE_SOCKLEN_T 1
| #define INET6 1
| #define YYTEXT_POINTER 1
| /* end confdefs.h.  */
| 
| 	#include <sys/types.h>
| 	#include <sys/socket.h>
| 
| 
| int
| main (void)
| {
| static struct sockaddr ac_aggr;
| if (ac_aggr.sa_len)
| return 0;
|   ;
|   return 0;
| }
configure:12568: gcc -c -g -O2  conftest.c >&5
conftest.c: In function 'main':
conftest.c:55:19: error: 'struct sockaddr' has no member named 'sa_len'
   55 | if (sizeof ac_aggr.sa_len)
      |                   ^
configure:12568: $? = 1
configure: failed program was:
| /* confdefs.h */
| #define PACKAGE_NAME "pcap"
| #define PACKAGE_TARNAME "pcap"
| #define PACKAGE_VERSION "1.10.6"
| #define PACKAGE_STRING "pcap 1.10.6"
| #define PACKAGE_BUGREPORT ""
| #define PACKAGE_URL ""
| #define HAVE_FSEEKO 1
| #define HAVE_STDIO_H 1
| #define HAVE_STDLIB_H 1
| #define HAVE_STRING_H 1
| #define HAVE_INTTYPES_H 1
| #define HAVE_STDINT_H 1
| #define HAVE_STRINGS_H 1
| #define HAVE_SYS_STAT_H 1
| #define HAVE_SYS_TYPES_H 1
| #define HAVE_UNISTD_H 1
| #define STDC_HEADERS 1
| #define SIZEOF_VOID_P 8
| #define SIZEOF_TIME_T 8
| #define inline inline
| #define HAVE___ATOMIC_LOAD_N 1
| #define HAVE___ATOMIC_STORE_N 1
| #define HAVE_NETPACKET_PACKET_H 1
| #define HAVE_GNU_STRERROR_R /**/
| #define HAVE_VSYSLOG 1
| #define HAVE_VASPRINTF 1
| #define HAVE_ASPRINTF 1
| #define HAVE_STRLCAT 1
| #define HAVE_STRLCPY 1
| #define HAVE_STRTOK_R 1
| #define HAVE_FFS 1
| #define STRINGS_H_DECLARES_FFS /**/
| #define HAVE_LINUX_GETNETBYNAME_R 1
| #define HAVE_LINUX_GETPROTOBYNAME_R 1
| #define HAVE_ETHER_HOSTTON 1
| #define NETINET_ETHER_H_DECLARES_ETHER_HOSTTON /**/
| #define HAVE_DECL_ETHER_HOSTTON 1
| #define HAVE_LINUX_SOCKET_H 1
| #define HAVE_STRUCT_TPACKET_AUXDATA_TP_VLAN_TCI 1
| #define HAVE_LINUX_NET_TSTAMP_H 1
| #define HAVE_SOCKLEN_T 1
| #define INET6 1
| #define YYTEXT_POINTER 1
| /* end confdefs.h.  */
| 
| 	#include <sys/types.h>
| 	#include <sys/socket.h>
| 
| 
| int
| main (void)
| {
| static struct sockaddr ac_aggr;
| if (sizeof ac_aggr.sa_len)
| return 0;
|   ;
|   return 0;
| }
configure:12568: result: no
configure:12585: checking for struct sockaddr_storage
configure:12585: gcc -c -g -O2  conftest.c >&5
configure:12585: $? = 0
configure:12585: gcc -c -g -O2  conftest.c >&5
conftest.c: In function 'main':
conftest.c:54:38: error: expected expression before ')' token
   54 | if (sizeof ((struct sockaddr_storage)))
      |                                      ^
configure:12585: $? = 1
configure: failed program was:
| /* confdefs.h */
| #define PACKAGE_NAME "pcap"
| #define PACKAGE_TARNAME "pcap"
| #define PACKAGE_VERSION "1.10.6"
| #define PACKAGE_STRING "pcap 1.10.6"
| #define PACKAGE_BUGREPORT ""
| #define PACKAGE_URL ""
| #define HAVE_FSEEKO 1
| #define HAVE_STDIO_H 1
| #define HAVE_STDLIB_H 1
| #define HAVE_STRING_H 1
| #define HAVE_INTTYPES_H 1
| #define HAVE_STDINT_H 1
| #define HAVE_STRINGS_H 1
| #define HAVE_SYS_STAT_H 1
| #define HAVE_SYS_TYPES_H 1
| #define HAVE_UNISTD_H 1
| #define STDC_HEADERS 1
| #define SIZEOF_VOID_P 8
| #define SIZEOF_TIME_T 8
| #define inline inline
| #define HAVE___ATOMIC_LOAD_N 1
| #define HAVE___ATOMIC_STORE_N 1
| #define HAVE_NETPACKET_PACKET_H 1
| #define HAVE_GNU_STRERROR_R /**/
| #define HAVE_VSYSLOG 1
| #define HAVE_VASPRINTF 1
| #define HAVE_ASPRINTF 1
| #define HAVE_STRLCAT 1
| #define HAVE_STRLCPY 1
| #define HAVE_STRTOK_R 1
| #define HAVE_FFS 1
| #define STRINGS_H_DECLARES_FFS /**/
| #define HAVE_LINUX_GETNETBYNAME_R 1
| #define HAVE_LINUX_GETPROTOBYNAME_R 1
| #define HAVE_ETHER_HOSTTON 1
| #define NETINET_ETHER_H_DECLARES_ETHER_HOSTTON /**/
| #define HAVE_DECL_ETHER_HOSTTON 1
| #define HAVE_LINUX_SOCKET_H 1
| #define HAVE_STRUCT_TPACKET_AUXDATA_TP_VLAN_TCI 1
| #define HAVE_LINUX_NET_TSTAMP_H 1
| #define HAVE_SOCKLEN_T 1
| #define INET6 1
| #define YYTEXT_POINTER 1
| /* end confdefs.h.  */
| 
| 	#include <sys/types.h>
| 	#include <sys/socket.h>
| 
| 
| int
| main (void)
| {
| if (sizeof ((struct sockaddr_storage)))
| 	    return 0;
|   ;
|   return 0;
| }
configure:12585: result: yes
configure:12610: checking for dl_hp_ppa_info_t.dl_module_id_1
configure:12610: gcc -c -g -O2  conftest.c >&5
conftest.c:49:18: fatal error: sys/dlpi.h: No such file or directory
   49 |         #include <sys/dlpi.h>
      |                  ^~~~~~~~~~~~
compilation terminated.
configure:12610: $? = 1
configure: failed program was:
| /* confdefs.h */
| #define PACKAGE_NAME "pcap"
| #define PACKAGE_TARNAME "pcap"
| #define PACKAGE_VERSION "1.10.6"
| #define PACKAGE_STRING "pcap 1.10.6"
| #define PACKAGE_BUGREPORT ""
| #define PACKAGE_URL ""
| #define HAVE_FSEEKO 1
| #define HAVE_STDIO_H 1
| #define HAVE_STDLIB_H 1
| #define HAVE_STRING_H 1
| #define HAVE_INTTYPES_H 1
| #define HAVE_STDINT_H 1
| #define HAVE_STRINGS_H 1
| #define HAVE_SYS_STAT_H 1
| #define HAVE_SYS_TYPES_H 1
| #define HAVE_UNISTD_H 1
| #define STDC_HEADERS 1
| #define SIZEOF_VOID_P 8
| #define SIZEOF_TIME_T 8
| #define inline inline
| #define HAVE___ATOMIC_LOAD_N 1
| #define HAVE___ATOMIC_STORE_N 1
| #define HAVE_NETPACKET_PACKET_H 1
| #define HAVE_GNU_STRERROR_R /**/
| #define HAVE_VSYSLOG 1
| #define HAVE_VASPRINTF 1
| #define HAVE_ASPRINTF 1
| #define HAVE_STRLCAT 1
| #define HAVE_STRLCPY 1
| #define HAVE_STRTOK_R 1
| #define HAVE_FFS 1
| #define STRINGS_H_DECLARES_FFS /**/
| #define HAVE_LINUX_GETNETBYNAME_R 1
| #define HAVE_LINUX_GETPROTOBYNAME_R 1
| #define HAVE_ETHER_HOSTTON 1
| #define NETINET_ETHER_H_DECLARES_ETHER_HOSTTON /**/
| #define HAVE_DECL_ETHER_HOSTTON 1
| #define HAVE_LINUX_SOCKET_H 1
| #define HAVE_STRUCT_TPACKET_AUXDATA_TP_VLAN_TCI 1
| #define HAVE_LINUX_NET_TSTAMP_H 1
| #define HAVE_SOCKLEN_T 1
| #define INET6 1
| #define YYTEXT_POINTER 1
| #define HAVE_STRUCT_SOCKADDR_STORAGE 1
| /* end confdefs.h.  */
| 
| 	#include <sys/types.h>
| 	#include <sys/dlpi.h>
| 	#include <sys/dlpi_ext.h>
| 
| 
| int
| main (void)
| {
| static dl_hp_ppa_info_t ac_aggr;
| if (ac_aggr.dl_module_id_1)
| return 0;
|   ;
|   return 0;
| }
configure:12610: gcc -c -g -O2  conftest.c >&5
conftest.c:49:18: fatal error: sys/dlpi.h: No such file or directory
   49 |         #include <sys/dlpi.h>
      |                  ^~~~~~~~~~~~
compilation terminated.
configure:12610: $? = 1
configure: failed program was:
| /* confdefs.h */
| #define PACKAGE_NAME "pcap"
| #define PACKAGE_TARNAME "pcap"
| #define PACKAGE_VERSION "1.10.6"
| #define PACKAGE_STRING "pcap 1.10.6"
| #define PACKAGE_BUGREPORT ""
| #define PACKAGE_URL ""
| #define HAVE_FSEEKO 1
| #define HAVE_STDIO_H 1
| #define HAVE_STDLIB_H 1
| #define HAVE_STRING_H 1
| #define HAVE_INTTYPES_H 1
| #define HAVE_STDINT_H 1
| #define HAVE_STRINGS_H 1
| #define HAVE_SYS_STAT_H 1
| #define HAVE_SYS_TYPES_H 1
| #define HAVE_UNISTD_H 1
| #define STDC_HEADERS 1
| #define SIZEOF_VOID_P 8
| #define SIZEOF_TIME_T 8
| #define inline inline
| #define HAVE___ATOMIC_LOAD_N 1
| #define HAVE___ATOMIC_STORE_N 1
| #define HAVE_NETPACKET_PACKET_H 1
| #define HAVE_GNU_STRERROR_R /**/
| #define HAVE_VSYSLOG 1
| #define HAVE_VASPRINTF 1
| #define HAVE_ASPRINTF 1
| #define HAVE_STRLCAT 1
| #define HAVE_STRLCPY 1
| #define HAVE_STRTOK_R 1
| #define HAVE_FFS 1
| #define STRINGS_H_DECLARES_FFS /**/
| #define HAVE_LINUX_GETNETBYNAME_R 1
| #define HAVE_LINUX_GETPROTOBYNAME_R 1
| #define HAVE_ETHER_HOSTTON 1
| #define NETINET_ETHER_H_DECLARES_ETHER_HOSTTON /**/
| #define HAVE_DECL_ETHER_HOSTTON 1
| #define HAVE_LINUX_SOCKET_H 1
| #define HAVE_STRUCT_TPACKET_AUXDATA_TP_VLAN_TCI 1
| #define HAVE_LINUX_NET_TSTAMP_H 1
| #define HAVE_SOCKLEN_T 1
| #define INET6 1
| #define YYTEXT_POINTER 1
| #define HAVE_STRUCT_SOCKADDR_STORAGE 1
| /* end confdefs.h.  */
| 
| 	#include <sys/types.h>
| 	#include <sys/dlpi.h>
| 	#include <sys/dlpi_ext.h>
| 
| 
| int
| main (void)
| {
| static dl_hp_ppa_info_t ac_aggr;
| if (sizeof ac_aggr.dl_module_id_1)
| return 0;
|   ;
|   return 0;
| }
configure:12610: result: no
configure:12644: checking for Linux usbmon USB sniffing support
configure:12651: result: yes
configure:12668: checking for linux/compiler.h
configure:12668: gcc -c -g -O2  conftest.c >&5
conftest.c:76:10: fatal error: linux/compiler.h: No such file or directory
   76 | #include <linux/compiler.h>
      |          ^~~~~~~~~~~~~~~~~~
compilation terminated.
configure:12668: $? = 1
configure: failed program was:
| /* confdefs.h */
| #define PACKAGE_NAME "pcap"
| #define PACKAGE_TARNAME "pcap"
| #define PACKAGE_VERSION "1.10.6"
| #define PACKAGE_STRING "pcap 1.10.6"
| #define PACKAGE_BUGREPORT ""
| #define PACKAGE_URL ""
| #define HAVE_FSEEKO 1
| #define HAVE_STDIO_H 1
| #define HAVE_STDLIB_H 1
| #define HAVE_STRING_H 1
| #define HAVE_INTTYPES_H 1
| #define HAVE_STDINT_H 1
| #define HAVE_STRINGS_H 1
| #define HAVE_SYS_STAT_H 1
| #define HAVE_SYS_TYPES_H 1
| #define HAVE_UNISTD_H 1
| #define STDC_HEADERS 1
| #define SIZEOF_VOID_P 8
| #define SIZEOF_TIME_T 8
| #define inline inline
| #define HAVE___ATOMIC_LOAD_N 1
| #define HAVE___ATOMIC_STORE_N 1
| #define HAVE_NETPACKET_PACKET_H 1
| #define HAVE_GNU_STRERROR_R /**/
| #define HAVE_VSYSLOG 1
| #define HAVE_VASPRINTF 1
| #define HAVE_ASPRINTF 1
| #define HAVE_STRLCAT 1
| #define HAVE_STRLCPY 1
| #define HAVE_STRTOK_R 1
| #define HAVE_FFS 1
| #define STRINGS_H_DECLARES_FFS /**/
| #define HAVE_LINUX_GETNETBYNAME_R 1
| #define HAVE_LINUX_GETPROTOBYNAME_R 1
| #define HAVE_ETHER_HOSTTON 1
| #define NETINET_ETHER_H_DECLARES_ETHER_HOSTTON /**/
| #define HAVE_DECL_ETHER_HOSTTON 1
| #define HAVE_LINUX_SOCKET_H 1
| #define HAVE_STRUCT_TPACKET_AUXDATA_TP_VLAN_TCI 1
| #define HAVE_LINUX_NET_TSTAMP_H 1
| #define HAVE_SOCKLEN_T 1
| #define INET6 1
| #define YYTEXT_POINTER 1
| #define HAVE_STRUCT_SOCKADDR_STORAGE 1
| #define PCAP_SUPPORT_LINUX_USBMON 1
| /* end confdefs.h.  */
| #include <stddef.h>
| #ifdef HAVE_STDIO_H
| # include <stdio.h>
| #endif
| #ifdef HAVE_STDLIB_H
| # include <stdlib.h>
| #endif
| #ifdef HAVE_STRING_H
| # include <string.h>
| #endif
| #ifdef HAVE_INTTYPES_H
| # include <inttypes.h>
| #endif
| #ifdef HAVE_STDINT_H
| # include <stdint.h>
| #endif
| #ifdef HAVE_STRINGS_H
| # include <strings.h>
| #endif
| #ifdef HAVE_SYS_TYPES_H
| # include <sys/types.h>
| #endif
| #ifdef HAVE_SYS_STAT_H
| # include <sys/stat.h>
| #endif
| #ifdef HAVE_UNISTD_H
| # include <unistd.h>
| #endif
| #include <linux/compiler.h>
configure:12668: result: no
configure:12688: checking for linux/usbdevice_fs.h
configure:12688: gcc -c -g -O2  conftest.c >&5
configure:12688: $? = 0
configure:12688: result: yes
configure:12703: checking for struct usbdevfs_ctrltransfer.bRequestType
configure:12703: gcc -c -g -O2  conftest.c >&5
configure:12703: $? = 0
configure:12703: result: yes
configure:12733: checking whether we can compile the netfilter support
configure:12760: gcc -c -g -O2  conftest.c >&5
configure:12760: $? = 0
configure:12769: result: yes
configure:12799: checking whether we can compile the netmap support
configure:12819: gcc -c -g -O2  conftest.c >&5
conftest.c:81:10: fatal error: net/netmap_user.h: No such file or directory
   81 | #include <net/netmap_user.h>
      |          ^~~~~~~~~~~~~~~~~~~
compilation terminated.
configure:12819: $? = 1
configure: failed program was:
| /* confdefs.h */
| #define PACKAGE_NAME "pcap"
| #define PACKAGE_TARNAME "pcap"
| #define PACKAGE_VERSION "1.10.6"
| #define PACKAGE_STRING "pcap 1.10.6"
| #define PACKAGE_BUGREPORT ""
| #define PACKAGE_URL ""
| #define HAVE_FSEEKO 1
| #define HAVE_STDIO_H 1
| #define HAVE_STDLIB_H 1
| #define HAVE_STRING_H 1
| #define HAVE_INTTYPES_H 1
| #define HAVE_STDINT_H 1
| #define HAVE_STRINGS_H 1
| #define HAVE_SYS_STAT_H 1
| #define HAVE_SYS_TYPES_H 1
| #define HAVE_UNISTD_H 1
| #define STDC_HEADERS 1
| #define SIZEOF_VOID_P 8
| #define SIZEOF_TIME_T 8
| #define inline inline
| #define HAVE___ATOMIC_LOAD_N 1
| #define HAVE___ATOMIC_STORE_N 1
| #define HAVE_NETPACKET_PACKET_H 1
| #define HAVE_GNU_STRERROR_R /**/
| #define HAVE_VSYSLOG 1
| #define HAVE_VASPRINTF 1
| #define HAVE_ASPRINTF 1
| #define HAVE_STRLCAT 1
| #define HAVE_STRLCPY 1
| #define HAVE_STRTOK_R 1
| #define HAVE_FFS 1
| #define STRINGS_H_DECLARES_FFS /**/
| #define HAVE_LINUX_GETNETBYNAME_R 1
| #define HAVE_LINUX_GETPROTOBYNAME_R 1
| #define HAVE_ETHER_HOSTTON 1
| #define NETINET_ETHER_H_DECLARES_ETHER_HOSTTON /**/
| #define HAVE_DECL_ETHER_HOSTTON 1
| #define HAVE_LINUX_SOCKET_H 1
| #define HAVE_STRUCT_TPACKET_AUXDATA_TP_VLAN_TCI 1
| #define HAVE_LINUX_NET_TSTAMP_H 1
| #define HAVE_SOCKLEN_T 1
| #define INET6 1
| #define YYTEXT_POINTER 1
| #define HAVE_STRUCT_SOCKADDR_STORAGE 1
| #define PCAP_SUPPORT_LINUX_USBMON 1
| #define HAVE_LINUX_USBDEVICE_FS_H 1
| #define HAVE_STRUCT_USBDEVFS_CTRLTRANSFER_BREQUESTTYPE 1
| #define PCAP_SUPPORT_NETFILTER 1
| /* end confdefs.h.  */
| 
| #include <stddef.h>
| #ifdef HAVE_STDIO_H
| # include <stdio.h>
| #endif
| #ifdef HAVE_STDLIB_H
| # include <stdlib.h>
| #endif
| #ifdef HAVE_STRING_H
| # include <string.h>
| #endif
| #ifdef HAVE_INTTYPES_H
| # include <inttypes.h>
| #endif
| #ifdef HAVE_STDINT_H
| # include <stdint.h>
| #endif
| #ifdef HAVE_STRINGS_H
| # include <strings.h>
| #endif
| #ifdef HAVE_SYS_TYPES_H
| # include <sys/types.h>
| #endif
| #ifdef HAVE_SYS_STAT_H
| # include <sys/stat.h>
| #endif
| #ifdef HAVE_UNISTD_H
| # include <unistd.h>
| #endif
| #define NETMAP_WITH_LIBS
| #include <net/netmap_user.h>
| int
| main (void)
| {
| 
|   ;
|   return 0;
| }
configure:12828: result: no
configure:13201: checking for bluetooth/bluetooth.h
configure:13201: gcc -c -g -O2  conftest.c >&5
conftest.c:79:10: fatal error: bluetooth/bluetooth.h: No such file or directory
   79 | #include <bluetooth/bluetooth.h>
      |          ^~~~~~~~~~~~~~~~~~~~~~~
compilation terminated.
configure:13201: $? = 1
configure: failed program was:
| /* confdefs.h */
| #define PACKAGE_NAME "pcap"
| #define PACKAGE_TARNAME "pcap"
| #define PACKAGE_VERSION "1.10.6"
| #define PACKAGE_STRING "pcap 1.10.6"
| #define PACKAGE_BUGREPORT ""
| #define PACKAGE_URL ""
| #define HAVE_FSEEKO 1
| #define HAVE_STDIO_H 1
| #define HAVE_STDLIB_H 1
| #define HAVE_STRING_H 1
| #define HAVE_INTTYPES_H 1
| #define HAVE_STDINT_H 1
| #define HAVE_STRINGS_H 1
| #define HAVE_SYS_STAT_H 1
| #define HAVE_SYS_TYPES_H 1
| #define HAVE_UNISTD_H 1
| #define STDC_HEADERS 1
| #define SIZEOF_VOID_P 8
| #define SIZEOF_TIME_T 8
| #define inline inline
| #define HAVE___ATOMIC_LOAD_N 1
| #define HAVE___ATOMIC_STORE_N 1
| #define HAVE_NETPACKET_PACKET_H 1
| #define HAVE_GNU_STRERROR_R /**/
| #define HAVE_VSYSLOG 1
| #define HAVE_VASPRINTF 1
| #define HAVE_ASPRINTF 1
| #define HAVE_STRLCAT 1
| #define HAVE_STRLCPY 1
| #define HAVE_STRTOK_R 1
| #define HAVE_FFS 1
| #define STRINGS_H_DECLARES_FFS /**/
| #define HAVE_LINUX_GETNETBYNAME_R 1
| #define HAVE_LINUX_GETPROTOBYNAME_R 1
| #define HAVE_ETHER_HOSTTON 1
| #define NETINET_ETHER_H_DECLARES_ETHER_HOSTTON /**/
| #define HAVE_DECL_ETHER_HOSTTON 1
| #define HAVE_LINUX_SOCKET_H 1
| #define HAVE_STRUCT_TPACKET_AUXDATA_TP_VLAN_TCI 1
| #define HAVE_LINUX_NET_TSTAMP_H 1
| #define HAVE_SOCKLEN_T 1
| #define INET6 1
| #define YYTEXT_POINTER 1
| #define HAVE_STRUCT_SOCKADDR_STORAGE 1
| #define PCAP_SUPPORT_LINUX_USBMON 1
| #define HAVE_LINUX_USBDEVICE_FS_H 1
| #define HAVE_STRUCT_USBDEVFS_CTRLTRANSFER_BREQUESTTYPE 1
| #define PCAP_SUPPORT_NETFILTER 1
| /* end confdefs.h.  */
| #include <stddef.h>
| #ifdef HAVE_STDIO_H
| # include <stdio.h>
| #endif
| #ifdef HAVE_STDLIB_H
| # include <stdlib.h>
| #endif
| #ifdef HAVE_STRING_H
| # include <string.h>
| #endif
| #ifdef HAVE_INTTYPES_H
| # include <inttypes.h>
| #endif
| #ifdef HAVE_STDINT_H
| # include <stdint.h>
| #endif
| #ifdef HAVE_STRINGS_H
| # include <strings.h>
| #endif
| #ifdef HAVE_SYS_TYPES_H
| # include <sys/types.h>
| #endif
| #ifdef HAVE_SYS_STAT_H
| # include <sys/stat.h>
| #endif
| #ifdef HAVE_UNISTD_H
| # include <unistd.h>
| #endif
| #include <bluetooth/bluetooth.h>
configure:13201: result: no
configure:13289: Bluetooth sniffing is not supported; install a Bluetooth devel library (libbluetooth-dev|bluez-libs-devel|bluez-dev|libbluetooth-devel|...) to enable it
configure:13357: checking for dbus-1 with pkg-config
configure:13361: $PKG_CONFIG --exists --print-errors "dbus-1"
Package dbus-1 was not found in the pkg-config search path.
Perhaps you should add the directory containing `dbus-1.pc'
to the PKG_CONFIG_PATH environment variable
Package 'dbus-1', required by 'virtual:world', not found
configure:13364: $? = 1
configure:13502: result: not found
configure:13541: checking for libibverbs with pkg-config
configure:13545: $PKG_CONFIG --exists --print-errors "libibverbs"
Package libibverbs was not found in the pkg-config search path.
Perhaps you should add the directory containing `libibverbs.pc'
to the PKG_CONFIG_PATH environment variable
Package 'libibverbs', required by 'virtual:world', not found
configure:13548: $? = 1
configure:13633: result: not found
configure:13646: checking for ibv_get_device_list in -libverbs
configure:13669: gcc -o conftest -g -O2   conftest.c -libverbs   >&5
/usr/bin/ld: cannot find -libverbs: No such file or directory
collect2: error: ld returned 1 exit status
configure:13669: $? = 1
configure: failed program was:
| /* confdefs.h */
| #define PACKAGE_NAME "pcap"
| #define PACKAGE_TARNAME "pcap"
| #define PACKAGE_VERSION "1.10.6"
| #define PACKAGE_STRING "pcap 1.10.6"
| #define PACKAGE_BUGREPORT ""
| #define PACKAGE_URL ""
| #define HAVE_FSEEKO 1
| #define HAVE_STDIO_H 1
| #define HAVE_STDLIB_H 1
| #define HAVE_STRING_H 1
| #define HAVE_INTTYPES_H 1
| #define HAVE_STDINT_H 1
| #define HAVE_STRINGS_H 1
| #define HAVE_SYS_STAT_H 1
| #define HAVE_SYS_TYPES_H 1
| #define HAVE_UNISTD_H 1
| #define STDC_HEADERS 1
| #define SIZEOF_VOID_P 8
| #define SIZEOF_TIME_T 8
| #define inline inline
| #define HAVE___ATOMIC_LOAD_N 1
| #define HAVE___ATOMIC_STORE_N 1
| #define HAVE_NETPACKET_PACKET_H 1
| #define HAVE_GNU_STRERROR_R /**/
| #define HAVE_VSYSLOG 1
| #define HAVE_VASPRINTF 1
| #define HAVE_ASPRINTF 1
| #define HAVE_STRLCAT 1
| #define HAVE_STRLCPY 1
| #define HAVE_STRTOK_R 1
| #define HAVE_FFS 1
| #define STRINGS_H_DECLARES_FFS /**/
| #define HAVE_LINUX_GETNETBYNAME_R 1
| #define HAVE_LINUX_GETPROTOBYNAME_R 1
| #define HAVE_ETHER_HOSTTON 1
| #define NETINET_ETHER_H_DECLARES_ETHER_HOSTTON /**/
| #define HAVE_DECL_ETHER_HOSTTON 1
| #define HAVE_LINUX_SOCKET_H 1
| #define HAVE_STRUCT_TPACKET_AUXDATA_TP_VLAN_TCI 1
| #define HAVE_LINUX_NET_TSTAMP_H 1
| #define HAVE_SOCKLEN_T 1
| #define INET6 1
| #define YYTEXT_POINTER 1
| #define HAVE_STRUCT_SOCKADDR_STORAGE 1
| #define PCAP_SUPPORT_LINUX_USBMON 1
| #define HAVE_LINUX_USBDEVICE_FS_H 1
| #define HAVE_STRUCT_USBDEVFS_CTRLTRANSFER_BREQUESTTYPE 1
| #define PCAP_SUPPORT_NETFILTER 1
| /* end confdefs.h.  */
| 
| /* Override any GCC internal prototype to avoid an error.
|    Use char because int might match the return type of a GCC
|    builtin and then its argument prototype would still apply.  */
| char ibv_get_device_list ();
| int
| main (void)
| {
| return ibv_get_device_list ();
|   ;
|   return 0;
| }
configure:13679: result: no
configure:13852: checking for a BSD-compatible install
configure:13925: result: /usr/bin/install -c
configure:14072: creating ./config.status

## ---------------------- ##
## Running config.status. ##
## ---------------------- ##

This file was extended by pcap config.status 1.10.6, which was
generated by GNU Autoconf 2.71.  Invocation command line was

  CONFIG_FILES    = 
  CONFIG_HEADERS  = 
  CONFIG_LINKS    = 
  CONFIG_COMMANDS = 
  $ ./config.status 

on c-69fb3838-1445a456-a9c8ad8c7a0c

config.status:935: creating Makefile
config.status:935: creating grammar.y
config.status:935: creating pcap-filter.manmisc
config.status:935: creating pcap-linktype.manmisc
config.status:935: creating pcap-tstamp.manmisc
config.status:935: creating pcap-savefile.manfile
config.status:935: creating pcap.3pcap
config.status:935: creating pcap_compile.3pcap
config.status:935: creating pcap_datalink.3pcap
config.status:935: creating pcap_dump_open.3pcap
config.status:935: creating pcap_get_tstamp_precision.3pcap
config.status:935: creating pcap_list_datalinks.3pcap
config.status:935: creating pcap_list_tstamp_types.3pcap
config.status:935: creating pcap_open_dead.3pcap
config.status:935: creating pcap_open_offline.3pcap
config.status:935: creating pcap_set_immediate_mode.3pcap
config.status:935: creating pcap_set_tstamp_precision.3pcap
config.status:935: creating pcap_set_tstamp_type.3pcap
config.status:935: creating rpcapd/Makefile
config.status:935: creating rpcapd/rpcapd.manadmin
config.status:935: creating rpcapd/rpcapd-config.manfile
config.status:935: creating testprogs/Makefile
config.status:935: creating config.h
config.status:1124: executing default-1 commands

## ---------------- ##
## Cache variables. ##
## ---------------- ##

ac_cv_build=x86_64-pc-linux-gnu
ac_cv_c_compiler_gnu=yes
ac_cv_c_undeclared_builtin_options='none needed'
ac_cv_env_CC_set=
ac_cv_env_CC_value=
ac_cv_env_CFLAGS_set=
ac_cv_env_CFLAGS_value=
ac_cv_env_CPPFLAGS_set=
ac_cv_env_CPPFLAGS_value=
ac_cv_env_DBUS_CFLAGS_set=
ac_cv_env_DBUS_CFLAGS_value=
ac_cv_env_DBUS_LIBS_STATIC_set=
ac_cv_env_DBUS_LIBS_STATIC_value=
ac_cv_env_DBUS_LIBS_set=
ac_cv_env_DBUS_LIBS_value=
ac_cv_env_DPDK_CFLAGS_set=
ac_cv_env_DPDK_CFLAGS_value=
ac_cv_env_DPDK_LIBS_STATIC_set=
ac_cv_env_DPDK_LIBS_STATIC_value=
ac_cv_env_DPDK_LIBS_set=
ac_cv_env_DPDK_LIBS_value=
ac_cv_env_LDFLAGS_set=
ac_cv_env_LDFLAGS_value=
ac_cv_env_LIBIBVERBS_CFLAGS_set=
ac_cv_env_LIBIBVERBS_CFLAGS_value=
ac_cv_env_LIBIBVERBS_LIBS_STATIC_set=
ac_cv_env_LIBIBVERBS_LIBS_STATIC_value=
ac_cv_env_LIBIBVERBS_LIBS_set=
ac_cv_env_LIBIBVERBS_LIBS_value=
ac_cv_env_LIBNL_CFLAGS_set=
ac_cv_env_LIBNL_CFLAGS_value=
ac_cv_env_LIBNL_LIBS_STATIC_set=
ac_cv_env_LIBNL_LIBS_STATIC_value=
ac_cv_env_LIBNL_LIBS_set=
ac_cv_env_LIBNL_LIBS_value=
ac_cv_env_LIBS_set=
ac_cv_env_LIBS_value=
ac_cv_env_OPENSSL_CFLAGS_set=
ac_cv_env_OPENSSL_CFLAGS_value=
ac_cv_env_OPENSSL_LIBS_STATIC_set=
ac_cv_env_OPENSSL_LIBS_STATIC_value=
ac_cv_env_OPENSSL_LIBS_set=
ac_cv_env_OPENSSL_LIBS_value=
ac_cv_env_PKG_CONFIG_LIBDIR_set=
ac_cv_env_PKG_CONFIG_LIBDIR_value=
ac_cv_env_PKG_CONFIG_PATH_set=set
ac_cv_env_PKG_CONFIG_PATH_value=/home/z/ulogd-build/install/lib/pkgconfig:/usr/lib/x86_64-linux-gnu/pkgconfig
ac_cv_env_PKG_CONFIG_set=
ac_cv_env_PKG_CONFIG_value=
ac_cv_env_build_alias_set=
ac_cv_env_build_alias_value=
ac_cv_env_host_alias_set=
ac_cv_env_host_alias_value=
ac_cv_env_target_alias_set=
ac_cv_env_target_alias_value=
ac_cv_func_asprintf=yes
ac_cv_func_ether_hostton=yes
ac_cv_func_ffs=yes
ac_cv_func_getaddrinfo=yes
ac_cv_func_getifaddrs=yes
ac_cv_func_pthread_create=yes
ac_cv_func_snprintf=yes
ac_cv_func_strerror_r=yes
ac_cv_func_strlcat=yes
ac_cv_func_strlcpy=yes
ac_cv_func_strtok_r=yes
ac_cv_func_vasprintf=yes
ac_cv_func_vsnprintf=yes
ac_cv_func_vsyslog=yes
ac_cv_have_decl_ether_hostton=yes
ac_cv_have_decl_ffs=yes
ac_cv_have_decl_getnetbyname_r=yes
ac_cv_have_decl_getprotobyname_r=yes
ac_cv_header_bluetooth_bluetooth_h=no
ac_cv_header_config_HaikuConfig_h=no
ac_cv_header_dagapi_h=no
ac_cv_header_ifaddrs_h=yes
ac_cv_header_inttypes_h=yes
ac_cv_header_linux_compiler_h=no
ac_cv_header_linux_net_tstamp_h=yes
ac_cv_header_linux_socket_h=yes
ac_cv_header_linux_usbdevice_fs_h=yes
ac_cv_header_net_bpf_h=no
ac_cv_header_net_enet_h=no
ac_cv_header_net_nit_h=no
ac_cv_header_net_pfilt_h=no
ac_cv_header_net_raw_h=no
ac_cv_header_netpacket_packet_h=yes
ac_cv_header_pthread_h=yes
ac_cv_header_stdint_h=yes
ac_cv_header_stdio_h=yes
ac_cv_header_stdlib_h=yes
ac_cv_header_string_h=yes
ac_cv_header_strings_h=yes
ac_cv_header_sys_dlpi_h=no
ac_cv_header_sys_ioccom_h=no
ac_cv_header_sys_net_nit_h=no
ac_cv_header_sys_sockio_h=no
ac_cv_header_sys_stat_h=yes
ac_cv_header_sys_types_h=yes
ac_cv_header_unistd_h=yes
ac_cv_host=x86_64-pc-linux-gnu
ac_cv_lbl_gcc_fixincludes=yes
ac_cv_lbl_inline=inline
ac_cv_lbl_septel_api=no
ac_cv_lbl_snf_api=no
ac_cv_lbl_turbocap_api=no
ac_cv_lib_ibverbs_ibv_get_device_list=no
ac_cv_lib_lex='none needed'
ac_cv_lib_nl_3_nl_socket_alloc=no
ac_cv_member_dl_hp_ppa_info_t_dl_module_id_1=no
ac_cv_member_struct_sockaddr_sa_len=no
ac_cv_member_struct_tpacket_auxdata_tp_vlan_tci=yes
ac_cv_member_struct_usbdevfs_ctrltransfer_bRequestType=yes
ac_cv_net_netmap_user_can_compile=no
ac_cv_netfilter_can_compile=yes
ac_cv_objext=o
ac_cv_path_ac_pt_PKG_CONFIG=/usr/bin/pkg-config
ac_cv_path_install='/usr/bin/install -c'
ac_cv_prog_BISON_BYACC=bison
ac_cv_prog_LEX=flex
ac_cv_prog_ac_ct_AR=ar
ac_cv_prog_ac_ct_CC=gcc
ac_cv_prog_ac_ct_RANLIB=ranlib
ac_cv_prog_cc_c11=
ac_cv_prog_cc_g=yes
ac_cv_prog_cc_stdc=
ac_cv_prog_lex_root=lex.yy
ac_cv_prog_lex_yytext_pointer=yes
ac_cv_search_putmsg=no
ac_cv_search_yywrap=no
ac_cv_sizeof_time_t=8
ac_cv_sizeof_void_p=8
ac_cv_sys_file_offset_bits=no
ac_cv_sys_largefile_CC=no
ac_cv_sys_largefile_source=no
ac_cv_target=x86_64-pc-linux-gnu
ac_cv_type_socklen_t=yes
ac_cv_type_struct_sockaddr_storage=yes
tcpdump_cv_capable_lex=yes

## ----------------- ##
## Output variables. ##
## ----------------- ##

ADDLARCHIVEOBJS=''
ADDLOBJS=''
AR='ar'
BISON_BYACC='bison'
BREW=''
BUILD_RPCAPD=''
CC='gcc'
CFLAGS='-g -O2'
CPPFLAGS=''
DBUS_CFLAGS=''
DBUS_LIBS=''
DBUS_LIBS_STATIC=''
DEFS='-DHAVE_CONFIG_H'
DEPENDENCY_CFLAG=''
DPDK_CFLAGS=''
DPDK_LIBS=''
DPDK_LIBS_STATIC=''
DYEXT='so'
ECHO_C=''
ECHO_N='-n'
ECHO_T=''
EXEEXT=''
INSTALL_DATA='${INSTALL} -m 644'
INSTALL_PROGRAM='${INSTALL}'
INSTALL_RPCAPD=''
INSTALL_SCRIPT='${INSTALL}'
LDFLAGS=''
LEX='flex'
LEXLIB=''
LEX_OUTPUT_ROOT='lex.yy'
LIBIBVERBS_CFLAGS=''
LIBIBVERBS_LIBS=''
LIBIBVERBS_LIBS_STATIC=''
LIBNL_CFLAGS=''
LIBNL_LIBS=''
LIBNL_LIBS_STATIC=''
LIBOBJS=''
LIBS=' '
LIBS_PRIVATE=''
LIBS_STATIC=' '
LN_S='ln -s'
LTLIBOBJS=''
MAN_ADMIN_COMMANDS='8'
MAN_DEVICES='4'
MAN_FILE_FORMATS='5'
MAN_MISC_INFO='7'
MKDEP=':'
MODULE_C_SRC=' pcap-usb-linux.c pcap-netfilter-linux.c'
OBJEXT='o'
OPENSSL_CFLAGS=''
OPENSSL_LIBS=''
OPENSSL_LIBS_STATIC=''
PACKAGE_BUGREPORT=''
PACKAGE_NAME='pcap'
PACKAGE_STRING='pcap 1.10.6'
PACKAGE_TARNAME='pcap'
PACKAGE_URL=''
PACKAGE_VERSION='1.10.6'
PATH_SEPARATOR=':'
PCAP_SUPPORT_BT=''
PCAP_SUPPORT_DBUS=''
PCAP_SUPPORT_DPDK=''
PCAP_SUPPORT_LINUX_USBMON=''
PCAP_SUPPORT_NETFILTER=''
PCAP_SUPPORT_NETMAP=''
PCAP_SUPPORT_RDMASNIFF=''
PKG_CONFIG='/usr/bin/pkg-config'
PKG_CONFIG_LIBDIR=''
PKG_CONFIG_PATH='/home/z/ulogd-build/install/lib/pkgconfig:/usr/lib/x86_64-linux-gnu/pkgconfig'
PLATFORM_C_SRC='pcap-linux.c fad-getad.c'
PTHREAD_LIBS=''
RANLIB='ranlib'
REENTRANT_PARSER='%define api.pure'
REMOTE_C_SRC=''
REQUIRES_PRIVATE=''
RPATH='-Wl,-rpath,${libdir}'
RPCAPD_LIBS=''
SHELL='/bin/bash'
SHLICC2=''
VALGRINDTEST_SRC='valgrindtest.c'
V_CCOPT=' -fvisibility=hidden'
V_DEFS=''
V_INCLS=''
V_LIB_CCOPT_FAT=''
V_LIB_LDFLAGS_FAT=''
V_PROG_CCOPT_FAT=''
V_PROG_LDFLAGS_FAT=''
V_SHLIB_CCOPT=' -fpic'
V_SHLIB_CMD='$(CC)'
V_SHLIB_OPT='-shared'
V_SONAME_OPT='-Wl,-soname,'
ac_ct_CC='gcc'
bindir='${exec_prefix}/bin'
build='x86_64-pc-linux-gnu'
build_alias=''
build_cpu='x86_64'
build_os='linux-gnu'
build_vendor='pc'
datadir='${datarootdir}'
datarootdir='${prefix}/share'
docdir='${datarootdir}/doc/${PACKAGE_TARNAME}'
dvidir='${docdir}'
exec_prefix='${prefix}'
host='x86_64-pc-linux-gnu'
host_alias=''
host_cpu='x86_64'
host_os='linux-gnu'
host_vendor='pc'
htmldir='${docdir}'
includedir='${prefix}/include'
infodir='${datarootdir}/info'
libdir='${exec_prefix}/lib'
libexecdir='${exec_prefix}/libexec'
localedir='${datarootdir}/locale'
localstatedir='${prefix}/var'
mandir='${datarootdir}/man'
oldincludedir='/usr/include'
pdfdir='${docdir}'
prefix='/home/z/ulogd-build/install'
program_transform_name='s,x,x,'
psdir='${docdir}'
runstatedir='${localstatedir}/run'
sbindir='${exec_prefix}/sbin'
sharedstatedir='${prefix}/com'
sysconfdir='${prefix}/etc'
target='x86_64-pc-linux-gnu'
target_alias=''
target_cpu='x86_64'
target_os='linux-gnu'
target_vendor='pc'

## ----------- ##
## confdefs.h. ##
## ----------- ##

/* confdefs.h */
#define PACKAGE_NAME "pcap"
#define PACKAGE_TARNAME "pcap"
#define PACKAGE_VERSION "1.10.6"
#define PACKAGE_STRING "pcap 1.10.6"
#define PACKAGE_BUGREPORT ""
#define PACKAGE_URL ""
#define HAVE_FSEEKO 1
#define HAVE_STDIO_H 1
#define HAVE_STDLIB_H 1
#define HAVE_STRING_H 1
#define HAVE_INTTYPES_H 1
#define HAVE_STDINT_H 1
#define HAVE_STRINGS_H 1
#define HAVE_SYS_STAT_H 1
#define HAVE_SYS_TYPES_H 1
#define HAVE_UNISTD_H 1
#define STDC_HEADERS 1
#define SIZEOF_VOID_P 8
#define SIZEOF_TIME_T 8
#define inline inline
#define HAVE___ATOMIC_LOAD_N 1
#define HAVE___ATOMIC_STORE_N 1
#define HAVE_NETPACKET_PACKET_H 1
#define HAVE_GNU_STRERROR_R /**/
#define HAVE_VSYSLOG 1
#define HAVE_VASPRINTF 1
#define HAVE_ASPRINTF 1
#define HAVE_STRLCAT 1
#define HAVE_STRLCPY 1
#define HAVE_STRTOK_R 1
#define HAVE_FFS 1
#define STRINGS_H_DECLARES_FFS /**/
#define HAVE_LINUX_GETNETBYNAME_R 1
#define HAVE_LINUX_GETPROTOBYNAME_R 1
#define HAVE_ETHER_HOSTTON 1
#define NETINET_ETHER_H_DECLARES_ETHER_HOSTTON /**/
#define HAVE_DECL_ETHER_HOSTTON 1
#define HAVE_LINUX_SOCKET_H 1
#define HAVE_STRUCT_TPACKET_AUXDATA_TP_VLAN_TCI 1
#define HAVE_LINUX_NET_TSTAMP_H 1
#define HAVE_SOCKLEN_T 1
#define INET6 1
#define YYTEXT_POINTER 1
#define HAVE_STRUCT_SOCKADDR_STORAGE 1
#define PCAP_SUPPORT_LINUX_USBMON 1
#define HAVE_LINUX_USBDEVICE_FS_H 1
#define HAVE_STRUCT_USBDEVFS_CTRLTRANSFER_BREQUESTTYPE 1
#define PCAP_SUPPORT_NETFILTER 1

configure: exit 0

## ---------------------- ##
## Running config.status. ##
## ---------------------- ##

This file was extended by pcap config.status 1.10.6, which was
generated by GNU Autoconf 2.71.  Invocation command line was

  CONFIG_FILES    = 
  CONFIG_HEADERS  = 
  CONFIG_LINKS    = 
  CONFIG_COMMANDS = 
  $ ./config.status --file=libpcap.pc.tmp:./libpcap.pc.in

on c-69fb3838-1445a456-a9c8ad8c7a0c


## ---------------------- ##
## Running config.status. ##
## ---------------------- ##

This file was extended by pcap config.status 1.10.6, which was
generated by GNU Autoconf 2.71.  Invocation command line was

  CONFIG_FILES    = 
  CONFIG_HEADERS  = 
  CONFIG_LINKS    = 
  CONFIG_COMMANDS = 
  $ ./config.status --file=pcap-config.tmp:./pcap-config.in

on c-69fb3838-1445a456-a9c8ad8c7a0c

config.status:935: creating pcap-config.tmp
config.status:935: creating libpcap.pc.tmp
