This file contains any messages produced by compilers while
running configure, to aid debugging if configure makes a mistake.

It was created by ulogd configure 2.0.9, which was
generated by GNU Autoconf 2.71.  Invocation command line was

  $ ./configure --prefix=/home/z/ulogd-build/install --with-pcap-config=/home/z/ulogd-build/install/bin/pcap-config --enable-nflog --enable-nfct --enable-pcap --enable-json --disable-mysql --disable-sqlite3 --disable-dbi LIBTOOL=/home/z/ulogd-build/install/bin/libtool

## --------- ##
## Platform. ##
## --------- ##

hostname = c-69fb3838-1445a456-a9c8ad8c7a0c
uname -m = x86_64
uname -r = 5.10.134-013.8.1.kangaroo.al8.x86_64
uname -s = Linux
uname -v = #1 SMP Fri Feb 27 09:19:17 UTC 2026

/usr/bin/uname -p = unknown
/bin/uname -X     = unknown

/bin/arch              = x86_64
/usr/bin/arch -k       = unknown
/usr/convex/getsysinfo = unknown
/usr/bin/hostinfo      = unknown
/bin/machine           = unknown
/usr/bin/oslevel       = unknown
/bin/universe          = unknown

PATH: /home/z/ulogd-build/install/bin/
PATH: /home/z/.venv/bin/
PATH: /app/.venv/bin/
PATH: /home/z/.npm-global/bin/
PATH: /home/z/.bun/bin/
PATH: /usr/local/sbin/
PATH: /usr/local/bin/
PATH: /usr/sbin/
PATH: /usr/bin/
PATH: /sbin/
PATH: /bin/
PATH: /usr/local/bun-node-fallback-bin/


## ----------- ##
## Core tests. ##
## ----------- ##

configure:2561: looking for aux files: config.guess config.sub ltmain.sh compile ar-lib missing install-sh
configure:2574:  trying ./build-aux/
configure:2603:   ./build-aux/config.guess found
configure:2603:   ./build-aux/config.sub found
configure:2603:   ./build-aux/ltmain.sh found
configure:2603:   ./build-aux/compile found
configure:2603:   ./build-aux/ar-lib found
configure:2603:   ./build-aux/missing found
configure:2585:   ./build-aux/install-sh found
configure:2734: checking for a BSD-compatible install
configure:2807: result: /usr/bin/install -c
configure:2818: checking whether build environment is sane
configure:2873: result: yes
configure:3032: checking for a race-free mkdir -p
configure:3076: result: /usr/bin/mkdir -p
configure:3083: checking for gawk
configure:3118: result: no
configure:3083: checking for mawk
configure:3104: found /usr/bin/mawk
configure:3115: result: mawk
configure:3126: checking whether make sets $(MAKE)
configure:3149: result: yes
configure:3179: checking whether make supports nested variables
configure:3197: result: yes
configure:3272: checking how to create a pax tar archive
configure:3283: tar --version
tar (GNU tar) 1.35
Copyright (C) 2023 Free Software Foundation, Inc.
License GPLv3+: GNU GPL version 3 or later <https://gnu.org/licenses/gpl.html>.
This is free software: you are free to change and redistribute it.
There is NO WARRANTY, to the extent permitted by law.

Written by John Gilmore and Jay Fenlason.
configure:3286: $? = 0
configure:3326: tardir=conftest.dir && eval tar --format=posix -chf - "$tardir" >conftest.tar
configure:3329: $? = 0
configure:3333: tar -xf - <conftest.tar
configure:3336: $? = 0
configure:3338: cat conftest.dir/file
GrepMe
configure:3341: $? = 0
configure:3355: result: gnutar
configure:3436: checking whether make supports the include directive
configure:3451: make -f confmf.GNU && cat confinc.out
this is the am__doit target
configure:3454: $? = 0
configure:3473: result: yes (GNU style)
configure:3549: checking for gcc
configure:3570: found /usr/bin/gcc
configure:3581: result: gcc
configure:3934: checking for C compiler version
configure:3943: gcc --version >&5
gcc (Debian 14.2.0-19) 14.2.0
Copyright (C) 2024 Free Software Foundation, Inc.
This is free software; see the source for copying conditions.  There is NO
warranty; not even for MERCHANTABILITY or FITNESS FOR A PARTICULAR PURPOSE.

configure:3954: $? = 0
configure:3943: gcc -v >&5
Using built-in specs.
COLLECT_GCC=gcc
COLLECT_LTO_WRAPPER=/usr/libexec/gcc/x86_64-linux-gnu/14/lto-wrapper
OFFLOAD_TARGET_NAMES=nvptx-none:amdgcn-amdhsa
OFFLOAD_TARGET_DEFAULT=1
Target: x86_64-linux-gnu
Configured with: ../src/configure -v --with-pkgversion='Debian 14.2.0-19' --with-bugurl=file:///usr/share/doc/gcc-14/README.Bugs --enable-languages=c,ada,c++,go,d,fortran,objc,obj-c++,m2,rust --prefix=/usr --with-gcc-major-version-only --program-suffix=-14 --program-prefix=x86_64-linux-gnu- --enable-shared --enable-linker-build-id --libexecdir=/usr/libexec --without-included-gettext --enable-threads=posix --libdir=/usr/lib --enable-nls --enable-bootstrap --enable-clocale=gnu --enable-libstdcxx-debug --enable-libstdcxx-time=yes --with-default-libstdcxx-abi=new --enable-libstdcxx-backtrace --enable-gnu-unique-object --disable-vtable-verify --enable-plugin --enable-default-pie --with-system-zlib --enable-libphobos-checking=release --with-target-system-zlib=auto --enable-objc-gc=auto --enable-multiarch --disable-werror --enable-cet --with-arch-32=i686 --with-abi=m64 --with-multilib-list=m32,m64,mx32 --enable-multilib --with-tune=generic --enable-offload-targets=nvptx-none=/build/reproducible-path/gcc-14-14.2.0/debian/tmp-nvptx/usr,amdgcn-amdhsa=/build/reproducible-path/gcc-14-14.2.0/debian/tmp-gcn/usr --enable-offload-defaulted --without-cuda-driver --enable-checking=release --build=x86_64-linux-gnu --host=x86_64-linux-gnu --target=x86_64-linux-gnu --with-build-config=bootstrap-lto-lean --enable-link-serialization=3
Thread model: posix
Supported LTO compression algorithms: zlib zstd
gcc version 14.2.0 (Debian 14.2.0-19) 
... rest of stderr output deleted ...
configure:3954: $? = 0
configure:3943: gcc -V >&5
gcc: error: unrecognized command-line option '-V'
gcc: fatal error: no input files
compilation terminated.
configure:3954: $? = 1
configure:3943: gcc -qversion >&5
gcc: error: unrecognized command-line option '-qversion'; did you mean '--version'?
gcc: fatal error: no input files
compilation terminated.
configure:3954: $? = 1
configure:3943: gcc -version >&5
gcc: error: unrecognized command-line option '-version'
gcc: fatal error: no input files
compilation terminated.
configure:3954: $? = 1
configure:3974: checking whether the C compiler works
configure:3996: gcc -I/home/z/ulogd-build/install/include  -L/home/z/ulogd-build/install/lib conftest.c  >&5
configure:4000: $? = 0
configure:4050: result: yes
configure:4053: checking for C compiler default output file name
configure:4055: result: a.out
configure:4061: checking for suffix of executables
configure:4068: gcc -o conftest -I/home/z/ulogd-build/install/include  -L/home/z/ulogd-build/install/lib conftest.c  >&5
configure:4072: $? = 0
configure:4095: result: 
configure:4117: checking whether we are cross compiling
configure:4125: gcc -o conftest -I/home/z/ulogd-build/install/include  -L/home/z/ulogd-build/install/lib conftest.c  >&5
configure:4129: $? = 0
configure:4136: ./conftest
configure:4140: $? = 0
configure:4155: result: no
configure:4160: checking for suffix of object files
configure:4183: gcc -c -I/home/z/ulogd-build/install/include  conftest.c >&5
configure:4187: $? = 0
configure:4209: result: o
configure:4213: checking whether the compiler supports GNU C
configure:4233: gcc -c -I/home/z/ulogd-build/install/include  conftest.c >&5
configure:4233: $? = 0
configure:4243: result: yes
configure:4254: checking whether gcc accepts -g
configure:4275: gcc -c -g  conftest.c >&5
configure:4275: $? = 0
configure:4319: result: yes
configure:4339: checking for gcc option to enable C11 features
configure:4354: gcc  -c -I/home/z/ulogd-build/install/include  conftest.c >&5
configure:4354: $? = 0
configure:4372: result: none needed
configure:4488: checking whether gcc understands -c and -o together
configure:4511: gcc -c conftest.c -o conftest2.o
configure:4514: $? = 0
configure:4511: gcc -c conftest.c -o conftest2.o
configure:4514: $? = 0
configure:4526: result: yes
configure:4545: checking dependency style of gcc
configure:4657: result: gcc3
configure:4728: checking for ar
configure:4749: found /usr/bin/ar
configure:4760: result: ar
configure:4786: checking the archiver (ar) interface
configure:4803: gcc -c -I/home/z/ulogd-build/install/include  conftest.c >&5
configure:4803: $? = 0
configure:4806: ar cru libconftest.a conftest.o >&5
ar: `u' modifier ignored since `D' is the default (see `U')
configure:4809: $? = 0
configure:4837: result: ar
configure:4869: checking whether make supports nested variables
configure:4887: result: yes
configure:4899: checking whether make sets $(MAKE)
configure:4922: result: yes
configure:4984: checking for gcc
configure:5016: result: gcc
configure:5369: checking for C compiler version
configure:5378: gcc --version >&5
gcc (Debian 14.2.0-19) 14.2.0
Copyright (C) 2024 Free Software Foundation, Inc.
This is free software; see the source for copying conditions.  There is NO
warranty; not even for MERCHANTABILITY or FITNESS FOR A PARTICULAR PURPOSE.

configure:5389: $? = 0
configure:5378: gcc -v >&5
Using built-in specs.
COLLECT_GCC=gcc
COLLECT_LTO_WRAPPER=/usr/libexec/gcc/x86_64-linux-gnu/14/lto-wrapper
OFFLOAD_TARGET_NAMES=nvptx-none:amdgcn-amdhsa
OFFLOAD_TARGET_DEFAULT=1
Target: x86_64-linux-gnu
Configured with: ../src/configure -v --with-pkgversion='Debian 14.2.0-19' --with-bugurl=file:///usr/share/doc/gcc-14/README.Bugs --enable-languages=c,ada,c++,go,d,fortran,objc,obj-c++,m2,rust --prefix=/usr --with-gcc-major-version-only --program-suffix=-14 --program-prefix=x86_64-linux-gnu- --enable-shared --enable-linker-build-id --libexecdir=/usr/libexec --without-included-gettext --enable-threads=posix --libdir=/usr/lib --enable-nls --enable-bootstrap --enable-clocale=gnu --enable-libstdcxx-debug --enable-libstdcxx-time=yes --with-default-libstdcxx-abi=new --enable-libstdcxx-backtrace --enable-gnu-unique-object --disable-vtable-verify --enable-plugin --enable-default-pie --with-system-zlib --enable-libphobos-checking=release --with-target-system-zlib=auto --enable-objc-gc=auto --enable-multiarch --disable-werror --enable-cet --with-arch-32=i686 --with-abi=m64 --with-multilib-list=m32,m64,mx32 --enable-multilib --with-tune=generic --enable-offload-targets=nvptx-none=/build/reproducible-path/gcc-14-14.2.0/debian/tmp-nvptx/usr,amdgcn-amdhsa=/build/reproducible-path/gcc-14-14.2.0/debian/tmp-gcn/usr --enable-offload-defaulted --without-cuda-driver --enable-checking=release --build=x86_64-linux-gnu --host=x86_64-linux-gnu --target=x86_64-linux-gnu --with-build-config=bootstrap-lto-lean --enable-link-serialization=3
Thread model: posix
Supported LTO compression algorithms: zlib zstd
gcc version 14.2.0 (Debian 14.2.0-19) 
... rest of stderr output deleted ...
configure:5389: $? = 0
configure:5378: gcc -V >&5
gcc: error: unrecognized command-line option '-V'
gcc: fatal error: no input files
compilation terminated.
configure:5389: $? = 1
configure:5378: gcc -qversion >&5
gcc: error: unrecognized command-line option '-qversion'; did you mean '--version'?
gcc: fatal error: no input files
compilation terminated.
configure:5389: $? = 1
configure:5378: gcc -version >&5
gcc: error: unrecognized command-line option '-version'
gcc: fatal error: no input files
compilation terminated.
configure:5389: $? = 1
configure:5393: checking whether the compiler supports GNU C
configure:5423: result: yes
configure:5434: checking whether gcc accepts -g
configure:5499: result: yes
configure:5519: checking for gcc option to enable C11 features
configure:5552: result: none needed
configure:5668: checking whether gcc understands -c and -o together
configure:5706: result: yes
configure:5725: checking dependency style of gcc
configure:5837: result: gcc3
configure:5885: checking build system type
configure:5900: result: x86_64-pc-linux-gnu
configure:5920: checking host system type
configure:5934: result: x86_64-pc-linux-gnu
configure:5975: checking how to print strings
configure:6002: result: printf
configure:6023: checking for a sed that does not truncate output
configure:6093: result: /usr/bin/sed
configure:6111: checking for grep that handles long lines and -e
configure:6175: result: /usr/bin/grep
configure:6180: checking for egrep
configure:6248: result: /usr/bin/grep -E
configure:6253: checking for fgrep
configure:6321: result: /usr/bin/grep -F
configure:6357: checking for ld used by gcc
configure:6425: result: /usr/bin/ld
configure:6432: checking if the linker (/usr/bin/ld) is GNU ld
configure:6448: result: yes
configure:6460: checking for BSD- or MS-compatible name lister (nm)
configure:6515: result: /usr/bin/nm -B
configure:6655: checking the name lister (/usr/bin/nm -B) interface
configure:6663: gcc -c -I/home/z/ulogd-build/install/include  conftest.c >&5
configure:6666: /usr/bin/nm -B "conftest.o"
configure:6669: output
0000000000000000 B some_variable
configure:6676: result: BSD nm
configure:6679: checking whether ln -s works
configure:6683: result: yes
configure:6691: checking the maximum length of command line arguments
configure:6823: result: 1572864
configure:6871: checking how to convert x86_64-pc-linux-gnu file names to x86_64-pc-linux-gnu format
configure:6912: result: func_convert_file_noop
configure:6919: checking how to convert x86_64-pc-linux-gnu file names to toolchain format
configure:6940: result: func_convert_file_noop
configure:6947: checking for /usr/bin/ld option to reload object files
configure:6955: result: -r
configure:7034: checking for file
configure:7055: found /usr/bin/file
configure:7066: result: file
configure:7142: checking for objdump
configure:7163: found /usr/bin/objdump
configure:7174: result: objdump
configure:7206: checking how to recognize dependent libraries
configure:7407: result: pass_all
configure:7497: checking for dlltool
configure:7532: result: no
configure:7562: checking how to associate runtime and link libraries
configure:7590: result: printf %s\n
configure:7740: checking for archiver @FILE support
configure:7758: gcc -c -I/home/z/ulogd-build/install/include  conftest.c >&5
configure:7758: $? = 0
configure:7762: ar cr libconftest.a @conftest.lst >&5
configure:7765: $? = 0
configure:7770: ar cr libconftest.a @conftest.lst >&5
ar: conftest.o: No such file or directory
configure:7773: $? = 1
configure:7785: result: @
configure:7848: checking for strip
configure:7869: found /usr/bin/strip
configure:7880: result: strip
configure:7957: checking for ranlib
configure:7978: found /usr/bin/ranlib
configure:7989: result: ranlib
configure:8091: checking command to parse /usr/bin/nm -B output from gcc object
configure:8245: gcc -c -I/home/z/ulogd-build/install/include  conftest.c >&5
configure:8248: $? = 0
configure:8252: /usr/bin/nm -B conftest.o | /usr/bin/sed -n -e 's/^.*[	 ]\([ABCDGIRSTW][ABCDGIRSTW]*\)[	 ][	 ]*\([_A-Za-z][_A-Za-z0-9]*\)$/\1 \2 \2/p' | /usr/bin/sed '/ __gnu_lto/d' > conftest.nm
configure:8318: gcc -o conftest -I/home/z/ulogd-build/install/include  -L/home/z/ulogd-build/install/lib conftest.c conftstm.o >&5
configure:8321: $? = 0
configure:8359: result: ok
configure:8406: checking for sysroot
configure:8437: result: no
configure:8444: checking for a working dd
configure:8488: result: /usr/bin/dd
configure:8492: checking how to truncate binary pipes
configure:8508: result: /usr/bin/dd bs=4096 count=1
configure:8645: gcc -c -I/home/z/ulogd-build/install/include  conftest.c >&5
configure:8648: $? = 0
configure:8845: checking for mt
configure:8880: result: no
configure:8900: checking if : is a manifest tool
configure:8907: : '-?'
configure:8915: result: no
configure:9640: checking for stdio.h
configure:9640: gcc -c -I/home/z/ulogd-build/install/include  conftest.c >&5
configure:9640: $? = 0
configure:9640: result: yes
configure:9640: checking for stdlib.h
configure:9640: gcc -c -I/home/z/ulogd-build/install/include  conftest.c >&5
configure:9640: $? = 0
configure:9640: result: yes
configure:9640: checking for string.h
configure:9640: gcc -c -I/home/z/ulogd-build/install/include  conftest.c >&5
configure:9640: $? = 0
configure:9640: result: yes
configure:9640: checking for inttypes.h
configure:9640: gcc -c -I/home/z/ulogd-build/install/include  conftest.c >&5
configure:9640: $? = 0
configure:9640: result: yes
configure:9640: checking for stdint.h
configure:9640: gcc -c -I/home/z/ulogd-build/install/include  conftest.c >&5
configure:9640: $? = 0
configure:9640: result: yes
configure:9640: checking for strings.h
configure:9640: gcc -c -I/home/z/ulogd-build/install/include  conftest.c >&5
configure:9640: $? = 0
configure:9640: result: yes
configure:9640: checking for sys/stat.h
configure:9640: gcc -c -I/home/z/ulogd-build/install/include  conftest.c >&5
configure:9640: $? = 0
configure:9640: result: yes
configure:9640: checking for sys/types.h
configure:9640: gcc -c -I/home/z/ulogd-build/install/include  conftest.c >&5
configure:9640: $? = 0
configure:9640: result: yes
configure:9640: checking for unistd.h
configure:9640: gcc -c -I/home/z/ulogd-build/install/include  conftest.c >&5
configure:9640: $? = 0
configure:9640: result: yes
configure:9665: checking for dlfcn.h
configure:9665: gcc -c -I/home/z/ulogd-build/install/include  conftest.c >&5
configure:9665: $? = 0
configure:9665: result: yes
configure:9923: checking for objdir
configure:9939: result: .libs
configure:10203: checking if gcc supports -fno-rtti -fno-exceptions
configure:10222: gcc -c -I/home/z/ulogd-build/install/include  -fno-rtti -fno-exceptions conftest.c >&5
cc1: warning: command-line option '-fno-rtti' is valid for C++/D/ObjC++ but not for C
configure:10226: $? = 0
configure:10239: result: no
configure:10603: checking for gcc option to produce PIC
configure:10611: result: -fPIC -DPIC
configure:10619: checking if gcc PIC flag -fPIC -DPIC works
configure:10638: gcc -c -I/home/z/ulogd-build/install/include  -fPIC -DPIC -DPIC conftest.c >&5
configure:10642: $? = 0
configure:10655: result: yes
configure:10684: checking if gcc static flag -static works
configure:10713: result: yes
configure:10728: checking if gcc supports -c -o file.o
configure:10750: gcc -c -I/home/z/ulogd-build/install/include  -o out/conftest2.o conftest.c >&5
configure:10754: $? = 0
configure:10776: result: yes
configure:10784: checking if gcc supports -c -o file.o
configure:10832: result: yes
configure:10865: checking whether the gcc linker (/usr/bin/ld -m elf_x86_64) supports shared libraries
configure:12139: result: yes
configure:12176: checking whether -lc should be explicitly linked in
configure:12185: gcc -c -I/home/z/ulogd-build/install/include  conftest.c >&5
configure:12188: $? = 0
configure:12203: gcc -shared  -fPIC -DPIC conftest.o  -v -Wl,-soname -Wl,conftest -o conftest 2\>\&1 \| /usr/bin/grep  -lc  \>/dev/null 2\>\&1
configure:12206: $? = 0
configure:12220: result: no
configure:12380: checking dynamic linker characteristics
configure:12962: gcc -o conftest -I/home/z/ulogd-build/install/include  -L/home/z/ulogd-build/install/lib -Wl,-rpath -Wl,/foo conftest.c  >&5
configure:12962: $? = 0
configure:13213: result: GNU/Linux ld.so
configure:13335: checking how to hardcode library paths into programs
configure:13360: result: immediate
configure:13912: checking whether stripping libraries is possible
configure:13921: result: yes
configure:13963: checking if libtool supports shared libraries
configure:13965: result: yes
configure:13968: checking whether to build shared libraries
configure:13993: result: yes
configure:13996: checking whether to build static libraries
configure:14000: result: no
configure:14038: checking for library containing dlopen
configure:14068: gcc -o conftest -I/home/z/ulogd-build/install/include  -L/home/z/ulogd-build/install/lib conftest.c  >&5
configure:14068: $? = 0
configure:14088: result: none required
configure:14102: checking for dirent.h that defines DIR
configure:14122: gcc -c -I/home/z/ulogd-build/install/include  conftest.c >&5
configure:14122: $? = 0
configure:14131: result: yes
configure:14145: checking for library containing opendir
configure:14175: gcc -o conftest -I/home/z/ulogd-build/install/include  -L/home/z/ulogd-build/install/lib conftest.c  >&5
configure:14175: $? = 0
configure:14195: result: none required
configure:14266: checking for fcntl.h
configure:14266: gcc -c -I/home/z/ulogd-build/install/include  conftest.c >&5
configure:14266: $? = 0
configure:14266: result: yes
configure:14272: checking for unistd.h
configure:14272: result: yes
configure:14280: checking for an ANSI C-conforming const
configure:14347: gcc -c -I/home/z/ulogd-build/install/include  conftest.c >&5
configure:14347: $? = 0
configure:14355: result: yes
configure:14363: checking for size_t
configure:14363: gcc -c -I/home/z/ulogd-build/install/include  conftest.c >&5
configure:14363: $? = 0
configure:14363: gcc -c -I/home/z/ulogd-build/install/include  conftest.c >&5
conftest.c: In function 'main':
conftest.c:57:21: error: expected expression before ')' token
   57 | if (sizeof ((size_t)))
      |                     ^
configure:14363: $? = 1
configure: failed program was:
| /* confdefs.h */
| #define PACKAGE_NAME "ulogd"
| #define PACKAGE_TARNAME "ulogd"
| #define PACKAGE_VERSION "2.0.9"
| #define PACKAGE_STRING "ulogd 2.0.9"
| #define PACKAGE_BUGREPORT ""
| #define PACKAGE_URL ""
| #define PACKAGE "ulogd"
| #define VERSION "2.0.9"
| #define HAVE_STDIO_H 1
| #define HAVE_STDLIB_H 1
| #define HAVE_STRING_H 1
| #define HAVE_INTTYPES_H 1
| #define HAVE_STDINT_H 1
| #define HAVE_STRINGS_H 1
| #define HAVE_SYS_STAT_H 1
| #define HAVE_SYS_TYPES_H 1
| #define HAVE_UNISTD_H 1
| #define STDC_HEADERS 1
| #define HAVE_DLFCN_H 1
| #define LT_OBJDIR ".libs/"
| #define HAVE_DIRENT_H 1
| #define HAVE_FCNTL_H 1
| #define HAVE_UNISTD_H 1
| /* end confdefs.h.  */
| #include <stddef.h>
| #ifdef HAVE_STDIO_H
| # include <stdio.h>
| #endif
| #ifdef HAVE_STDLIB_H
| # include <stdlib.h>
| #endif
| #ifdef HAVE_STRING_H
| # include <string.h>
| #endif
| #ifdef HAVE_INTTYPES_H
| # include <inttypes.h>
| #endif
| #ifdef HAVE_STDINT_H
| # include <stdint.h>
| #endif
| #ifdef HAVE_STRINGS_H
| # include <strings.h>
| #endif
| #ifdef HAVE_SYS_TYPES_H
| # include <sys/types.h>
| #endif
| #ifdef HAVE_SYS_STAT_H
| # include <sys/stat.h>
| #endif
| #ifdef HAVE_UNISTD_H
| # include <unistd.h>
| #endif
| int
| main (void)
| {
| if (sizeof ((size_t)))
| 	    return 0;
|   ;
|   return 0;
| }
configure:14363: result: yes
configure:14373: checking whether struct tm is in sys/time.h or time.h
configure:14394: gcc -c -I/home/z/ulogd-build/install/include  conftest.c >&5
configure:14394: $? = 0
configure:14402: result: time.h
configure:14418: checking for special C compiler options needed for large files
configure:14466: result: no
configure:14472: checking for _FILE_OFFSET_BITS value needed for large files
configure:14498: gcc -c -I/home/z/ulogd-build/install/include  conftest.c >&5
configure:14498: $? = 0
configure:14532: result: no
configure:14619: checking for vprintf
configure:14619: gcc -o conftest -I/home/z/ulogd-build/install/include  -L/home/z/ulogd-build/install/lib conftest.c  >&5
conftest.c:42:6: warning: conflicting types for built-in function 'vprintf'; expected 'int(const char *, __va_list_tag *)' [-Wbuiltin-declaration-mismatch]
   42 | char vprintf ();
      |      ^~~~~~~
conftest.c:34:1: note: 'vprintf' is declared in header '<stdio.h>'
   33 | #include <limits.h>
   34 | #undef vprintf
configure:14619: $? = 0
configure:14619: result: yes
configure:14640: checking for socket
configure:14640: gcc -o conftest -I/home/z/ulogd-build/install/include  -L/home/z/ulogd-build/install/lib conftest.c  >&5
configure:14640: $? = 0
configure:14640: result: yes
configure:14646: checking for strerror
configure:14646: gcc -o conftest -I/home/z/ulogd-build/install/include  -L/home/z/ulogd-build/install/lib conftest.c  >&5
configure:14646: $? = 0
configure:14646: result: yes
configure:14654: checking for library containing pthread_create
configure:14684: gcc -o conftest -I/home/z/ulogd-build/install/include  -L/home/z/ulogd-build/install/lib conftest.c  >&5
configure:14684: $? = 0
configure:14704: result: none required
configure:14774: checking for pkg-config
configure:14797: found /usr/bin/pkg-config
configure:14809: result: /usr/bin/pkg-config
configure:14834: checking pkg-config is at least version 0.9.0
configure:14837: result: yes
configure:14847: checking for libnfnetlink >= 1.0.2
configure:14854: $PKG_CONFIG --exists --print-errors "libnfnetlink >= 1.0.2"
configure:14857: $? = 0
configure:14871: $PKG_CONFIG --exists --print-errors "libnfnetlink >= 1.0.2"
configure:14874: $? = 0
configure:14932: result: yes
configure:14949: checking for libnetfilter_log >= 1.0.2
configure:14956: $PKG_CONFIG --exists --print-errors "libnetfilter_log >= 1.0.2"
configure:14959: $? = 0
configure:14973: $PKG_CONFIG --exists --print-errors "libnetfilter_log >= 1.0.2"
configure:14976: $? = 0
configure:15034: result: yes
configure:15065: checking for libnetfilter_conntrack >= 1.1.0
configure:15072: $PKG_CONFIG --exists --print-errors "libnetfilter_conntrack >= 1.1.0"
configure:15075: $? = 0
configure:15089: $PKG_CONFIG --exists --print-errors "libnetfilter_conntrack >= 1.1.0"
configure:15092: $? = 0
configure:15150: result: yes
configure:15181: checking for libmnl >= 1.0.5
configure:15188: $PKG_CONFIG --exists --print-errors "libmnl >= 1.0.5"
configure:15191: $? = 0
configure:15205: $PKG_CONFIG --exists --print-errors "libmnl >= 1.0.5"
configure:15208: $? = 0
configure:15266: result: yes
configure:15272: checking for libnetfilter_acct >= 1.0.3
configure:15279: $PKG_CONFIG --exists --print-errors "libnetfilter_acct >= 1.0.3"
configure:15282: $? = 0
configure:15296: $PKG_CONFIG --exists --print-errors "libnetfilter_acct >= 1.0.3"
configure:15299: $? = 0
configure:15357: result: yes
configure:15387: $PKG_CONFIG --exists --print-errors "libpq"
configure:15390: $? = 0
configure:15394: checking for libpq
configure:15401: $PKG_CONFIG --exists --print-errors "libpq"
configure:15404: $? = 0
configure:15418: $PKG_CONFIG --exists --print-errors "libpq"
configure:15421: $? = 0
configure:15479: result: yes
configure:15980: $PKG_CONFIG --exists --print-errors "libpcap"
configure:15983: $? = 0
configure:15987: checking for libpcap
configure:15994: $PKG_CONFIG --exists --print-errors "libpcap"
configure:15997: $? = 0
configure:16011: $PKG_CONFIG --exists --print-errors "libpcap"
configure:16014: $? = 0
configure:16072: result: yes
configure:16155: checking for jansson
configure:16162: $PKG_CONFIG --exists --print-errors "jansson"
configure:16165: $? = 0
configure:16179: $PKG_CONFIG --exists --print-errors "jansson"
configure:16182: $? = 0
configure:16220: result: yes
configure:16355: checking that generated files are newer than configure
configure:16361: result: done
configure:16424: creating ./config.status

## ---------------------- ##
## Running config.status. ##
## ---------------------- ##

This file was extended by ulogd config.status 2.0.9, which was
generated by GNU Autoconf 2.71.  Invocation command line was

  CONFIG_FILES    = 
  CONFIG_HEADERS  = 
  CONFIG_LINKS    = 
  CONFIG_COMMANDS = 
  $ ./config.status 

on c-69fb3838-1445a456-a9c8ad8c7a0c

config.status:1157: creating Makefile
config.status:1157: creating filter/Makefile
config.status:1157: creating filter/raw2packet/Makefile
config.status:1157: creating include/Makefile
config.status:1157: creating include/linux/Makefile
config.status:1157: creating include/linux/netfilter/Makefile
config.status:1157: creating include/ulogd/Makefile
config.status:1157: creating input/Makefile
config.status:1157: creating input/flow/Makefile
config.status:1157: creating input/packet/Makefile
config.status:1157: creating input/sum/Makefile
config.status:1157: creating output/Makefile
config.status:1157: creating output/dbi/Makefile
config.status:1157: creating output/ipfix/Makefile
config.status:1157: creating output/mysql/Makefile
config.status:1157: creating output/pcap/Makefile
config.status:1157: creating output/pgsql/Makefile
config.status:1157: creating output/sqlite3/Makefile
config.status:1157: creating src/Makefile
config.status:1157: creating config.h
config.status:1338: config.h is unchanged
config.status:1386: executing depfiles commands
config.status:1463: cd filter       && sed -e '/# am--include-marker/d' Makefile         | make -f - am--depfiles
make: Nothing to be done for 'am--depfiles'.
config.status:1468: $? = 0
config.status:1463: cd filter/raw2packet       && sed -e '/# am--include-marker/d' Makefile         | make -f - am--depfiles
make: Nothing to be done for 'am--depfiles'.
config.status:1468: $? = 0
config.status:1463: cd input/flow       && sed -e '/# am--include-marker/d' Makefile         | make -f - am--depfiles
make: Nothing to be done for 'am--depfiles'.
config.status:1468: $? = 0
config.status:1463: cd input/packet       && sed -e '/# am--include-marker/d' Makefile         | make -f - am--depfiles
make: Nothing to be done for 'am--depfiles'.
config.status:1468: $? = 0
config.status:1463: cd input/sum       && sed -e '/# am--include-marker/d' Makefile         | make -f - am--depfiles
make: Nothing to be done for 'am--depfiles'.
config.status:1468: $? = 0
config.status:1463: cd output       && sed -e '/# am--include-marker/d' Makefile         | make -f - am--depfiles
make: Nothing to be done for 'am--depfiles'.
config.status:1468: $? = 0
config.status:1463: cd output/dbi       && sed -e '/# am--include-marker/d' Makefile         | make -f - am--depfiles
make: Nothing to be done for 'am--depfiles'.
config.status:1468: $? = 0
config.status:1463: cd output/ipfix       && sed -e '/# am--include-marker/d' Makefile         | make -f - am--depfiles
make: Nothing to be done for 'am--depfiles'.
config.status:1468: $? = 0
config.status:1463: cd output/mysql       && sed -e '/# am--include-marker/d' Makefile         | make -f - am--depfiles
make: Nothing to be done for 'am--depfiles'.
config.status:1468: $? = 0
config.status:1463: cd output/pcap       && sed -e '/# am--include-marker/d' Makefile         | make -f - am--depfiles
make: Nothing to be done for 'am--depfiles'.
config.status:1468: $? = 0
config.status:1463: cd output/pgsql       && sed -e '/# am--include-marker/d' Makefile         | make -f - am--depfiles
make: Nothing to be done for 'am--depfiles'.
config.status:1468: $? = 0
config.status:1463: cd output/sqlite3       && sed -e '/# am--include-marker/d' Makefile         | make -f - am--depfiles
make: Nothing to be done for 'am--depfiles'.
config.status:1468: $? = 0
config.status:1463: cd src       && sed -e '/# am--include-marker/d' Makefile         | make -f - am--depfiles
make: Nothing to be done for 'am--depfiles'.
config.status:1468: $? = 0
config.status:1386: executing libtool commands

## ---------------- ##
## Cache variables. ##
## ---------------- ##

ac_cv_build=x86_64-pc-linux-gnu
ac_cv_c_compiler_gnu=yes
ac_cv_c_const=yes
ac_cv_env_CC_set=
ac_cv_env_CC_value=
ac_cv_env_CFLAGS_set=set
ac_cv_env_CFLAGS_value=-I/home/z/ulogd-build/install/include
ac_cv_env_CPPFLAGS_set=
ac_cv_env_CPPFLAGS_value=
ac_cv_env_LDFLAGS_set=set
ac_cv_env_LDFLAGS_value=-L/home/z/ulogd-build/install/lib
ac_cv_env_LIBMNL_CFLAGS_set=
ac_cv_env_LIBMNL_CFLAGS_value=
ac_cv_env_LIBMNL_LIBS_set=
ac_cv_env_LIBMNL_LIBS_value=
ac_cv_env_LIBNETFILTER_ACCT_CFLAGS_set=
ac_cv_env_LIBNETFILTER_ACCT_CFLAGS_value=
ac_cv_env_LIBNETFILTER_ACCT_LIBS_set=
ac_cv_env_LIBNETFILTER_ACCT_LIBS_value=
ac_cv_env_LIBNETFILTER_CONNTRACK_CFLAGS_set=
ac_cv_env_LIBNETFILTER_CONNTRACK_CFLAGS_value=
ac_cv_env_LIBNETFILTER_CONNTRACK_LIBS_set=
ac_cv_env_LIBNETFILTER_CONNTRACK_LIBS_value=
ac_cv_env_LIBNETFILTER_LOG_CFLAGS_set=
ac_cv_env_LIBNETFILTER_LOG_CFLAGS_value=
ac_cv_env_LIBNETFILTER_LOG_LIBS_set=
ac_cv_env_LIBNETFILTER_LOG_LIBS_value=
ac_cv_env_LIBNFNETLINK_CFLAGS_set=
ac_cv_env_LIBNFNETLINK_CFLAGS_value=
ac_cv_env_LIBNFNETLINK_LIBS_set=
ac_cv_env_LIBNFNETLINK_LIBS_value=
ac_cv_env_LIBS_set=
ac_cv_env_LIBS_value=
ac_cv_env_LT_SYS_LIBRARY_PATH_set=
ac_cv_env_LT_SYS_LIBRARY_PATH_value=
ac_cv_env_PKG_CONFIG_LIBDIR_set=
ac_cv_env_PKG_CONFIG_LIBDIR_value=
ac_cv_env_PKG_CONFIG_PATH_set=set
ac_cv_env_PKG_CONFIG_PATH_value=/home/z/ulogd-build/install/lib/pkgconfig:/usr/lib/x86_64-linux-gnu/pkgconfig
ac_cv_env_PKG_CONFIG_set=
ac_cv_env_PKG_CONFIG_value=
ac_cv_env_build_alias_set=
ac_cv_env_build_alias_value=
ac_cv_env_host_alias_set=
ac_cv_env_host_alias_value=
ac_cv_env_libdbi_CFLAGS_set=
ac_cv_env_libdbi_CFLAGS_value=
ac_cv_env_libdbi_LIBS_set=
ac_cv_env_libdbi_LIBS_value=
ac_cv_env_libjansson_CFLAGS_set=
ac_cv_env_libjansson_CFLAGS_value=
ac_cv_env_libjansson_LIBS_set=
ac_cv_env_libjansson_LIBS_value=
ac_cv_env_libmysqlclient_CFLAGS_set=
ac_cv_env_libmysqlclient_CFLAGS_value=
ac_cv_env_libmysqlclient_LIBS_set=
ac_cv_env_libmysqlclient_LIBS_value=
ac_cv_env_libpcap_CFLAGS_set=
ac_cv_env_libpcap_CFLAGS_value=
ac_cv_env_libpcap_LIBS_set=
ac_cv_env_libpcap_LIBS_value=
ac_cv_env_libpq_CFLAGS_set=
ac_cv_env_libpq_CFLAGS_value=
ac_cv_env_libpq_LIBS_set=
ac_cv_env_libpq_LIBS_value=
ac_cv_env_libsqlite3_CFLAGS_set=
ac_cv_env_libsqlite3_CFLAGS_value=
ac_cv_env_libsqlite3_LIBS_set=
ac_cv_env_libsqlite3_LIBS_value=
ac_cv_env_target_alias_set=
ac_cv_env_target_alias_value=
ac_cv_func_socket=yes
ac_cv_func_strerror=yes
ac_cv_func_vprintf=yes
ac_cv_header_dirent_dirent_h=yes
ac_cv_header_dlfcn_h=yes
ac_cv_header_fcntl_h=yes
ac_cv_header_inttypes_h=yes
ac_cv_header_stdint_h=yes
ac_cv_header_stdio_h=yes
ac_cv_header_stdlib_h=yes
ac_cv_header_string_h=yes
ac_cv_header_strings_h=yes
ac_cv_header_sys_stat_h=yes
ac_cv_header_sys_types_h=yes
ac_cv_header_unistd_h=yes
ac_cv_host=x86_64-pc-linux-gnu
ac_cv_objext=o
ac_cv_path_EGREP='/usr/bin/grep -E'
ac_cv_path_FGREP='/usr/bin/grep -F'
ac_cv_path_GREP=/usr/bin/grep
ac_cv_path_SED=/usr/bin/sed
ac_cv_path_ac_pt_PKG_CONFIG=/usr/bin/pkg-config
ac_cv_path_install='/usr/bin/install -c'
ac_cv_path_lt_DD=/usr/bin/dd
ac_cv_path_mkdir=/usr/bin/mkdir
ac_cv_prog_AWK=mawk
ac_cv_prog_ac_ct_AR=ar
ac_cv_prog_ac_ct_CC=gcc
ac_cv_prog_ac_ct_FILECMD=file
ac_cv_prog_ac_ct_OBJDUMP=objdump
ac_cv_prog_ac_ct_RANLIB=ranlib
ac_cv_prog_ac_ct_STRIP=strip
ac_cv_prog_cc_c11=
ac_cv_prog_cc_g=yes
ac_cv_prog_cc_stdc=
ac_cv_prog_make_make_set=yes
ac_cv_search_dlopen='none required'
ac_cv_search_opendir='none required'
ac_cv_search_pthread_create='none required'
ac_cv_struct_tm=time.h
ac_cv_sys_file_offset_bits=no
ac_cv_sys_largefile_CC=no
ac_cv_type_size_t=yes
am_cv_CC_dependencies_compiler_type=gcc3
am_cv_ar_interface=ar
am_cv_make_support_nested_variables=yes
am_cv_prog_cc_c_o=yes
am_cv_prog_tar_pax=gnutar
lt_cv_ar_at_file=@
lt_cv_archive_cmds_need_lc=no
lt_cv_deplibs_check_method=pass_all
lt_cv_file_magic_cmd='$MAGIC_CMD'
lt_cv_file_magic_test_file=
lt_cv_ld_reload_flag=-r
lt_cv_nm_interface='BSD nm'
lt_cv_objdir=.libs
lt_cv_path_LD=/usr/bin/ld
lt_cv_path_NM='/usr/bin/nm -B'
lt_cv_path_mainfest_tool=no
lt_cv_prog_compiler_c_o=yes
lt_cv_prog_compiler_pic='-fPIC -DPIC'
lt_cv_prog_compiler_pic_works=yes
lt_cv_prog_compiler_rtti_exceptions=no
lt_cv_prog_compiler_static_works=yes
lt_cv_prog_gnu_ld=yes
lt_cv_sharedlib_from_linklib_cmd='printf %s\n'
lt_cv_shlibpath_overrides_runpath=yes
lt_cv_sys_global_symbol_pipe='/usr/bin/sed -n -e '\''s/^.*[	 ]\([ABCDGIRSTW][ABCDGIRSTW]*\)[	 ][	 ]*\([_A-Za-z][_A-Za-z0-9]*\)$/\1 \2 \2/p'\'' | /usr/bin/sed '\''/ __gnu_lto/d'\'''
lt_cv_sys_global_symbol_to_c_name_address='/usr/bin/sed -n -e '\''s/^: \(.*\) .*$/  {"\1", (void *) 0},/p'\'' -e '\''s/^[ABCDGIRSTW][ABCDGIRSTW]* .* \(.*\)$/  {"\1", (void *) \&\1},/p'\'''
lt_cv_sys_global_symbol_to_c_name_address_lib_prefix='/usr/bin/sed -n -e '\''s/^: \(.*\) .*$/  {"\1", (void *) 0},/p'\'' -e '\''s/^[ABCDGIRSTW][ABCDGIRSTW]* .* \(lib.*\)$/  {"\1", (void *) \&\1},/p'\'' -e '\''s/^[ABCDGIRSTW][ABCDGIRSTW]* .* \(.*\)$/  {"lib\1", (void *) \&\1},/p'\'''
lt_cv_sys_global_symbol_to_cdecl='/usr/bin/sed -n -e '\''s/^T .* \(.*\)$/extern int \1();/p'\'' -e '\''s/^[ABCDGIRSTW][ABCDGIRSTW]* .* \(.*\)$/extern char \1;/p'\'''
lt_cv_sys_global_symbol_to_import=
lt_cv_sys_max_cmd_len=1572864
lt_cv_to_host_file_cmd=func_convert_file_noop
lt_cv_to_tool_file_cmd=func_convert_file_noop
lt_cv_truncate_bin='/usr/bin/dd bs=4096 count=1'
pkg_cv_LIBMNL_CFLAGS='-I/home/z/ulogd-build/install/include '
pkg_cv_LIBMNL_LIBS='-L/home/z/ulogd-build/install/lib -lmnl '
pkg_cv_LIBNETFILTER_ACCT_CFLAGS='-I/home/z/ulogd-build/install/include '
pkg_cv_LIBNETFILTER_ACCT_LIBS='-L/home/z/ulogd-build/install/lib -lnetfilter_acct '
pkg_cv_LIBNETFILTER_CONNTRACK_CFLAGS='-I/home/z/ulogd-build/install/include '
pkg_cv_LIBNETFILTER_CONNTRACK_LIBS='-L/home/z/ulogd-build/install/lib -lnetfilter_conntrack -lnfnetlink '
pkg_cv_LIBNETFILTER_LOG_CFLAGS='-I/home/z/ulogd-build/install/include '
pkg_cv_LIBNETFILTER_LOG_LIBS='-L/home/z/ulogd-build/install/lib -lnetfilter_log '
pkg_cv_LIBNFNETLINK_CFLAGS='-I/home/z/ulogd-build/install/include '
pkg_cv_LIBNFNETLINK_LIBS='-L/home/z/ulogd-build/install/lib -lnfnetlink '
pkg_cv_libjansson_CFLAGS='-I/home/z/ulogd-build/install/include '
pkg_cv_libjansson_LIBS='-L/home/z/ulogd-build/install/lib -ljansson '
pkg_cv_libpcap_CFLAGS='-I/home/z/ulogd-build/install/include '
pkg_cv_libpcap_LIBS='-L/home/z/ulogd-build/install/lib -Wl,-rpath,/home/z/ulogd-build/install/lib -lpcap '
pkg_cv_libpq_CFLAGS='-I/usr/include/postgresql '
pkg_cv_libpq_LIBS='-lpq '

## ----------------- ##
## Output variables. ##
## ----------------- ##

ACLOCAL='${SHELL} '\''/home/z/ulogd-build/ulogd-2.0.9/build-aux/missing'\'' aclocal-1.16'
AMDEPBACKSLASH='\'
AMDEP_FALSE='#'
AMDEP_TRUE=''
AMTAR='$${TAR-tar}'
AM_BACKSLASH='\'
AM_DEFAULT_V='$(AM_DEFAULT_VERBOSITY)'
AM_DEFAULT_VERBOSITY='0'
AM_V='$(V)'
AR='ar'
AUTOCONF='${SHELL} '\''/home/z/ulogd-build/ulogd-2.0.9/build-aux/missing'\'' autoconf'
AUTOHEADER='${SHELL} '\''/home/z/ulogd-build/ulogd-2.0.9/build-aux/missing'\'' autoheader'
AUTOMAKE='${SHELL} '\''/home/z/ulogd-build/ulogd-2.0.9/build-aux/missing'\'' automake-1.16'
AWK='mawk'
BUILD_NFACCT_FALSE='#'
BUILD_NFACCT_TRUE=''
BUILD_NFCT_FALSE='#'
BUILD_NFCT_TRUE=''
BUILD_NFLOG_FALSE='#'
BUILD_NFLOG_TRUE=''
CC='gcc'
CCDEPMODE='depmode=gcc3'
CFLAGS='-I/home/z/ulogd-build/install/include'
CPPFLAGS=''
CSCOPE='cscope'
CTAGS='ctags'
CYGPATH_W='echo'
DEFS='-DHAVE_CONFIG_H'
DEPDIR='.deps'
DLLTOOL='false'
DSYMUTIL=''
DUMPBIN=''
ECHO_C=''
ECHO_N='-n'
ECHO_T=''
EGREP='/usr/bin/grep -E'
ETAGS='etags'
EXEEXT=''
FGREP='/usr/bin/grep -F'
FILECMD='file'
GREP='/usr/bin/grep'
HAVE_DBI_FALSE=''
HAVE_DBI_TRUE='#'
HAVE_JANSSON_FALSE='#'
HAVE_JANSSON_TRUE=''
HAVE_MYSQL_FALSE=''
HAVE_MYSQL_TRUE='#'
HAVE_PCAP_FALSE='#'
HAVE_PCAP_TRUE=''
HAVE_PGSQL_FALSE='#'
HAVE_PGSQL_TRUE=''
HAVE_SQLITE3_FALSE=''
HAVE_SQLITE3_TRUE='#'
INSTALL_DATA='${INSTALL} -m 644'
INSTALL_PROGRAM='${INSTALL}'
INSTALL_SCRIPT='${INSTALL}'
INSTALL_STRIP_PROGRAM='$(install_sh) -c -s'
LD='/usr/bin/ld -m elf_x86_64'
LDFLAGS='-L/home/z/ulogd-build/install/lib'
LIBMNL_CFLAGS='-I/home/z/ulogd-build/install/include '
LIBMNL_LIBS='-L/home/z/ulogd-build/install/lib -lmnl '
LIBNETFILTER_ACCT_CFLAGS='-I/home/z/ulogd-build/install/include '
LIBNETFILTER_ACCT_LIBS='-L/home/z/ulogd-build/install/lib -lnetfilter_acct '
LIBNETFILTER_CONNTRACK_CFLAGS='-I/home/z/ulogd-build/install/include '
LIBNETFILTER_CONNTRACK_LIBS='-L/home/z/ulogd-build/install/lib -lnetfilter_conntrack -lnfnetlink '
LIBNETFILTER_LOG_CFLAGS='-I/home/z/ulogd-build/install/include '
LIBNETFILTER_LOG_LIBS='-L/home/z/ulogd-build/install/lib -lnetfilter_log '
LIBNFNETLINK_CFLAGS='-I/home/z/ulogd-build/install/include '
LIBNFNETLINK_LIBS='-L/home/z/ulogd-build/install/lib -lnfnetlink '
LIBOBJS=''
LIBS=''
LIBTOOL='$(SHELL) $(top_builddir)/libtool'
LIPO=''
LN_S='ln -s'
LTLIBOBJS=''
LT_SYS_LIBRARY_PATH=''
MAKEINFO='${SHELL} '\''/home/z/ulogd-build/ulogd-2.0.9/build-aux/missing'\'' makeinfo'
MANIFEST_TOOL=':'
MKDIR_P='/usr/bin/mkdir -p'
MYSQL_CLIENT_CFLAGS=''
MYSQL_CLIENT_LIBS=''
NM='/usr/bin/nm -B'
NMEDIT=''
OBJDUMP='objdump'
OBJEXT='o'
OTOOL64=''
OTOOL=''
PACKAGE='ulogd'
PACKAGE_BUGREPORT=''
PACKAGE_NAME='ulogd'
PACKAGE_STRING='ulogd 2.0.9'
PACKAGE_TARNAME='ulogd'
PACKAGE_URL=''
PACKAGE_VERSION='2.0.9'
PATH_SEPARATOR=':'
PKG_CONFIG='/usr/bin/pkg-config'
PKG_CONFIG_LIBDIR=''
PKG_CONFIG_PATH='/home/z/ulogd-build/install/lib/pkgconfig:/usr/lib/x86_64-linux-gnu/pkgconfig'
RANLIB='ranlib'
SED='/usr/bin/sed'
SET_MAKE=''
SHELL='/bin/bash'
STRIP='strip'
VERSION='2.0.9'
ac_ct_AR='ar'
ac_ct_CC='gcc'
ac_ct_DUMPBIN=''
am__EXEEXT_FALSE=''
am__EXEEXT_TRUE='#'
am__fastdepCC_FALSE='#'
am__fastdepCC_TRUE=''
am__include='include'
am__isrc=''
am__leading_dot='.'
am__nodep='_no'
am__quote=''
am__tar='tar --format=posix -chf - "$$tardir"'
am__untar='tar -xf -'
bindir='${exec_prefix}/bin'
build='x86_64-pc-linux-gnu'
build_alias=''
build_cpu='x86_64'
build_os='linux-gnu'
build_vendor='pc'
datadir='${datarootdir}'
datarootdir='${prefix}/share'
docdir='${datarootdir}/doc/${PACKAGE_TARNAME}'
dvidir='${docdir}'
exec_prefix='${prefix}'
host='x86_64-pc-linux-gnu'
host_alias=''
host_cpu='x86_64'
host_os='linux-gnu'
host_vendor='pc'
htmldir='${docdir}'
includedir='${prefix}/include'
infodir='${datarootdir}/info'
install_sh='${SHELL} /home/z/ulogd-build/ulogd-2.0.9/build-aux/install-sh'
libdbi_CFLAGS=''
libdbi_LIBS=''
libdir='${exec_prefix}/lib'
libdl_LIBS=''
libexecdir='${exec_prefix}/libexec'
libjansson_CFLAGS='-I/home/z/ulogd-build/install/include '
libjansson_LIBS='-L/home/z/ulogd-build/install/lib -ljansson '
libmysqlclient_CFLAGS=''
libmysqlclient_LIBS=''
libpcap_CFLAGS='-I/home/z/ulogd-build/install/include '
libpcap_LIBS='-L/home/z/ulogd-build/install/lib -Wl,-rpath,/home/z/ulogd-build/install/lib -lpcap '
libpq_CFLAGS='-I/usr/include/postgresql '
libpq_LIBS='-lpq '
libpthread_LIBS=''
libsqlite3_CFLAGS=''
libsqlite3_LIBS=''
localedir='${datarootdir}/locale'
localstatedir='${prefix}/var'
mandir='${datarootdir}/man'
mkdir_p='$(MKDIR_P)'
oldincludedir='/usr/include'
pdfdir='${docdir}'
prefix='/home/z/ulogd-build/install'
program_transform_name='s,x,x,'
psdir='${docdir}'
runstatedir='${localstatedir}/run'
sbindir='${exec_prefix}/sbin'
sharedstatedir='${prefix}/com'
sysconfdir='${prefix}/etc'
target_alias=''
ulogd2libdir='${exec_prefix}/lib/ulogd'

## ----------- ##
## confdefs.h. ##
## ----------- ##

/* confdefs.h */
#define PACKAGE_NAME "ulogd"
#define PACKAGE_TARNAME "ulogd"
#define PACKAGE_VERSION "2.0.9"
#define PACKAGE_STRING "ulogd 2.0.9"
#define PACKAGE_BUGREPORT ""
#define PACKAGE_URL ""
#define PACKAGE "ulogd"
#define VERSION "2.0.9"
#define HAVE_STDIO_H 1
#define HAVE_STDLIB_H 1
#define HAVE_STRING_H 1
#define HAVE_INTTYPES_H 1
#define HAVE_STDINT_H 1
#define HAVE_STRINGS_H 1
#define HAVE_SYS_STAT_H 1
#define HAVE_SYS_TYPES_H 1
#define HAVE_UNISTD_H 1
#define STDC_HEADERS 1
#define HAVE_DLFCN_H 1
#define LT_OBJDIR ".libs/"
#define HAVE_DIRENT_H 1
#define HAVE_FCNTL_H 1
#define HAVE_UNISTD_H 1
#define HAVE_VPRINTF 1
#define HAVE_SOCKET 1
#define HAVE_STRERROR 1
#define BUILD_NFLOG 1
#define BUILD_NFCT 1
#define BUILD_NFACCT 1

configure: exit 0
